<?xml version="1.0" encoding="UTF-8"?>
<TestRun id="5ebcf632-711b-42d0-b45b-5af23d5a9b69" name="Javier@ICINETICJHB 2014-04-17 13:24:23" runUser="ICINETICJHB\Javier" xmlns="http://microsoft.com/schemas/VisualStudio/TeamTest/2010">
  <TestSettings name="Local" id="4178bfa7-869c-4013-9eae-b770f521a560">
    <Description>These are default test settings for a local test run.</Description>
    <Deployment enabled="false" runDeploymentRoot="Javier_ICINETICJHB 2014-04-17 13_24_23">
      <DeploymentItem filename="D:\IDev\Inflexion2\01-Framework\Proyectos\Asemblies\Debug\Inflexion2.dll" />
    </Deployment>
    <Execution>
      <TestTypeSpecific />
      <AgentRule name="Execution Agents">
      </AgentRule>
    </Execution>
  </TestSettings>
  <Times creation="2014-04-17T13:24:23.9202298+02:00" queuing="2014-04-17T13:24:24.1996361+02:00" start="2014-04-17T13:24:24.3136452+02:00" finish="2014-04-17T13:24:25.1500616+02:00" />
  <ResultSummary outcome="Completed">
    <Counters total="36" executed="36" passed="36" error="0" failed="0" timeout="0" aborted="0" inconclusive="0" passedButRunAborted="0" notRunnable="0" notExecuted="0" disconnected="0" warning="0" completed="0" inProgress="0" pending="0" />
  </ResultSummary>
  <TestDefinitions>
    <UnitTest name="GuidEntityEqualsWithOneNullEntityReturnFalse" storage="d:\idev\inflexion2\03-testing\inflexion2.framework.testing\bin\debug\inflexion2.framework.testing.dll" id="5c01ed2f-cfa6-faf5-80ee-7526386e5bcb">
      <Execution id="c778af74-5ced-4afa-8865-de58c65b345a" />
      <TestMethod codeBase="D:/IDev/Inflexion2/03-Testing/Inflexion2.Framework.Testing/bin/Debug/Inflexion2.Framework.Testing.DLL" adapterTypeName="Microsoft.VisualStudio.TestTools.TestTypes.Unit.UnitTestAdapter, Microsoft.VisualStudio.QualityTools.Tips.UnitTest.Adapter, Version=10.0.0.0, Culture=neutral, PublicKeyToken=b03f5f7f11d50a3a" className="Inflexion2.Testing.GuidEntityTransientTest, Inflexion2.Framework.Testing, Version=1.0.0.0, Culture=neutral, PublicKeyToken=null" name="GuidEntityEqualsWithOneNullEntityReturnFalse" />
    </UnitTest>
    <UnitTest name="IntEntityEqualsWithTwoNullsEntitiesDifferentTypeReturnFalse" storage="d:\idev\inflexion2\03-testing\inflexion2.framework.testing\bin\debug\inflexion2.framework.testing.dll" id="55745a3e-cb76-ce47-5e1c-cb4863c8cc88">
      <Execution id="52129083-048c-4447-8638-83cc000c6594" />
      <TestMethod codeBase="D:/IDev/Inflexion2/03-Testing/Inflexion2.Framework.Testing/bin/Debug/Inflexion2.Framework.Testing.DLL" adapterTypeName="Microsoft.VisualStudio.TestTools.TestTypes.Unit.UnitTestAdapter, Microsoft.VisualStudio.QualityTools.Tips.UnitTest.Adapter, Version=10.0.0.0, Culture=neutral, PublicKeyToken=b03f5f7f11d50a3a" className="Inflexion2.Testing.EntityTransientTest, Inflexion2.Framework.Testing, Version=1.0.0.0, Culture=neutral, PublicKeyToken=null" name="IntEntityEqualsWithTwoNullsEntitiesDifferentTypeReturnFalse" />
    </UnitTest>
    <UnitTest name="EqualsWithNestedDifferentRootValueObjectReturnFalse" storage="d:\idev\inflexion2\03-testing\inflexion2.framework.testing\bin\debug\inflexion2.framework.testing.dll" id="c88e308d-c412-3989-03a6-4812dd297cad">
      <Execution id="8e61d270-0ac6-4368-a4bc-b62b3ee91af3" />
      <TestMethod codeBase="D:/IDev/Inflexion2/03-Testing/Inflexion2.Framework.Testing/bin/Debug/Inflexion2.Framework.Testing.DLL" adapterTypeName="Microsoft.VisualStudio.TestTools.TestTypes.Unit.UnitTestAdapter, Microsoft.VisualStudio.QualityTools.Tips.UnitTest.Adapter, Version=10.0.0.0, Culture=neutral, PublicKeyToken=b03f5f7f11d50a3a" className="Inflexion2.Testing.EqualityValueObject, Inflexion2.Framework.Testing, Version=1.0.0.0, Culture=neutral, PublicKeyToken=null" name="EqualsWithNestedDifferentRootValueObjectReturnFalse" />
    </UnitTest>
    <UnitTest name="GuidEntityTransientNewEntitieReturnTrue" storage="d:\idev\inflexion2\03-testing\inflexion2.framework.testing\bin\debug\inflexion2.framework.testing.dll" id="8e4820fb-b11f-6f11-e59d-db0467de1040">
      <Execution id="c9385ede-7ef6-419b-a35e-461472dbfcf0" />
      <TestMethod codeBase="D:/IDev/Inflexion2/03-Testing/Inflexion2.Framework.Testing/bin/Debug/Inflexion2.Framework.Testing.DLL" adapterTypeName="Microsoft.VisualStudio.TestTools.TestTypes.Unit.UnitTestAdapter, Microsoft.VisualStudio.QualityTools.Tips.UnitTest.Adapter, Version=10.0.0.0, Culture=neutral, PublicKeyToken=b03f5f7f11d50a3a" className="Inflexion2.Testing.GuidEntityTransientTest, Inflexion2.Framework.Testing, Version=1.0.0.0, Culture=neutral, PublicKeyToken=null" name="GuidEntityTransientNewEntitieReturnTrue" />
    </UnitTest>
    <UnitTest name="EqualsWithNestedValueObjectReturnTrue" storage="d:\idev\inflexion2\03-testing\inflexion2.framework.testing\bin\debug\inflexion2.framework.testing.dll" id="cfcea3e5-0964-8d2b-bd64-154d5273ea8f">
      <Execution id="6ddf3f5d-e7c5-4277-b95a-6545b9313c35" />
      <TestMethod codeBase="D:/IDev/Inflexion2/03-Testing/Inflexion2.Framework.Testing/bin/Debug/Inflexion2.Framework.Testing.DLL" adapterTypeName="Microsoft.VisualStudio.TestTools.TestTypes.Unit.UnitTestAdapter, Microsoft.VisualStudio.QualityTools.Tips.UnitTest.Adapter, Version=10.0.0.0, Culture=neutral, PublicKeyToken=b03f5f7f11d50a3a" className="Inflexion2.Testing.EqualityValueObject, Inflexion2.Framework.Testing, Version=1.0.0.0, Culture=neutral, PublicKeyToken=null" name="EqualsWithNestedValueObjectReturnTrue" />
    </UnitTest>
    <UnitTest name="StringEqualsWithSameTransientEntitieReturnTrue" storage="d:\idev\inflexion2\03-testing\inflexion2.framework.testing\bin\debug\inflexion2.framework.testing.dll" id="f8a0681f-01a9-96fe-d3cb-5a7507e6aa1a">
      <Execution id="aa009621-46c2-4d9e-b26d-2b866ffa7d52" />
      <TestMethod codeBase="D:/IDev/Inflexion2/03-Testing/Inflexion2.Framework.Testing/bin/Debug/Inflexion2.Framework.Testing.DLL" adapterTypeName="Microsoft.VisualStudio.TestTools.TestTypes.Unit.UnitTestAdapter, Microsoft.VisualStudio.QualityTools.Tips.UnitTest.Adapter, Version=10.0.0.0, Culture=neutral, PublicKeyToken=b03f5f7f11d50a3a" className="Inflexion2.Testing.StringEntityTransientTest, Inflexion2.Framework.Testing, Version=1.0.0.0, Culture=neutral, PublicKeyToken=null" name="StringEqualsWithSameTransientEntitieReturnTrue" />
    </UnitTest>
    <UnitTest name="EqualsWithTwoNullsEntitiesDifferentTypeReturnFalse" storage="d:\idev\inflexion2\03-testing\inflexion2.framework.testing\bin\debug\inflexion2.framework.testing.dll" id="b1a88be6-0573-6eb0-e0ba-a476ebddfcc3">
      <Execution id="f958a76a-d36b-4c3c-8073-c2c26523f6a6" />
      <TestMethod codeBase="D:/IDev/Inflexion2/03-Testing/Inflexion2.Framework.Testing/bin/Debug/Inflexion2.Framework.Testing.DLL" adapterTypeName="Microsoft.VisualStudio.TestTools.TestTypes.Unit.UnitTestAdapter, Microsoft.VisualStudio.QualityTools.Tips.UnitTest.Adapter, Version=10.0.0.0, Culture=neutral, PublicKeyToken=b03f5f7f11d50a3a" className="Inflexion2.Testing.AuditableEntityTransientTest, Inflexion2.Framework.Testing, Version=1.0.0.0, Culture=neutral, PublicKeyToken=null" name="EqualsWithTwoNullsEntitiesDifferentTypeReturnFalse" />
    </UnitTest>
    <UnitTest name="ValidatableEntityGuidEqualsWithOneNullEntityReturnFalse" storage="d:\idev\inflexion2\03-testing\inflexion2.framework.testing\bin\debug\inflexion2.framework.testing.dll" id="b53f3b4e-80dd-ada9-22f9-683ce813b819">
      <Execution id="473bc360-02b3-494a-b1a6-99bcaa86ed9a" />
      <TestMethod codeBase="D:/IDev/Inflexion2/03-Testing/Inflexion2.Framework.Testing/bin/Debug/Inflexion2.Framework.Testing.DLL" adapterTypeName="Microsoft.VisualStudio.TestTools.TestTypes.Unit.UnitTestAdapter, Microsoft.VisualStudio.QualityTools.Tips.UnitTest.Adapter, Version=10.0.0.0, Culture=neutral, PublicKeyToken=b03f5f7f11d50a3a" className="Inflexion2.Testing.ValidatableEntityTransientTest, Inflexion2.Framework.Testing, Version=1.0.0.0, Culture=neutral, PublicKeyToken=null" name="ValidatableEntityGuidEqualsWithOneNullEntityReturnFalse" />
    </UnitTest>
    <UnitTest name="IntEntityEqualsWithSameTransientEntitieReturnTrue" storage="d:\idev\inflexion2\03-testing\inflexion2.framework.testing\bin\debug\inflexion2.framework.testing.dll" id="df70d1db-0b89-8d5b-f3c3-11fdd92fed5b">
      <Execution id="47fcff09-e0d1-4c20-a973-a9097468d6a7" />
      <TestMethod codeBase="D:/IDev/Inflexion2/03-Testing/Inflexion2.Framework.Testing/bin/Debug/Inflexion2.Framework.Testing.DLL" adapterTypeName="Microsoft.VisualStudio.TestTools.TestTypes.Unit.UnitTestAdapter, Microsoft.VisualStudio.QualityTools.Tips.UnitTest.Adapter, Version=10.0.0.0, Culture=neutral, PublicKeyToken=b03f5f7f11d50a3a" className="Inflexion2.Testing.EntityTransientTest, Inflexion2.Framework.Testing, Version=1.0.0.0, Culture=neutral, PublicKeyToken=null" name="IntEntityEqualsWithSameTransientEntitieReturnTrue" />
    </UnitTest>
    <UnitTest name="EqualsWithEqualsValueObjectsReturnTrue" storage="d:\idev\inflexion2\03-testing\inflexion2.framework.testing\bin\debug\inflexion2.framework.testing.dll" id="be2066fd-b436-06cd-97b4-c7078e10e0f4">
      <Execution id="351ce2de-9d59-48f7-b8c2-dec2af7942a4" />
      <TestMethod codeBase="D:/IDev/Inflexion2/03-Testing/Inflexion2.Framework.Testing/bin/Debug/Inflexion2.Framework.Testing.DLL" adapterTypeName="Microsoft.VisualStudio.TestTools.TestTypes.Unit.UnitTestAdapter, Microsoft.VisualStudio.QualityTools.Tips.UnitTest.Adapter, Version=10.0.0.0, Culture=neutral, PublicKeyToken=b03f5f7f11d50a3a" className="Inflexion2.Testing.EqualityValueObject, Inflexion2.Framework.Testing, Version=1.0.0.0, Culture=neutral, PublicKeyToken=null" name="EqualsWithEqualsValueObjectsReturnTrue" />
    </UnitTest>
    <UnitTest name="EqualsWithTwoTransientEntitiesReturnFalse" storage="d:\idev\inflexion2\03-testing\inflexion2.framework.testing\bin\debug\inflexion2.framework.testing.dll" id="a5143e69-78bd-03a5-f82d-50e4014f386a">
      <Execution id="2417529b-6290-4fac-a7a9-581095624f5b" />
      <TestMethod codeBase="D:/IDev/Inflexion2/03-Testing/Inflexion2.Framework.Testing/bin/Debug/Inflexion2.Framework.Testing.DLL" adapterTypeName="Microsoft.VisualStudio.TestTools.TestTypes.Unit.UnitTestAdapter, Microsoft.VisualStudio.QualityTools.Tips.UnitTest.Adapter, Version=10.0.0.0, Culture=neutral, PublicKeyToken=b03f5f7f11d50a3a" className="Inflexion2.Testing.AuditableEntityTransientTest, Inflexion2.Framework.Testing, Version=1.0.0.0, Culture=neutral, PublicKeyToken=null" name="EqualsWithTwoTransientEntitiesReturnFalse" />
    </UnitTest>
    <UnitTest name="ValidatableEntityGuidEqualsWithTwoNullsEntitiesDifferentTypeReturnFalse" storage="d:\idev\inflexion2\03-testing\inflexion2.framework.testing\bin\debug\inflexion2.framework.testing.dll" id="861bbbdf-9e17-619d-89af-8b7fa4a205e7">
      <Execution id="b2743fe5-abfd-413b-a71e-de2cd4ed3992" />
      <TestMethod codeBase="D:/IDev/Inflexion2/03-Testing/Inflexion2.Framework.Testing/bin/Debug/Inflexion2.Framework.Testing.DLL" adapterTypeName="Microsoft.VisualStudio.TestTools.TestTypes.Unit.UnitTestAdapter, Microsoft.VisualStudio.QualityTools.Tips.UnitTest.Adapter, Version=10.0.0.0, Culture=neutral, PublicKeyToken=b03f5f7f11d50a3a" className="Inflexion2.Testing.ValidatableEntityTransientTest, Inflexion2.Framework.Testing, Version=1.0.0.0, Culture=neutral, PublicKeyToken=null" name="ValidatableEntityGuidEqualsWithTwoNullsEntitiesDifferentTypeReturnFalse" />
    </UnitTest>
    <UnitTest name="ValidatableEntityGuidEqualsWithSameTransientEntitieReturnTrue" storage="d:\idev\inflexion2\03-testing\inflexion2.framework.testing\bin\debug\inflexion2.framework.testing.dll" id="22a8b0cb-7a33-d352-b784-a1f8be065fd9">
      <Execution id="7347419c-c7f3-4803-9daa-3bd75f4e91da" />
      <TestMethod codeBase="D:/IDev/Inflexion2/03-Testing/Inflexion2.Framework.Testing/bin/Debug/Inflexion2.Framework.Testing.DLL" adapterTypeName="Microsoft.VisualStudio.TestTools.TestTypes.Unit.UnitTestAdapter, Microsoft.VisualStudio.QualityTools.Tips.UnitTest.Adapter, Version=10.0.0.0, Culture=neutral, PublicKeyToken=b03f5f7f11d50a3a" className="Inflexion2.Testing.ValidatableEntityTransientTest, Inflexion2.Framework.Testing, Version=1.0.0.0, Culture=neutral, PublicKeyToken=null" name="ValidatableEntityGuidEqualsWithSameTransientEntitieReturnTrue" />
    </UnitTest>
    <UnitTest name="ValidatableEntityGuidEqualsWithTwoTransientEntitiesReturnFalse" storage="d:\idev\inflexion2\03-testing\inflexion2.framework.testing\bin\debug\inflexion2.framework.testing.dll" id="39038477-ba46-aac5-eb4c-721235e0936b">
      <Execution id="03a922b7-2f68-41a8-91e9-dda47c776426" />
      <TestMethod codeBase="D:/IDev/Inflexion2/03-Testing/Inflexion2.Framework.Testing/bin/Debug/Inflexion2.Framework.Testing.DLL" adapterTypeName="Microsoft.VisualStudio.TestTools.TestTypes.Unit.UnitTestAdapter, Microsoft.VisualStudio.QualityTools.Tips.UnitTest.Adapter, Version=10.0.0.0, Culture=neutral, PublicKeyToken=b03f5f7f11d50a3a" className="Inflexion2.Testing.ValidatableEntityTransientTest, Inflexion2.Framework.Testing, Version=1.0.0.0, Culture=neutral, PublicKeyToken=null" name="ValidatableEntityGuidEqualsWithTwoTransientEntitiesReturnFalse" />
    </UnitTest>
    <UnitTest name="EqualsWithOneNullEntityReturnFalse" storage="d:\idev\inflexion2\03-testing\inflexion2.framework.testing\bin\debug\inflexion2.framework.testing.dll" id="375ff3a2-2357-6f85-11f0-4fdbcfbe878c">
      <Execution id="10a5713a-0ef5-4ec6-89f1-0c3250563fdc" />
      <TestMethod codeBase="D:/IDev/Inflexion2/03-Testing/Inflexion2.Framework.Testing/bin/Debug/Inflexion2.Framework.Testing.DLL" adapterTypeName="Microsoft.VisualStudio.TestTools.TestTypes.Unit.UnitTestAdapter, Microsoft.VisualStudio.QualityTools.Tips.UnitTest.Adapter, Version=10.0.0.0, Culture=neutral, PublicKeyToken=b03f5f7f11d50a3a" className="Inflexion2.Testing.AuditableEntityTransientTest, Inflexion2.Framework.Testing, Version=1.0.0.0, Culture=neutral, PublicKeyToken=null" name="EqualsWithOneNullEntityReturnFalse" />
    </UnitTest>
    <UnitTest name="EqualsWithNestedDifferentValueObjectReturnFalse" storage="d:\idev\inflexion2\03-testing\inflexion2.framework.testing\bin\debug\inflexion2.framework.testing.dll" id="8ce58482-7d3e-3e19-80e5-4b965e8f5059">
      <Execution id="48b45d26-93da-4a28-9104-67028b1e0443" />
      <TestMethod codeBase="D:/IDev/Inflexion2/03-Testing/Inflexion2.Framework.Testing/bin/Debug/Inflexion2.Framework.Testing.DLL" adapterTypeName="Microsoft.VisualStudio.TestTools.TestTypes.Unit.UnitTestAdapter, Microsoft.VisualStudio.QualityTools.Tips.UnitTest.Adapter, Version=10.0.0.0, Culture=neutral, PublicKeyToken=b03f5f7f11d50a3a" className="Inflexion2.Testing.EqualityValueObject, Inflexion2.Framework.Testing, Version=1.0.0.0, Culture=neutral, PublicKeyToken=null" name="EqualsWithNestedDifferentValueObjectReturnFalse" />
    </UnitTest>
    <UnitTest name="EqualsWithEmptyValueObjectsReturnTrue" storage="d:\idev\inflexion2\03-testing\inflexion2.framework.testing\bin\debug\inflexion2.framework.testing.dll" id="c4b00738-bd81-d4dd-934a-1f8ce1e5a004">
      <Execution id="d17c624e-2130-4c97-b876-8f904cdcc222" />
      <TestMethod codeBase="D:/IDev/Inflexion2/03-Testing/Inflexion2.Framework.Testing/bin/Debug/Inflexion2.Framework.Testing.DLL" adapterTypeName="Microsoft.VisualStudio.TestTools.TestTypes.Unit.UnitTestAdapter, Microsoft.VisualStudio.QualityTools.Tips.UnitTest.Adapter, Version=10.0.0.0, Culture=neutral, PublicKeyToken=b03f5f7f11d50a3a" className="Inflexion2.Testing.EqualityValueObject, Inflexion2.Framework.Testing, Version=1.0.0.0, Culture=neutral, PublicKeyToken=null" name="EqualsWithEmptyValueObjectsReturnTrue" />
    </UnitTest>
    <UnitTest name="StringEqualsWithTwoNullsEntitiesSameTypeReturnTrue" storage="d:\idev\inflexion2\03-testing\inflexion2.framework.testing\bin\debug\inflexion2.framework.testing.dll" id="4ccbac64-6d99-8651-0e4e-7a94ce86ca89">
      <Execution id="6a26accc-7b72-4887-a4d4-f10c9eb0a30a" />
      <TestMethod codeBase="D:/IDev/Inflexion2/03-Testing/Inflexion2.Framework.Testing/bin/Debug/Inflexion2.Framework.Testing.DLL" adapterTypeName="Microsoft.VisualStudio.TestTools.TestTypes.Unit.UnitTestAdapter, Microsoft.VisualStudio.QualityTools.Tips.UnitTest.Adapter, Version=10.0.0.0, Culture=neutral, PublicKeyToken=b03f5f7f11d50a3a" className="Inflexion2.Testing.StringEntityTransientTest, Inflexion2.Framework.Testing, Version=1.0.0.0, Culture=neutral, PublicKeyToken=null" name="StringEqualsWithTwoNullsEntitiesSameTypeReturnTrue" />
    </UnitTest>
    <UnitTest name="EqualsWithTwoNullsValueObjectsReturnTrue" storage="d:\idev\inflexion2\03-testing\inflexion2.framework.testing\bin\debug\inflexion2.framework.testing.dll" id="ed5ca231-a40d-1e94-d8cf-62620be065b2">
      <Execution id="5513c3e9-0779-471e-9839-7fc6f9227b5f" />
      <TestMethod codeBase="D:/IDev/Inflexion2/03-Testing/Inflexion2.Framework.Testing/bin/Debug/Inflexion2.Framework.Testing.DLL" adapterTypeName="Microsoft.VisualStudio.TestTools.TestTypes.Unit.UnitTestAdapter, Microsoft.VisualStudio.QualityTools.Tips.UnitTest.Adapter, Version=10.0.0.0, Culture=neutral, PublicKeyToken=b03f5f7f11d50a3a" className="Inflexion2.Testing.EqualityValueObject, Inflexion2.Framework.Testing, Version=1.0.0.0, Culture=neutral, PublicKeyToken=null" name="EqualsWithTwoNullsValueObjectsReturnTrue" />
    </UnitTest>
    <UnitTest name="EqualsWithTwoNullsEntitiesSameTypeReturnTrue" storage="d:\idev\inflexion2\03-testing\inflexion2.framework.testing\bin\debug\inflexion2.framework.testing.dll" id="17042057-7aeb-7c30-7303-5d1a8e9e0592">
      <Execution id="34a437a8-2c37-4bde-b57c-bb5e9b70f1c0" />
      <TestMethod codeBase="D:/IDev/Inflexion2/03-Testing/Inflexion2.Framework.Testing/bin/Debug/Inflexion2.Framework.Testing.DLL" adapterTypeName="Microsoft.VisualStudio.TestTools.TestTypes.Unit.UnitTestAdapter, Microsoft.VisualStudio.QualityTools.Tips.UnitTest.Adapter, Version=10.0.0.0, Culture=neutral, PublicKeyToken=b03f5f7f11d50a3a" className="Inflexion2.Testing.AuditableEntityTransientTest, Inflexion2.Framework.Testing, Version=1.0.0.0, Culture=neutral, PublicKeyToken=null" name="EqualsWithTwoNullsEntitiesSameTypeReturnTrue" />
    </UnitTest>
    <UnitTest name="StringEqualsWithTwoTransientEntitiesReturnFalse" storage="d:\idev\inflexion2\03-testing\inflexion2.framework.testing\bin\debug\inflexion2.framework.testing.dll" id="4d2dabf7-6001-0f95-8269-92c41508bd3d">
      <Execution id="8c05bab9-3739-4e6c-9d0e-64681ab98691" />
      <TestMethod codeBase="D:/IDev/Inflexion2/03-Testing/Inflexion2.Framework.Testing/bin/Debug/Inflexion2.Framework.Testing.DLL" adapterTypeName="Microsoft.VisualStudio.TestTools.TestTypes.Unit.UnitTestAdapter, Microsoft.VisualStudio.QualityTools.Tips.UnitTest.Adapter, Version=10.0.0.0, Culture=neutral, PublicKeyToken=b03f5f7f11d50a3a" className="Inflexion2.Testing.StringEntityTransientTest, Inflexion2.Framework.Testing, Version=1.0.0.0, Culture=neutral, PublicKeyToken=null" name="StringEqualsWithTwoTransientEntitiesReturnFalse" />
    </UnitTest>
    <UnitTest name="EqualsWithSameTransientEntitieReturnTrue" storage="d:\idev\inflexion2\03-testing\inflexion2.framework.testing\bin\debug\inflexion2.framework.testing.dll" id="274f79cb-044b-0e7e-9f9e-4afbcabf33e2">
      <Execution id="4bb0a090-b29f-4e7a-88c7-b3c615be95da" />
      <TestMethod codeBase="D:/IDev/Inflexion2/03-Testing/Inflexion2.Framework.Testing/bin/Debug/Inflexion2.Framework.Testing.DLL" adapterTypeName="Microsoft.VisualStudio.TestTools.TestTypes.Unit.UnitTestAdapter, Microsoft.VisualStudio.QualityTools.Tips.UnitTest.Adapter, Version=10.0.0.0, Culture=neutral, PublicKeyToken=b03f5f7f11d50a3a" className="Inflexion2.Testing.AuditableEntityTransientTest, Inflexion2.Framework.Testing, Version=1.0.0.0, Culture=neutral, PublicKeyToken=null" name="EqualsWithSameTransientEntitieReturnTrue" />
    </UnitTest>
    <UnitTest name="IntEntityTransientNewEntitieReturnTrue" storage="d:\idev\inflexion2\03-testing\inflexion2.framework.testing\bin\debug\inflexion2.framework.testing.dll" id="cf73ad5c-bdd1-7dfc-d924-ad996d77b595">
      <Execution id="d1a6ada4-e67c-4c60-ae23-e7ffa245171f" />
      <TestMethod codeBase="D:/IDev/Inflexion2/03-Testing/Inflexion2.Framework.Testing/bin/Debug/Inflexion2.Framework.Testing.DLL" adapterTypeName="Microsoft.VisualStudio.TestTools.TestTypes.Unit.UnitTestAdapter, Microsoft.VisualStudio.QualityTools.Tips.UnitTest.Adapter, Version=10.0.0.0, Culture=neutral, PublicKeyToken=b03f5f7f11d50a3a" className="Inflexion2.Testing.AuditableEntityTransientTest, Inflexion2.Framework.Testing, Version=1.0.0.0, Culture=neutral, PublicKeyToken=null" name="IntEntityTransientNewEntitieReturnTrue" />
    </UnitTest>
    <UnitTest name="IntEntityEqualsWithTwoNullsEntitiesSameTypeReturnTrue" storage="d:\idev\inflexion2\03-testing\inflexion2.framework.testing\bin\debug\inflexion2.framework.testing.dll" id="d72373c0-a703-cca6-215c-a78aa85313eb">
      <Execution id="4036fc05-56d8-47c7-8c91-fed218b0e060" />
      <TestMethod codeBase="D:/IDev/Inflexion2/03-Testing/Inflexion2.Framework.Testing/bin/Debug/Inflexion2.Framework.Testing.DLL" adapterTypeName="Microsoft.VisualStudio.TestTools.TestTypes.Unit.UnitTestAdapter, Microsoft.VisualStudio.QualityTools.Tips.UnitTest.Adapter, Version=10.0.0.0, Culture=neutral, PublicKeyToken=b03f5f7f11d50a3a" className="Inflexion2.Testing.EntityTransientTest, Inflexion2.Framework.Testing, Version=1.0.0.0, Culture=neutral, PublicKeyToken=null" name="IntEntityEqualsWithTwoNullsEntitiesSameTypeReturnTrue" />
    </UnitTest>
    <UnitTest name="GuidEntityEqualsWithTwoTransientEntitiesReturnFalse" storage="d:\idev\inflexion2\03-testing\inflexion2.framework.testing\bin\debug\inflexion2.framework.testing.dll" id="66b79ba3-ccdf-a017-5e08-1702c7c38084">
      <Execution id="572cb82f-8b45-4634-b1bf-cedb685b7829" />
      <TestMethod codeBase="D:/IDev/Inflexion2/03-Testing/Inflexion2.Framework.Testing/bin/Debug/Inflexion2.Framework.Testing.DLL" adapterTypeName="Microsoft.VisualStudio.TestTools.TestTypes.Unit.UnitTestAdapter, Microsoft.VisualStudio.QualityTools.Tips.UnitTest.Adapter, Version=10.0.0.0, Culture=neutral, PublicKeyToken=b03f5f7f11d50a3a" className="Inflexion2.Testing.GuidEntityTransientTest, Inflexion2.Framework.Testing, Version=1.0.0.0, Culture=neutral, PublicKeyToken=null" name="GuidEntityEqualsWithTwoTransientEntitiesReturnFalse" />
    </UnitTest>
    <UnitTest name="GuidEntityEqualsWithTwoNullsEntitiesSameTypeReturnTrue" storage="d:\idev\inflexion2\03-testing\inflexion2.framework.testing\bin\debug\inflexion2.framework.testing.dll" id="b6e2ea1d-beee-09a0-2102-a1602abebdcc">
      <Execution id="e459b6fd-9df5-4c66-978c-a55c9596223e" />
      <TestMethod codeBase="D:/IDev/Inflexion2/03-Testing/Inflexion2.Framework.Testing/bin/Debug/Inflexion2.Framework.Testing.DLL" adapterTypeName="Microsoft.VisualStudio.TestTools.TestTypes.Unit.UnitTestAdapter, Microsoft.VisualStudio.QualityTools.Tips.UnitTest.Adapter, Version=10.0.0.0, Culture=neutral, PublicKeyToken=b03f5f7f11d50a3a" className="Inflexion2.Testing.GuidEntityTransientTest, Inflexion2.Framework.Testing, Version=1.0.0.0, Culture=neutral, PublicKeyToken=null" name="GuidEntityEqualsWithTwoNullsEntitiesSameTypeReturnTrue" />
    </UnitTest>
    <UnitTest name="GuidEntityEqualsWithTwoNullsEntitiesDifferentTypeReturnFalse" storage="d:\idev\inflexion2\03-testing\inflexion2.framework.testing\bin\debug\inflexion2.framework.testing.dll" id="a5173249-e457-2bae-6188-e07755a468f1">
      <Execution id="4891ec04-6a50-4757-abf6-4917c7ed4b15" />
      <TestMethod codeBase="D:/IDev/Inflexion2/03-Testing/Inflexion2.Framework.Testing/bin/Debug/Inflexion2.Framework.Testing.DLL" adapterTypeName="Microsoft.VisualStudio.TestTools.TestTypes.Unit.UnitTestAdapter, Microsoft.VisualStudio.QualityTools.Tips.UnitTest.Adapter, Version=10.0.0.0, Culture=neutral, PublicKeyToken=b03f5f7f11d50a3a" className="Inflexion2.Testing.GuidEntityTransientTest, Inflexion2.Framework.Testing, Version=1.0.0.0, Culture=neutral, PublicKeyToken=null" name="GuidEntityEqualsWithTwoNullsEntitiesDifferentTypeReturnFalse" />
    </UnitTest>
    <UnitTest name="IntEntityEqualsWithTwoTransientEntitiesReturnFalse" storage="d:\idev\inflexion2\03-testing\inflexion2.framework.testing\bin\debug\inflexion2.framework.testing.dll" id="ef418061-d4c4-2027-28ba-907376548f88">
      <Execution id="844e8230-e84b-45b1-a259-a60d8dacd66c" />
      <TestMethod codeBase="D:/IDev/Inflexion2/03-Testing/Inflexion2.Framework.Testing/bin/Debug/Inflexion2.Framework.Testing.DLL" adapterTypeName="Microsoft.VisualStudio.TestTools.TestTypes.Unit.UnitTestAdapter, Microsoft.VisualStudio.QualityTools.Tips.UnitTest.Adapter, Version=10.0.0.0, Culture=neutral, PublicKeyToken=b03f5f7f11d50a3a" className="Inflexion2.Testing.EntityTransientTest, Inflexion2.Framework.Testing, Version=1.0.0.0, Culture=neutral, PublicKeyToken=null" name="IntEntityEqualsWithTwoTransientEntitiesReturnFalse" />
    </UnitTest>
    <UnitTest name="GuidEntityEqualsWithSameTransientEntitieReturnTrue" storage="d:\idev\inflexion2\03-testing\inflexion2.framework.testing\bin\debug\inflexion2.framework.testing.dll" id="b202aa4d-65bf-bc8d-820d-b2b2651d5544">
      <Execution id="5522be8e-840f-46c9-a414-8c41c5795f05" />
      <TestMethod codeBase="D:/IDev/Inflexion2/03-Testing/Inflexion2.Framework.Testing/bin/Debug/Inflexion2.Framework.Testing.DLL" adapterTypeName="Microsoft.VisualStudio.TestTools.TestTypes.Unit.UnitTestAdapter, Microsoft.VisualStudio.QualityTools.Tips.UnitTest.Adapter, Version=10.0.0.0, Culture=neutral, PublicKeyToken=b03f5f7f11d50a3a" className="Inflexion2.Testing.GuidEntityTransientTest, Inflexion2.Framework.Testing, Version=1.0.0.0, Culture=neutral, PublicKeyToken=null" name="GuidEntityEqualsWithSameTransientEntitieReturnTrue" />
    </UnitTest>
    <UnitTest name="EqualsWithOneDifferentPropertyReturnFalse" storage="d:\idev\inflexion2\03-testing\inflexion2.framework.testing\bin\debug\inflexion2.framework.testing.dll" id="f1db9089-b01e-e5ce-8721-8284d6363de2">
      <Execution id="b98b306a-d3c9-4d6b-9cf8-600a00b03fac" />
      <TestMethod codeBase="D:/IDev/Inflexion2/03-Testing/Inflexion2.Framework.Testing/bin/Debug/Inflexion2.Framework.Testing.DLL" adapterTypeName="Microsoft.VisualStudio.TestTools.TestTypes.Unit.UnitTestAdapter, Microsoft.VisualStudio.QualityTools.Tips.UnitTest.Adapter, Version=10.0.0.0, Culture=neutral, PublicKeyToken=b03f5f7f11d50a3a" className="Inflexion2.Testing.EqualityValueObject, Inflexion2.Framework.Testing, Version=1.0.0.0, Culture=neutral, PublicKeyToken=null" name="EqualsWithOneDifferentPropertyReturnFalse" />
    </UnitTest>
    <UnitTest name="ValidatableEntityGuidEqualsWithTwoNullsEntitiesSameTypeReturnTrue" storage="d:\idev\inflexion2\03-testing\inflexion2.framework.testing\bin\debug\inflexion2.framework.testing.dll" id="982f7fbb-ba3f-33fd-9fa4-3f5b26be6e74">
      <Execution id="0f792da4-0199-47a9-a716-c6199d0d506f" />
      <TestMethod codeBase="D:/IDev/Inflexion2/03-Testing/Inflexion2.Framework.Testing/bin/Debug/Inflexion2.Framework.Testing.DLL" adapterTypeName="Microsoft.VisualStudio.TestTools.TestTypes.Unit.UnitTestAdapter, Microsoft.VisualStudio.QualityTools.Tips.UnitTest.Adapter, Version=10.0.0.0, Culture=neutral, PublicKeyToken=b03f5f7f11d50a3a" className="Inflexion2.Testing.ValidatableEntityTransientTest, Inflexion2.Framework.Testing, Version=1.0.0.0, Culture=neutral, PublicKeyToken=null" name="ValidatableEntityGuidEqualsWithTwoNullsEntitiesSameTypeReturnTrue" />
    </UnitTest>
    <UnitTest name="StringEqualsWithOneNullEntityReturnFalse" storage="d:\idev\inflexion2\03-testing\inflexion2.framework.testing\bin\debug\inflexion2.framework.testing.dll" id="ea0a69ac-2bb3-b9d1-b8f7-0e625a29c014">
      <Execution id="0be1a5e7-534a-47eb-9b54-0d5750c7fd71" />
      <TestMethod codeBase="D:/IDev/Inflexion2/03-Testing/Inflexion2.Framework.Testing/bin/Debug/Inflexion2.Framework.Testing.DLL" adapterTypeName="Microsoft.VisualStudio.TestTools.TestTypes.Unit.UnitTestAdapter, Microsoft.VisualStudio.QualityTools.Tips.UnitTest.Adapter, Version=10.0.0.0, Culture=neutral, PublicKeyToken=b03f5f7f11d50a3a" className="Inflexion2.Testing.StringEntityTransientTest, Inflexion2.Framework.Testing, Version=1.0.0.0, Culture=neutral, PublicKeyToken=null" name="StringEqualsWithOneNullEntityReturnFalse" />
    </UnitTest>
    <UnitTest name="IntEntityEqualsWithOneNullEntityReturnFalse" storage="d:\idev\inflexion2\03-testing\inflexion2.framework.testing\bin\debug\inflexion2.framework.testing.dll" id="28cecd14-0281-33e2-220d-430cb0b76324">
      <Execution id="1481583f-aca9-403d-b1ba-7452b195b2a1" />
      <TestMethod codeBase="D:/IDev/Inflexion2/03-Testing/Inflexion2.Framework.Testing/bin/Debug/Inflexion2.Framework.Testing.DLL" adapterTypeName="Microsoft.VisualStudio.TestTools.TestTypes.Unit.UnitTestAdapter, Microsoft.VisualStudio.QualityTools.Tips.UnitTest.Adapter, Version=10.0.0.0, Culture=neutral, PublicKeyToken=b03f5f7f11d50a3a" className="Inflexion2.Testing.EntityTransientTest, Inflexion2.Framework.Testing, Version=1.0.0.0, Culture=neutral, PublicKeyToken=null" name="IntEntityEqualsWithOneNullEntityReturnFalse" />
    </UnitTest>
    <UnitTest name="StringEqualsWithTwoNullsEntitiesDifferentTypeReturnFalse" storage="d:\idev\inflexion2\03-testing\inflexion2.framework.testing\bin\debug\inflexion2.framework.testing.dll" id="3dc9c38f-ffcf-b4ec-4950-2951ba76f7d8">
      <Execution id="577e8734-11ae-4a22-917d-cfa20bcfea0c" />
      <TestMethod codeBase="D:/IDev/Inflexion2/03-Testing/Inflexion2.Framework.Testing/bin/Debug/Inflexion2.Framework.Testing.DLL" adapterTypeName="Microsoft.VisualStudio.TestTools.TestTypes.Unit.UnitTestAdapter, Microsoft.VisualStudio.QualityTools.Tips.UnitTest.Adapter, Version=10.0.0.0, Culture=neutral, PublicKeyToken=b03f5f7f11d50a3a" className="Inflexion2.Testing.StringEntityTransientTest, Inflexion2.Framework.Testing, Version=1.0.0.0, Culture=neutral, PublicKeyToken=null" name="StringEqualsWithTwoNullsEntitiesDifferentTypeReturnFalse" />
    </UnitTest>
    <UnitTest name="EqualsWithOneNullValueObjectReturnFalse" storage="d:\idev\inflexion2\03-testing\inflexion2.framework.testing\bin\debug\inflexion2.framework.testing.dll" id="9d14cf3b-400a-419e-62e5-56cdb51cd8d7">
      <Execution id="94c3d99f-27b0-4f19-908f-bfb1633c7c5c" />
      <TestMethod codeBase="D:/IDev/Inflexion2/03-Testing/Inflexion2.Framework.Testing/bin/Debug/Inflexion2.Framework.Testing.DLL" adapterTypeName="Microsoft.VisualStudio.TestTools.TestTypes.Unit.UnitTestAdapter, Microsoft.VisualStudio.QualityTools.Tips.UnitTest.Adapter, Version=10.0.0.0, Culture=neutral, PublicKeyToken=b03f5f7f11d50a3a" className="Inflexion2.Testing.EqualityValueObject, Inflexion2.Framework.Testing, Version=1.0.0.0, Culture=neutral, PublicKeyToken=null" name="EqualsWithOneNullValueObjectReturnFalse" />
    </UnitTest>
    <UnitTest name="IntEntityTransientNewEntitieReturnTrue" storage="d:\idev\inflexion2\03-testing\inflexion2.framework.testing\bin\debug\inflexion2.framework.testing.dll" id="ecb2ec12-6d55-4737-3f23-78b2cd9e5a1c">
      <Execution id="6b6d4730-1c2b-444e-9815-e7bc6737346b" />
      <TestMethod codeBase="D:/IDev/Inflexion2/03-Testing/Inflexion2.Framework.Testing/bin/Debug/Inflexion2.Framework.Testing.DLL" adapterTypeName="Microsoft.VisualStudio.TestTools.TestTypes.Unit.UnitTestAdapter, Microsoft.VisualStudio.QualityTools.Tips.UnitTest.Adapter, Version=10.0.0.0, Culture=neutral, PublicKeyToken=b03f5f7f11d50a3a" className="Inflexion2.Testing.EntityTransientTest, Inflexion2.Framework.Testing, Version=1.0.0.0, Culture=neutral, PublicKeyToken=null" name="IntEntityTransientNewEntitieReturnTrue" />
    </UnitTest>
  </TestDefinitions>
  <TestLists>
    <TestList name="Results Not in a List" id="8c84fa94-04c1-424b-9868-57a2d4851a1d" />
    <TestList name="All Loaded Results" id="19431567-8539-422a-85d7-44ee4e166bda" />
  </TestLists>
  <TestEntries>
    <TestEntry testId="17042057-7aeb-7c30-7303-5d1a8e9e0592" executionId="34a437a8-2c37-4bde-b57c-bb5e9b70f1c0" testListId="8c84fa94-04c1-424b-9868-57a2d4851a1d" />
    <TestEntry testId="22a8b0cb-7a33-d352-b784-a1f8be065fd9" executionId="7347419c-c7f3-4803-9daa-3bd75f4e91da" testListId="8c84fa94-04c1-424b-9868-57a2d4851a1d" />
    <TestEntry testId="274f79cb-044b-0e7e-9f9e-4afbcabf33e2" executionId="4bb0a090-b29f-4e7a-88c7-b3c615be95da" testListId="8c84fa94-04c1-424b-9868-57a2d4851a1d" />
    <TestEntry testId="28cecd14-0281-33e2-220d-430cb0b76324" executionId="1481583f-aca9-403d-b1ba-7452b195b2a1" testListId="8c84fa94-04c1-424b-9868-57a2d4851a1d" />
    <TestEntry testId="375ff3a2-2357-6f85-11f0-4fdbcfbe878c" executionId="10a5713a-0ef5-4ec6-89f1-0c3250563fdc" testListId="8c84fa94-04c1-424b-9868-57a2d4851a1d" />
    <TestEntry testId="39038477-ba46-aac5-eb4c-721235e0936b" executionId="03a922b7-2f68-41a8-91e9-dda47c776426" testListId="8c84fa94-04c1-424b-9868-57a2d4851a1d" />
    <TestEntry testId="3dc9c38f-ffcf-b4ec-4950-2951ba76f7d8" executionId="577e8734-11ae-4a22-917d-cfa20bcfea0c" testListId="8c84fa94-04c1-424b-9868-57a2d4851a1d" />
    <TestEntry testId="4ccbac64-6d99-8651-0e4e-7a94ce86ca89" executionId="6a26accc-7b72-4887-a4d4-f10c9eb0a30a" testListId="8c84fa94-04c1-424b-9868-57a2d4851a1d" />
    <TestEntry testId="4d2dabf7-6001-0f95-8269-92c41508bd3d" executionId="8c05bab9-3739-4e6c-9d0e-64681ab98691" testListId="8c84fa94-04c1-424b-9868-57a2d4851a1d" />
    <TestEntry testId="55745a3e-cb76-ce47-5e1c-cb4863c8cc88" executionId="52129083-048c-4447-8638-83cc000c6594" testListId="8c84fa94-04c1-424b-9868-57a2d4851a1d" />
    <TestEntry testId="5c01ed2f-cfa6-faf5-80ee-7526386e5bcb" executionId="c778af74-5ced-4afa-8865-de58c65b345a" testListId="8c84fa94-04c1-424b-9868-57a2d4851a1d" />
    <TestEntry testId="66b79ba3-ccdf-a017-5e08-1702c7c38084" executionId="572cb82f-8b45-4634-b1bf-cedb685b7829" testListId="8c84fa94-04c1-424b-9868-57a2d4851a1d" />
    <TestEntry testId="861bbbdf-9e17-619d-89af-8b7fa4a205e7" executionId="b2743fe5-abfd-413b-a71e-de2cd4ed3992" testListId="8c84fa94-04c1-424b-9868-57a2d4851a1d" />
    <TestEntry testId="8ce58482-7d3e-3e19-80e5-4b965e8f5059" executionId="48b45d26-93da-4a28-9104-67028b1e0443" testListId="8c84fa94-04c1-424b-9868-57a2d4851a1d" />
    <TestEntry testId="8e4820fb-b11f-6f11-e59d-db0467de1040" executionId="c9385ede-7ef6-419b-a35e-461472dbfcf0" testListId="8c84fa94-04c1-424b-9868-57a2d4851a1d" />
    <TestEntry testId="982f7fbb-ba3f-33fd-9fa4-3f5b26be6e74" executionId="0f792da4-0199-47a9-a716-c6199d0d506f" testListId="8c84fa94-04c1-424b-9868-57a2d4851a1d" />
    <TestEntry testId="9d14cf3b-400a-419e-62e5-56cdb51cd8d7" executionId="94c3d99f-27b0-4f19-908f-bfb1633c7c5c" testListId="8c84fa94-04c1-424b-9868-57a2d4851a1d" />
    <TestEntry testId="a5143e69-78bd-03a5-f82d-50e4014f386a" executionId="2417529b-6290-4fac-a7a9-581095624f5b" testListId="8c84fa94-04c1-424b-9868-57a2d4851a1d" />
    <TestEntry testId="a5173249-e457-2bae-6188-e07755a468f1" executionId="4891ec04-6a50-4757-abf6-4917c7ed4b15" testListId="8c84fa94-04c1-424b-9868-57a2d4851a1d" />
    <TestEntry testId="b1a88be6-0573-6eb0-e0ba-a476ebddfcc3" executionId="f958a76a-d36b-4c3c-8073-c2c26523f6a6" testListId="8c84fa94-04c1-424b-9868-57a2d4851a1d" />
    <TestEntry testId="b202aa4d-65bf-bc8d-820d-b2b2651d5544" executionId="5522be8e-840f-46c9-a414-8c41c5795f05" testListId="8c84fa94-04c1-424b-9868-57a2d4851a1d" />
    <TestEntry testId="b53f3b4e-80dd-ada9-22f9-683ce813b819" executionId="473bc360-02b3-494a-b1a6-99bcaa86ed9a" testListId="8c84fa94-04c1-424b-9868-57a2d4851a1d" />
    <TestEntry testId="b6e2ea1d-beee-09a0-2102-a1602abebdcc" executionId="e459b6fd-9df5-4c66-978c-a55c9596223e" testListId="8c84fa94-04c1-424b-9868-57a2d4851a1d" />
    <TestEntry testId="be2066fd-b436-06cd-97b4-c7078e10e0f4" executionId="351ce2de-9d59-48f7-b8c2-dec2af7942a4" testListId="8c84fa94-04c1-424b-9868-57a2d4851a1d" />
    <TestEntry testId="c4b00738-bd81-d4dd-934a-1f8ce1e5a004" executionId="d17c624e-2130-4c97-b876-8f904cdcc222" testListId="8c84fa94-04c1-424b-9868-57a2d4851a1d" />
    <TestEntry testId="c88e308d-c412-3989-03a6-4812dd297cad" executionId="8e61d270-0ac6-4368-a4bc-b62b3ee91af3" testListId="8c84fa94-04c1-424b-9868-57a2d4851a1d" />
    <TestEntry testId="cf73ad5c-bdd1-7dfc-d924-ad996d77b595" executionId="d1a6ada4-e67c-4c60-ae23-e7ffa245171f" testListId="8c84fa94-04c1-424b-9868-57a2d4851a1d" />
    <TestEntry testId="cfcea3e5-0964-8d2b-bd64-154d5273ea8f" executionId="6ddf3f5d-e7c5-4277-b95a-6545b9313c35" testListId="8c84fa94-04c1-424b-9868-57a2d4851a1d" />
    <TestEntry testId="d72373c0-a703-cca6-215c-a78aa85313eb" executionId="4036fc05-56d8-47c7-8c91-fed218b0e060" testListId="8c84fa94-04c1-424b-9868-57a2d4851a1d" />
    <TestEntry testId="df70d1db-0b89-8d5b-f3c3-11fdd92fed5b" executionId="47fcff09-e0d1-4c20-a973-a9097468d6a7" testListId="8c84fa94-04c1-424b-9868-57a2d4851a1d" />
    <TestEntry testId="ea0a69ac-2bb3-b9d1-b8f7-0e625a29c014" executionId="0be1a5e7-534a-47eb-9b54-0d5750c7fd71" testListId="8c84fa94-04c1-424b-9868-57a2d4851a1d" />
    <TestEntry testId="ecb2ec12-6d55-4737-3f23-78b2cd9e5a1c" executionId="6b6d4730-1c2b-444e-9815-e7bc6737346b" testListId="8c84fa94-04c1-424b-9868-57a2d4851a1d" />
    <TestEntry testId="ed5ca231-a40d-1e94-d8cf-62620be065b2" executionId="5513c3e9-0779-471e-9839-7fc6f9227b5f" testListId="8c84fa94-04c1-424b-9868-57a2d4851a1d" />
    <TestEntry testId="ef418061-d4c4-2027-28ba-907376548f88" executionId="844e8230-e84b-45b1-a259-a60d8dacd66c" testListId="8c84fa94-04c1-424b-9868-57a2d4851a1d" />
    <TestEntry testId="f1db9089-b01e-e5ce-8721-8284d6363de2" executionId="b98b306a-d3c9-4d6b-9cf8-600a00b03fac" testListId="8c84fa94-04c1-424b-9868-57a2d4851a1d" />
    <TestEntry testId="f8a0681f-01a9-96fe-d3cb-5a7507e6aa1a" executionId="aa009621-46c2-4d9e-b26d-2b866ffa7d52" testListId="8c84fa94-04c1-424b-9868-57a2d4851a1d" />
  </TestEntries>
  <Results>
    <UnitTestResult executionId="34a437a8-2c37-4bde-b57c-bb5e9b70f1c0" testId="17042057-7aeb-7c30-7303-5d1a8e9e0592" testName="EqualsWithTwoNullsEntitiesSameTypeReturnTrue" computerName="ICINETICJHB" duration="00:00:00.0097034" startTime="2014-04-17T13:24:24.3486446+02:00" endTime="2014-04-17T13:24:24.9880854+02:00" testType="13cdc9d9-ddb5-4fa4-a97d-d965ccfc6d4b" outcome="Passed" testListId="8c84fa94-04c1-424b-9868-57a2d4851a1d" relativeResultsDirectory="34a437a8-2c37-4bde-b57c-bb5e9b70f1c0">
    </UnitTestResult>
    <UnitTestResult executionId="7347419c-c7f3-4803-9daa-3bd75f4e91da" testId="22a8b0cb-7a33-d352-b784-a1f8be065fd9" testName="ValidatableEntityGuidEqualsWithSameTransientEntitieReturnTrue" computerName="ICINETICJHB" duration="00:00:00.0095734" startTime="2014-04-17T13:24:24.9890553+02:00" endTime="2014-04-17T13:24:25.0000579+02:00" testType="13cdc9d9-ddb5-4fa4-a97d-d965ccfc6d4b" outcome="Passed" testListId="8c84fa94-04c1-424b-9868-57a2d4851a1d" relativeResultsDirectory="7347419c-c7f3-4803-9daa-3bd75f4e91da">
    </UnitTestResult>
    <UnitTestResult executionId="4bb0a090-b29f-4e7a-88c7-b3c615be95da" testId="274f79cb-044b-0e7e-9f9e-4afbcabf33e2" testName="EqualsWithSameTransientEntitieReturnTrue" computerName="ICINETICJHB" duration="00:00:00.0002416" startTime="2014-04-17T13:24:25.0010770+02:00" endTime="2014-04-17T13:24:25.0030531+02:00" testType="13cdc9d9-ddb5-4fa4-a97d-d965ccfc6d4b" outcome="Passed" testListId="8c84fa94-04c1-424b-9868-57a2d4851a1d" relativeResultsDirectory="4bb0a090-b29f-4e7a-88c7-b3c615be95da">
    </UnitTestResult>
    <UnitTestResult executionId="1481583f-aca9-403d-b1ba-7452b195b2a1" testId="28cecd14-0281-33e2-220d-430cb0b76324" testName="IntEntityEqualsWithOneNullEntityReturnFalse" computerName="ICINETICJHB" duration="00:00:00.0002762" startTime="2014-04-17T13:24:25.0030531+02:00" endTime="2014-04-17T13:24:25.0050557+02:00" testType="13cdc9d9-ddb5-4fa4-a97d-d965ccfc6d4b" outcome="Passed" testListId="8c84fa94-04c1-424b-9868-57a2d4851a1d" relativeResultsDirectory="1481583f-aca9-403d-b1ba-7452b195b2a1">
    </UnitTestResult>
    <UnitTestResult executionId="10a5713a-0ef5-4ec6-89f1-0c3250563fdc" testId="375ff3a2-2357-6f85-11f0-4fdbcfbe878c" testName="EqualsWithOneNullEntityReturnFalse" computerName="ICINETICJHB" duration="00:00:00.0001359" startTime="2014-04-17T13:24:25.0050557+02:00" endTime="2014-04-17T13:24:25.0070562+02:00" testType="13cdc9d9-ddb5-4fa4-a97d-d965ccfc6d4b" outcome="Passed" testListId="8c84fa94-04c1-424b-9868-57a2d4851a1d" relativeResultsDirectory="10a5713a-0ef5-4ec6-89f1-0c3250563fdc">
    </UnitTestResult>
    <UnitTestResult executionId="03a922b7-2f68-41a8-91e9-dda47c776426" testId="39038477-ba46-aac5-eb4c-721235e0936b" testName="ValidatableEntityGuidEqualsWithTwoTransientEntitiesReturnFalse" computerName="ICINETICJHB" duration="00:00:00.0005336" startTime="2014-04-17T13:24:25.0080539+02:00" endTime="2014-04-17T13:24:25.0100702+02:00" testType="13cdc9d9-ddb5-4fa4-a97d-d965ccfc6d4b" outcome="Passed" testListId="8c84fa94-04c1-424b-9868-57a2d4851a1d" relativeResultsDirectory="03a922b7-2f68-41a8-91e9-dda47c776426">
    </UnitTestResult>
    <UnitTestResult executionId="577e8734-11ae-4a22-917d-cfa20bcfea0c" testId="3dc9c38f-ffcf-b4ec-4950-2951ba76f7d8" testName="StringEqualsWithTwoNullsEntitiesDifferentTypeReturnFalse" computerName="ICINETICJHB" duration="00:00:00.0004793" startTime="2014-04-17T13:24:25.0100702+02:00" endTime="2014-04-17T13:24:25.0120566+02:00" testType="13cdc9d9-ddb5-4fa4-a97d-d965ccfc6d4b" outcome="Passed" testListId="8c84fa94-04c1-424b-9868-57a2d4851a1d" relativeResultsDirectory="577e8734-11ae-4a22-917d-cfa20bcfea0c">
    </UnitTestResult>
    <UnitTestResult executionId="6a26accc-7b72-4887-a4d4-f10c9eb0a30a" testId="4ccbac64-6d99-8651-0e4e-7a94ce86ca89" testName="StringEqualsWithTwoNullsEntitiesSameTypeReturnTrue" computerName="ICINETICJHB" duration="00:00:00.0001265" startTime="2014-04-17T13:24:25.0130547+02:00" endTime="2014-04-17T13:24:25.0140703+02:00" testType="13cdc9d9-ddb5-4fa4-a97d-d965ccfc6d4b" outcome="Passed" testListId="8c84fa94-04c1-424b-9868-57a2d4851a1d" relativeResultsDirectory="6a26accc-7b72-4887-a4d4-f10c9eb0a30a">
    </UnitTestResult>
    <UnitTestResult executionId="8c05bab9-3739-4e6c-9d0e-64681ab98691" testId="4d2dabf7-6001-0f95-8269-92c41508bd3d" testName="StringEqualsWithTwoTransientEntitiesReturnFalse" computerName="ICINETICJHB" duration="00:00:00.0001376" startTime="2014-04-17T13:24:25.0150539+02:00" endTime="2014-04-17T13:24:25.0160537+02:00" testType="13cdc9d9-ddb5-4fa4-a97d-d965ccfc6d4b" outcome="Passed" testListId="8c84fa94-04c1-424b-9868-57a2d4851a1d" relativeResultsDirectory="8c05bab9-3739-4e6c-9d0e-64681ab98691">
    </UnitTestResult>
    <UnitTestResult executionId="52129083-048c-4447-8638-83cc000c6594" testId="55745a3e-cb76-ce47-5e1c-cb4863c8cc88" testName="IntEntityEqualsWithTwoNullsEntitiesDifferentTypeReturnFalse" computerName="ICINETICJHB" duration="00:00:00.0005803" startTime="2014-04-17T13:24:25.0170552+02:00" endTime="2014-04-17T13:24:25.0190540+02:00" testType="13cdc9d9-ddb5-4fa4-a97d-d965ccfc6d4b" outcome="Passed" testListId="8c84fa94-04c1-424b-9868-57a2d4851a1d" relativeResultsDirectory="52129083-048c-4447-8638-83cc000c6594">
    </UnitTestResult>
    <UnitTestResult executionId="c778af74-5ced-4afa-8865-de58c65b345a" testId="5c01ed2f-cfa6-faf5-80ee-7526386e5bcb" testName="GuidEntityEqualsWithOneNullEntityReturnFalse" computerName="ICINETICJHB" duration="00:00:00.0002441" startTime="2014-04-17T13:24:25.0200542+02:00" endTime="2014-04-17T13:24:25.0220709+02:00" testType="13cdc9d9-ddb5-4fa4-a97d-d965ccfc6d4b" outcome="Passed" testListId="8c84fa94-04c1-424b-9868-57a2d4851a1d" relativeResultsDirectory="c778af74-5ced-4afa-8865-de58c65b345a">
    </UnitTestResult>
    <UnitTestResult executionId="572cb82f-8b45-4634-b1bf-cedb685b7829" testId="66b79ba3-ccdf-a017-5e08-1702c7c38084" testName="GuidEntityEqualsWithTwoTransientEntitiesReturnFalse" computerName="ICINETICJHB" duration="00:00:00.0001394" startTime="2014-04-17T13:24:25.0220709+02:00" endTime="2014-04-17T13:24:25.0240547+02:00" testType="13cdc9d9-ddb5-4fa4-a97d-d965ccfc6d4b" outcome="Passed" testListId="8c84fa94-04c1-424b-9868-57a2d4851a1d" relativeResultsDirectory="572cb82f-8b45-4634-b1bf-cedb685b7829">
    </UnitTestResult>
    <UnitTestResult executionId="b2743fe5-abfd-413b-a71e-de2cd4ed3992" testId="861bbbdf-9e17-619d-89af-8b7fa4a205e7" testName="ValidatableEntityGuidEqualsWithTwoNullsEntitiesDifferentTypeReturnFalse" computerName="ICINETICJHB" duration="00:00:00.0002711" startTime="2014-04-17T13:24:25.0240547+02:00" endTime="2014-04-17T13:24:25.0270713+02:00" testType="13cdc9d9-ddb5-4fa4-a97d-d965ccfc6d4b" outcome="Passed" testListId="8c84fa94-04c1-424b-9868-57a2d4851a1d" relativeResultsDirectory="b2743fe5-abfd-413b-a71e-de2cd4ed3992">
    </UnitTestResult>
    <UnitTestResult executionId="48b45d26-93da-4a28-9104-67028b1e0443" testId="8ce58482-7d3e-3e19-80e5-4b965e8f5059" testName="EqualsWithNestedDifferentValueObjectReturnFalse" computerName="ICINETICJHB" duration="00:00:00.0013859" startTime="2014-04-17T13:24:25.0270713+02:00" endTime="2014-04-17T13:24:25.0300545+02:00" testType="13cdc9d9-ddb5-4fa4-a97d-d965ccfc6d4b" outcome="Passed" testListId="8c84fa94-04c1-424b-9868-57a2d4851a1d" relativeResultsDirectory="48b45d26-93da-4a28-9104-67028b1e0443">
    </UnitTestResult>
    <UnitTestResult executionId="c9385ede-7ef6-419b-a35e-461472dbfcf0" testId="8e4820fb-b11f-6f11-e59d-db0467de1040" testName="GuidEntityTransientNewEntitieReturnTrue" computerName="ICINETICJHB" duration="00:00:00.0001355" startTime="2014-04-17T13:24:25.0300545+02:00" endTime="2014-04-17T13:24:25.0320550+02:00" testType="13cdc9d9-ddb5-4fa4-a97d-d965ccfc6d4b" outcome="Passed" testListId="8c84fa94-04c1-424b-9868-57a2d4851a1d" relativeResultsDirectory="c9385ede-7ef6-419b-a35e-461472dbfcf0">
    </UnitTestResult>
    <UnitTestResult executionId="0f792da4-0199-47a9-a716-c6199d0d506f" testId="982f7fbb-ba3f-33fd-9fa4-3f5b26be6e74" testName="ValidatableEntityGuidEqualsWithTwoNullsEntitiesSameTypeReturnTrue" computerName="ICINETICJHB" duration="00:00:00.0001364" startTime="2014-04-17T13:24:25.0330552+02:00" endTime="2014-04-17T13:24:25.0340550+02:00" testType="13cdc9d9-ddb5-4fa4-a97d-d965ccfc6d4b" outcome="Passed" testListId="8c84fa94-04c1-424b-9868-57a2d4851a1d" relativeResultsDirectory="0f792da4-0199-47a9-a716-c6199d0d506f">
    </UnitTestResult>
    <UnitTestResult executionId="94c3d99f-27b0-4f19-908f-bfb1633c7c5c" testId="9d14cf3b-400a-419e-62e5-56cdb51cd8d7" testName="EqualsWithOneNullValueObjectReturnFalse" computerName="ICINETICJHB" duration="00:00:00.0001359" startTime="2014-04-17T13:24:25.0350552+02:00" endTime="2014-04-17T13:24:25.0360555+02:00" testType="13cdc9d9-ddb5-4fa4-a97d-d965ccfc6d4b" outcome="Passed" testListId="8c84fa94-04c1-424b-9868-57a2d4851a1d" relativeResultsDirectory="94c3d99f-27b0-4f19-908f-bfb1633c7c5c">
    </UnitTestResult>
    <UnitTestResult executionId="2417529b-6290-4fac-a7a9-581095624f5b" testId="a5143e69-78bd-03a5-f82d-50e4014f386a" testName="EqualsWithTwoTransientEntitiesReturnFalse" computerName="ICINETICJHB" duration="00:00:00.0005657" startTime="2014-04-17T13:24:25.0370553+02:00" endTime="2014-04-17T13:24:25.0390554+02:00" testType="13cdc9d9-ddb5-4fa4-a97d-d965ccfc6d4b" outcome="Passed" testListId="8c84fa94-04c1-424b-9868-57a2d4851a1d" relativeResultsDirectory="2417529b-6290-4fac-a7a9-581095624f5b">
    </UnitTestResult>
    <UnitTestResult executionId="4891ec04-6a50-4757-abf6-4917c7ed4b15" testId="a5173249-e457-2bae-6188-e07755a468f1" testName="GuidEntityEqualsWithTwoNullsEntitiesDifferentTypeReturnFalse" computerName="ICINETICJHB" duration="00:00:00.0001954" startTime="2014-04-17T13:24:25.0390554+02:00" endTime="2014-04-17T13:24:25.0410554+02:00" testType="13cdc9d9-ddb5-4fa4-a97d-d965ccfc6d4b" outcome="Passed" testListId="8c84fa94-04c1-424b-9868-57a2d4851a1d" relativeResultsDirectory="4891ec04-6a50-4757-abf6-4917c7ed4b15">
    </UnitTestResult>
    <UnitTestResult executionId="f958a76a-d36b-4c3c-8073-c2c26523f6a6" testId="b1a88be6-0573-6eb0-e0ba-a476ebddfcc3" testName="EqualsWithTwoNullsEntitiesDifferentTypeReturnFalse" computerName="ICINETICJHB" duration="00:00:00.0002381" startTime="2014-04-17T13:24:25.0410554+02:00" endTime="2014-04-17T13:24:25.0430563+02:00" testType="13cdc9d9-ddb5-4fa4-a97d-d965ccfc6d4b" outcome="Passed" testListId="8c84fa94-04c1-424b-9868-57a2d4851a1d" relativeResultsDirectory="f958a76a-d36b-4c3c-8073-c2c26523f6a6">
    </UnitTestResult>
    <UnitTestResult executionId="5522be8e-840f-46c9-a414-8c41c5795f05" testId="b202aa4d-65bf-bc8d-820d-b2b2651d5544" testName="GuidEntityEqualsWithSameTransientEntitieReturnTrue" computerName="ICINETICJHB" duration="00:00:00.0001342" startTime="2014-04-17T13:24:25.0430563+02:00" endTime="2014-04-17T13:24:25.0450559+02:00" testType="13cdc9d9-ddb5-4fa4-a97d-d965ccfc6d4b" outcome="Passed" testListId="8c84fa94-04c1-424b-9868-57a2d4851a1d" relativeResultsDirectory="5522be8e-840f-46c9-a414-8c41c5795f05">
    </UnitTestResult>
    <UnitTestResult executionId="473bc360-02b3-494a-b1a6-99bcaa86ed9a" testId="b53f3b4e-80dd-ada9-22f9-683ce813b819" testName="ValidatableEntityGuidEqualsWithOneNullEntityReturnFalse" computerName="ICINETICJHB" duration="00:00:00.0001321" startTime="2014-04-17T13:24:25.0460566+02:00" endTime="2014-04-17T13:24:25.0470573+02:00" testType="13cdc9d9-ddb5-4fa4-a97d-d965ccfc6d4b" outcome="Passed" testListId="8c84fa94-04c1-424b-9868-57a2d4851a1d" relativeResultsDirectory="473bc360-02b3-494a-b1a6-99bcaa86ed9a">
    </UnitTestResult>
    <UnitTestResult executionId="e459b6fd-9df5-4c66-978c-a55c9596223e" testId="b6e2ea1d-beee-09a0-2102-a1602abebdcc" testName="GuidEntityEqualsWithTwoNullsEntitiesSameTypeReturnTrue" computerName="ICINETICJHB" duration="00:00:00.0001154" startTime="2014-04-17T13:24:25.0470573+02:00" endTime="2014-04-17T13:24:25.0490569+02:00" testType="13cdc9d9-ddb5-4fa4-a97d-d965ccfc6d4b" outcome="Passed" testListId="8c84fa94-04c1-424b-9868-57a2d4851a1d" relativeResultsDirectory="e459b6fd-9df5-4c66-978c-a55c9596223e">
    </UnitTestResult>
    <UnitTestResult executionId="351ce2de-9d59-48f7-b8c2-dec2af7942a4" testId="be2066fd-b436-06cd-97b4-c7078e10e0f4" testName="EqualsWithEqualsValueObjectsReturnTrue" computerName="ICINETICJHB" duration="00:00:00.0001885" startTime="2014-04-17T13:24:25.0490569+02:00" endTime="2014-04-17T13:24:25.0510561+02:00" testType="13cdc9d9-ddb5-4fa4-a97d-d965ccfc6d4b" outcome="Passed" testListId="8c84fa94-04c1-424b-9868-57a2d4851a1d" relativeResultsDirectory="351ce2de-9d59-48f7-b8c2-dec2af7942a4">
    </UnitTestResult>
    <UnitTestResult executionId="d17c624e-2130-4c97-b876-8f904cdcc222" testId="c4b00738-bd81-d4dd-934a-1f8ce1e5a004" testName="EqualsWithEmptyValueObjectsReturnTrue" computerName="ICINETICJHB" duration="00:00:00.0001513" startTime="2014-04-17T13:24:25.0520551+02:00" endTime="2014-04-17T13:24:25.0530553+02:00" testType="13cdc9d9-ddb5-4fa4-a97d-d965ccfc6d4b" outcome="Passed" testListId="8c84fa94-04c1-424b-9868-57a2d4851a1d" relativeResultsDirectory="d17c624e-2130-4c97-b876-8f904cdcc222">
    </UnitTestResult>
    <UnitTestResult executionId="8e61d270-0ac6-4368-a4bc-b62b3ee91af3" testId="c88e308d-c412-3989-03a6-4812dd297cad" testName="EqualsWithNestedDifferentRootValueObjectReturnFalse" computerName="ICINETICJHB" duration="00:00:00.0002326" startTime="2014-04-17T13:24:25.0540560+02:00" endTime="2014-04-17T13:24:25.0550575+02:00" testType="13cdc9d9-ddb5-4fa4-a97d-d965ccfc6d4b" outcome="Passed" testListId="8c84fa94-04c1-424b-9868-57a2d4851a1d" relativeResultsDirectory="8e61d270-0ac6-4368-a4bc-b62b3ee91af3">
    </UnitTestResult>
    <UnitTestResult executionId="d1a6ada4-e67c-4c60-ae23-e7ffa245171f" testId="cf73ad5c-bdd1-7dfc-d924-ad996d77b595" testName="IntEntityTransientNewEntitieReturnTrue" computerName="ICINETICJHB" duration="00:00:00.0001381" startTime="2014-04-17T13:24:25.0560565+02:00" endTime="2014-04-17T13:24:25.0580578+02:00" testType="13cdc9d9-ddb5-4fa4-a97d-d965ccfc6d4b" outcome="Passed" testListId="8c84fa94-04c1-424b-9868-57a2d4851a1d" relativeResultsDirectory="d1a6ada4-e67c-4c60-ae23-e7ffa245171f">
    </UnitTestResult>
    <UnitTestResult executionId="6ddf3f5d-e7c5-4277-b95a-6545b9313c35" testId="cfcea3e5-0964-8d2b-bd64-154d5273ea8f" testName="EqualsWithNestedValueObjectReturnTrue" computerName="ICINETICJHB" duration="00:00:00.0002433" startTime="2014-04-17T13:24:25.0580578+02:00" endTime="2014-04-17T13:24:25.0600566+02:00" testType="13cdc9d9-ddb5-4fa4-a97d-d965ccfc6d4b" outcome="Passed" testListId="8c84fa94-04c1-424b-9868-57a2d4851a1d" relativeResultsDirectory="6ddf3f5d-e7c5-4277-b95a-6545b9313c35">
    </UnitTestResult>
    <UnitTestResult executionId="4036fc05-56d8-47c7-8c91-fed218b0e060" testId="d72373c0-a703-cca6-215c-a78aa85313eb" testName="IntEntityEqualsWithTwoNullsEntitiesSameTypeReturnTrue" computerName="ICINETICJHB" duration="00:00:00.0001167" startTime="2014-04-17T13:24:25.0600566+02:00" endTime="2014-04-17T13:24:25.0620570+02:00" testType="13cdc9d9-ddb5-4fa4-a97d-d965ccfc6d4b" outcome="Passed" testListId="8c84fa94-04c1-424b-9868-57a2d4851a1d" relativeResultsDirectory="4036fc05-56d8-47c7-8c91-fed218b0e060">
    </UnitTestResult>
    <UnitTestResult executionId="47fcff09-e0d1-4c20-a973-a9097468d6a7" testId="df70d1db-0b89-8d5b-f3c3-11fdd92fed5b" testName="IntEntityEqualsWithSameTransientEntitieReturnTrue" computerName="ICINETICJHB" duration="00:00:00.0001368" startTime="2014-04-17T13:24:25.0620570+02:00" endTime="2014-04-17T13:24:25.0640567+02:00" testType="13cdc9d9-ddb5-4fa4-a97d-d965ccfc6d4b" outcome="Passed" testListId="8c84fa94-04c1-424b-9868-57a2d4851a1d" relativeResultsDirectory="47fcff09-e0d1-4c20-a973-a9097468d6a7">
    </UnitTestResult>
    <UnitTestResult executionId="0be1a5e7-534a-47eb-9b54-0d5750c7fd71" testId="ea0a69ac-2bb3-b9d1-b8f7-0e625a29c014" testName="StringEqualsWithOneNullEntityReturnFalse" computerName="ICINETICJHB" duration="00:00:00.0001402" startTime="2014-04-17T13:24:25.0640567+02:00" endTime="2014-04-17T13:24:25.0660572+02:00" testType="13cdc9d9-ddb5-4fa4-a97d-d965ccfc6d4b" outcome="Passed" testListId="8c84fa94-04c1-424b-9868-57a2d4851a1d" relativeResultsDirectory="0be1a5e7-534a-47eb-9b54-0d5750c7fd71">
    </UnitTestResult>
    <UnitTestResult executionId="6b6d4730-1c2b-444e-9815-e7bc6737346b" testId="ecb2ec12-6d55-4737-3f23-78b2cd9e5a1c" testName="IntEntityTransientNewEntitieReturnTrue" computerName="ICINETICJHB" duration="00:00:00.0001475" startTime="2014-04-17T13:24:25.0660572+02:00" endTime="2014-04-17T13:24:25.0690574+02:00" testType="13cdc9d9-ddb5-4fa4-a97d-d965ccfc6d4b" outcome="Passed" testListId="8c84fa94-04c1-424b-9868-57a2d4851a1d" relativeResultsDirectory="6b6d4730-1c2b-444e-9815-e7bc6737346b">
    </UnitTestResult>
    <UnitTestResult executionId="5513c3e9-0779-471e-9839-7fc6f9227b5f" testId="ed5ca231-a40d-1e94-d8cf-62620be065b2" testName="EqualsWithTwoNullsValueObjectsReturnTrue" computerName="ICINETICJHB" duration="00:00:00.0001214" startTime="2014-04-17T13:24:25.0690574+02:00" endTime="2014-04-17T13:24:25.0710575+02:00" testType="13cdc9d9-ddb5-4fa4-a97d-d965ccfc6d4b" outcome="Passed" testListId="8c84fa94-04c1-424b-9868-57a2d4851a1d" relativeResultsDirectory="5513c3e9-0779-471e-9839-7fc6f9227b5f">
    </UnitTestResult>
    <UnitTestResult executionId="844e8230-e84b-45b1-a259-a60d8dacd66c" testId="ef418061-d4c4-2027-28ba-907376548f88" testName="IntEntityEqualsWithTwoTransientEntitiesReturnFalse" computerName="ICINETICJHB" duration="00:00:00.0001385" startTime="2014-04-17T13:24:25.0710575+02:00" endTime="2014-04-17T13:24:25.0730571+02:00" testType="13cdc9d9-ddb5-4fa4-a97d-d965ccfc6d4b" outcome="Passed" testListId="8c84fa94-04c1-424b-9868-57a2d4851a1d" relativeResultsDirectory="844e8230-e84b-45b1-a259-a60d8dacd66c">
    </UnitTestResult>
    <UnitTestResult executionId="b98b306a-d3c9-4d6b-9cf8-600a00b03fac" testId="f1db9089-b01e-e5ce-8721-8284d6363de2" testName="EqualsWithOneDifferentPropertyReturnFalse" computerName="ICINETICJHB" duration="00:00:00.0001791" startTime="2014-04-17T13:24:25.0740582+02:00" endTime="2014-04-17T13:24:25.0750572+02:00" testType="13cdc9d9-ddb5-4fa4-a97d-d965ccfc6d4b" outcome="Passed" testListId="8c84fa94-04c1-424b-9868-57a2d4851a1d" relativeResultsDirectory="b98b306a-d3c9-4d6b-9cf8-600a00b03fac">
    </UnitTestResult>
    <UnitTestResult executionId="aa009621-46c2-4d9e-b26d-2b866ffa7d52" testId="f8a0681f-01a9-96fe-d3cb-5a7507e6aa1a" testName="StringEqualsWithSameTransientEntitieReturnTrue" computerName="ICINETICJHB" duration="00:00:00.0001317" startTime="2014-04-17T13:24:25.0760570+02:00" endTime="2014-04-17T13:24:25.0770589+02:00" testType="13cdc9d9-ddb5-4fa4-a97d-d965ccfc6d4b" outcome="Passed" testListId="8c84fa94-04c1-424b-9868-57a2d4851a1d" relativeResultsDirectory="aa009621-46c2-4d9e-b26d-2b866ffa7d52">
    </UnitTestResult>
  </Results>
</TestRun>