<?xml version="1.0" encoding="UTF-8"?>
<TestRun id="e12a4ed5-44e1-48e9-b691-cffb1e159f86" name="Javier@DEVELOP 2014-08-17 01:14:57" runUser="DEVELOP\Javier" xmlns="http://microsoft.com/schemas/VisualStudio/TeamTest/2010">
  <TestSettings name="Default Test Settings" id="1ecffbe2-df4d-4817-9fdd-8a79bdd69c13">
    <Deployment runDeploymentRoot="Javier_DEVELOP 2014-08-17 01_14_57">
      <DeploymentItem filename="E:\IDev\Pre\Inflexion2\00-Assemblies\Debug\Inflexion2.dll" />
    </Deployment>
    <Execution>
      <TestTypeSpecific />
      <AgentRule name="Execution Agents">
      </AgentRule>
    </Execution>
  </TestSettings>
  <Times creation="2014-08-17T01:14:57.2813109+02:00" queuing="2014-08-17T01:15:18.7334608+02:00" start="2014-08-17T01:15:18.9034703+02:00" finish="2014-08-17T01:15:20.1165716+02:00" />
  <ResultSummary outcome="Completed">
    <Counters total="49" executed="49" passed="49" error="0" failed="0" timeout="0" aborted="0" inconclusive="0" passedButRunAborted="0" notRunnable="0" notExecuted="0" disconnected="0" warning="0" completed="0" inProgress="0" pending="0" />
  </ResultSummary>
  <TestDefinitions>
    <UnitTest name="GuidEntityEqualsWithOneNullEntityReturnFalse" storage="e:\idev\pre\inflexion2\00-assemblies\debug\inflexion2.framework.testing.dll" id="5c01ed2f-cfa6-faf5-80ee-7526386e5bcb">
      <Execution id="06db5991-90f8-4387-b330-db5699e38faa" />
      <TestMethod codeBase="E:/IDev/Pre/Inflexion2/00-Assemblies/Debug/Inflexion2.Framework.Testing.DLL" adapterTypeName="Microsoft.VisualStudio.TestTools.TestTypes.Unit.UnitTestAdapter, Microsoft.VisualStudio.QualityTools.Tips.UnitTest.Adapter, Version=10.0.0.0, Culture=neutral, PublicKeyToken=b03f5f7f11d50a3a" className="Inflexion2.Testing.GuidEntityTransientTest, Inflexion2.Framework.Testing, Version=1.0.0.0, Culture=neutral, PublicKeyToken=aa5767c617d84bc0" name="GuidEntityEqualsWithOneNullEntityReturnFalse" />
    </UnitTest>
    <UnitTest name="IntEntityEqualsWithTwoNullsEntitiesDifferentTypeReturnFalse" storage="e:\idev\pre\inflexion2\00-assemblies\debug\inflexion2.framework.testing.dll" id="55745a3e-cb76-ce47-5e1c-cb4863c8cc88">
      <Execution id="c132a104-75ef-4a7f-b2a2-706ad6dc91c5" />
      <TestMethod codeBase="E:/IDev/Pre/Inflexion2/00-Assemblies/Debug/Inflexion2.Framework.Testing.DLL" adapterTypeName="Microsoft.VisualStudio.TestTools.TestTypes.Unit.UnitTestAdapter, Microsoft.VisualStudio.QualityTools.Tips.UnitTest.Adapter, Version=10.0.0.0, Culture=neutral, PublicKeyToken=b03f5f7f11d50a3a" className="Inflexion2.Testing.EntityTransientTest, Inflexion2.Framework.Testing, Version=1.0.0.0, Culture=neutral, PublicKeyToken=aa5767c617d84bc0" name="IntEntityEqualsWithTwoNullsEntitiesDifferentTypeReturnFalse" />
    </UnitTest>
    <UnitTest name="IntEntityEqualsWithSameTransientEntitieReturnTrue" storage="e:\idev\pre\inflexion2\00-assemblies\debug\inflexion2.framework.testing.dll" id="ebdf5570-fee7-71a9-954c-39a44616bfc0">
      <Execution id="202ccc05-73ab-431d-8c8d-659b7abba102" />
      <TestMethod codeBase="E:/IDev/Pre/Inflexion2/00-Assemblies/Debug/Inflexion2.Framework.Testing.DLL" adapterTypeName="Microsoft.VisualStudio.TestTools.TestTypes.Unit.UnitTestAdapter, Microsoft.VisualStudio.QualityTools.Tips.UnitTest.Adapter, Version=10.0.0.0, Culture=neutral, PublicKeyToken=b03f5f7f11d50a3a" className="Inflexion2.Testing.IntEntityTransientTest, Inflexion2.Framework.Testing, Version=1.0.0.0, Culture=neutral, PublicKeyToken=aa5767c617d84bc0" name="IntEntityEqualsWithSameTransientEntitieReturnTrue" />
    </UnitTest>
    <UnitTest name="EqualsWithNestedDifferentRootValueObjectReturnFalse" storage="e:\idev\pre\inflexion2\00-assemblies\debug\inflexion2.framework.testing.dll" id="c88e308d-c412-3989-03a6-4812dd297cad">
      <Execution id="d0fb6ded-9c9b-47bc-9d4b-94a41eff955c" />
      <TestMethod codeBase="E:/IDev/Pre/Inflexion2/00-Assemblies/Debug/Inflexion2.Framework.Testing.DLL" adapterTypeName="Microsoft.VisualStudio.TestTools.TestTypes.Unit.UnitTestAdapter, Microsoft.VisualStudio.QualityTools.Tips.UnitTest.Adapter, Version=10.0.0.0, Culture=neutral, PublicKeyToken=b03f5f7f11d50a3a" className="Inflexion2.Testing.EqualityValueObject, Inflexion2.Framework.Testing, Version=1.0.0.0, Culture=neutral, PublicKeyToken=aa5767c617d84bc0" name="EqualsWithNestedDifferentRootValueObjectReturnFalse" />
    </UnitTest>
    <UnitTest name="GuidEntityTransientNewEntitieReturnTrue" storage="e:\idev\pre\inflexion2\00-assemblies\debug\inflexion2.framework.testing.dll" id="8e4820fb-b11f-6f11-e59d-db0467de1040">
      <Execution id="32aa3961-52b1-44b2-8e34-7cd87af3714b" />
      <TestMethod codeBase="E:/IDev/Pre/Inflexion2/00-Assemblies/Debug/Inflexion2.Framework.Testing.DLL" adapterTypeName="Microsoft.VisualStudio.TestTools.TestTypes.Unit.UnitTestAdapter, Microsoft.VisualStudio.QualityTools.Tips.UnitTest.Adapter, Version=10.0.0.0, Culture=neutral, PublicKeyToken=b03f5f7f11d50a3a" className="Inflexion2.Testing.GuidEntityTransientTest, Inflexion2.Framework.Testing, Version=1.0.0.0, Culture=neutral, PublicKeyToken=aa5767c617d84bc0" name="GuidEntityTransientNewEntitieReturnTrue" />
    </UnitTest>
    <UnitTest name="EqualsWithNestedValueObjectReturnTrue" storage="e:\idev\pre\inflexion2\00-assemblies\debug\inflexion2.framework.testing.dll" id="cfcea3e5-0964-8d2b-bd64-154d5273ea8f">
      <Execution id="18ac76ec-195f-4554-a89e-ac34def9a7b1" />
      <TestMethod codeBase="E:/IDev/Pre/Inflexion2/00-Assemblies/Debug/Inflexion2.Framework.Testing.DLL" adapterTypeName="Microsoft.VisualStudio.TestTools.TestTypes.Unit.UnitTestAdapter, Microsoft.VisualStudio.QualityTools.Tips.UnitTest.Adapter, Version=10.0.0.0, Culture=neutral, PublicKeyToken=b03f5f7f11d50a3a" className="Inflexion2.Testing.EqualityValueObject, Inflexion2.Framework.Testing, Version=1.0.0.0, Culture=neutral, PublicKeyToken=aa5767c617d84bc0" name="EqualsWithNestedValueObjectReturnTrue" />
    </UnitTest>
    <UnitTest name="StringEqualsWithSameTransientEntitieReturnTrue" storage="e:\idev\pre\inflexion2\00-assemblies\debug\inflexion2.framework.testing.dll" id="f8a0681f-01a9-96fe-d3cb-5a7507e6aa1a">
      <Execution id="cd52e6f8-95ee-4dbf-99b7-a92398494cb0" />
      <TestMethod codeBase="E:/IDev/Pre/Inflexion2/00-Assemblies/Debug/Inflexion2.Framework.Testing.DLL" adapterTypeName="Microsoft.VisualStudio.TestTools.TestTypes.Unit.UnitTestAdapter, Microsoft.VisualStudio.QualityTools.Tips.UnitTest.Adapter, Version=10.0.0.0, Culture=neutral, PublicKeyToken=b03f5f7f11d50a3a" className="Inflexion2.Testing.StringEntityTransientTest, Inflexion2.Framework.Testing, Version=1.0.0.0, Culture=neutral, PublicKeyToken=aa5767c617d84bc0" name="StringEqualsWithSameTransientEntitieReturnTrue" />
    </UnitTest>
    <UnitTest name="IntEntityEqualsWithTwoSetedDifferentIdSameEntitiesTypeReturnFalse" storage="e:\idev\pre\inflexion2\00-assemblies\debug\inflexion2.framework.testing.dll" id="6d00cb18-6da1-8f1c-bc52-1100717fe9e3">
      <Execution id="1d09d43a-0352-420d-85d9-ea95e1c9c5d1" />
      <TestMethod codeBase="E:/IDev/Pre/Inflexion2/00-Assemblies/Debug/Inflexion2.Framework.Testing.DLL" adapterTypeName="Microsoft.VisualStudio.TestTools.TestTypes.Unit.UnitTestAdapter, Microsoft.VisualStudio.QualityTools.Tips.UnitTest.Adapter, Version=10.0.0.0, Culture=neutral, PublicKeyToken=b03f5f7f11d50a3a" className="Inflexion2.Testing.EntityTransientTest, Inflexion2.Framework.Testing, Version=1.0.0.0, Culture=neutral, PublicKeyToken=aa5767c617d84bc0" name="IntEntityEqualsWithTwoSetedDifferentIdSameEntitiesTypeReturnFalse" />
    </UnitTest>
    <UnitTest name="EqualsWithTwoNullsEntitiesDifferentTypeReturnFalse" storage="e:\idev\pre\inflexion2\00-assemblies\debug\inflexion2.framework.testing.dll" id="b1a88be6-0573-6eb0-e0ba-a476ebddfcc3">
      <Execution id="290a5f7e-244f-44fc-93aa-81bb99db61d8" />
      <TestMethod codeBase="E:/IDev/Pre/Inflexion2/00-Assemblies/Debug/Inflexion2.Framework.Testing.DLL" adapterTypeName="Microsoft.VisualStudio.TestTools.TestTypes.Unit.UnitTestAdapter, Microsoft.VisualStudio.QualityTools.Tips.UnitTest.Adapter, Version=10.0.0.0, Culture=neutral, PublicKeyToken=b03f5f7f11d50a3a" className="Inflexion2.Testing.AuditableEntityTransientTest, Inflexion2.Framework.Testing, Version=1.0.0.0, Culture=neutral, PublicKeyToken=aa5767c617d84bc0" name="EqualsWithTwoNullsEntitiesDifferentTypeReturnFalse" />
    </UnitTest>
    <UnitTest name="StringEqualsWithTwoNullsEntitiesDifferentTypeReturnFalse" storage="e:\idev\pre\inflexion2\00-assemblies\debug\inflexion2.framework.testing.dll" id="3dc9c38f-ffcf-b4ec-4950-2951ba76f7d8">
      <Execution id="88c109b7-f367-4585-ae4f-72bb5d1a4704" />
      <TestMethod codeBase="E:/IDev/Pre/Inflexion2/00-Assemblies/Debug/Inflexion2.Framework.Testing.DLL" adapterTypeName="Microsoft.VisualStudio.TestTools.TestTypes.Unit.UnitTestAdapter, Microsoft.VisualStudio.QualityTools.Tips.UnitTest.Adapter, Version=10.0.0.0, Culture=neutral, PublicKeyToken=b03f5f7f11d50a3a" className="Inflexion2.Testing.StringEntityTransientTest, Inflexion2.Framework.Testing, Version=1.0.0.0, Culture=neutral, PublicKeyToken=aa5767c617d84bc0" name="StringEqualsWithTwoNullsEntitiesDifferentTypeReturnFalse" />
    </UnitTest>
    <UnitTest name="IntEntityEqualsWithTwoSetedSameIdSameEntitiesTypeReturnFalse" storage="e:\idev\pre\inflexion2\00-assemblies\debug\inflexion2.framework.testing.dll" id="afa4d5fe-5adf-b232-4499-e60da535e51b">
      <Execution id="a313082b-1ebe-47a6-834d-56905579338d" />
      <TestMethod codeBase="E:/IDev/Pre/Inflexion2/00-Assemblies/Debug/Inflexion2.Framework.Testing.DLL" adapterTypeName="Microsoft.VisualStudio.TestTools.TestTypes.Unit.UnitTestAdapter, Microsoft.VisualStudio.QualityTools.Tips.UnitTest.Adapter, Version=10.0.0.0, Culture=neutral, PublicKeyToken=b03f5f7f11d50a3a" className="Inflexion2.Testing.IntEntityTransientTest, Inflexion2.Framework.Testing, Version=1.0.0.0, Culture=neutral, PublicKeyToken=aa5767c617d84bc0" name="IntEntityEqualsWithTwoSetedSameIdSameEntitiesTypeReturnFalse" />
    </UnitTest>
    <UnitTest name="ValidatableEntityGuidEqualsWithOneNullEntityReturnFalse" storage="e:\idev\pre\inflexion2\00-assemblies\debug\inflexion2.framework.testing.dll" id="b53f3b4e-80dd-ada9-22f9-683ce813b819">
      <Execution id="4eb29bd6-394c-4b33-ad7f-989686d1dd5c" />
      <TestMethod codeBase="E:/IDev/Pre/Inflexion2/00-Assemblies/Debug/Inflexion2.Framework.Testing.DLL" adapterTypeName="Microsoft.VisualStudio.TestTools.TestTypes.Unit.UnitTestAdapter, Microsoft.VisualStudio.QualityTools.Tips.UnitTest.Adapter, Version=10.0.0.0, Culture=neutral, PublicKeyToken=b03f5f7f11d50a3a" className="Inflexion2.Testing.ValidatableEntityTransientTest, Inflexion2.Framework.Testing, Version=1.0.0.0, Culture=neutral, PublicKeyToken=aa5767c617d84bc0" name="ValidatableEntityGuidEqualsWithOneNullEntityReturnFalse" />
    </UnitTest>
    <UnitTest name="IntEntityEqualsWithTwoNullsEntitiesDifferentTypeReturnFalse" storage="e:\idev\pre\inflexion2\00-assemblies\debug\inflexion2.framework.testing.dll" id="b73c4168-36b3-829e-62df-12b0e1f8a7bd">
      <Execution id="c193e10a-84e2-4a20-89a4-7ca030ce4f60" />
      <TestMethod codeBase="E:/IDev/Pre/Inflexion2/00-Assemblies/Debug/Inflexion2.Framework.Testing.DLL" adapterTypeName="Microsoft.VisualStudio.TestTools.TestTypes.Unit.UnitTestAdapter, Microsoft.VisualStudio.QualityTools.Tips.UnitTest.Adapter, Version=10.0.0.0, Culture=neutral, PublicKeyToken=b03f5f7f11d50a3a" className="Inflexion2.Testing.IntEntityTransientTest, Inflexion2.Framework.Testing, Version=1.0.0.0, Culture=neutral, PublicKeyToken=aa5767c617d84bc0" name="IntEntityEqualsWithTwoNullsEntitiesDifferentTypeReturnFalse" />
    </UnitTest>
    <UnitTest name="IntEntityEqualsWithSameTransientEntitieReturnTrue" storage="e:\idev\pre\inflexion2\00-assemblies\debug\inflexion2.framework.testing.dll" id="df70d1db-0b89-8d5b-f3c3-11fdd92fed5b">
      <Execution id="49f4713f-71e8-4dc3-a50f-546a58511746" />
      <TestMethod codeBase="E:/IDev/Pre/Inflexion2/00-Assemblies/Debug/Inflexion2.Framework.Testing.DLL" adapterTypeName="Microsoft.VisualStudio.TestTools.TestTypes.Unit.UnitTestAdapter, Microsoft.VisualStudio.QualityTools.Tips.UnitTest.Adapter, Version=10.0.0.0, Culture=neutral, PublicKeyToken=b03f5f7f11d50a3a" className="Inflexion2.Testing.EntityTransientTest, Inflexion2.Framework.Testing, Version=1.0.0.0, Culture=neutral, PublicKeyToken=aa5767c617d84bc0" name="IntEntityEqualsWithSameTransientEntitieReturnTrue" />
    </UnitTest>
    <UnitTest name="EqualsWithEqualsValueObjectsReturnTrue" storage="e:\idev\pre\inflexion2\00-assemblies\debug\inflexion2.framework.testing.dll" id="be2066fd-b436-06cd-97b4-c7078e10e0f4">
      <Execution id="287498e4-b872-4ce1-8ab8-d96a8b260c86" />
      <TestMethod codeBase="E:/IDev/Pre/Inflexion2/00-Assemblies/Debug/Inflexion2.Framework.Testing.DLL" adapterTypeName="Microsoft.VisualStudio.TestTools.TestTypes.Unit.UnitTestAdapter, Microsoft.VisualStudio.QualityTools.Tips.UnitTest.Adapter, Version=10.0.0.0, Culture=neutral, PublicKeyToken=b03f5f7f11d50a3a" className="Inflexion2.Testing.EqualityValueObject, Inflexion2.Framework.Testing, Version=1.0.0.0, Culture=neutral, PublicKeyToken=aa5767c617d84bc0" name="EqualsWithEqualsValueObjectsReturnTrue" />
    </UnitTest>
    <UnitTest name="IntEntityEqualsWithTwoSetedIdDifferentEntitiesTypeReturnFalse" storage="e:\idev\pre\inflexion2\00-assemblies\debug\inflexion2.framework.testing.dll" id="894519f8-9501-4713-6a4e-b58cdbc44ab0">
      <Execution id="4c3431a0-8ce4-4d3f-a98c-691a85d74c21" />
      <TestMethod codeBase="E:/IDev/Pre/Inflexion2/00-Assemblies/Debug/Inflexion2.Framework.Testing.DLL" adapterTypeName="Microsoft.VisualStudio.TestTools.TestTypes.Unit.UnitTestAdapter, Microsoft.VisualStudio.QualityTools.Tips.UnitTest.Adapter, Version=10.0.0.0, Culture=neutral, PublicKeyToken=b03f5f7f11d50a3a" className="Inflexion2.Testing.IntEntityTransientTest, Inflexion2.Framework.Testing, Version=1.0.0.0, Culture=neutral, PublicKeyToken=aa5767c617d84bc0" name="IntEntityEqualsWithTwoSetedIdDifferentEntitiesTypeReturnFalse" />
    </UnitTest>
    <UnitTest name="EqualsWithTwoTransientEntitiesReturnFalse" storage="e:\idev\pre\inflexion2\00-assemblies\debug\inflexion2.framework.testing.dll" id="a5143e69-78bd-03a5-f82d-50e4014f386a">
      <Execution id="04e77176-de10-439a-87b4-8accf961d443" />
      <TestMethod codeBase="E:/IDev/Pre/Inflexion2/00-Assemblies/Debug/Inflexion2.Framework.Testing.DLL" adapterTypeName="Microsoft.VisualStudio.TestTools.TestTypes.Unit.UnitTestAdapter, Microsoft.VisualStudio.QualityTools.Tips.UnitTest.Adapter, Version=10.0.0.0, Culture=neutral, PublicKeyToken=b03f5f7f11d50a3a" className="Inflexion2.Testing.AuditableEntityTransientTest, Inflexion2.Framework.Testing, Version=1.0.0.0, Culture=neutral, PublicKeyToken=aa5767c617d84bc0" name="EqualsWithTwoTransientEntitiesReturnFalse" />
    </UnitTest>
    <UnitTest name="ValidatableEntityGuidEqualsWithTwoNullsEntitiesDifferentTypeReturnFalse" storage="e:\idev\pre\inflexion2\00-assemblies\debug\inflexion2.framework.testing.dll" id="861bbbdf-9e17-619d-89af-8b7fa4a205e7">
      <Execution id="68c3bba3-d6e8-4c7a-9641-f389a0fd4ec8" />
      <TestMethod codeBase="E:/IDev/Pre/Inflexion2/00-Assemblies/Debug/Inflexion2.Framework.Testing.DLL" adapterTypeName="Microsoft.VisualStudio.TestTools.TestTypes.Unit.UnitTestAdapter, Microsoft.VisualStudio.QualityTools.Tips.UnitTest.Adapter, Version=10.0.0.0, Culture=neutral, PublicKeyToken=b03f5f7f11d50a3a" className="Inflexion2.Testing.ValidatableEntityTransientTest, Inflexion2.Framework.Testing, Version=1.0.0.0, Culture=neutral, PublicKeyToken=aa5767c617d84bc0" name="ValidatableEntityGuidEqualsWithTwoNullsEntitiesDifferentTypeReturnFalse" />
    </UnitTest>
    <UnitTest name="ValidatableEntityGuidEqualsWithSameTransientEntitieReturnTrue" storage="e:\idev\pre\inflexion2\00-assemblies\debug\inflexion2.framework.testing.dll" id="22a8b0cb-7a33-d352-b784-a1f8be065fd9">
      <Execution id="178687c6-9f97-496b-b150-432fbd7a7294" />
      <TestMethod codeBase="E:/IDev/Pre/Inflexion2/00-Assemblies/Debug/Inflexion2.Framework.Testing.DLL" adapterTypeName="Microsoft.VisualStudio.TestTools.TestTypes.Unit.UnitTestAdapter, Microsoft.VisualStudio.QualityTools.Tips.UnitTest.Adapter, Version=10.0.0.0, Culture=neutral, PublicKeyToken=b03f5f7f11d50a3a" className="Inflexion2.Testing.ValidatableEntityTransientTest, Inflexion2.Framework.Testing, Version=1.0.0.0, Culture=neutral, PublicKeyToken=aa5767c617d84bc0" name="ValidatableEntityGuidEqualsWithSameTransientEntitieReturnTrue" />
    </UnitTest>
    <UnitTest name="ValidatableEntityGuidEqualsWithTwoTransientEntitiesReturnFalse" storage="e:\idev\pre\inflexion2\00-assemblies\debug\inflexion2.framework.testing.dll" id="39038477-ba46-aac5-eb4c-721235e0936b">
      <Execution id="1d7f397b-0bbb-445f-9db5-6216caaed58f" />
      <TestMethod codeBase="E:/IDev/Pre/Inflexion2/00-Assemblies/Debug/Inflexion2.Framework.Testing.DLL" adapterTypeName="Microsoft.VisualStudio.TestTools.TestTypes.Unit.UnitTestAdapter, Microsoft.VisualStudio.QualityTools.Tips.UnitTest.Adapter, Version=10.0.0.0, Culture=neutral, PublicKeyToken=b03f5f7f11d50a3a" className="Inflexion2.Testing.ValidatableEntityTransientTest, Inflexion2.Framework.Testing, Version=1.0.0.0, Culture=neutral, PublicKeyToken=aa5767c617d84bc0" name="ValidatableEntityGuidEqualsWithTwoTransientEntitiesReturnFalse" />
    </UnitTest>
    <UnitTest name="IntEntityEqualsWithTwoTransientEntitiesReturnFalse" storage="e:\idev\pre\inflexion2\00-assemblies\debug\inflexion2.framework.testing.dll" id="ef418061-d4c4-2027-28ba-907376548f88">
      <Execution id="c78b72bc-1678-43f2-832a-7a8c25d95f86" />
      <TestMethod codeBase="E:/IDev/Pre/Inflexion2/00-Assemblies/Debug/Inflexion2.Framework.Testing.DLL" adapterTypeName="Microsoft.VisualStudio.TestTools.TestTypes.Unit.UnitTestAdapter, Microsoft.VisualStudio.QualityTools.Tips.UnitTest.Adapter, Version=10.0.0.0, Culture=neutral, PublicKeyToken=b03f5f7f11d50a3a" className="Inflexion2.Testing.EntityTransientTest, Inflexion2.Framework.Testing, Version=1.0.0.0, Culture=neutral, PublicKeyToken=aa5767c617d84bc0" name="IntEntityEqualsWithTwoTransientEntitiesReturnFalse" />
    </UnitTest>
    <UnitTest name="EqualsWithOneNullEntityReturnFalse" storage="e:\idev\pre\inflexion2\00-assemblies\debug\inflexion2.framework.testing.dll" id="375ff3a2-2357-6f85-11f0-4fdbcfbe878c">
      <Execution id="2ff86a2f-d880-4199-9639-d21f21fcc277" />
      <TestMethod codeBase="E:/IDev/Pre/Inflexion2/00-Assemblies/Debug/Inflexion2.Framework.Testing.DLL" adapterTypeName="Microsoft.VisualStudio.TestTools.TestTypes.Unit.UnitTestAdapter, Microsoft.VisualStudio.QualityTools.Tips.UnitTest.Adapter, Version=10.0.0.0, Culture=neutral, PublicKeyToken=b03f5f7f11d50a3a" className="Inflexion2.Testing.AuditableEntityTransientTest, Inflexion2.Framework.Testing, Version=1.0.0.0, Culture=neutral, PublicKeyToken=aa5767c617d84bc0" name="EqualsWithOneNullEntityReturnFalse" />
    </UnitTest>
    <UnitTest name="IntEntityEqualsWithTwoNullsEntitiesSameTypeReturnTrue" storage="e:\idev\pre\inflexion2\00-assemblies\debug\inflexion2.framework.testing.dll" id="1bdcb6c4-49ec-3cfb-4e22-c65e484a2116">
      <Execution id="c4efe77b-65f9-4d52-8ac9-0ec12a5a4711" />
      <TestMethod codeBase="E:/IDev/Pre/Inflexion2/00-Assemblies/Debug/Inflexion2.Framework.Testing.DLL" adapterTypeName="Microsoft.VisualStudio.TestTools.TestTypes.Unit.UnitTestAdapter, Microsoft.VisualStudio.QualityTools.Tips.UnitTest.Adapter, Version=10.0.0.0, Culture=neutral, PublicKeyToken=b03f5f7f11d50a3a" className="Inflexion2.Testing.IntEntityTransientTest, Inflexion2.Framework.Testing, Version=1.0.0.0, Culture=neutral, PublicKeyToken=aa5767c617d84bc0" name="IntEntityEqualsWithTwoNullsEntitiesSameTypeReturnTrue" />
    </UnitTest>
    <UnitTest name="EqualsWithNestedDifferentValueObjectReturnFalse" storage="e:\idev\pre\inflexion2\00-assemblies\debug\inflexion2.framework.testing.dll" id="8ce58482-7d3e-3e19-80e5-4b965e8f5059">
      <Execution id="e496c033-4188-4c3f-9129-abb4f08e8b05" />
      <TestMethod codeBase="E:/IDev/Pre/Inflexion2/00-Assemblies/Debug/Inflexion2.Framework.Testing.DLL" adapterTypeName="Microsoft.VisualStudio.TestTools.TestTypes.Unit.UnitTestAdapter, Microsoft.VisualStudio.QualityTools.Tips.UnitTest.Adapter, Version=10.0.0.0, Culture=neutral, PublicKeyToken=b03f5f7f11d50a3a" className="Inflexion2.Testing.EqualityValueObject, Inflexion2.Framework.Testing, Version=1.0.0.0, Culture=neutral, PublicKeyToken=aa5767c617d84bc0" name="EqualsWithNestedDifferentValueObjectReturnFalse" />
    </UnitTest>
    <UnitTest name="EqualsWithEmptyValueObjectsReturnTrue" storage="e:\idev\pre\inflexion2\00-assemblies\debug\inflexion2.framework.testing.dll" id="c4b00738-bd81-d4dd-934a-1f8ce1e5a004">
      <Execution id="b134ffba-71e4-412d-ad5b-ade3242bbfcf" />
      <TestMethod codeBase="E:/IDev/Pre/Inflexion2/00-Assemblies/Debug/Inflexion2.Framework.Testing.DLL" adapterTypeName="Microsoft.VisualStudio.TestTools.TestTypes.Unit.UnitTestAdapter, Microsoft.VisualStudio.QualityTools.Tips.UnitTest.Adapter, Version=10.0.0.0, Culture=neutral, PublicKeyToken=b03f5f7f11d50a3a" className="Inflexion2.Testing.EqualityValueObject, Inflexion2.Framework.Testing, Version=1.0.0.0, Culture=neutral, PublicKeyToken=aa5767c617d84bc0" name="EqualsWithEmptyValueObjectsReturnTrue" />
    </UnitTest>
    <UnitTest name="StringEqualsWithTwoNullsEntitiesSameTypeReturnTrue" storage="e:\idev\pre\inflexion2\00-assemblies\debug\inflexion2.framework.testing.dll" id="4ccbac64-6d99-8651-0e4e-7a94ce86ca89">
      <Execution id="d3105de0-4f31-4278-9bf6-a0d5ff65bbf4" />
      <TestMethod codeBase="E:/IDev/Pre/Inflexion2/00-Assemblies/Debug/Inflexion2.Framework.Testing.DLL" adapterTypeName="Microsoft.VisualStudio.TestTools.TestTypes.Unit.UnitTestAdapter, Microsoft.VisualStudio.QualityTools.Tips.UnitTest.Adapter, Version=10.0.0.0, Culture=neutral, PublicKeyToken=b03f5f7f11d50a3a" className="Inflexion2.Testing.StringEntityTransientTest, Inflexion2.Framework.Testing, Version=1.0.0.0, Culture=neutral, PublicKeyToken=aa5767c617d84bc0" name="StringEqualsWithTwoNullsEntitiesSameTypeReturnTrue" />
    </UnitTest>
    <UnitTest name="EqualsWithTwoNullsEntitiesSameTypeReturnTrue" storage="e:\idev\pre\inflexion2\00-assemblies\debug\inflexion2.framework.testing.dll" id="17042057-7aeb-7c30-7303-5d1a8e9e0592">
      <Execution id="62fb709b-18a1-459a-88b2-600e7afdb728" />
      <TestMethod codeBase="E:/IDev/Pre/Inflexion2/00-Assemblies/Debug/Inflexion2.Framework.Testing.DLL" adapterTypeName="Microsoft.VisualStudio.TestTools.TestTypes.Unit.UnitTestAdapter, Microsoft.VisualStudio.QualityTools.Tips.UnitTest.Adapter, Version=10.0.0.0, Culture=neutral, PublicKeyToken=b03f5f7f11d50a3a" className="Inflexion2.Testing.AuditableEntityTransientTest, Inflexion2.Framework.Testing, Version=1.0.0.0, Culture=neutral, PublicKeyToken=aa5767c617d84bc0" name="EqualsWithTwoNullsEntitiesSameTypeReturnTrue" />
    </UnitTest>
    <UnitTest name="IntEntityEqualsWithTwoSetedSameIdSameEntitiesTypeReturnTrue" storage="e:\idev\pre\inflexion2\00-assemblies\debug\inflexion2.framework.testing.dll" id="d41c1e27-6b39-94e3-749b-182cbe402f7f">
      <Execution id="464f4def-2e9d-4e80-b21d-88257d494533" />
      <TestMethod codeBase="E:/IDev/Pre/Inflexion2/00-Assemblies/Debug/Inflexion2.Framework.Testing.DLL" adapterTypeName="Microsoft.VisualStudio.TestTools.TestTypes.Unit.UnitTestAdapter, Microsoft.VisualStudio.QualityTools.Tips.UnitTest.Adapter, Version=10.0.0.0, Culture=neutral, PublicKeyToken=b03f5f7f11d50a3a" className="Inflexion2.Testing.EntityTransientTest, Inflexion2.Framework.Testing, Version=1.0.0.0, Culture=neutral, PublicKeyToken=aa5767c617d84bc0" name="IntEntityEqualsWithTwoSetedSameIdSameEntitiesTypeReturnTrue" />
    </UnitTest>
    <UnitTest name="StringEqualsWithTwoTransientEntitiesReturnFalse" storage="e:\idev\pre\inflexion2\00-assemblies\debug\inflexion2.framework.testing.dll" id="4d2dabf7-6001-0f95-8269-92c41508bd3d">
      <Execution id="8431ff91-8214-4e80-8082-aaff9d1d703e" />
      <TestMethod codeBase="E:/IDev/Pre/Inflexion2/00-Assemblies/Debug/Inflexion2.Framework.Testing.DLL" adapterTypeName="Microsoft.VisualStudio.TestTools.TestTypes.Unit.UnitTestAdapter, Microsoft.VisualStudio.QualityTools.Tips.UnitTest.Adapter, Version=10.0.0.0, Culture=neutral, PublicKeyToken=b03f5f7f11d50a3a" className="Inflexion2.Testing.StringEntityTransientTest, Inflexion2.Framework.Testing, Version=1.0.0.0, Culture=neutral, PublicKeyToken=aa5767c617d84bc0" name="StringEqualsWithTwoTransientEntitiesReturnFalse" />
    </UnitTest>
    <UnitTest name="EqualsWithSameTransientEntitieReturnTrue" storage="e:\idev\pre\inflexion2\00-assemblies\debug\inflexion2.framework.testing.dll" id="274f79cb-044b-0e7e-9f9e-4afbcabf33e2">
      <Execution id="93a0558a-5e88-437d-a4c0-a18178d19ca3" />
      <TestMethod codeBase="E:/IDev/Pre/Inflexion2/00-Assemblies/Debug/Inflexion2.Framework.Testing.DLL" adapterTypeName="Microsoft.VisualStudio.TestTools.TestTypes.Unit.UnitTestAdapter, Microsoft.VisualStudio.QualityTools.Tips.UnitTest.Adapter, Version=10.0.0.0, Culture=neutral, PublicKeyToken=b03f5f7f11d50a3a" className="Inflexion2.Testing.AuditableEntityTransientTest, Inflexion2.Framework.Testing, Version=1.0.0.0, Culture=neutral, PublicKeyToken=aa5767c617d84bc0" name="EqualsWithSameTransientEntitieReturnTrue" />
    </UnitTest>
    <UnitTest name="IntEntityTransientNewEntitieReturnTrue" storage="e:\idev\pre\inflexion2\00-assemblies\debug\inflexion2.framework.testing.dll" id="cf73ad5c-bdd1-7dfc-d924-ad996d77b595">
      <Execution id="1a5b897c-30f2-40d5-9663-6507253570e5" />
      <TestMethod codeBase="E:/IDev/Pre/Inflexion2/00-Assemblies/Debug/Inflexion2.Framework.Testing.DLL" adapterTypeName="Microsoft.VisualStudio.TestTools.TestTypes.Unit.UnitTestAdapter, Microsoft.VisualStudio.QualityTools.Tips.UnitTest.Adapter, Version=10.0.0.0, Culture=neutral, PublicKeyToken=b03f5f7f11d50a3a" className="Inflexion2.Testing.AuditableEntityTransientTest, Inflexion2.Framework.Testing, Version=1.0.0.0, Culture=neutral, PublicKeyToken=aa5767c617d84bc0" name="IntEntityTransientNewEntitieReturnTrue" />
    </UnitTest>
    <UnitTest name="IntEntityEqualsWithTwoNullsEntitiesSameTypeReturnTrue" storage="e:\idev\pre\inflexion2\00-assemblies\debug\inflexion2.framework.testing.dll" id="d72373c0-a703-cca6-215c-a78aa85313eb">
      <Execution id="22e57e01-9b98-4ca9-849d-aa973a23c7dc" />
      <TestMethod codeBase="E:/IDev/Pre/Inflexion2/00-Assemblies/Debug/Inflexion2.Framework.Testing.DLL" adapterTypeName="Microsoft.VisualStudio.TestTools.TestTypes.Unit.UnitTestAdapter, Microsoft.VisualStudio.QualityTools.Tips.UnitTest.Adapter, Version=10.0.0.0, Culture=neutral, PublicKeyToken=b03f5f7f11d50a3a" className="Inflexion2.Testing.EntityTransientTest, Inflexion2.Framework.Testing, Version=1.0.0.0, Culture=neutral, PublicKeyToken=aa5767c617d84bc0" name="IntEntityEqualsWithTwoNullsEntitiesSameTypeReturnTrue" />
    </UnitTest>
    <UnitTest name="IntEntityEqualsWithTwoTransientEntitiesReturnFalse" storage="e:\idev\pre\inflexion2\00-assemblies\debug\inflexion2.framework.testing.dll" id="87242a29-3fd9-012d-ce10-c41ae5a4acc4">
      <Execution id="cbb79ae2-6888-430c-bb51-8cd94983e2b1" />
      <TestMethod codeBase="E:/IDev/Pre/Inflexion2/00-Assemblies/Debug/Inflexion2.Framework.Testing.DLL" adapterTypeName="Microsoft.VisualStudio.TestTools.TestTypes.Unit.UnitTestAdapter, Microsoft.VisualStudio.QualityTools.Tips.UnitTest.Adapter, Version=10.0.0.0, Culture=neutral, PublicKeyToken=b03f5f7f11d50a3a" className="Inflexion2.Testing.IntEntityTransientTest, Inflexion2.Framework.Testing, Version=1.0.0.0, Culture=neutral, PublicKeyToken=aa5767c617d84bc0" name="IntEntityEqualsWithTwoTransientEntitiesReturnFalse" />
    </UnitTest>
    <UnitTest name="GuidEntityEqualsWithTwoNullsEntitiesSameTypeReturnTrue" storage="e:\idev\pre\inflexion2\00-assemblies\debug\inflexion2.framework.testing.dll" id="b6e2ea1d-beee-09a0-2102-a1602abebdcc">
      <Execution id="3baddb7a-2303-41ae-9281-6ffc14810a96" />
      <TestMethod codeBase="E:/IDev/Pre/Inflexion2/00-Assemblies/Debug/Inflexion2.Framework.Testing.DLL" adapterTypeName="Microsoft.VisualStudio.TestTools.TestTypes.Unit.UnitTestAdapter, Microsoft.VisualStudio.QualityTools.Tips.UnitTest.Adapter, Version=10.0.0.0, Culture=neutral, PublicKeyToken=b03f5f7f11d50a3a" className="Inflexion2.Testing.GuidEntityTransientTest, Inflexion2.Framework.Testing, Version=1.0.0.0, Culture=neutral, PublicKeyToken=aa5767c617d84bc0" name="GuidEntityEqualsWithTwoNullsEntitiesSameTypeReturnTrue" />
    </UnitTest>
    <UnitTest name="GuidEntityEqualsWithTwoNullsEntitiesDifferentTypeReturnFalse" storage="e:\idev\pre\inflexion2\00-assemblies\debug\inflexion2.framework.testing.dll" id="a5173249-e457-2bae-6188-e07755a468f1">
      <Execution id="1c74bd3c-c7cd-4ab2-b09f-ada32e9449c1" />
      <TestMethod codeBase="E:/IDev/Pre/Inflexion2/00-Assemblies/Debug/Inflexion2.Framework.Testing.DLL" adapterTypeName="Microsoft.VisualStudio.TestTools.TestTypes.Unit.UnitTestAdapter, Microsoft.VisualStudio.QualityTools.Tips.UnitTest.Adapter, Version=10.0.0.0, Culture=neutral, PublicKeyToken=b03f5f7f11d50a3a" className="Inflexion2.Testing.GuidEntityTransientTest, Inflexion2.Framework.Testing, Version=1.0.0.0, Culture=neutral, PublicKeyToken=aa5767c617d84bc0" name="GuidEntityEqualsWithTwoNullsEntitiesDifferentTypeReturnFalse" />
    </UnitTest>
    <UnitTest name="IntEntityEqualsWithOneNullEntityReturnFalse" storage="e:\idev\pre\inflexion2\00-assemblies\debug\inflexion2.framework.testing.dll" id="ab5febae-4b86-5540-aa00-427d834f1128">
      <Execution id="d74719dd-12b8-48d1-b597-88e8c2bd8fac" />
      <TestMethod codeBase="E:/IDev/Pre/Inflexion2/00-Assemblies/Debug/Inflexion2.Framework.Testing.DLL" adapterTypeName="Microsoft.VisualStudio.TestTools.TestTypes.Unit.UnitTestAdapter, Microsoft.VisualStudio.QualityTools.Tips.UnitTest.Adapter, Version=10.0.0.0, Culture=neutral, PublicKeyToken=b03f5f7f11d50a3a" className="Inflexion2.Testing.IntEntityTransientTest, Inflexion2.Framework.Testing, Version=1.0.0.0, Culture=neutral, PublicKeyToken=aa5767c617d84bc0" name="IntEntityEqualsWithOneNullEntityReturnFalse" />
    </UnitTest>
    <UnitTest name="GuidEntityEqualsWithSameTransientEntitieReturnTrue" storage="e:\idev\pre\inflexion2\00-assemblies\debug\inflexion2.framework.testing.dll" id="b202aa4d-65bf-bc8d-820d-b2b2651d5544">
      <Execution id="7fde7d90-cca5-4fab-938b-25202169c073" />
      <TestMethod codeBase="E:/IDev/Pre/Inflexion2/00-Assemblies/Debug/Inflexion2.Framework.Testing.DLL" adapterTypeName="Microsoft.VisualStudio.TestTools.TestTypes.Unit.UnitTestAdapter, Microsoft.VisualStudio.QualityTools.Tips.UnitTest.Adapter, Version=10.0.0.0, Culture=neutral, PublicKeyToken=b03f5f7f11d50a3a" className="Inflexion2.Testing.GuidEntityTransientTest, Inflexion2.Framework.Testing, Version=1.0.0.0, Culture=neutral, PublicKeyToken=aa5767c617d84bc0" name="GuidEntityEqualsWithSameTransientEntitieReturnTrue" />
    </UnitTest>
    <UnitTest name="EqualsWithOneDifferentPropertyReturnFalse" storage="e:\idev\pre\inflexion2\00-assemblies\debug\inflexion2.framework.testing.dll" id="f1db9089-b01e-e5ce-8721-8284d6363de2">
      <Execution id="b1505998-37f2-4b46-88cd-83c3ff6bc1b0" />
      <TestMethod codeBase="E:/IDev/Pre/Inflexion2/00-Assemblies/Debug/Inflexion2.Framework.Testing.DLL" adapterTypeName="Microsoft.VisualStudio.TestTools.TestTypes.Unit.UnitTestAdapter, Microsoft.VisualStudio.QualityTools.Tips.UnitTest.Adapter, Version=10.0.0.0, Culture=neutral, PublicKeyToken=b03f5f7f11d50a3a" className="Inflexion2.Testing.EqualityValueObject, Inflexion2.Framework.Testing, Version=1.0.0.0, Culture=neutral, PublicKeyToken=aa5767c617d84bc0" name="EqualsWithOneDifferentPropertyReturnFalse" />
    </UnitTest>
    <UnitTest name="ValidatableEntityGuidEqualsWithTwoNullsEntitiesSameTypeReturnTrue" storage="e:\idev\pre\inflexion2\00-assemblies\debug\inflexion2.framework.testing.dll" id="982f7fbb-ba3f-33fd-9fa4-3f5b26be6e74">
      <Execution id="841bd1cb-b1a0-4062-90ba-caedda990b6c" />
      <TestMethod codeBase="E:/IDev/Pre/Inflexion2/00-Assemblies/Debug/Inflexion2.Framework.Testing.DLL" adapterTypeName="Microsoft.VisualStudio.TestTools.TestTypes.Unit.UnitTestAdapter, Microsoft.VisualStudio.QualityTools.Tips.UnitTest.Adapter, Version=10.0.0.0, Culture=neutral, PublicKeyToken=b03f5f7f11d50a3a" className="Inflexion2.Testing.ValidatableEntityTransientTest, Inflexion2.Framework.Testing, Version=1.0.0.0, Culture=neutral, PublicKeyToken=aa5767c617d84bc0" name="ValidatableEntityGuidEqualsWithTwoNullsEntitiesSameTypeReturnTrue" />
    </UnitTest>
    <UnitTest name="IntEntityEqualsWithTwoSetedIdDifferentEntitiesTypeReturnFalse" storage="e:\idev\pre\inflexion2\00-assemblies\debug\inflexion2.framework.testing.dll" id="8cdf0b73-2a1d-fb4d-b0bf-87142530870b">
      <Execution id="5568da66-6368-49f5-89a2-2d04a7b202b9" />
      <TestMethod codeBase="E:/IDev/Pre/Inflexion2/00-Assemblies/Debug/Inflexion2.Framework.Testing.DLL" adapterTypeName="Microsoft.VisualStudio.TestTools.TestTypes.Unit.UnitTestAdapter, Microsoft.VisualStudio.QualityTools.Tips.UnitTest.Adapter, Version=10.0.0.0, Culture=neutral, PublicKeyToken=b03f5f7f11d50a3a" className="Inflexion2.Testing.EntityTransientTest, Inflexion2.Framework.Testing, Version=1.0.0.0, Culture=neutral, PublicKeyToken=aa5767c617d84bc0" name="IntEntityEqualsWithTwoSetedIdDifferentEntitiesTypeReturnFalse" />
    </UnitTest>
    <UnitTest name="StringEqualsWithOneNullEntityReturnFalse" storage="e:\idev\pre\inflexion2\00-assemblies\debug\inflexion2.framework.testing.dll" id="ea0a69ac-2bb3-b9d1-b8f7-0e625a29c014">
      <Execution id="9ea76287-cfe4-4c5b-9ca5-cff92929ee5e" />
      <TestMethod codeBase="E:/IDev/Pre/Inflexion2/00-Assemblies/Debug/Inflexion2.Framework.Testing.DLL" adapterTypeName="Microsoft.VisualStudio.TestTools.TestTypes.Unit.UnitTestAdapter, Microsoft.VisualStudio.QualityTools.Tips.UnitTest.Adapter, Version=10.0.0.0, Culture=neutral, PublicKeyToken=b03f5f7f11d50a3a" className="Inflexion2.Testing.StringEntityTransientTest, Inflexion2.Framework.Testing, Version=1.0.0.0, Culture=neutral, PublicKeyToken=aa5767c617d84bc0" name="StringEqualsWithOneNullEntityReturnFalse" />
    </UnitTest>
    <UnitTest name="IntEntityEqualsWithSameEntityReturnTrue" storage="e:\idev\pre\inflexion2\00-assemblies\debug\inflexion2.framework.testing.dll" id="2121912b-f77f-3ef3-ff35-d1ecd70b7034">
      <Execution id="d8f3263e-2344-4180-8880-89824570a457" />
      <TestMethod codeBase="E:/IDev/Pre/Inflexion2/00-Assemblies/Debug/Inflexion2.Framework.Testing.DLL" adapterTypeName="Microsoft.VisualStudio.TestTools.TestTypes.Unit.UnitTestAdapter, Microsoft.VisualStudio.QualityTools.Tips.UnitTest.Adapter, Version=10.0.0.0, Culture=neutral, PublicKeyToken=b03f5f7f11d50a3a" className="Inflexion2.Testing.IntEntityTransientTest, Inflexion2.Framework.Testing, Version=1.0.0.0, Culture=neutral, PublicKeyToken=aa5767c617d84bc0" name="IntEntityEqualsWithSameEntityReturnTrue" />
    </UnitTest>
    <UnitTest name="GuidEntityEqualsWithTwoTransientEntitiesReturnFalse" storage="e:\idev\pre\inflexion2\00-assemblies\debug\inflexion2.framework.testing.dll" id="66b79ba3-ccdf-a017-5e08-1702c7c38084">
      <Execution id="2857024c-f271-4fdb-ace1-6de204964b26" />
      <TestMethod codeBase="E:/IDev/Pre/Inflexion2/00-Assemblies/Debug/Inflexion2.Framework.Testing.DLL" adapterTypeName="Microsoft.VisualStudio.TestTools.TestTypes.Unit.UnitTestAdapter, Microsoft.VisualStudio.QualityTools.Tips.UnitTest.Adapter, Version=10.0.0.0, Culture=neutral, PublicKeyToken=b03f5f7f11d50a3a" className="Inflexion2.Testing.GuidEntityTransientTest, Inflexion2.Framework.Testing, Version=1.0.0.0, Culture=neutral, PublicKeyToken=aa5767c617d84bc0" name="GuidEntityEqualsWithTwoTransientEntitiesReturnFalse" />
    </UnitTest>
    <UnitTest name="IntEntityEqualsWithTwoSetedDifferentIdSameEntitiesTypeReturnFalse" storage="e:\idev\pre\inflexion2\00-assemblies\debug\inflexion2.framework.testing.dll" id="4c4642c9-c98c-8343-d168-c0f2b8c7b2e7">
      <Execution id="762f84ce-19da-4e20-b41b-7f5fb0b9e463" />
      <TestMethod codeBase="E:/IDev/Pre/Inflexion2/00-Assemblies/Debug/Inflexion2.Framework.Testing.DLL" adapterTypeName="Microsoft.VisualStudio.TestTools.TestTypes.Unit.UnitTestAdapter, Microsoft.VisualStudio.QualityTools.Tips.UnitTest.Adapter, Version=10.0.0.0, Culture=neutral, PublicKeyToken=b03f5f7f11d50a3a" className="Inflexion2.Testing.IntEntityTransientTest, Inflexion2.Framework.Testing, Version=1.0.0.0, Culture=neutral, PublicKeyToken=aa5767c617d84bc0" name="IntEntityEqualsWithTwoSetedDifferentIdSameEntitiesTypeReturnFalse" />
    </UnitTest>
    <UnitTest name="IntEntityEqualsWithOneNullEntityReturnFalse" storage="e:\idev\pre\inflexion2\00-assemblies\debug\inflexion2.framework.testing.dll" id="28cecd14-0281-33e2-220d-430cb0b76324">
      <Execution id="63c6e3dc-8329-4f31-a06a-ca6f203d67f7" />
      <TestMethod codeBase="E:/IDev/Pre/Inflexion2/00-Assemblies/Debug/Inflexion2.Framework.Testing.DLL" adapterTypeName="Microsoft.VisualStudio.TestTools.TestTypes.Unit.UnitTestAdapter, Microsoft.VisualStudio.QualityTools.Tips.UnitTest.Adapter, Version=10.0.0.0, Culture=neutral, PublicKeyToken=b03f5f7f11d50a3a" className="Inflexion2.Testing.EntityTransientTest, Inflexion2.Framework.Testing, Version=1.0.0.0, Culture=neutral, PublicKeyToken=aa5767c617d84bc0" name="IntEntityEqualsWithOneNullEntityReturnFalse" />
    </UnitTest>
    <UnitTest name="EqualsWithTwoNullsValueObjectsReturnTrue" storage="e:\idev\pre\inflexion2\00-assemblies\debug\inflexion2.framework.testing.dll" id="ed5ca231-a40d-1e94-d8cf-62620be065b2">
      <Execution id="a11c02dd-6385-4dca-a88b-7706c043bd69" />
      <TestMethod codeBase="E:/IDev/Pre/Inflexion2/00-Assemblies/Debug/Inflexion2.Framework.Testing.DLL" adapterTypeName="Microsoft.VisualStudio.TestTools.TestTypes.Unit.UnitTestAdapter, Microsoft.VisualStudio.QualityTools.Tips.UnitTest.Adapter, Version=10.0.0.0, Culture=neutral, PublicKeyToken=b03f5f7f11d50a3a" className="Inflexion2.Testing.EqualityValueObject, Inflexion2.Framework.Testing, Version=1.0.0.0, Culture=neutral, PublicKeyToken=aa5767c617d84bc0" name="EqualsWithTwoNullsValueObjectsReturnTrue" />
    </UnitTest>
    <UnitTest name="IntEntityTransientNewEntitieReturnTrue" storage="e:\idev\pre\inflexion2\00-assemblies\debug\inflexion2.framework.testing.dll" id="5e48c4a4-9c69-9469-0648-a457e4f881b1">
      <Execution id="b27a47bf-932e-4858-8804-d6af4debb8f3" />
      <TestMethod codeBase="E:/IDev/Pre/Inflexion2/00-Assemblies/Debug/Inflexion2.Framework.Testing.DLL" adapterTypeName="Microsoft.VisualStudio.TestTools.TestTypes.Unit.UnitTestAdapter, Microsoft.VisualStudio.QualityTools.Tips.UnitTest.Adapter, Version=10.0.0.0, Culture=neutral, PublicKeyToken=b03f5f7f11d50a3a" className="Inflexion2.Testing.IntEntityTransientTest, Inflexion2.Framework.Testing, Version=1.0.0.0, Culture=neutral, PublicKeyToken=aa5767c617d84bc0" name="IntEntityTransientNewEntitieReturnTrue" />
    </UnitTest>
    <UnitTest name="EqualsWithOneNullValueObjectReturnFalse" storage="e:\idev\pre\inflexion2\00-assemblies\debug\inflexion2.framework.testing.dll" id="9d14cf3b-400a-419e-62e5-56cdb51cd8d7">
      <Execution id="7153035f-8c02-443d-8bd8-623406adda16" />
      <TestMethod codeBase="E:/IDev/Pre/Inflexion2/00-Assemblies/Debug/Inflexion2.Framework.Testing.DLL" adapterTypeName="Microsoft.VisualStudio.TestTools.TestTypes.Unit.UnitTestAdapter, Microsoft.VisualStudio.QualityTools.Tips.UnitTest.Adapter, Version=10.0.0.0, Culture=neutral, PublicKeyToken=b03f5f7f11d50a3a" className="Inflexion2.Testing.EqualityValueObject, Inflexion2.Framework.Testing, Version=1.0.0.0, Culture=neutral, PublicKeyToken=aa5767c617d84bc0" name="EqualsWithOneNullValueObjectReturnFalse" />
    </UnitTest>
    <UnitTest name="IntEntityTransientNewEntitieReturnTrue" storage="e:\idev\pre\inflexion2\00-assemblies\debug\inflexion2.framework.testing.dll" id="ecb2ec12-6d55-4737-3f23-78b2cd9e5a1c">
      <Execution id="f1471de4-23d9-494a-9c51-f05c36356bf9" />
      <TestMethod codeBase="E:/IDev/Pre/Inflexion2/00-Assemblies/Debug/Inflexion2.Framework.Testing.DLL" adapterTypeName="Microsoft.VisualStudio.TestTools.TestTypes.Unit.UnitTestAdapter, Microsoft.VisualStudio.QualityTools.Tips.UnitTest.Adapter, Version=10.0.0.0, Culture=neutral, PublicKeyToken=b03f5f7f11d50a3a" className="Inflexion2.Testing.EntityTransientTest, Inflexion2.Framework.Testing, Version=1.0.0.0, Culture=neutral, PublicKeyToken=aa5767c617d84bc0" name="IntEntityTransientNewEntitieReturnTrue" />
    </UnitTest>
  </TestDefinitions>
  <TestLists>
    <TestList name="Results Not in a List" id="8c84fa94-04c1-424b-9868-57a2d4851a1d" />
    <TestList name="All Loaded Results" id="19431567-8539-422a-85d7-44ee4e166bda" />
  </TestLists>
  <TestEntries>
    <TestEntry testId="5c01ed2f-cfa6-faf5-80ee-7526386e5bcb" executionId="06db5991-90f8-4387-b330-db5699e38faa" testListId="8c84fa94-04c1-424b-9868-57a2d4851a1d" />
    <TestEntry testId="55745a3e-cb76-ce47-5e1c-cb4863c8cc88" executionId="c132a104-75ef-4a7f-b2a2-706ad6dc91c5" testListId="8c84fa94-04c1-424b-9868-57a2d4851a1d" />
    <TestEntry testId="ab5febae-4b86-5540-aa00-427d834f1128" executionId="d74719dd-12b8-48d1-b597-88e8c2bd8fac" testListId="8c84fa94-04c1-424b-9868-57a2d4851a1d" />
    <TestEntry testId="b53f3b4e-80dd-ada9-22f9-683ce813b819" executionId="4eb29bd6-394c-4b33-ad7f-989686d1dd5c" testListId="8c84fa94-04c1-424b-9868-57a2d4851a1d" />
    <TestEntry testId="22a8b0cb-7a33-d352-b784-a1f8be065fd9" executionId="178687c6-9f97-496b-b150-432fbd7a7294" testListId="8c84fa94-04c1-424b-9868-57a2d4851a1d" />
    <TestEntry testId="be2066fd-b436-06cd-97b4-c7078e10e0f4" executionId="287498e4-b872-4ce1-8ab8-d96a8b260c86" testListId="8c84fa94-04c1-424b-9868-57a2d4851a1d" />
    <TestEntry testId="375ff3a2-2357-6f85-11f0-4fdbcfbe878c" executionId="2ff86a2f-d880-4199-9639-d21f21fcc277" testListId="8c84fa94-04c1-424b-9868-57a2d4851a1d" />
    <TestEntry testId="8ce58482-7d3e-3e19-80e5-4b965e8f5059" executionId="e496c033-4188-4c3f-9129-abb4f08e8b05" testListId="8c84fa94-04c1-424b-9868-57a2d4851a1d" />
    <TestEntry testId="ed5ca231-a40d-1e94-d8cf-62620be065b2" executionId="a11c02dd-6385-4dca-a88b-7706c043bd69" testListId="8c84fa94-04c1-424b-9868-57a2d4851a1d" />
    <TestEntry testId="274f79cb-044b-0e7e-9f9e-4afbcabf33e2" executionId="93a0558a-5e88-437d-a4c0-a18178d19ca3" testListId="8c84fa94-04c1-424b-9868-57a2d4851a1d" />
    <TestEntry testId="cf73ad5c-bdd1-7dfc-d924-ad996d77b595" executionId="1a5b897c-30f2-40d5-9663-6507253570e5" testListId="8c84fa94-04c1-424b-9868-57a2d4851a1d" />
    <TestEntry testId="39038477-ba46-aac5-eb4c-721235e0936b" executionId="1d7f397b-0bbb-445f-9db5-6216caaed58f" testListId="8c84fa94-04c1-424b-9868-57a2d4851a1d" />
    <TestEntry testId="2121912b-f77f-3ef3-ff35-d1ecd70b7034" executionId="d8f3263e-2344-4180-8880-89824570a457" testListId="8c84fa94-04c1-424b-9868-57a2d4851a1d" />
    <TestEntry testId="d41c1e27-6b39-94e3-749b-182cbe402f7f" executionId="464f4def-2e9d-4e80-b21d-88257d494533" testListId="8c84fa94-04c1-424b-9868-57a2d4851a1d" />
    <TestEntry testId="d72373c0-a703-cca6-215c-a78aa85313eb" executionId="22e57e01-9b98-4ca9-849d-aa973a23c7dc" testListId="8c84fa94-04c1-424b-9868-57a2d4851a1d" />
    <TestEntry testId="982f7fbb-ba3f-33fd-9fa4-3f5b26be6e74" executionId="841bd1cb-b1a0-4062-90ba-caedda990b6c" testListId="8c84fa94-04c1-424b-9868-57a2d4851a1d" />
    <TestEntry testId="f1db9089-b01e-e5ce-8721-8284d6363de2" executionId="b1505998-37f2-4b46-88cd-83c3ff6bc1b0" testListId="8c84fa94-04c1-424b-9868-57a2d4851a1d" />
    <TestEntry testId="df70d1db-0b89-8d5b-f3c3-11fdd92fed5b" executionId="49f4713f-71e8-4dc3-a50f-546a58511746" testListId="8c84fa94-04c1-424b-9868-57a2d4851a1d" />
    <TestEntry testId="a5143e69-78bd-03a5-f82d-50e4014f386a" executionId="04e77176-de10-439a-87b4-8accf961d443" testListId="8c84fa94-04c1-424b-9868-57a2d4851a1d" />
    <TestEntry testId="1bdcb6c4-49ec-3cfb-4e22-c65e484a2116" executionId="c4efe77b-65f9-4d52-8ac9-0ec12a5a4711" testListId="8c84fa94-04c1-424b-9868-57a2d4851a1d" />
    <TestEntry testId="cfcea3e5-0964-8d2b-bd64-154d5273ea8f" executionId="18ac76ec-195f-4554-a89e-ac34def9a7b1" testListId="8c84fa94-04c1-424b-9868-57a2d4851a1d" />
    <TestEntry testId="ebdf5570-fee7-71a9-954c-39a44616bfc0" executionId="202ccc05-73ab-431d-8c8d-659b7abba102" testListId="8c84fa94-04c1-424b-9868-57a2d4851a1d" />
    <TestEntry testId="4c4642c9-c98c-8343-d168-c0f2b8c7b2e7" executionId="762f84ce-19da-4e20-b41b-7f5fb0b9e463" testListId="8c84fa94-04c1-424b-9868-57a2d4851a1d" />
    <TestEntry testId="87242a29-3fd9-012d-ce10-c41ae5a4acc4" executionId="cbb79ae2-6888-430c-bb51-8cd94983e2b1" testListId="8c84fa94-04c1-424b-9868-57a2d4851a1d" />
    <TestEntry testId="b6e2ea1d-beee-09a0-2102-a1602abebdcc" executionId="3baddb7a-2303-41ae-9281-6ffc14810a96" testListId="8c84fa94-04c1-424b-9868-57a2d4851a1d" />
    <TestEntry testId="8cdf0b73-2a1d-fb4d-b0bf-87142530870b" executionId="5568da66-6368-49f5-89a2-2d04a7b202b9" testListId="8c84fa94-04c1-424b-9868-57a2d4851a1d" />
    <TestEntry testId="afa4d5fe-5adf-b232-4499-e60da535e51b" executionId="a313082b-1ebe-47a6-834d-56905579338d" testListId="8c84fa94-04c1-424b-9868-57a2d4851a1d" />
    <TestEntry testId="ecb2ec12-6d55-4737-3f23-78b2cd9e5a1c" executionId="f1471de4-23d9-494a-9c51-f05c36356bf9" testListId="8c84fa94-04c1-424b-9868-57a2d4851a1d" />
    <TestEntry testId="17042057-7aeb-7c30-7303-5d1a8e9e0592" executionId="62fb709b-18a1-459a-88b2-600e7afdb728" testListId="8c84fa94-04c1-424b-9868-57a2d4851a1d" />
    <TestEntry testId="4ccbac64-6d99-8651-0e4e-7a94ce86ca89" executionId="d3105de0-4f31-4278-9bf6-a0d5ff65bbf4" testListId="8c84fa94-04c1-424b-9868-57a2d4851a1d" />
    <TestEntry testId="6d00cb18-6da1-8f1c-bc52-1100717fe9e3" executionId="1d09d43a-0352-420d-85d9-ea95e1c9c5d1" testListId="8c84fa94-04c1-424b-9868-57a2d4851a1d" />
    <TestEntry testId="c4b00738-bd81-d4dd-934a-1f8ce1e5a004" executionId="b134ffba-71e4-412d-ad5b-ade3242bbfcf" testListId="8c84fa94-04c1-424b-9868-57a2d4851a1d" />
    <TestEntry testId="9d14cf3b-400a-419e-62e5-56cdb51cd8d7" executionId="7153035f-8c02-443d-8bd8-623406adda16" testListId="8c84fa94-04c1-424b-9868-57a2d4851a1d" />
    <TestEntry testId="4d2dabf7-6001-0f95-8269-92c41508bd3d" executionId="8431ff91-8214-4e80-8082-aaff9d1d703e" testListId="8c84fa94-04c1-424b-9868-57a2d4851a1d" />
    <TestEntry testId="894519f8-9501-4713-6a4e-b58cdbc44ab0" executionId="4c3431a0-8ce4-4d3f-a98c-691a85d74c21" testListId="8c84fa94-04c1-424b-9868-57a2d4851a1d" />
    <TestEntry testId="ef418061-d4c4-2027-28ba-907376548f88" executionId="c78b72bc-1678-43f2-832a-7a8c25d95f86" testListId="8c84fa94-04c1-424b-9868-57a2d4851a1d" />
    <TestEntry testId="5e48c4a4-9c69-9469-0648-a457e4f881b1" executionId="b27a47bf-932e-4858-8804-d6af4debb8f3" testListId="8c84fa94-04c1-424b-9868-57a2d4851a1d" />
    <TestEntry testId="a5173249-e457-2bae-6188-e07755a468f1" executionId="1c74bd3c-c7cd-4ab2-b09f-ada32e9449c1" testListId="8c84fa94-04c1-424b-9868-57a2d4851a1d" />
    <TestEntry testId="28cecd14-0281-33e2-220d-430cb0b76324" executionId="63c6e3dc-8329-4f31-a06a-ca6f203d67f7" testListId="8c84fa94-04c1-424b-9868-57a2d4851a1d" />
    <TestEntry testId="8e4820fb-b11f-6f11-e59d-db0467de1040" executionId="32aa3961-52b1-44b2-8e34-7cd87af3714b" testListId="8c84fa94-04c1-424b-9868-57a2d4851a1d" />
    <TestEntry testId="f8a0681f-01a9-96fe-d3cb-5a7507e6aa1a" executionId="cd52e6f8-95ee-4dbf-99b7-a92398494cb0" testListId="8c84fa94-04c1-424b-9868-57a2d4851a1d" />
    <TestEntry testId="c88e308d-c412-3989-03a6-4812dd297cad" executionId="d0fb6ded-9c9b-47bc-9d4b-94a41eff955c" testListId="8c84fa94-04c1-424b-9868-57a2d4851a1d" />
    <TestEntry testId="66b79ba3-ccdf-a017-5e08-1702c7c38084" executionId="2857024c-f271-4fdb-ace1-6de204964b26" testListId="8c84fa94-04c1-424b-9868-57a2d4851a1d" />
    <TestEntry testId="3dc9c38f-ffcf-b4ec-4950-2951ba76f7d8" executionId="88c109b7-f367-4585-ae4f-72bb5d1a4704" testListId="8c84fa94-04c1-424b-9868-57a2d4851a1d" />
    <TestEntry testId="b1a88be6-0573-6eb0-e0ba-a476ebddfcc3" executionId="290a5f7e-244f-44fc-93aa-81bb99db61d8" testListId="8c84fa94-04c1-424b-9868-57a2d4851a1d" />
    <TestEntry testId="ea0a69ac-2bb3-b9d1-b8f7-0e625a29c014" executionId="9ea76287-cfe4-4c5b-9ca5-cff92929ee5e" testListId="8c84fa94-04c1-424b-9868-57a2d4851a1d" />
    <TestEntry testId="b73c4168-36b3-829e-62df-12b0e1f8a7bd" executionId="c193e10a-84e2-4a20-89a4-7ca030ce4f60" testListId="8c84fa94-04c1-424b-9868-57a2d4851a1d" />
    <TestEntry testId="861bbbdf-9e17-619d-89af-8b7fa4a205e7" executionId="68c3bba3-d6e8-4c7a-9641-f389a0fd4ec8" testListId="8c84fa94-04c1-424b-9868-57a2d4851a1d" />
    <TestEntry testId="b202aa4d-65bf-bc8d-820d-b2b2651d5544" executionId="7fde7d90-cca5-4fab-938b-25202169c073" testListId="8c84fa94-04c1-424b-9868-57a2d4851a1d" />
  </TestEntries>
  <Results>
    <UnitTestResult executionId="06db5991-90f8-4387-b330-db5699e38faa" testId="5c01ed2f-cfa6-faf5-80ee-7526386e5bcb" testName="GuidEntityEqualsWithOneNullEntityReturnFalse" computerName="DEVELOP" duration="00:00:00.0223687" startTime="2014-08-17T01:15:19.0995128+02:00" endTime="2014-08-17T01:15:19.7175488+02:00" testType="13cdc9d9-ddb5-4fa4-a97d-d965ccfc6d4b" outcome="Passed" testListId="8c84fa94-04c1-424b-9868-57a2d4851a1d" relativeResultsDirectory="06db5991-90f8-4387-b330-db5699e38faa">
    </UnitTestResult>
    <UnitTestResult executionId="c132a104-75ef-4a7f-b2a2-706ad6dc91c5" testId="55745a3e-cb76-ce47-5e1c-cb4863c8cc88" testName="IntEntityEqualsWithTwoNullsEntitiesDifferentTypeReturnFalse" computerName="DEVELOP" duration="00:00:00.0012150" startTime="2014-08-17T01:15:19.7195489+02:00" endTime="2014-08-17T01:15:19.7245498+02:00" testType="13cdc9d9-ddb5-4fa4-a97d-d965ccfc6d4b" outcome="Passed" testListId="8c84fa94-04c1-424b-9868-57a2d4851a1d" relativeResultsDirectory="c132a104-75ef-4a7f-b2a2-706ad6dc91c5">
    </UnitTestResult>
    <UnitTestResult executionId="d74719dd-12b8-48d1-b597-88e8c2bd8fac" testId="ab5febae-4b86-5540-aa00-427d834f1128" testName="IntEntityEqualsWithOneNullEntityReturnFalse" computerName="DEVELOP" duration="00:00:00.0005050" startTime="2014-08-17T01:15:19.7265494+02:00" endTime="2014-08-17T01:15:19.7315486+02:00" testType="13cdc9d9-ddb5-4fa4-a97d-d965ccfc6d4b" outcome="Passed" testListId="8c84fa94-04c1-424b-9868-57a2d4851a1d" relativeResultsDirectory="d74719dd-12b8-48d1-b597-88e8c2bd8fac">
    </UnitTestResult>
    <UnitTestResult executionId="4eb29bd6-394c-4b33-ad7f-989686d1dd5c" testId="b53f3b4e-80dd-ada9-22f9-683ce813b819" testName="ValidatableEntityGuidEqualsWithOneNullEntityReturnFalse" computerName="DEVELOP" duration="00:00:00.0006237" startTime="2014-08-17T01:15:19.7335498+02:00" endTime="2014-08-17T01:15:19.7385496+02:00" testType="13cdc9d9-ddb5-4fa4-a97d-d965ccfc6d4b" outcome="Passed" testListId="8c84fa94-04c1-424b-9868-57a2d4851a1d" relativeResultsDirectory="4eb29bd6-394c-4b33-ad7f-989686d1dd5c">
    </UnitTestResult>
    <UnitTestResult executionId="178687c6-9f97-496b-b150-432fbd7a7294" testId="22a8b0cb-7a33-d352-b784-a1f8be065fd9" testName="ValidatableEntityGuidEqualsWithSameTransientEntitieReturnTrue" computerName="DEVELOP" duration="00:00:00.0003387" startTime="2014-08-17T01:15:19.7395507+02:00" endTime="2014-08-17T01:15:19.7435499+02:00" testType="13cdc9d9-ddb5-4fa4-a97d-d965ccfc6d4b" outcome="Passed" testListId="8c84fa94-04c1-424b-9868-57a2d4851a1d" relativeResultsDirectory="178687c6-9f97-496b-b150-432fbd7a7294">
    </UnitTestResult>
    <UnitTestResult executionId="287498e4-b872-4ce1-8ab8-d96a8b260c86" testId="be2066fd-b436-06cd-97b4-c7078e10e0f4" testName="EqualsWithEqualsValueObjectsReturnTrue" computerName="DEVELOP" duration="00:00:00.0022991" startTime="2014-08-17T01:15:19.7445499+02:00" endTime="2014-08-17T01:15:19.7515509+02:00" testType="13cdc9d9-ddb5-4fa4-a97d-d965ccfc6d4b" outcome="Passed" testListId="8c84fa94-04c1-424b-9868-57a2d4851a1d" relativeResultsDirectory="287498e4-b872-4ce1-8ab8-d96a8b260c86">
    </UnitTestResult>
    <UnitTestResult executionId="2ff86a2f-d880-4199-9639-d21f21fcc277" testId="375ff3a2-2357-6f85-11f0-4fdbcfbe878c" testName="EqualsWithOneNullEntityReturnFalse" computerName="DEVELOP" duration="00:00:00.0005834" startTime="2014-08-17T01:15:19.7545500+02:00" endTime="2014-08-17T01:15:19.7585514+02:00" testType="13cdc9d9-ddb5-4fa4-a97d-d965ccfc6d4b" outcome="Passed" testListId="8c84fa94-04c1-424b-9868-57a2d4851a1d" relativeResultsDirectory="2ff86a2f-d880-4199-9639-d21f21fcc277">
    </UnitTestResult>
    <UnitTestResult executionId="e496c033-4188-4c3f-9129-abb4f08e8b05" testId="8ce58482-7d3e-3e19-80e5-4b965e8f5059" testName="EqualsWithNestedDifferentValueObjectReturnFalse" computerName="DEVELOP" duration="00:00:00.0015577" startTime="2014-08-17T01:15:19.7605504+02:00" endTime="2014-08-17T01:15:19.7655501+02:00" testType="13cdc9d9-ddb5-4fa4-a97d-d965ccfc6d4b" outcome="Passed" testListId="8c84fa94-04c1-424b-9868-57a2d4851a1d" relativeResultsDirectory="e496c033-4188-4c3f-9129-abb4f08e8b05">
    </UnitTestResult>
    <UnitTestResult executionId="a11c02dd-6385-4dca-a88b-7706c043bd69" testId="ed5ca231-a40d-1e94-d8cf-62620be065b2" testName="EqualsWithTwoNullsValueObjectsReturnTrue" computerName="DEVELOP" duration="00:00:00.0002917" startTime="2014-08-17T01:15:19.7685514+02:00" endTime="2014-08-17T01:15:19.7725506+02:00" testType="13cdc9d9-ddb5-4fa4-a97d-d965ccfc6d4b" outcome="Passed" testListId="8c84fa94-04c1-424b-9868-57a2d4851a1d" relativeResultsDirectory="a11c02dd-6385-4dca-a88b-7706c043bd69">
    </UnitTestResult>
    <UnitTestResult executionId="93a0558a-5e88-437d-a4c0-a18178d19ca3" testId="274f79cb-044b-0e7e-9f9e-4afbcabf33e2" testName="EqualsWithSameTransientEntitieReturnTrue" computerName="DEVELOP" duration="00:00:00.0003286" startTime="2014-08-17T01:15:19.7745513+02:00" endTime="2014-08-17T01:15:19.7785504+02:00" testType="13cdc9d9-ddb5-4fa4-a97d-d965ccfc6d4b" outcome="Passed" testListId="8c84fa94-04c1-424b-9868-57a2d4851a1d" relativeResultsDirectory="93a0558a-5e88-437d-a4c0-a18178d19ca3">
    </UnitTestResult>
    <UnitTestResult executionId="1a5b897c-30f2-40d5-9663-6507253570e5" testId="cf73ad5c-bdd1-7dfc-d924-ad996d77b595" testName="IntEntityTransientNewEntitieReturnTrue" computerName="DEVELOP" duration="00:00:00.0013332" startTime="2014-08-17T01:15:19.7805516+02:00" endTime="2014-08-17T01:15:19.7855525+02:00" testType="13cdc9d9-ddb5-4fa4-a97d-d965ccfc6d4b" outcome="Passed" testListId="8c84fa94-04c1-424b-9868-57a2d4851a1d" relativeResultsDirectory="1a5b897c-30f2-40d5-9663-6507253570e5">
    </UnitTestResult>
    <UnitTestResult executionId="1d7f397b-0bbb-445f-9db5-6216caaed58f" testId="39038477-ba46-aac5-eb4c-721235e0936b" testName="ValidatableEntityGuidEqualsWithTwoTransientEntitiesReturnFalse" computerName="DEVELOP" duration="00:00:00.0006825" startTime="2014-08-17T01:15:19.7875532+02:00" endTime="2014-08-17T01:15:19.7945520+02:00" testType="13cdc9d9-ddb5-4fa4-a97d-d965ccfc6d4b" outcome="Passed" testListId="8c84fa94-04c1-424b-9868-57a2d4851a1d" relativeResultsDirectory="1d7f397b-0bbb-445f-9db5-6216caaed58f">
    </UnitTestResult>
    <UnitTestResult executionId="d8f3263e-2344-4180-8880-89824570a457" testId="2121912b-f77f-3ef3-ff35-d1ecd70b7034" testName="IntEntityEqualsWithSameEntityReturnTrue" computerName="DEVELOP" duration="00:00:00.0012615" startTime="2014-08-17T01:15:19.7965526+02:00" endTime="2014-08-17T01:15:19.8015524+02:00" testType="13cdc9d9-ddb5-4fa4-a97d-d965ccfc6d4b" outcome="Passed" testListId="8c84fa94-04c1-424b-9868-57a2d4851a1d" relativeResultsDirectory="d8f3263e-2344-4180-8880-89824570a457">
    </UnitTestResult>
    <UnitTestResult executionId="464f4def-2e9d-4e80-b21d-88257d494533" testId="d41c1e27-6b39-94e3-749b-182cbe402f7f" testName="IntEntityEqualsWithTwoSetedSameIdSameEntitiesTypeReturnTrue" computerName="DEVELOP" duration="00:00:00.0005425" startTime="2014-08-17T01:15:19.8035553+02:00" endTime="2014-08-17T01:15:19.8085528+02:00" testType="13cdc9d9-ddb5-4fa4-a97d-d965ccfc6d4b" outcome="Passed" testListId="8c84fa94-04c1-424b-9868-57a2d4851a1d" relativeResultsDirectory="464f4def-2e9d-4e80-b21d-88257d494533">
    </UnitTestResult>
    <UnitTestResult executionId="22e57e01-9b98-4ca9-849d-aa973a23c7dc" testId="d72373c0-a703-cca6-215c-a78aa85313eb" testName="IntEntityEqualsWithTwoNullsEntitiesSameTypeReturnTrue" computerName="DEVELOP" duration="00:00:00.0003034" startTime="2014-08-17T01:15:19.8105558+02:00" endTime="2014-08-17T01:15:19.8145526+02:00" testType="13cdc9d9-ddb5-4fa4-a97d-d965ccfc6d4b" outcome="Passed" testListId="8c84fa94-04c1-424b-9868-57a2d4851a1d" relativeResultsDirectory="22e57e01-9b98-4ca9-849d-aa973a23c7dc">
    </UnitTestResult>
    <UnitTestResult executionId="841bd1cb-b1a0-4062-90ba-caedda990b6c" testId="982f7fbb-ba3f-33fd-9fa4-3f5b26be6e74" testName="ValidatableEntityGuidEqualsWithTwoNullsEntitiesSameTypeReturnTrue" computerName="DEVELOP" duration="00:00:00.0002883" startTime="2014-08-17T01:15:19.8165556+02:00" endTime="2014-08-17T01:15:19.8205530+02:00" testType="13cdc9d9-ddb5-4fa4-a97d-d965ccfc6d4b" outcome="Passed" testListId="8c84fa94-04c1-424b-9868-57a2d4851a1d" relativeResultsDirectory="841bd1cb-b1a0-4062-90ba-caedda990b6c">
    </UnitTestResult>
    <UnitTestResult executionId="b1505998-37f2-4b46-88cd-83c3ff6bc1b0" testId="f1db9089-b01e-e5ce-8721-8284d6363de2" testName="EqualsWithOneDifferentPropertyReturnFalse" computerName="DEVELOP" duration="00:00:00.0003981" startTime="2014-08-17T01:15:19.8225543+02:00" endTime="2014-08-17T01:15:19.8265534+02:00" testType="13cdc9d9-ddb5-4fa4-a97d-d965ccfc6d4b" outcome="Passed" testListId="8c84fa94-04c1-424b-9868-57a2d4851a1d" relativeResultsDirectory="b1505998-37f2-4b46-88cd-83c3ff6bc1b0">
    </UnitTestResult>
    <UnitTestResult executionId="49f4713f-71e8-4dc3-a50f-546a58511746" testId="df70d1db-0b89-8d5b-f3c3-11fdd92fed5b" testName="IntEntityEqualsWithSameTransientEntitieReturnTrue" computerName="DEVELOP" duration="00:00:00.0003051" startTime="2014-08-17T01:15:19.8295553+02:00" endTime="2014-08-17T01:15:19.8335544+02:00" testType="13cdc9d9-ddb5-4fa4-a97d-d965ccfc6d4b" outcome="Passed" testListId="8c84fa94-04c1-424b-9868-57a2d4851a1d" relativeResultsDirectory="49f4713f-71e8-4dc3-a50f-546a58511746">
    </UnitTestResult>
    <UnitTestResult executionId="04e77176-de10-439a-87b4-8accf961d443" testId="a5143e69-78bd-03a5-f82d-50e4014f386a" testName="EqualsWithTwoTransientEntitiesReturnFalse" computerName="DEVELOP" duration="00:00:00.0003516" startTime="2014-08-17T01:15:19.8355551+02:00" endTime="2014-08-17T01:15:19.8395548+02:00" testType="13cdc9d9-ddb5-4fa4-a97d-d965ccfc6d4b" outcome="Passed" testListId="8c84fa94-04c1-424b-9868-57a2d4851a1d" relativeResultsDirectory="04e77176-de10-439a-87b4-8accf961d443">
    </UnitTestResult>
    <UnitTestResult executionId="c4efe77b-65f9-4d52-8ac9-0ec12a5a4711" testId="1bdcb6c4-49ec-3cfb-4e22-c65e484a2116" testName="IntEntityEqualsWithTwoNullsEntitiesSameTypeReturnTrue" computerName="DEVELOP" duration="00:00:00.0002900" startTime="2014-08-17T01:15:19.8425555+02:00" endTime="2014-08-17T01:15:19.8455540+02:00" testType="13cdc9d9-ddb5-4fa4-a97d-d965ccfc6d4b" outcome="Passed" testListId="8c84fa94-04c1-424b-9868-57a2d4851a1d" relativeResultsDirectory="c4efe77b-65f9-4d52-8ac9-0ec12a5a4711">
    </UnitTestResult>
    <UnitTestResult executionId="18ac76ec-195f-4554-a89e-ac34def9a7b1" testId="cfcea3e5-0964-8d2b-bd64-154d5273ea8f" testName="EqualsWithNestedValueObjectReturnTrue" computerName="DEVELOP" duration="00:00:00.0005504" startTime="2014-08-17T01:15:19.8485559+02:00" endTime="2014-08-17T01:15:19.8525556+02:00" testType="13cdc9d9-ddb5-4fa4-a97d-d965ccfc6d4b" outcome="Passed" testListId="8c84fa94-04c1-424b-9868-57a2d4851a1d" relativeResultsDirectory="18ac76ec-195f-4554-a89e-ac34def9a7b1">
    </UnitTestResult>
    <UnitTestResult executionId="202ccc05-73ab-431d-8c8d-659b7abba102" testId="ebdf5570-fee7-71a9-954c-39a44616bfc0" testName="IntEntityEqualsWithSameTransientEntitieReturnTrue" computerName="DEVELOP" duration="00:00:00.0003236" startTime="2014-08-17T01:15:19.8545568+02:00" endTime="2014-08-17T01:15:19.8585554+02:00" testType="13cdc9d9-ddb5-4fa4-a97d-d965ccfc6d4b" outcome="Passed" testListId="8c84fa94-04c1-424b-9868-57a2d4851a1d" relativeResultsDirectory="202ccc05-73ab-431d-8c8d-659b7abba102">
    </UnitTestResult>
    <UnitTestResult executionId="762f84ce-19da-4e20-b41b-7f5fb0b9e463" testId="4c4642c9-c98c-8343-d168-c0f2b8c7b2e7" testName="IntEntityEqualsWithTwoSetedDifferentIdSameEntitiesTypeReturnFalse" computerName="DEVELOP" duration="00:00:00.0003382" startTime="2014-08-17T01:15:19.8605578+02:00" endTime="2014-08-17T01:15:19.8655558+02:00" testType="13cdc9d9-ddb5-4fa4-a97d-d965ccfc6d4b" outcome="Passed" testListId="8c84fa94-04c1-424b-9868-57a2d4851a1d" relativeResultsDirectory="762f84ce-19da-4e20-b41b-7f5fb0b9e463">
    </UnitTestResult>
    <UnitTestResult executionId="cbb79ae2-6888-430c-bb51-8cd94983e2b1" testId="87242a29-3fd9-012d-ce10-c41ae5a4acc4" testName="IntEntityEqualsWithTwoTransientEntitiesReturnFalse" computerName="DEVELOP" duration="00:00:00.0003281" startTime="2014-08-17T01:15:19.8665587+02:00" endTime="2014-08-17T01:15:19.8705562+02:00" testType="13cdc9d9-ddb5-4fa4-a97d-d965ccfc6d4b" outcome="Passed" testListId="8c84fa94-04c1-424b-9868-57a2d4851a1d" relativeResultsDirectory="cbb79ae2-6888-430c-bb51-8cd94983e2b1">
    </UnitTestResult>
    <UnitTestResult executionId="3baddb7a-2303-41ae-9281-6ffc14810a96" testId="b6e2ea1d-beee-09a0-2102-a1602abebdcc" testName="GuidEntityEqualsWithTwoNullsEntitiesSameTypeReturnTrue" computerName="DEVELOP" duration="00:00:00.0002889" startTime="2014-08-17T01:15:19.8725574+02:00" endTime="2014-08-17T01:15:19.8775560+02:00" testType="13cdc9d9-ddb5-4fa4-a97d-d965ccfc6d4b" outcome="Passed" testListId="8c84fa94-04c1-424b-9868-57a2d4851a1d" relativeResultsDirectory="3baddb7a-2303-41ae-9281-6ffc14810a96">
    </UnitTestResult>
    <UnitTestResult executionId="5568da66-6368-49f5-89a2-2d04a7b202b9" testId="8cdf0b73-2a1d-fb4d-b0bf-87142530870b" testName="IntEntityEqualsWithTwoSetedIdDifferentEntitiesTypeReturnFalse" computerName="DEVELOP" duration="00:00:00.0003236" startTime="2014-08-17T01:15:19.8785583+02:00" endTime="2014-08-17T01:15:19.8835564+02:00" testType="13cdc9d9-ddb5-4fa4-a97d-d965ccfc6d4b" outcome="Passed" testListId="8c84fa94-04c1-424b-9868-57a2d4851a1d" relativeResultsDirectory="5568da66-6368-49f5-89a2-2d04a7b202b9">
    </UnitTestResult>
    <UnitTestResult executionId="a313082b-1ebe-47a6-834d-56905579338d" testId="afa4d5fe-5adf-b232-4499-e60da535e51b" testName="IntEntityEqualsWithTwoSetedSameIdSameEntitiesTypeReturnFalse" computerName="DEVELOP" duration="00:00:00.0003398" startTime="2014-08-17T01:15:19.8855577+02:00" endTime="2014-08-17T01:15:19.8905585+02:00" testType="13cdc9d9-ddb5-4fa4-a97d-d965ccfc6d4b" outcome="Passed" testListId="8c84fa94-04c1-424b-9868-57a2d4851a1d" relativeResultsDirectory="a313082b-1ebe-47a6-834d-56905579338d">
    </UnitTestResult>
    <UnitTestResult executionId="f1471de4-23d9-494a-9c51-f05c36356bf9" testId="ecb2ec12-6d55-4737-3f23-78b2cd9e5a1c" testName="IntEntityTransientNewEntitieReturnTrue" computerName="DEVELOP" duration="00:00:00.0003270" startTime="2014-08-17T01:15:19.8925592+02:00" endTime="2014-08-17T01:15:19.8965584+02:00" testType="13cdc9d9-ddb5-4fa4-a97d-d965ccfc6d4b" outcome="Passed" testListId="8c84fa94-04c1-424b-9868-57a2d4851a1d" relativeResultsDirectory="f1471de4-23d9-494a-9c51-f05c36356bf9">
    </UnitTestResult>
    <UnitTestResult executionId="62fb709b-18a1-459a-88b2-600e7afdb728" testId="17042057-7aeb-7c30-7303-5d1a8e9e0592" testName="EqualsWithTwoNullsEntitiesSameTypeReturnTrue" computerName="DEVELOP" duration="00:00:00.0002917" startTime="2014-08-17T01:15:19.8985602+02:00" endTime="2014-08-17T01:15:19.9035582+02:00" testType="13cdc9d9-ddb5-4fa4-a97d-d965ccfc6d4b" outcome="Passed" testListId="8c84fa94-04c1-424b-9868-57a2d4851a1d" relativeResultsDirectory="62fb709b-18a1-459a-88b2-600e7afdb728">
    </UnitTestResult>
    <UnitTestResult executionId="d3105de0-4f31-4278-9bf6-a0d5ff65bbf4" testId="4ccbac64-6d99-8651-0e4e-7a94ce86ca89" testName="StringEqualsWithTwoNullsEntitiesSameTypeReturnTrue" computerName="DEVELOP" duration="00:00:00.0003734" startTime="2014-08-17T01:15:19.9065601+02:00" endTime="2014-08-17T01:15:19.9105587+02:00" testType="13cdc9d9-ddb5-4fa4-a97d-d965ccfc6d4b" outcome="Passed" testListId="8c84fa94-04c1-424b-9868-57a2d4851a1d" relativeResultsDirectory="d3105de0-4f31-4278-9bf6-a0d5ff65bbf4">
    </UnitTestResult>
    <UnitTestResult executionId="1d09d43a-0352-420d-85d9-ea95e1c9c5d1" testId="6d00cb18-6da1-8f1c-bc52-1100717fe9e3" testName="IntEntityEqualsWithTwoSetedDifferentIdSameEntitiesTypeReturnFalse" computerName="DEVELOP" duration="00:00:00.0003236" startTime="2014-08-17T01:15:19.9135594+02:00" endTime="2014-08-17T01:15:19.9175585+02:00" testType="13cdc9d9-ddb5-4fa4-a97d-d965ccfc6d4b" outcome="Passed" testListId="8c84fa94-04c1-424b-9868-57a2d4851a1d" relativeResultsDirectory="1d09d43a-0352-420d-85d9-ea95e1c9c5d1">
    </UnitTestResult>
    <UnitTestResult executionId="b134ffba-71e4-412d-ad5b-ade3242bbfcf" testId="c4b00738-bd81-d4dd-934a-1f8ce1e5a004" testName="EqualsWithEmptyValueObjectsReturnTrue" computerName="DEVELOP" duration="00:00:00.0003762" startTime="2014-08-17T01:15:19.9195604+02:00" endTime="2014-08-17T01:15:19.9235589+02:00" testType="13cdc9d9-ddb5-4fa4-a97d-d965ccfc6d4b" outcome="Passed" testListId="8c84fa94-04c1-424b-9868-57a2d4851a1d" relativeResultsDirectory="b134ffba-71e4-412d-ad5b-ade3242bbfcf">
    </UnitTestResult>
    <UnitTestResult executionId="7153035f-8c02-443d-8bd8-623406adda16" testId="9d14cf3b-400a-419e-62e5-56cdb51cd8d7" testName="EqualsWithOneNullValueObjectReturnFalse" computerName="DEVELOP" duration="00:00:00.0003292" startTime="2014-08-17T01:15:19.9255619+02:00" endTime="2014-08-17T01:15:19.9305616+02:00" testType="13cdc9d9-ddb5-4fa4-a97d-d965ccfc6d4b" outcome="Passed" testListId="8c84fa94-04c1-424b-9868-57a2d4851a1d" relativeResultsDirectory="7153035f-8c02-443d-8bd8-623406adda16">
    </UnitTestResult>
    <UnitTestResult executionId="8431ff91-8214-4e80-8082-aaff9d1d703e" testId="4d2dabf7-6001-0f95-8269-92c41508bd3d" testName="StringEqualsWithTwoTransientEntitiesReturnFalse" computerName="DEVELOP" duration="00:00:00.0010958" startTime="2014-08-17T01:15:19.9325612+02:00" endTime="2014-08-17T01:15:19.9375604+02:00" testType="13cdc9d9-ddb5-4fa4-a97d-d965ccfc6d4b" outcome="Passed" testListId="8c84fa94-04c1-424b-9868-57a2d4851a1d" relativeResultsDirectory="8431ff91-8214-4e80-8082-aaff9d1d703e">
    </UnitTestResult>
    <UnitTestResult executionId="4c3431a0-8ce4-4d3f-a98c-691a85d74c21" testId="894519f8-9501-4713-6a4e-b58cdbc44ab0" testName="IntEntityEqualsWithTwoSetedIdDifferentEntitiesTypeReturnFalse" computerName="DEVELOP" duration="00:00:00.0004664" startTime="2014-08-17T01:15:19.9395622+02:00" endTime="2014-08-17T01:15:19.9435607+02:00" testType="13cdc9d9-ddb5-4fa4-a97d-d965ccfc6d4b" outcome="Passed" testListId="8c84fa94-04c1-424b-9868-57a2d4851a1d" relativeResultsDirectory="4c3431a0-8ce4-4d3f-a98c-691a85d74c21">
    </UnitTestResult>
    <UnitTestResult executionId="c78b72bc-1678-43f2-832a-7a8c25d95f86" testId="ef418061-d4c4-2027-28ba-907376548f88" testName="IntEntityEqualsWithTwoTransientEntitiesReturnFalse" computerName="DEVELOP" duration="00:00:00.0003163" startTime="2014-08-17T01:15:19.9465620+02:00" endTime="2014-08-17T01:15:19.9495606+02:00" testType="13cdc9d9-ddb5-4fa4-a97d-d965ccfc6d4b" outcome="Passed" testListId="8c84fa94-04c1-424b-9868-57a2d4851a1d" relativeResultsDirectory="c78b72bc-1678-43f2-832a-7a8c25d95f86">
    </UnitTestResult>
    <UnitTestResult executionId="b27a47bf-932e-4858-8804-d6af4debb8f3" testId="5e48c4a4-9c69-9469-0648-a457e4f881b1" testName="IntEntityTransientNewEntitieReturnTrue" computerName="DEVELOP" duration="00:00:00.0003718" startTime="2014-08-17T01:15:19.9525630+02:00" endTime="2014-08-17T01:15:19.9575627+02:00" testType="13cdc9d9-ddb5-4fa4-a97d-d965ccfc6d4b" outcome="Passed" testListId="8c84fa94-04c1-424b-9868-57a2d4851a1d" relativeResultsDirectory="b27a47bf-932e-4858-8804-d6af4debb8f3">
    </UnitTestResult>
    <UnitTestResult executionId="1c74bd3c-c7cd-4ab2-b09f-ada32e9449c1" testId="a5173249-e457-2bae-6188-e07755a468f1" testName="GuidEntityEqualsWithTwoNullsEntitiesDifferentTypeReturnFalse" computerName="DEVELOP" duration="00:00:00.0013668" startTime="2014-08-17T01:15:19.9615624+02:00" endTime="2014-08-17T01:15:19.9675628+02:00" testType="13cdc9d9-ddb5-4fa4-a97d-d965ccfc6d4b" outcome="Passed" testListId="8c84fa94-04c1-424b-9868-57a2d4851a1d" relativeResultsDirectory="1c74bd3c-c7cd-4ab2-b09f-ada32e9449c1">
    </UnitTestResult>
    <UnitTestResult executionId="63c6e3dc-8329-4f31-a06a-ca6f203d67f7" testId="28cecd14-0281-33e2-220d-430cb0b76324" testName="IntEntityEqualsWithOneNullEntityReturnFalse" computerName="DEVELOP" duration="00:00:00.0016210" startTime="2014-08-17T01:15:19.9715636+02:00" endTime="2014-08-17T01:15:19.9775629+02:00" testType="13cdc9d9-ddb5-4fa4-a97d-d965ccfc6d4b" outcome="Passed" testListId="8c84fa94-04c1-424b-9868-57a2d4851a1d" relativeResultsDirectory="63c6e3dc-8329-4f31-a06a-ca6f203d67f7">
    </UnitTestResult>
    <UnitTestResult executionId="32aa3961-52b1-44b2-8e34-7cd87af3714b" testId="8e4820fb-b11f-6f11-e59d-db0467de1040" testName="GuidEntityTransientNewEntitieReturnTrue" computerName="DEVELOP" duration="00:00:00.0027907" startTime="2014-08-17T01:15:19.9815631+02:00" endTime="2014-08-17T01:15:19.9885641+02:00" testType="13cdc9d9-ddb5-4fa4-a97d-d965ccfc6d4b" outcome="Passed" testListId="8c84fa94-04c1-424b-9868-57a2d4851a1d" relativeResultsDirectory="32aa3961-52b1-44b2-8e34-7cd87af3714b">
    </UnitTestResult>
    <UnitTestResult executionId="cd52e6f8-95ee-4dbf-99b7-a92398494cb0" testId="f8a0681f-01a9-96fe-d3cb-5a7507e6aa1a" testName="StringEqualsWithSameTransientEntitieReturnTrue" computerName="DEVELOP" duration="00:00:00.0017946" startTime="2014-08-17T01:15:19.9925649+02:00" endTime="2014-08-17T01:15:19.9995654+02:00" testType="13cdc9d9-ddb5-4fa4-a97d-d965ccfc6d4b" outcome="Passed" testListId="8c84fa94-04c1-424b-9868-57a2d4851a1d" relativeResultsDirectory="cd52e6f8-95ee-4dbf-99b7-a92398494cb0">
    </UnitTestResult>
    <UnitTestResult executionId="d0fb6ded-9c9b-47bc-9d4b-94a41eff955c" testId="c88e308d-c412-3989-03a6-4812dd297cad" testName="EqualsWithNestedDifferentRootValueObjectReturnFalse" computerName="DEVELOP" duration="00:00:00.0005504" startTime="2014-08-17T01:15:20.0005654+02:00" endTime="2014-08-17T01:15:20.0065641+02:00" testType="13cdc9d9-ddb5-4fa4-a97d-d965ccfc6d4b" outcome="Passed" testListId="8c84fa94-04c1-424b-9868-57a2d4851a1d" relativeResultsDirectory="d0fb6ded-9c9b-47bc-9d4b-94a41eff955c">
    </UnitTestResult>
    <UnitTestResult executionId="2857024c-f271-4fdb-ace1-6de204964b26" testId="66b79ba3-ccdf-a017-5e08-1702c7c38084" testName="GuidEntityEqualsWithTwoTransientEntitiesReturnFalse" computerName="DEVELOP" duration="00:00:00.0003309" startTime="2014-08-17T01:15:20.0095660+02:00" endTime="2014-08-17T01:15:20.0135646+02:00" testType="13cdc9d9-ddb5-4fa4-a97d-d965ccfc6d4b" outcome="Passed" testListId="8c84fa94-04c1-424b-9868-57a2d4851a1d" relativeResultsDirectory="2857024c-f271-4fdb-ace1-6de204964b26">
    </UnitTestResult>
    <UnitTestResult executionId="88c109b7-f367-4585-ae4f-72bb5d1a4704" testId="3dc9c38f-ffcf-b4ec-4950-2951ba76f7d8" testName="StringEqualsWithTwoNullsEntitiesDifferentTypeReturnFalse" computerName="DEVELOP" duration="00:00:00.0004328" startTime="2014-08-17T01:15:20.0155658+02:00" endTime="2014-08-17T01:15:20.0205661+02:00" testType="13cdc9d9-ddb5-4fa4-a97d-d965ccfc6d4b" outcome="Passed" testListId="8c84fa94-04c1-424b-9868-57a2d4851a1d" relativeResultsDirectory="88c109b7-f367-4585-ae4f-72bb5d1a4704">
    </UnitTestResult>
    <UnitTestResult executionId="290a5f7e-244f-44fc-93aa-81bb99db61d8" testId="b1a88be6-0573-6eb0-e0ba-a476ebddfcc3" testName="EqualsWithTwoNullsEntitiesDifferentTypeReturnFalse" computerName="DEVELOP" duration="00:00:00.0004333" startTime="2014-08-17T01:15:20.0225657+02:00" endTime="2014-08-17T01:15:20.0265648+02:00" testType="13cdc9d9-ddb5-4fa4-a97d-d965ccfc6d4b" outcome="Passed" testListId="8c84fa94-04c1-424b-9868-57a2d4851a1d" relativeResultsDirectory="290a5f7e-244f-44fc-93aa-81bb99db61d8">
    </UnitTestResult>
    <UnitTestResult executionId="9ea76287-cfe4-4c5b-9ca5-cff92929ee5e" testId="ea0a69ac-2bb3-b9d1-b8f7-0e625a29c014" testName="StringEqualsWithOneNullEntityReturnFalse" computerName="DEVELOP" duration="00:00:00.0003225" startTime="2014-08-17T01:15:20.0295667+02:00" endTime="2014-08-17T01:15:20.0335664+02:00" testType="13cdc9d9-ddb5-4fa4-a97d-d965ccfc6d4b" outcome="Passed" testListId="8c84fa94-04c1-424b-9868-57a2d4851a1d" relativeResultsDirectory="9ea76287-cfe4-4c5b-9ca5-cff92929ee5e">
    </UnitTestResult>
    <UnitTestResult executionId="c193e10a-84e2-4a20-89a4-7ca030ce4f60" testId="b73c4168-36b3-829e-62df-12b0e1f8a7bd" testName="IntEntityEqualsWithTwoNullsEntitiesDifferentTypeReturnFalse" computerName="DEVELOP" duration="00:00:00.0004283" startTime="2014-08-17T01:15:20.0355671+02:00" endTime="2014-08-17T01:15:20.0405663+02:00" testType="13cdc9d9-ddb5-4fa4-a97d-d965ccfc6d4b" outcome="Passed" testListId="8c84fa94-04c1-424b-9868-57a2d4851a1d" relativeResultsDirectory="c193e10a-84e2-4a20-89a4-7ca030ce4f60">
    </UnitTestResult>
    <UnitTestResult executionId="68c3bba3-d6e8-4c7a-9641-f389a0fd4ec8" testId="861bbbdf-9e17-619d-89af-8b7fa4a205e7" testName="ValidatableEntityGuidEqualsWithTwoNullsEntitiesDifferentTypeReturnFalse" computerName="DEVELOP" duration="00:00:00.0004322" startTime="2014-08-17T01:15:20.0425664+02:00" endTime="2014-08-17T01:15:20.0465661+02:00" testType="13cdc9d9-ddb5-4fa4-a97d-d965ccfc6d4b" outcome="Passed" testListId="8c84fa94-04c1-424b-9868-57a2d4851a1d" relativeResultsDirectory="68c3bba3-d6e8-4c7a-9641-f389a0fd4ec8">
    </UnitTestResult>
    <UnitTestResult executionId="7fde7d90-cca5-4fab-938b-25202169c073" testId="b202aa4d-65bf-bc8d-820d-b2b2651d5544" testName="GuidEntityEqualsWithSameTransientEntitieReturnTrue" computerName="DEVELOP" duration="00:00:00.0003180" startTime="2014-08-17T01:15:20.0495685+02:00" endTime="2014-08-17T01:15:20.0535671+02:00" testType="13cdc9d9-ddb5-4fa4-a97d-d965ccfc6d4b" outcome="Passed" testListId="8c84fa94-04c1-424b-9868-57a2d4851a1d" relativeResultsDirectory="7fde7d90-cca5-4fab-938b-25202169c073">
    </UnitTestResult>
  </Results>
</TestRun>