<?xml version="1.0" encoding="UTF-8"?>
<TestRun id="55b9f890-af0c-442a-b4c9-4be0f7130347" name="Javier@ICINETICJHB 2014-05-20 09:18:58" runUser="ICINETICJHB\Javier" xmlns="http://microsoft.com/schemas/VisualStudio/TeamTest/2010">
  <TestSettings name="Local" id="4178bfa7-869c-4013-9eae-b770f521a560">
    <Description>These are default test settings for a local test run.</Description>
    <Deployment enabled="false" runDeploymentRoot="Javier_ICINETICJHB 2014-05-20 09_18_58">
      <DeploymentItem filename="D:\IDev\Inflexion2\01-Framework\Proyectos\Asemblies\Debug\Inflexion2.dll" />
    </Deployment>
    <Execution>
      <TestTypeSpecific />
      <AgentRule name="Execution Agents">
      </AgentRule>
    </Execution>
  </TestSettings>
  <Times creation="2014-05-20T09:18:58.1454367+02:00" queuing="2014-05-20T09:18:58.2234411+02:00" start="2014-05-20T09:18:58.2404434+02:00" finish="2014-05-20T09:18:58.4394530+02:00" />
  <ResultSummary outcome="Failed">
    <Counters total="1" executed="1" error="0" failed="1" timeout="0" aborted="0" inconclusive="0" passedButRunAborted="0" notRunnable="0" notExecuted="0" disconnected="0" warning="0" passed="0" completed="0" inProgress="0" pending="0" />
  </ResultSummary>
  <TestDefinitions>
    <UnitTest name="StringEqualsWithTwoTransientEntitiesReturnFalse" storage="d:\idev\inflexion2\03-testing\inflexion2.framework.testing\bin\debug\inflexion2.framework.testing.dll" id="4d2dabf7-6001-0f95-8269-92c41508bd3d">
      <Execution id="03efb485-23b8-4e1d-b5af-1f5a0716b10a" />
      <TestMethod codeBase="D:/IDev/Inflexion2/03-Testing/Inflexion2.Framework.Testing/bin/Debug/Inflexion2.Framework.Testing.DLL" adapterTypeName="Microsoft.VisualStudio.TestTools.TestTypes.Unit.UnitTestAdapter, Microsoft.VisualStudio.QualityTools.Tips.UnitTest.Adapter, Version=10.0.0.0, Culture=neutral, PublicKeyToken=b03f5f7f11d50a3a" className="Inflexion2.Testing.StringEntityTransientTest, Inflexion2.Framework.Testing, Version=1.0.0.0, Culture=neutral, PublicKeyToken=null" name="StringEqualsWithTwoTransientEntitiesReturnFalse" />
    </UnitTest>
  </TestDefinitions>
  <TestLists>
    <TestList name="Results Not in a List" id="8c84fa94-04c1-424b-9868-57a2d4851a1d" />
    <TestList name="All Loaded Results" id="19431567-8539-422a-85d7-44ee4e166bda" />
  </TestLists>
  <TestEntries>
    <TestEntry testId="4d2dabf7-6001-0f95-8269-92c41508bd3d" executionId="03efb485-23b8-4e1d-b5af-1f5a0716b10a" testListId="8c84fa94-04c1-424b-9868-57a2d4851a1d" />
  </TestEntries>
  <Results>
    <UnitTestResult executionId="03efb485-23b8-4e1d-b5af-1f5a0716b10a" testId="4d2dabf7-6001-0f95-8269-92c41508bd3d" testName="StringEqualsWithTwoTransientEntitiesReturnFalse" computerName="ICINETICJHB" duration="00:00:00.0235097" startTime="2014-05-20T09:18:58.2304419+02:00" endTime="2014-05-20T09:18:58.4304530+02:00" testType="13cdc9d9-ddb5-4fa4-a97d-d965ccfc6d4b" outcome="Failed" testListId="8c84fa94-04c1-424b-9868-57a2d4851a1d" relativeResultsDirectory="03efb485-23b8-4e1d-b5af-1f5a0716b10a">
      <Output>
        <ErrorInfo>
          <Message>Test method Inflexion2.Testing.StringEntityTransientTest.StringEqualsWithTwoTransientEntitiesReturnFalse threw exception: 
System.NullReferenceException: Referencia a objeto no establecida como instancia de un objeto.</Message>
          <StackTrace>    en Inflexion2.Domain.EntityIdNullable`2.IsTransient() en D:\IDev\Inflexion2\01-Framework\Proyectos\Inflexion2\Domain\Model\EntityDefinitions\Entities\EntityIdNullable.cs:línea 270
   en Inflexion2.Domain.EntityIdNullable`2.Equals(Object obj) en D:\IDev\Inflexion2\01-Framework\Proyectos\Inflexion2\Domain\Model\EntityDefinitions\Entities\EntityIdNullable.cs:línea 316
   en System.Object.Equals(Object objA, Object objB)
   en Inflexion2.Testing.StringEntityTransientTest.StringEqualsWithTwoTransientEntitiesReturnFalse() en D:\IDev\Inflexion2\03-Testing\Inflexion2.Framework.Testing\Domain\Model\StringEntityTest.cs:línea 58
</StackTrace>
        </ErrorInfo>
      </Output>
    </UnitTestResult>
  </Results>
</TestRun>