<?xml version="1.0" encoding="UTF-8"?>
<TestRun id="a7d69711-a261-4521-8745-da8db445d031" name="Javier@ICINETICJHB 2014-07-23 02:06:34" runUser="ICINETICJHB\Javier" xmlns="http://microsoft.com/schemas/VisualStudio/TeamTest/2010">
  <TestSettings name="Local" id="4178bfa7-869c-4013-9eae-b770f521a560">
    <Description>These are default test settings for a local test run.</Description>
    <Deployment enabled="false" runDeploymentRoot="Javier_ICINETICJHB 2014-07-23 02_06_34">
      <DeploymentItem filename="D:\IDev\Inflexion2\00-Assemblies\Debug\Inflexion2.dll" />
    </Deployment>
    <Execution>
      <TestTypeSpecific />
      <AgentRule name="Execution Agents">
      </AgentRule>
    </Execution>
  </TestSettings>
  <Times creation="2014-07-23T02:06:34.8997523+02:00" queuing="2014-07-23T02:06:37.3671166+02:00" start="2014-07-23T02:06:37.5324644+02:00" finish="2014-07-23T02:06:38.2460082+02:00" />
  <ResultSummary outcome="Completed">
    <Counters total="49" executed="49" passed="49" error="0" failed="0" timeout="0" aborted="0" inconclusive="0" passedButRunAborted="0" notRunnable="0" notExecuted="0" disconnected="0" warning="0" completed="0" inProgress="0" pending="0" />
  </ResultSummary>
  <TestDefinitions>
    <UnitTest name="IntEntityEqualsWithTwoNullsEntitiesDifferentTypeReturnFalse" storage="d:\idev\inflexion2\01-framework\00-assemblies\debug\inflexion2.framework.testing.dll" id="55745a3e-cb76-ce47-5e1c-cb4863c8cc88">
      <Execution id="e004b442-f476-4dd3-90c5-4527ef9d4d46" />
      <TestMethod codeBase="D:/IDev/Inflexion2/01-Framework/00-Assemblies/Debug/Inflexion2.Framework.Testing.DLL" adapterTypeName="Microsoft.VisualStudio.TestTools.TestTypes.Unit.UnitTestAdapter, Microsoft.VisualStudio.QualityTools.Tips.UnitTest.Adapter, Version=10.0.0.0, Culture=neutral, PublicKeyToken=b03f5f7f11d50a3a" className="Inflexion2.Testing.EntityTransientTest, Inflexion2.Framework.Testing, Version=1.0.0.0, Culture=neutral, PublicKeyToken=null" name="IntEntityEqualsWithTwoNullsEntitiesDifferentTypeReturnFalse" />
    </UnitTest>
    <UnitTest name="GuidEntityEqualsWithOneNullEntityReturnFalse" storage="d:\idev\inflexion2\01-framework\00-assemblies\debug\inflexion2.framework.testing.dll" id="5c01ed2f-cfa6-faf5-80ee-7526386e5bcb">
      <Execution id="1c7ae66a-84db-4145-a4d2-bde48fe1c464" />
      <TestMethod codeBase="D:/IDev/Inflexion2/01-Framework/00-Assemblies/Debug/Inflexion2.Framework.Testing.DLL" adapterTypeName="Microsoft.VisualStudio.TestTools.TestTypes.Unit.UnitTestAdapter, Microsoft.VisualStudio.QualityTools.Tips.UnitTest.Adapter, Version=10.0.0.0, Culture=neutral, PublicKeyToken=b03f5f7f11d50a3a" className="Inflexion2.Testing.GuidEntityTransientTest, Inflexion2.Framework.Testing, Version=1.0.0.0, Culture=neutral, PublicKeyToken=null" name="GuidEntityEqualsWithOneNullEntityReturnFalse" />
    </UnitTest>
    <UnitTest name="IntEntityTransientNewEntitieReturnTrue" storage="d:\idev\inflexion2\01-framework\00-assemblies\debug\inflexion2.framework.testing.dll" id="5e48c4a4-9c69-9469-0648-a457e4f881b1">
      <Execution id="47cc2053-7e1f-41a8-b0de-17e0bfb19298" />
      <TestMethod codeBase="D:/IDev/Inflexion2/01-Framework/00-Assemblies/Debug/Inflexion2.Framework.Testing.DLL" adapterTypeName="Microsoft.VisualStudio.TestTools.TestTypes.Unit.UnitTestAdapter, Microsoft.VisualStudio.QualityTools.Tips.UnitTest.Adapter, Version=10.0.0.0, Culture=neutral, PublicKeyToken=b03f5f7f11d50a3a" className="Inflexion2.Testing.IntEntityTransientTest, Inflexion2.Framework.Testing, Version=1.0.0.0, Culture=neutral, PublicKeyToken=null" name="IntEntityTransientNewEntitieReturnTrue" />
    </UnitTest>
    <UnitTest name="IntEntityEqualsWithSameTransientEntitieReturnTrue" storage="d:\idev\inflexion2\01-framework\00-assemblies\debug\inflexion2.framework.testing.dll" id="ebdf5570-fee7-71a9-954c-39a44616bfc0">
      <Execution id="496d679b-a949-4ba3-af15-ff23b9761736" />
      <TestMethod codeBase="D:/IDev/Inflexion2/01-Framework/00-Assemblies/Debug/Inflexion2.Framework.Testing.DLL" adapterTypeName="Microsoft.VisualStudio.TestTools.TestTypes.Unit.UnitTestAdapter, Microsoft.VisualStudio.QualityTools.Tips.UnitTest.Adapter, Version=10.0.0.0, Culture=neutral, PublicKeyToken=b03f5f7f11d50a3a" className="Inflexion2.Testing.IntEntityTransientTest, Inflexion2.Framework.Testing, Version=1.0.0.0, Culture=neutral, PublicKeyToken=null" name="IntEntityEqualsWithSameTransientEntitieReturnTrue" />
    </UnitTest>
    <UnitTest name="EqualsWithNestedDifferentRootValueObjectReturnFalse" storage="d:\idev\inflexion2\01-framework\00-assemblies\debug\inflexion2.framework.testing.dll" id="c88e308d-c412-3989-03a6-4812dd297cad">
      <Execution id="8ef511ce-daea-444a-9aa2-b360ba463901" />
      <TestMethod codeBase="D:/IDev/Inflexion2/01-Framework/00-Assemblies/Debug/Inflexion2.Framework.Testing.DLL" adapterTypeName="Microsoft.VisualStudio.TestTools.TestTypes.Unit.UnitTestAdapter, Microsoft.VisualStudio.QualityTools.Tips.UnitTest.Adapter, Version=10.0.0.0, Culture=neutral, PublicKeyToken=b03f5f7f11d50a3a" className="Inflexion2.Testing.EqualityValueObject, Inflexion2.Framework.Testing, Version=1.0.0.0, Culture=neutral, PublicKeyToken=null" name="EqualsWithNestedDifferentRootValueObjectReturnFalse" />
    </UnitTest>
    <UnitTest name="GuidEntityTransientNewEntitieReturnTrue" storage="d:\idev\inflexion2\01-framework\00-assemblies\debug\inflexion2.framework.testing.dll" id="8e4820fb-b11f-6f11-e59d-db0467de1040">
      <Execution id="6fb70df6-e317-460a-adc6-5833ab26f6f6" />
      <TestMethod codeBase="D:/IDev/Inflexion2/01-Framework/00-Assemblies/Debug/Inflexion2.Framework.Testing.DLL" adapterTypeName="Microsoft.VisualStudio.TestTools.TestTypes.Unit.UnitTestAdapter, Microsoft.VisualStudio.QualityTools.Tips.UnitTest.Adapter, Version=10.0.0.0, Culture=neutral, PublicKeyToken=b03f5f7f11d50a3a" className="Inflexion2.Testing.GuidEntityTransientTest, Inflexion2.Framework.Testing, Version=1.0.0.0, Culture=neutral, PublicKeyToken=null" name="GuidEntityTransientNewEntitieReturnTrue" />
    </UnitTest>
    <UnitTest name="IntEntityEqualsWithOneNullEntityReturnFalse" storage="d:\idev\inflexion2\01-framework\00-assemblies\debug\inflexion2.framework.testing.dll" id="ab5febae-4b86-5540-aa00-427d834f1128">
      <Execution id="eef639b8-bffb-4c1b-ac35-0e085bfb2164" />
      <TestMethod codeBase="D:/IDev/Inflexion2/01-Framework/00-Assemblies/Debug/Inflexion2.Framework.Testing.DLL" adapterTypeName="Microsoft.VisualStudio.TestTools.TestTypes.Unit.UnitTestAdapter, Microsoft.VisualStudio.QualityTools.Tips.UnitTest.Adapter, Version=10.0.0.0, Culture=neutral, PublicKeyToken=b03f5f7f11d50a3a" className="Inflexion2.Testing.IntEntityTransientTest, Inflexion2.Framework.Testing, Version=1.0.0.0, Culture=neutral, PublicKeyToken=null" name="IntEntityEqualsWithOneNullEntityReturnFalse" />
    </UnitTest>
    <UnitTest name="EqualsWithNestedValueObjectReturnTrue" storage="d:\idev\inflexion2\01-framework\00-assemblies\debug\inflexion2.framework.testing.dll" id="cfcea3e5-0964-8d2b-bd64-154d5273ea8f">
      <Execution id="3968d868-6cfa-4b7b-acef-4b32d7b6078b" />
      <TestMethod codeBase="D:/IDev/Inflexion2/01-Framework/00-Assemblies/Debug/Inflexion2.Framework.Testing.DLL" adapterTypeName="Microsoft.VisualStudio.TestTools.TestTypes.Unit.UnitTestAdapter, Microsoft.VisualStudio.QualityTools.Tips.UnitTest.Adapter, Version=10.0.0.0, Culture=neutral, PublicKeyToken=b03f5f7f11d50a3a" className="Inflexion2.Testing.EqualityValueObject, Inflexion2.Framework.Testing, Version=1.0.0.0, Culture=neutral, PublicKeyToken=null" name="EqualsWithNestedValueObjectReturnTrue" />
    </UnitTest>
    <UnitTest name="StringEqualsWithSameTransientEntitieReturnTrue" storage="d:\idev\inflexion2\01-framework\00-assemblies\debug\inflexion2.framework.testing.dll" id="f8a0681f-01a9-96fe-d3cb-5a7507e6aa1a">
      <Execution id="29134208-ae6e-4877-bb8d-0ae90fb2a7b1" />
      <TestMethod codeBase="D:/IDev/Inflexion2/01-Framework/00-Assemblies/Debug/Inflexion2.Framework.Testing.DLL" adapterTypeName="Microsoft.VisualStudio.TestTools.TestTypes.Unit.UnitTestAdapter, Microsoft.VisualStudio.QualityTools.Tips.UnitTest.Adapter, Version=10.0.0.0, Culture=neutral, PublicKeyToken=b03f5f7f11d50a3a" className="Inflexion2.Testing.StringEntityTransientTest, Inflexion2.Framework.Testing, Version=1.0.0.0, Culture=neutral, PublicKeyToken=null" name="StringEqualsWithSameTransientEntitieReturnTrue" />
    </UnitTest>
    <UnitTest name="IntEntityEqualsWithTwoSetedDifferentIdSameEntitiesTypeReturnFalse" storage="d:\idev\inflexion2\01-framework\00-assemblies\debug\inflexion2.framework.testing.dll" id="6d00cb18-6da1-8f1c-bc52-1100717fe9e3">
      <Execution id="e197e39a-e2c8-42d4-8ef7-4c9e40b84b68" />
      <TestMethod codeBase="D:/IDev/Inflexion2/01-Framework/00-Assemblies/Debug/Inflexion2.Framework.Testing.DLL" adapterTypeName="Microsoft.VisualStudio.TestTools.TestTypes.Unit.UnitTestAdapter, Microsoft.VisualStudio.QualityTools.Tips.UnitTest.Adapter, Version=10.0.0.0, Culture=neutral, PublicKeyToken=b03f5f7f11d50a3a" className="Inflexion2.Testing.EntityTransientTest, Inflexion2.Framework.Testing, Version=1.0.0.0, Culture=neutral, PublicKeyToken=null" name="IntEntityEqualsWithTwoSetedDifferentIdSameEntitiesTypeReturnFalse" />
    </UnitTest>
    <UnitTest name="EqualsWithTwoNullsEntitiesDifferentTypeReturnFalse" storage="d:\idev\inflexion2\01-framework\00-assemblies\debug\inflexion2.framework.testing.dll" id="b1a88be6-0573-6eb0-e0ba-a476ebddfcc3">
      <Execution id="1646d56e-9061-4ac8-afa0-df5238569d51" />
      <TestMethod codeBase="D:/IDev/Inflexion2/01-Framework/00-Assemblies/Debug/Inflexion2.Framework.Testing.DLL" adapterTypeName="Microsoft.VisualStudio.TestTools.TestTypes.Unit.UnitTestAdapter, Microsoft.VisualStudio.QualityTools.Tips.UnitTest.Adapter, Version=10.0.0.0, Culture=neutral, PublicKeyToken=b03f5f7f11d50a3a" className="Inflexion2.Testing.AuditableEntityTransientTest, Inflexion2.Framework.Testing, Version=1.0.0.0, Culture=neutral, PublicKeyToken=null" name="EqualsWithTwoNullsEntitiesDifferentTypeReturnFalse" />
    </UnitTest>
    <UnitTest name="IntEntityEqualsWithTwoSetedSameIdSameEntitiesTypeReturnFalse" storage="d:\idev\inflexion2\01-framework\00-assemblies\debug\inflexion2.framework.testing.dll" id="afa4d5fe-5adf-b232-4499-e60da535e51b">
      <Execution id="de72c2c8-33a6-4c12-a6e5-b49ac088418d" />
      <TestMethod codeBase="D:/IDev/Inflexion2/01-Framework/00-Assemblies/Debug/Inflexion2.Framework.Testing.DLL" adapterTypeName="Microsoft.VisualStudio.TestTools.TestTypes.Unit.UnitTestAdapter, Microsoft.VisualStudio.QualityTools.Tips.UnitTest.Adapter, Version=10.0.0.0, Culture=neutral, PublicKeyToken=b03f5f7f11d50a3a" className="Inflexion2.Testing.IntEntityTransientTest, Inflexion2.Framework.Testing, Version=1.0.0.0, Culture=neutral, PublicKeyToken=null" name="IntEntityEqualsWithTwoSetedSameIdSameEntitiesTypeReturnFalse" />
    </UnitTest>
    <UnitTest name="ValidatableEntityGuidEqualsWithOneNullEntityReturnFalse" storage="d:\idev\inflexion2\01-framework\00-assemblies\debug\inflexion2.framework.testing.dll" id="b53f3b4e-80dd-ada9-22f9-683ce813b819">
      <Execution id="83813b26-864b-410c-b2bf-b29812d897df" />
      <TestMethod codeBase="D:/IDev/Inflexion2/01-Framework/00-Assemblies/Debug/Inflexion2.Framework.Testing.DLL" adapterTypeName="Microsoft.VisualStudio.TestTools.TestTypes.Unit.UnitTestAdapter, Microsoft.VisualStudio.QualityTools.Tips.UnitTest.Adapter, Version=10.0.0.0, Culture=neutral, PublicKeyToken=b03f5f7f11d50a3a" className="Inflexion2.Testing.ValidatableEntityTransientTest, Inflexion2.Framework.Testing, Version=1.0.0.0, Culture=neutral, PublicKeyToken=null" name="ValidatableEntityGuidEqualsWithOneNullEntityReturnFalse" />
    </UnitTest>
    <UnitTest name="IntEntityEqualsWithTwoNullsEntitiesDifferentTypeReturnFalse" storage="d:\idev\inflexion2\01-framework\00-assemblies\debug\inflexion2.framework.testing.dll" id="b73c4168-36b3-829e-62df-12b0e1f8a7bd">
      <Execution id="2cc564ba-2295-4466-84af-f7822aa47845" />
      <TestMethod codeBase="D:/IDev/Inflexion2/01-Framework/00-Assemblies/Debug/Inflexion2.Framework.Testing.DLL" adapterTypeName="Microsoft.VisualStudio.TestTools.TestTypes.Unit.UnitTestAdapter, Microsoft.VisualStudio.QualityTools.Tips.UnitTest.Adapter, Version=10.0.0.0, Culture=neutral, PublicKeyToken=b03f5f7f11d50a3a" className="Inflexion2.Testing.IntEntityTransientTest, Inflexion2.Framework.Testing, Version=1.0.0.0, Culture=neutral, PublicKeyToken=null" name="IntEntityEqualsWithTwoNullsEntitiesDifferentTypeReturnFalse" />
    </UnitTest>
    <UnitTest name="IntEntityEqualsWithSameTransientEntitieReturnTrue" storage="d:\idev\inflexion2\01-framework\00-assemblies\debug\inflexion2.framework.testing.dll" id="df70d1db-0b89-8d5b-f3c3-11fdd92fed5b">
      <Execution id="4af3acd3-866a-4b11-b185-38b5a5d812da" />
      <TestMethod codeBase="D:/IDev/Inflexion2/01-Framework/00-Assemblies/Debug/Inflexion2.Framework.Testing.DLL" adapterTypeName="Microsoft.VisualStudio.TestTools.TestTypes.Unit.UnitTestAdapter, Microsoft.VisualStudio.QualityTools.Tips.UnitTest.Adapter, Version=10.0.0.0, Culture=neutral, PublicKeyToken=b03f5f7f11d50a3a" className="Inflexion2.Testing.EntityTransientTest, Inflexion2.Framework.Testing, Version=1.0.0.0, Culture=neutral, PublicKeyToken=null" name="IntEntityEqualsWithSameTransientEntitieReturnTrue" />
    </UnitTest>
    <UnitTest name="EqualsWithEqualsValueObjectsReturnTrue" storage="d:\idev\inflexion2\01-framework\00-assemblies\debug\inflexion2.framework.testing.dll" id="be2066fd-b436-06cd-97b4-c7078e10e0f4">
      <Execution id="b4d25318-d11f-4266-8c6b-9ae570268662" />
      <TestMethod codeBase="D:/IDev/Inflexion2/01-Framework/00-Assemblies/Debug/Inflexion2.Framework.Testing.DLL" adapterTypeName="Microsoft.VisualStudio.TestTools.TestTypes.Unit.UnitTestAdapter, Microsoft.VisualStudio.QualityTools.Tips.UnitTest.Adapter, Version=10.0.0.0, Culture=neutral, PublicKeyToken=b03f5f7f11d50a3a" className="Inflexion2.Testing.EqualityValueObject, Inflexion2.Framework.Testing, Version=1.0.0.0, Culture=neutral, PublicKeyToken=null" name="EqualsWithEqualsValueObjectsReturnTrue" />
    </UnitTest>
    <UnitTest name="IntEntityEqualsWithTwoSetedIdDifferentEntitiesTypeReturnFalse" storage="d:\idev\inflexion2\01-framework\00-assemblies\debug\inflexion2.framework.testing.dll" id="894519f8-9501-4713-6a4e-b58cdbc44ab0">
      <Execution id="4eeb5549-7197-4ca2-a792-13dd925c625e" />
      <TestMethod codeBase="D:/IDev/Inflexion2/01-Framework/00-Assemblies/Debug/Inflexion2.Framework.Testing.DLL" adapterTypeName="Microsoft.VisualStudio.TestTools.TestTypes.Unit.UnitTestAdapter, Microsoft.VisualStudio.QualityTools.Tips.UnitTest.Adapter, Version=10.0.0.0, Culture=neutral, PublicKeyToken=b03f5f7f11d50a3a" className="Inflexion2.Testing.IntEntityTransientTest, Inflexion2.Framework.Testing, Version=1.0.0.0, Culture=neutral, PublicKeyToken=null" name="IntEntityEqualsWithTwoSetedIdDifferentEntitiesTypeReturnFalse" />
    </UnitTest>
    <UnitTest name="EqualsWithTwoTransientEntitiesReturnFalse" storage="d:\idev\inflexion2\01-framework\00-assemblies\debug\inflexion2.framework.testing.dll" id="a5143e69-78bd-03a5-f82d-50e4014f386a">
      <Execution id="38ea88fa-180b-4b1d-b3ae-14704187cc5a" />
      <TestMethod codeBase="D:/IDev/Inflexion2/01-Framework/00-Assemblies/Debug/Inflexion2.Framework.Testing.DLL" adapterTypeName="Microsoft.VisualStudio.TestTools.TestTypes.Unit.UnitTestAdapter, Microsoft.VisualStudio.QualityTools.Tips.UnitTest.Adapter, Version=10.0.0.0, Culture=neutral, PublicKeyToken=b03f5f7f11d50a3a" className="Inflexion2.Testing.AuditableEntityTransientTest, Inflexion2.Framework.Testing, Version=1.0.0.0, Culture=neutral, PublicKeyToken=null" name="EqualsWithTwoTransientEntitiesReturnFalse" />
    </UnitTest>
    <UnitTest name="ValidatableEntityGuidEqualsWithSameTransientEntitieReturnTrue" storage="d:\idev\inflexion2\01-framework\00-assemblies\debug\inflexion2.framework.testing.dll" id="22a8b0cb-7a33-d352-b784-a1f8be065fd9">
      <Execution id="6d10d19b-ebf6-4915-b1ef-76937e9e245e" />
      <TestMethod codeBase="D:/IDev/Inflexion2/01-Framework/00-Assemblies/Debug/Inflexion2.Framework.Testing.DLL" adapterTypeName="Microsoft.VisualStudio.TestTools.TestTypes.Unit.UnitTestAdapter, Microsoft.VisualStudio.QualityTools.Tips.UnitTest.Adapter, Version=10.0.0.0, Culture=neutral, PublicKeyToken=b03f5f7f11d50a3a" className="Inflexion2.Testing.ValidatableEntityTransientTest, Inflexion2.Framework.Testing, Version=1.0.0.0, Culture=neutral, PublicKeyToken=null" name="ValidatableEntityGuidEqualsWithSameTransientEntitieReturnTrue" />
    </UnitTest>
    <UnitTest name="ValidatableEntityGuidEqualsWithTwoTransientEntitiesReturnFalse" storage="d:\idev\inflexion2\01-framework\00-assemblies\debug\inflexion2.framework.testing.dll" id="39038477-ba46-aac5-eb4c-721235e0936b">
      <Execution id="858c72d2-a7de-4331-85ec-84619c4ba40a" />
      <TestMethod codeBase="D:/IDev/Inflexion2/01-Framework/00-Assemblies/Debug/Inflexion2.Framework.Testing.DLL" adapterTypeName="Microsoft.VisualStudio.TestTools.TestTypes.Unit.UnitTestAdapter, Microsoft.VisualStudio.QualityTools.Tips.UnitTest.Adapter, Version=10.0.0.0, Culture=neutral, PublicKeyToken=b03f5f7f11d50a3a" className="Inflexion2.Testing.ValidatableEntityTransientTest, Inflexion2.Framework.Testing, Version=1.0.0.0, Culture=neutral, PublicKeyToken=null" name="ValidatableEntityGuidEqualsWithTwoTransientEntitiesReturnFalse" />
    </UnitTest>
    <UnitTest name="IntEntityEqualsWithTwoTransientEntitiesReturnFalse" storage="d:\idev\inflexion2\01-framework\00-assemblies\debug\inflexion2.framework.testing.dll" id="ef418061-d4c4-2027-28ba-907376548f88">
      <Execution id="a74735e9-858e-4306-898f-fc0ca4e73924" />
      <TestMethod codeBase="D:/IDev/Inflexion2/01-Framework/00-Assemblies/Debug/Inflexion2.Framework.Testing.DLL" adapterTypeName="Microsoft.VisualStudio.TestTools.TestTypes.Unit.UnitTestAdapter, Microsoft.VisualStudio.QualityTools.Tips.UnitTest.Adapter, Version=10.0.0.0, Culture=neutral, PublicKeyToken=b03f5f7f11d50a3a" className="Inflexion2.Testing.EntityTransientTest, Inflexion2.Framework.Testing, Version=1.0.0.0, Culture=neutral, PublicKeyToken=null" name="IntEntityEqualsWithTwoTransientEntitiesReturnFalse" />
    </UnitTest>
    <UnitTest name="EqualsWithOneNullEntityReturnFalse" storage="d:\idev\inflexion2\01-framework\00-assemblies\debug\inflexion2.framework.testing.dll" id="375ff3a2-2357-6f85-11f0-4fdbcfbe878c">
      <Execution id="6121c422-f755-4995-8525-f32d0ac0f215" />
      <TestMethod codeBase="D:/IDev/Inflexion2/01-Framework/00-Assemblies/Debug/Inflexion2.Framework.Testing.DLL" adapterTypeName="Microsoft.VisualStudio.TestTools.TestTypes.Unit.UnitTestAdapter, Microsoft.VisualStudio.QualityTools.Tips.UnitTest.Adapter, Version=10.0.0.0, Culture=neutral, PublicKeyToken=b03f5f7f11d50a3a" className="Inflexion2.Testing.AuditableEntityTransientTest, Inflexion2.Framework.Testing, Version=1.0.0.0, Culture=neutral, PublicKeyToken=null" name="EqualsWithOneNullEntityReturnFalse" />
    </UnitTest>
    <UnitTest name="IntEntityEqualsWithTwoNullsEntitiesSameTypeReturnTrue" storage="d:\idev\inflexion2\01-framework\00-assemblies\debug\inflexion2.framework.testing.dll" id="1bdcb6c4-49ec-3cfb-4e22-c65e484a2116">
      <Execution id="1a357b7a-b5d5-4cb3-8231-bd63ef6922fa" />
      <TestMethod codeBase="D:/IDev/Inflexion2/01-Framework/00-Assemblies/Debug/Inflexion2.Framework.Testing.DLL" adapterTypeName="Microsoft.VisualStudio.TestTools.TestTypes.Unit.UnitTestAdapter, Microsoft.VisualStudio.QualityTools.Tips.UnitTest.Adapter, Version=10.0.0.0, Culture=neutral, PublicKeyToken=b03f5f7f11d50a3a" className="Inflexion2.Testing.IntEntityTransientTest, Inflexion2.Framework.Testing, Version=1.0.0.0, Culture=neutral, PublicKeyToken=null" name="IntEntityEqualsWithTwoNullsEntitiesSameTypeReturnTrue" />
    </UnitTest>
    <UnitTest name="EqualsWithNestedDifferentValueObjectReturnFalse" storage="d:\idev\inflexion2\01-framework\00-assemblies\debug\inflexion2.framework.testing.dll" id="8ce58482-7d3e-3e19-80e5-4b965e8f5059">
      <Execution id="efbf05f7-a7a1-4582-809b-60d3062d1206" />
      <TestMethod codeBase="D:/IDev/Inflexion2/01-Framework/00-Assemblies/Debug/Inflexion2.Framework.Testing.DLL" adapterTypeName="Microsoft.VisualStudio.TestTools.TestTypes.Unit.UnitTestAdapter, Microsoft.VisualStudio.QualityTools.Tips.UnitTest.Adapter, Version=10.0.0.0, Culture=neutral, PublicKeyToken=b03f5f7f11d50a3a" className="Inflexion2.Testing.EqualityValueObject, Inflexion2.Framework.Testing, Version=1.0.0.0, Culture=neutral, PublicKeyToken=null" name="EqualsWithNestedDifferentValueObjectReturnFalse" />
    </UnitTest>
    <UnitTest name="EqualsWithEmptyValueObjectsReturnTrue" storage="d:\idev\inflexion2\01-framework\00-assemblies\debug\inflexion2.framework.testing.dll" id="c4b00738-bd81-d4dd-934a-1f8ce1e5a004">
      <Execution id="cdecbbd8-fa8a-4480-8f44-2cfd9b46fb7e" />
      <TestMethod codeBase="D:/IDev/Inflexion2/01-Framework/00-Assemblies/Debug/Inflexion2.Framework.Testing.DLL" adapterTypeName="Microsoft.VisualStudio.TestTools.TestTypes.Unit.UnitTestAdapter, Microsoft.VisualStudio.QualityTools.Tips.UnitTest.Adapter, Version=10.0.0.0, Culture=neutral, PublicKeyToken=b03f5f7f11d50a3a" className="Inflexion2.Testing.EqualityValueObject, Inflexion2.Framework.Testing, Version=1.0.0.0, Culture=neutral, PublicKeyToken=null" name="EqualsWithEmptyValueObjectsReturnTrue" />
    </UnitTest>
    <UnitTest name="StringEqualsWithTwoNullsEntitiesSameTypeReturnTrue" storage="d:\idev\inflexion2\01-framework\00-assemblies\debug\inflexion2.framework.testing.dll" id="4ccbac64-6d99-8651-0e4e-7a94ce86ca89">
      <Execution id="bd2d3de4-f10a-411d-b8ec-4fc1617971e6" />
      <TestMethod codeBase="D:/IDev/Inflexion2/01-Framework/00-Assemblies/Debug/Inflexion2.Framework.Testing.DLL" adapterTypeName="Microsoft.VisualStudio.TestTools.TestTypes.Unit.UnitTestAdapter, Microsoft.VisualStudio.QualityTools.Tips.UnitTest.Adapter, Version=10.0.0.0, Culture=neutral, PublicKeyToken=b03f5f7f11d50a3a" className="Inflexion2.Testing.StringEntityTransientTest, Inflexion2.Framework.Testing, Version=1.0.0.0, Culture=neutral, PublicKeyToken=null" name="StringEqualsWithTwoNullsEntitiesSameTypeReturnTrue" />
    </UnitTest>
    <UnitTest name="EqualsWithTwoNullsValueObjectsReturnTrue" storage="d:\idev\inflexion2\01-framework\00-assemblies\debug\inflexion2.framework.testing.dll" id="ed5ca231-a40d-1e94-d8cf-62620be065b2">
      <Execution id="edf6fbfc-8acf-4808-9f0f-da37944f2d9f" />
      <TestMethod codeBase="D:/IDev/Inflexion2/01-Framework/00-Assemblies/Debug/Inflexion2.Framework.Testing.DLL" adapterTypeName="Microsoft.VisualStudio.TestTools.TestTypes.Unit.UnitTestAdapter, Microsoft.VisualStudio.QualityTools.Tips.UnitTest.Adapter, Version=10.0.0.0, Culture=neutral, PublicKeyToken=b03f5f7f11d50a3a" className="Inflexion2.Testing.EqualityValueObject, Inflexion2.Framework.Testing, Version=1.0.0.0, Culture=neutral, PublicKeyToken=null" name="EqualsWithTwoNullsValueObjectsReturnTrue" />
    </UnitTest>
    <UnitTest name="EqualsWithTwoNullsEntitiesSameTypeReturnTrue" storage="d:\idev\inflexion2\01-framework\00-assemblies\debug\inflexion2.framework.testing.dll" id="17042057-7aeb-7c30-7303-5d1a8e9e0592">
      <Execution id="f19fb422-519b-464d-a35c-d591979c6be9" />
      <TestMethod codeBase="D:/IDev/Inflexion2/01-Framework/00-Assemblies/Debug/Inflexion2.Framework.Testing.DLL" adapterTypeName="Microsoft.VisualStudio.TestTools.TestTypes.Unit.UnitTestAdapter, Microsoft.VisualStudio.QualityTools.Tips.UnitTest.Adapter, Version=10.0.0.0, Culture=neutral, PublicKeyToken=b03f5f7f11d50a3a" className="Inflexion2.Testing.AuditableEntityTransientTest, Inflexion2.Framework.Testing, Version=1.0.0.0, Culture=neutral, PublicKeyToken=null" name="EqualsWithTwoNullsEntitiesSameTypeReturnTrue" />
    </UnitTest>
    <UnitTest name="IntEntityEqualsWithTwoSetedSameIdSameEntitiesTypeReturnTrue" storage="d:\idev\inflexion2\01-framework\00-assemblies\debug\inflexion2.framework.testing.dll" id="d41c1e27-6b39-94e3-749b-182cbe402f7f">
      <Execution id="6fc97b0e-7304-4d21-820f-7977e9eb5860" />
      <TestMethod codeBase="D:/IDev/Inflexion2/01-Framework/00-Assemblies/Debug/Inflexion2.Framework.Testing.DLL" adapterTypeName="Microsoft.VisualStudio.TestTools.TestTypes.Unit.UnitTestAdapter, Microsoft.VisualStudio.QualityTools.Tips.UnitTest.Adapter, Version=10.0.0.0, Culture=neutral, PublicKeyToken=b03f5f7f11d50a3a" className="Inflexion2.Testing.EntityTransientTest, Inflexion2.Framework.Testing, Version=1.0.0.0, Culture=neutral, PublicKeyToken=null" name="IntEntityEqualsWithTwoSetedSameIdSameEntitiesTypeReturnTrue" />
    </UnitTest>
    <UnitTest name="StringEqualsWithTwoTransientEntitiesReturnFalse" storage="d:\idev\inflexion2\01-framework\00-assemblies\debug\inflexion2.framework.testing.dll" id="4d2dabf7-6001-0f95-8269-92c41508bd3d">
      <Execution id="d94e45c6-60c3-438f-a3bc-418cffc33b46" />
      <TestMethod codeBase="D:/IDev/Inflexion2/01-Framework/00-Assemblies/Debug/Inflexion2.Framework.Testing.DLL" adapterTypeName="Microsoft.VisualStudio.TestTools.TestTypes.Unit.UnitTestAdapter, Microsoft.VisualStudio.QualityTools.Tips.UnitTest.Adapter, Version=10.0.0.0, Culture=neutral, PublicKeyToken=b03f5f7f11d50a3a" className="Inflexion2.Testing.StringEntityTransientTest, Inflexion2.Framework.Testing, Version=1.0.0.0, Culture=neutral, PublicKeyToken=null" name="StringEqualsWithTwoTransientEntitiesReturnFalse" />
    </UnitTest>
    <UnitTest name="EqualsWithSameTransientEntitieReturnTrue" storage="d:\idev\inflexion2\01-framework\00-assemblies\debug\inflexion2.framework.testing.dll" id="274f79cb-044b-0e7e-9f9e-4afbcabf33e2">
      <Execution id="c7ea3076-95e9-41cd-845e-9d752ea79ff5" />
      <TestMethod codeBase="D:/IDev/Inflexion2/01-Framework/00-Assemblies/Debug/Inflexion2.Framework.Testing.DLL" adapterTypeName="Microsoft.VisualStudio.TestTools.TestTypes.Unit.UnitTestAdapter, Microsoft.VisualStudio.QualityTools.Tips.UnitTest.Adapter, Version=10.0.0.0, Culture=neutral, PublicKeyToken=b03f5f7f11d50a3a" className="Inflexion2.Testing.AuditableEntityTransientTest, Inflexion2.Framework.Testing, Version=1.0.0.0, Culture=neutral, PublicKeyToken=null" name="EqualsWithSameTransientEntitieReturnTrue" />
    </UnitTest>
    <UnitTest name="IntEntityTransientNewEntitieReturnTrue" storage="d:\idev\inflexion2\01-framework\00-assemblies\debug\inflexion2.framework.testing.dll" id="cf73ad5c-bdd1-7dfc-d924-ad996d77b595">
      <Execution id="36508718-fd0e-49fc-b543-7615a3f240c6" />
      <TestMethod codeBase="D:/IDev/Inflexion2/01-Framework/00-Assemblies/Debug/Inflexion2.Framework.Testing.DLL" adapterTypeName="Microsoft.VisualStudio.TestTools.TestTypes.Unit.UnitTestAdapter, Microsoft.VisualStudio.QualityTools.Tips.UnitTest.Adapter, Version=10.0.0.0, Culture=neutral, PublicKeyToken=b03f5f7f11d50a3a" className="Inflexion2.Testing.AuditableEntityTransientTest, Inflexion2.Framework.Testing, Version=1.0.0.0, Culture=neutral, PublicKeyToken=null" name="IntEntityTransientNewEntitieReturnTrue" />
    </UnitTest>
    <UnitTest name="IntEntityEqualsWithTwoNullsEntitiesSameTypeReturnTrue" storage="d:\idev\inflexion2\01-framework\00-assemblies\debug\inflexion2.framework.testing.dll" id="d72373c0-a703-cca6-215c-a78aa85313eb">
      <Execution id="3d2d58d4-3c95-4bc0-932c-b72f43be84f2" />
      <TestMethod codeBase="D:/IDev/Inflexion2/01-Framework/00-Assemblies/Debug/Inflexion2.Framework.Testing.DLL" adapterTypeName="Microsoft.VisualStudio.TestTools.TestTypes.Unit.UnitTestAdapter, Microsoft.VisualStudio.QualityTools.Tips.UnitTest.Adapter, Version=10.0.0.0, Culture=neutral, PublicKeyToken=b03f5f7f11d50a3a" className="Inflexion2.Testing.EntityTransientTest, Inflexion2.Framework.Testing, Version=1.0.0.0, Culture=neutral, PublicKeyToken=null" name="IntEntityEqualsWithTwoNullsEntitiesSameTypeReturnTrue" />
    </UnitTest>
    <UnitTest name="GuidEntityEqualsWithTwoTransientEntitiesReturnFalse" storage="d:\idev\inflexion2\01-framework\00-assemblies\debug\inflexion2.framework.testing.dll" id="66b79ba3-ccdf-a017-5e08-1702c7c38084">
      <Execution id="e6197306-8145-48cb-85c2-73712c998eb4" />
      <TestMethod codeBase="D:/IDev/Inflexion2/01-Framework/00-Assemblies/Debug/Inflexion2.Framework.Testing.DLL" adapterTypeName="Microsoft.VisualStudio.TestTools.TestTypes.Unit.UnitTestAdapter, Microsoft.VisualStudio.QualityTools.Tips.UnitTest.Adapter, Version=10.0.0.0, Culture=neutral, PublicKeyToken=b03f5f7f11d50a3a" className="Inflexion2.Testing.GuidEntityTransientTest, Inflexion2.Framework.Testing, Version=1.0.0.0, Culture=neutral, PublicKeyToken=null" name="GuidEntityEqualsWithTwoTransientEntitiesReturnFalse" />
    </UnitTest>
    <UnitTest name="GuidEntityEqualsWithTwoNullsEntitiesSameTypeReturnTrue" storage="d:\idev\inflexion2\01-framework\00-assemblies\debug\inflexion2.framework.testing.dll" id="b6e2ea1d-beee-09a0-2102-a1602abebdcc">
      <Execution id="ea4f199f-f302-4da8-a726-9dabced622e5" />
      <TestMethod codeBase="D:/IDev/Inflexion2/01-Framework/00-Assemblies/Debug/Inflexion2.Framework.Testing.DLL" adapterTypeName="Microsoft.VisualStudio.TestTools.TestTypes.Unit.UnitTestAdapter, Microsoft.VisualStudio.QualityTools.Tips.UnitTest.Adapter, Version=10.0.0.0, Culture=neutral, PublicKeyToken=b03f5f7f11d50a3a" className="Inflexion2.Testing.GuidEntityTransientTest, Inflexion2.Framework.Testing, Version=1.0.0.0, Culture=neutral, PublicKeyToken=null" name="GuidEntityEqualsWithTwoNullsEntitiesSameTypeReturnTrue" />
    </UnitTest>
    <UnitTest name="StringEqualsWithTwoNullsEntitiesDifferentTypeReturnFalse" storage="d:\idev\inflexion2\01-framework\00-assemblies\debug\inflexion2.framework.testing.dll" id="3dc9c38f-ffcf-b4ec-4950-2951ba76f7d8">
      <Execution id="34318cfc-85fd-4c51-bea9-ea4dc5a766bf" />
      <TestMethod codeBase="D:/IDev/Inflexion2/01-Framework/00-Assemblies/Debug/Inflexion2.Framework.Testing.DLL" adapterTypeName="Microsoft.VisualStudio.TestTools.TestTypes.Unit.UnitTestAdapter, Microsoft.VisualStudio.QualityTools.Tips.UnitTest.Adapter, Version=10.0.0.0, Culture=neutral, PublicKeyToken=b03f5f7f11d50a3a" className="Inflexion2.Testing.StringEntityTransientTest, Inflexion2.Framework.Testing, Version=1.0.0.0, Culture=neutral, PublicKeyToken=null" name="StringEqualsWithTwoNullsEntitiesDifferentTypeReturnFalse" />
    </UnitTest>
    <UnitTest name="IntEntityEqualsWithTwoTransientEntitiesReturnFalse" storage="d:\idev\inflexion2\01-framework\00-assemblies\debug\inflexion2.framework.testing.dll" id="87242a29-3fd9-012d-ce10-c41ae5a4acc4">
      <Execution id="62b9cd7a-3784-4b67-8b7a-8553576f0db0" />
      <TestMethod codeBase="D:/IDev/Inflexion2/01-Framework/00-Assemblies/Debug/Inflexion2.Framework.Testing.DLL" adapterTypeName="Microsoft.VisualStudio.TestTools.TestTypes.Unit.UnitTestAdapter, Microsoft.VisualStudio.QualityTools.Tips.UnitTest.Adapter, Version=10.0.0.0, Culture=neutral, PublicKeyToken=b03f5f7f11d50a3a" className="Inflexion2.Testing.IntEntityTransientTest, Inflexion2.Framework.Testing, Version=1.0.0.0, Culture=neutral, PublicKeyToken=null" name="IntEntityEqualsWithTwoTransientEntitiesReturnFalse" />
    </UnitTest>
    <UnitTest name="GuidEntityEqualsWithSameTransientEntitieReturnTrue" storage="d:\idev\inflexion2\01-framework\00-assemblies\debug\inflexion2.framework.testing.dll" id="b202aa4d-65bf-bc8d-820d-b2b2651d5544">
      <Execution id="11be4dff-303e-4e80-a4f8-6f263e0d1f93" />
      <TestMethod codeBase="D:/IDev/Inflexion2/01-Framework/00-Assemblies/Debug/Inflexion2.Framework.Testing.DLL" adapterTypeName="Microsoft.VisualStudio.TestTools.TestTypes.Unit.UnitTestAdapter, Microsoft.VisualStudio.QualityTools.Tips.UnitTest.Adapter, Version=10.0.0.0, Culture=neutral, PublicKeyToken=b03f5f7f11d50a3a" className="Inflexion2.Testing.GuidEntityTransientTest, Inflexion2.Framework.Testing, Version=1.0.0.0, Culture=neutral, PublicKeyToken=null" name="GuidEntityEqualsWithSameTransientEntitieReturnTrue" />
    </UnitTest>
    <UnitTest name="EqualsWithOneDifferentPropertyReturnFalse" storage="d:\idev\inflexion2\01-framework\00-assemblies\debug\inflexion2.framework.testing.dll" id="f1db9089-b01e-e5ce-8721-8284d6363de2">
      <Execution id="2f855467-efe5-46d7-bed8-e9e15a7964ac" />
      <TestMethod codeBase="D:/IDev/Inflexion2/01-Framework/00-Assemblies/Debug/Inflexion2.Framework.Testing.DLL" adapterTypeName="Microsoft.VisualStudio.TestTools.TestTypes.Unit.UnitTestAdapter, Microsoft.VisualStudio.QualityTools.Tips.UnitTest.Adapter, Version=10.0.0.0, Culture=neutral, PublicKeyToken=b03f5f7f11d50a3a" className="Inflexion2.Testing.EqualityValueObject, Inflexion2.Framework.Testing, Version=1.0.0.0, Culture=neutral, PublicKeyToken=null" name="EqualsWithOneDifferentPropertyReturnFalse" />
    </UnitTest>
    <UnitTest name="ValidatableEntityGuidEqualsWithTwoNullsEntitiesSameTypeReturnTrue" storage="d:\idev\inflexion2\01-framework\00-assemblies\debug\inflexion2.framework.testing.dll" id="982f7fbb-ba3f-33fd-9fa4-3f5b26be6e74">
      <Execution id="ecece384-e2c5-47d7-b99a-253debab6e19" />
      <TestMethod codeBase="D:/IDev/Inflexion2/01-Framework/00-Assemblies/Debug/Inflexion2.Framework.Testing.DLL" adapterTypeName="Microsoft.VisualStudio.TestTools.TestTypes.Unit.UnitTestAdapter, Microsoft.VisualStudio.QualityTools.Tips.UnitTest.Adapter, Version=10.0.0.0, Culture=neutral, PublicKeyToken=b03f5f7f11d50a3a" className="Inflexion2.Testing.ValidatableEntityTransientTest, Inflexion2.Framework.Testing, Version=1.0.0.0, Culture=neutral, PublicKeyToken=null" name="ValidatableEntityGuidEqualsWithTwoNullsEntitiesSameTypeReturnTrue" />
    </UnitTest>
    <UnitTest name="IntEntityEqualsWithTwoSetedIdDifferentEntitiesTypeReturnFalse" storage="d:\idev\inflexion2\01-framework\00-assemblies\debug\inflexion2.framework.testing.dll" id="8cdf0b73-2a1d-fb4d-b0bf-87142530870b">
      <Execution id="a42b97d1-e50b-4fac-be6c-371e897c60b6" />
      <TestMethod codeBase="D:/IDev/Inflexion2/01-Framework/00-Assemblies/Debug/Inflexion2.Framework.Testing.DLL" adapterTypeName="Microsoft.VisualStudio.TestTools.TestTypes.Unit.UnitTestAdapter, Microsoft.VisualStudio.QualityTools.Tips.UnitTest.Adapter, Version=10.0.0.0, Culture=neutral, PublicKeyToken=b03f5f7f11d50a3a" className="Inflexion2.Testing.EntityTransientTest, Inflexion2.Framework.Testing, Version=1.0.0.0, Culture=neutral, PublicKeyToken=null" name="IntEntityEqualsWithTwoSetedIdDifferentEntitiesTypeReturnFalse" />
    </UnitTest>
    <UnitTest name="StringEqualsWithOneNullEntityReturnFalse" storage="d:\idev\inflexion2\01-framework\00-assemblies\debug\inflexion2.framework.testing.dll" id="ea0a69ac-2bb3-b9d1-b8f7-0e625a29c014">
      <Execution id="42ec20e5-da06-4758-85c0-02c75e9e7f4b" />
      <TestMethod codeBase="D:/IDev/Inflexion2/01-Framework/00-Assemblies/Debug/Inflexion2.Framework.Testing.DLL" adapterTypeName="Microsoft.VisualStudio.TestTools.TestTypes.Unit.UnitTestAdapter, Microsoft.VisualStudio.QualityTools.Tips.UnitTest.Adapter, Version=10.0.0.0, Culture=neutral, PublicKeyToken=b03f5f7f11d50a3a" className="Inflexion2.Testing.StringEntityTransientTest, Inflexion2.Framework.Testing, Version=1.0.0.0, Culture=neutral, PublicKeyToken=null" name="StringEqualsWithOneNullEntityReturnFalse" />
    </UnitTest>
    <UnitTest name="IntEntityEqualsWithSameEntityReturnTrue" storage="d:\idev\inflexion2\01-framework\00-assemblies\debug\inflexion2.framework.testing.dll" id="2121912b-f77f-3ef3-ff35-d1ecd70b7034">
      <Execution id="95c75a63-6f5d-4567-b544-d4d7525b442c" />
      <TestMethod codeBase="D:/IDev/Inflexion2/01-Framework/00-Assemblies/Debug/Inflexion2.Framework.Testing.DLL" adapterTypeName="Microsoft.VisualStudio.TestTools.TestTypes.Unit.UnitTestAdapter, Microsoft.VisualStudio.QualityTools.Tips.UnitTest.Adapter, Version=10.0.0.0, Culture=neutral, PublicKeyToken=b03f5f7f11d50a3a" className="Inflexion2.Testing.IntEntityTransientTest, Inflexion2.Framework.Testing, Version=1.0.0.0, Culture=neutral, PublicKeyToken=null" name="IntEntityEqualsWithSameEntityReturnTrue" />
    </UnitTest>
    <UnitTest name="IntEntityEqualsWithTwoSetedDifferentIdSameEntitiesTypeReturnFalse" storage="d:\idev\inflexion2\01-framework\00-assemblies\debug\inflexion2.framework.testing.dll" id="4c4642c9-c98c-8343-d168-c0f2b8c7b2e7">
      <Execution id="2c8fb4e9-c0e3-4f33-8cec-2d5027e81cbe" />
      <TestMethod codeBase="D:/IDev/Inflexion2/01-Framework/00-Assemblies/Debug/Inflexion2.Framework.Testing.DLL" adapterTypeName="Microsoft.VisualStudio.TestTools.TestTypes.Unit.UnitTestAdapter, Microsoft.VisualStudio.QualityTools.Tips.UnitTest.Adapter, Version=10.0.0.0, Culture=neutral, PublicKeyToken=b03f5f7f11d50a3a" className="Inflexion2.Testing.IntEntityTransientTest, Inflexion2.Framework.Testing, Version=1.0.0.0, Culture=neutral, PublicKeyToken=null" name="IntEntityEqualsWithTwoSetedDifferentIdSameEntitiesTypeReturnFalse" />
    </UnitTest>
    <UnitTest name="IntEntityEqualsWithOneNullEntityReturnFalse" storage="d:\idev\inflexion2\01-framework\00-assemblies\debug\inflexion2.framework.testing.dll" id="28cecd14-0281-33e2-220d-430cb0b76324">
      <Execution id="02d927a9-16c3-4927-9ae0-3a5413aef526" />
      <TestMethod codeBase="D:/IDev/Inflexion2/01-Framework/00-Assemblies/Debug/Inflexion2.Framework.Testing.DLL" adapterTypeName="Microsoft.VisualStudio.TestTools.TestTypes.Unit.UnitTestAdapter, Microsoft.VisualStudio.QualityTools.Tips.UnitTest.Adapter, Version=10.0.0.0, Culture=neutral, PublicKeyToken=b03f5f7f11d50a3a" className="Inflexion2.Testing.EntityTransientTest, Inflexion2.Framework.Testing, Version=1.0.0.0, Culture=neutral, PublicKeyToken=null" name="IntEntityEqualsWithOneNullEntityReturnFalse" />
    </UnitTest>
    <UnitTest name="ValidatableEntityGuidEqualsWithTwoNullsEntitiesDifferentTypeReturnFalse" storage="d:\idev\inflexion2\01-framework\00-assemblies\debug\inflexion2.framework.testing.dll" id="861bbbdf-9e17-619d-89af-8b7fa4a205e7">
      <Execution id="06acc7b4-52cc-4d0f-b717-53a22fc733c5" />
      <TestMethod codeBase="D:/IDev/Inflexion2/01-Framework/00-Assemblies/Debug/Inflexion2.Framework.Testing.DLL" adapterTypeName="Microsoft.VisualStudio.TestTools.TestTypes.Unit.UnitTestAdapter, Microsoft.VisualStudio.QualityTools.Tips.UnitTest.Adapter, Version=10.0.0.0, Culture=neutral, PublicKeyToken=b03f5f7f11d50a3a" className="Inflexion2.Testing.ValidatableEntityTransientTest, Inflexion2.Framework.Testing, Version=1.0.0.0, Culture=neutral, PublicKeyToken=null" name="ValidatableEntityGuidEqualsWithTwoNullsEntitiesDifferentTypeReturnFalse" />
    </UnitTest>
    <UnitTest name="GuidEntityEqualsWithTwoNullsEntitiesDifferentTypeReturnFalse" storage="d:\idev\inflexion2\01-framework\00-assemblies\debug\inflexion2.framework.testing.dll" id="a5173249-e457-2bae-6188-e07755a468f1">
      <Execution id="f5f419ab-1f1e-4d7a-b10f-61c58dcbd4df" />
      <TestMethod codeBase="D:/IDev/Inflexion2/01-Framework/00-Assemblies/Debug/Inflexion2.Framework.Testing.DLL" adapterTypeName="Microsoft.VisualStudio.TestTools.TestTypes.Unit.UnitTestAdapter, Microsoft.VisualStudio.QualityTools.Tips.UnitTest.Adapter, Version=10.0.0.0, Culture=neutral, PublicKeyToken=b03f5f7f11d50a3a" className="Inflexion2.Testing.GuidEntityTransientTest, Inflexion2.Framework.Testing, Version=1.0.0.0, Culture=neutral, PublicKeyToken=null" name="GuidEntityEqualsWithTwoNullsEntitiesDifferentTypeReturnFalse" />
    </UnitTest>
    <UnitTest name="EqualsWithOneNullValueObjectReturnFalse" storage="d:\idev\inflexion2\01-framework\00-assemblies\debug\inflexion2.framework.testing.dll" id="9d14cf3b-400a-419e-62e5-56cdb51cd8d7">
      <Execution id="1800155f-8eda-492d-85bd-9505bd90d6e0" />
      <TestMethod codeBase="D:/IDev/Inflexion2/01-Framework/00-Assemblies/Debug/Inflexion2.Framework.Testing.DLL" adapterTypeName="Microsoft.VisualStudio.TestTools.TestTypes.Unit.UnitTestAdapter, Microsoft.VisualStudio.QualityTools.Tips.UnitTest.Adapter, Version=10.0.0.0, Culture=neutral, PublicKeyToken=b03f5f7f11d50a3a" className="Inflexion2.Testing.EqualityValueObject, Inflexion2.Framework.Testing, Version=1.0.0.0, Culture=neutral, PublicKeyToken=null" name="EqualsWithOneNullValueObjectReturnFalse" />
    </UnitTest>
    <UnitTest name="IntEntityTransientNewEntitieReturnTrue" storage="d:\idev\inflexion2\01-framework\00-assemblies\debug\inflexion2.framework.testing.dll" id="ecb2ec12-6d55-4737-3f23-78b2cd9e5a1c">
      <Execution id="c94777e4-0803-4d41-8e0c-717027412b48" />
      <TestMethod codeBase="D:/IDev/Inflexion2/01-Framework/00-Assemblies/Debug/Inflexion2.Framework.Testing.DLL" adapterTypeName="Microsoft.VisualStudio.TestTools.TestTypes.Unit.UnitTestAdapter, Microsoft.VisualStudio.QualityTools.Tips.UnitTest.Adapter, Version=10.0.0.0, Culture=neutral, PublicKeyToken=b03f5f7f11d50a3a" className="Inflexion2.Testing.EntityTransientTest, Inflexion2.Framework.Testing, Version=1.0.0.0, Culture=neutral, PublicKeyToken=null" name="IntEntityTransientNewEntitieReturnTrue" />
    </UnitTest>
  </TestDefinitions>
  <TestLists>
    <TestList name="Results Not in a List" id="8c84fa94-04c1-424b-9868-57a2d4851a1d" />
    <TestList name="All Loaded Results" id="19431567-8539-422a-85d7-44ee4e166bda" />
  </TestLists>
  <TestEntries>
    <TestEntry testId="17042057-7aeb-7c30-7303-5d1a8e9e0592" executionId="f19fb422-519b-464d-a35c-d591979c6be9" testListId="8c84fa94-04c1-424b-9868-57a2d4851a1d" />
    <TestEntry testId="1bdcb6c4-49ec-3cfb-4e22-c65e484a2116" executionId="1a357b7a-b5d5-4cb3-8231-bd63ef6922fa" testListId="8c84fa94-04c1-424b-9868-57a2d4851a1d" />
    <TestEntry testId="2121912b-f77f-3ef3-ff35-d1ecd70b7034" executionId="95c75a63-6f5d-4567-b544-d4d7525b442c" testListId="8c84fa94-04c1-424b-9868-57a2d4851a1d" />
    <TestEntry testId="22a8b0cb-7a33-d352-b784-a1f8be065fd9" executionId="6d10d19b-ebf6-4915-b1ef-76937e9e245e" testListId="8c84fa94-04c1-424b-9868-57a2d4851a1d" />
    <TestEntry testId="274f79cb-044b-0e7e-9f9e-4afbcabf33e2" executionId="c7ea3076-95e9-41cd-845e-9d752ea79ff5" testListId="8c84fa94-04c1-424b-9868-57a2d4851a1d" />
    <TestEntry testId="28cecd14-0281-33e2-220d-430cb0b76324" executionId="02d927a9-16c3-4927-9ae0-3a5413aef526" testListId="8c84fa94-04c1-424b-9868-57a2d4851a1d" />
    <TestEntry testId="375ff3a2-2357-6f85-11f0-4fdbcfbe878c" executionId="6121c422-f755-4995-8525-f32d0ac0f215" testListId="8c84fa94-04c1-424b-9868-57a2d4851a1d" />
    <TestEntry testId="39038477-ba46-aac5-eb4c-721235e0936b" executionId="858c72d2-a7de-4331-85ec-84619c4ba40a" testListId="8c84fa94-04c1-424b-9868-57a2d4851a1d" />
    <TestEntry testId="3dc9c38f-ffcf-b4ec-4950-2951ba76f7d8" executionId="34318cfc-85fd-4c51-bea9-ea4dc5a766bf" testListId="8c84fa94-04c1-424b-9868-57a2d4851a1d" />
    <TestEntry testId="4c4642c9-c98c-8343-d168-c0f2b8c7b2e7" executionId="2c8fb4e9-c0e3-4f33-8cec-2d5027e81cbe" testListId="8c84fa94-04c1-424b-9868-57a2d4851a1d" />
    <TestEntry testId="4ccbac64-6d99-8651-0e4e-7a94ce86ca89" executionId="bd2d3de4-f10a-411d-b8ec-4fc1617971e6" testListId="8c84fa94-04c1-424b-9868-57a2d4851a1d" />
    <TestEntry testId="4d2dabf7-6001-0f95-8269-92c41508bd3d" executionId="d94e45c6-60c3-438f-a3bc-418cffc33b46" testListId="8c84fa94-04c1-424b-9868-57a2d4851a1d" />
    <TestEntry testId="55745a3e-cb76-ce47-5e1c-cb4863c8cc88" executionId="e004b442-f476-4dd3-90c5-4527ef9d4d46" testListId="8c84fa94-04c1-424b-9868-57a2d4851a1d" />
    <TestEntry testId="5c01ed2f-cfa6-faf5-80ee-7526386e5bcb" executionId="1c7ae66a-84db-4145-a4d2-bde48fe1c464" testListId="8c84fa94-04c1-424b-9868-57a2d4851a1d" />
    <TestEntry testId="5e48c4a4-9c69-9469-0648-a457e4f881b1" executionId="47cc2053-7e1f-41a8-b0de-17e0bfb19298" testListId="8c84fa94-04c1-424b-9868-57a2d4851a1d" />
    <TestEntry testId="66b79ba3-ccdf-a017-5e08-1702c7c38084" executionId="e6197306-8145-48cb-85c2-73712c998eb4" testListId="8c84fa94-04c1-424b-9868-57a2d4851a1d" />
    <TestEntry testId="6d00cb18-6da1-8f1c-bc52-1100717fe9e3" executionId="e197e39a-e2c8-42d4-8ef7-4c9e40b84b68" testListId="8c84fa94-04c1-424b-9868-57a2d4851a1d" />
    <TestEntry testId="861bbbdf-9e17-619d-89af-8b7fa4a205e7" executionId="06acc7b4-52cc-4d0f-b717-53a22fc733c5" testListId="8c84fa94-04c1-424b-9868-57a2d4851a1d" />
    <TestEntry testId="87242a29-3fd9-012d-ce10-c41ae5a4acc4" executionId="62b9cd7a-3784-4b67-8b7a-8553576f0db0" testListId="8c84fa94-04c1-424b-9868-57a2d4851a1d" />
    <TestEntry testId="894519f8-9501-4713-6a4e-b58cdbc44ab0" executionId="4eeb5549-7197-4ca2-a792-13dd925c625e" testListId="8c84fa94-04c1-424b-9868-57a2d4851a1d" />
    <TestEntry testId="8cdf0b73-2a1d-fb4d-b0bf-87142530870b" executionId="a42b97d1-e50b-4fac-be6c-371e897c60b6" testListId="8c84fa94-04c1-424b-9868-57a2d4851a1d" />
    <TestEntry testId="8ce58482-7d3e-3e19-80e5-4b965e8f5059" executionId="efbf05f7-a7a1-4582-809b-60d3062d1206" testListId="8c84fa94-04c1-424b-9868-57a2d4851a1d" />
    <TestEntry testId="8e4820fb-b11f-6f11-e59d-db0467de1040" executionId="6fb70df6-e317-460a-adc6-5833ab26f6f6" testListId="8c84fa94-04c1-424b-9868-57a2d4851a1d" />
    <TestEntry testId="982f7fbb-ba3f-33fd-9fa4-3f5b26be6e74" executionId="ecece384-e2c5-47d7-b99a-253debab6e19" testListId="8c84fa94-04c1-424b-9868-57a2d4851a1d" />
    <TestEntry testId="9d14cf3b-400a-419e-62e5-56cdb51cd8d7" executionId="1800155f-8eda-492d-85bd-9505bd90d6e0" testListId="8c84fa94-04c1-424b-9868-57a2d4851a1d" />
    <TestEntry testId="a5143e69-78bd-03a5-f82d-50e4014f386a" executionId="38ea88fa-180b-4b1d-b3ae-14704187cc5a" testListId="8c84fa94-04c1-424b-9868-57a2d4851a1d" />
    <TestEntry testId="a5173249-e457-2bae-6188-e07755a468f1" executionId="f5f419ab-1f1e-4d7a-b10f-61c58dcbd4df" testListId="8c84fa94-04c1-424b-9868-57a2d4851a1d" />
    <TestEntry testId="ab5febae-4b86-5540-aa00-427d834f1128" executionId="eef639b8-bffb-4c1b-ac35-0e085bfb2164" testListId="8c84fa94-04c1-424b-9868-57a2d4851a1d" />
    <TestEntry testId="afa4d5fe-5adf-b232-4499-e60da535e51b" executionId="de72c2c8-33a6-4c12-a6e5-b49ac088418d" testListId="8c84fa94-04c1-424b-9868-57a2d4851a1d" />
    <TestEntry testId="b1a88be6-0573-6eb0-e0ba-a476ebddfcc3" executionId="1646d56e-9061-4ac8-afa0-df5238569d51" testListId="8c84fa94-04c1-424b-9868-57a2d4851a1d" />
    <TestEntry testId="b202aa4d-65bf-bc8d-820d-b2b2651d5544" executionId="11be4dff-303e-4e80-a4f8-6f263e0d1f93" testListId="8c84fa94-04c1-424b-9868-57a2d4851a1d" />
    <TestEntry testId="b53f3b4e-80dd-ada9-22f9-683ce813b819" executionId="83813b26-864b-410c-b2bf-b29812d897df" testListId="8c84fa94-04c1-424b-9868-57a2d4851a1d" />
    <TestEntry testId="b6e2ea1d-beee-09a0-2102-a1602abebdcc" executionId="ea4f199f-f302-4da8-a726-9dabced622e5" testListId="8c84fa94-04c1-424b-9868-57a2d4851a1d" />
    <TestEntry testId="b73c4168-36b3-829e-62df-12b0e1f8a7bd" executionId="2cc564ba-2295-4466-84af-f7822aa47845" testListId="8c84fa94-04c1-424b-9868-57a2d4851a1d" />
    <TestEntry testId="be2066fd-b436-06cd-97b4-c7078e10e0f4" executionId="b4d25318-d11f-4266-8c6b-9ae570268662" testListId="8c84fa94-04c1-424b-9868-57a2d4851a1d" />
    <TestEntry testId="c4b00738-bd81-d4dd-934a-1f8ce1e5a004" executionId="cdecbbd8-fa8a-4480-8f44-2cfd9b46fb7e" testListId="8c84fa94-04c1-424b-9868-57a2d4851a1d" />
    <TestEntry testId="c88e308d-c412-3989-03a6-4812dd297cad" executionId="8ef511ce-daea-444a-9aa2-b360ba463901" testListId="8c84fa94-04c1-424b-9868-57a2d4851a1d" />
    <TestEntry testId="cf73ad5c-bdd1-7dfc-d924-ad996d77b595" executionId="36508718-fd0e-49fc-b543-7615a3f240c6" testListId="8c84fa94-04c1-424b-9868-57a2d4851a1d" />
    <TestEntry testId="cfcea3e5-0964-8d2b-bd64-154d5273ea8f" executionId="3968d868-6cfa-4b7b-acef-4b32d7b6078b" testListId="8c84fa94-04c1-424b-9868-57a2d4851a1d" />
    <TestEntry testId="d41c1e27-6b39-94e3-749b-182cbe402f7f" executionId="6fc97b0e-7304-4d21-820f-7977e9eb5860" testListId="8c84fa94-04c1-424b-9868-57a2d4851a1d" />
    <TestEntry testId="d72373c0-a703-cca6-215c-a78aa85313eb" executionId="3d2d58d4-3c95-4bc0-932c-b72f43be84f2" testListId="8c84fa94-04c1-424b-9868-57a2d4851a1d" />
    <TestEntry testId="df70d1db-0b89-8d5b-f3c3-11fdd92fed5b" executionId="4af3acd3-866a-4b11-b185-38b5a5d812da" testListId="8c84fa94-04c1-424b-9868-57a2d4851a1d" />
    <TestEntry testId="ea0a69ac-2bb3-b9d1-b8f7-0e625a29c014" executionId="42ec20e5-da06-4758-85c0-02c75e9e7f4b" testListId="8c84fa94-04c1-424b-9868-57a2d4851a1d" />
    <TestEntry testId="ebdf5570-fee7-71a9-954c-39a44616bfc0" executionId="496d679b-a949-4ba3-af15-ff23b9761736" testListId="8c84fa94-04c1-424b-9868-57a2d4851a1d" />
    <TestEntry testId="ecb2ec12-6d55-4737-3f23-78b2cd9e5a1c" executionId="c94777e4-0803-4d41-8e0c-717027412b48" testListId="8c84fa94-04c1-424b-9868-57a2d4851a1d" />
    <TestEntry testId="ed5ca231-a40d-1e94-d8cf-62620be065b2" executionId="edf6fbfc-8acf-4808-9f0f-da37944f2d9f" testListId="8c84fa94-04c1-424b-9868-57a2d4851a1d" />
    <TestEntry testId="ef418061-d4c4-2027-28ba-907376548f88" executionId="a74735e9-858e-4306-898f-fc0ca4e73924" testListId="8c84fa94-04c1-424b-9868-57a2d4851a1d" />
    <TestEntry testId="f1db9089-b01e-e5ce-8721-8284d6363de2" executionId="2f855467-efe5-46d7-bed8-e9e15a7964ac" testListId="8c84fa94-04c1-424b-9868-57a2d4851a1d" />
    <TestEntry testId="f8a0681f-01a9-96fe-d3cb-5a7507e6aa1a" executionId="29134208-ae6e-4877-bb8d-0ae90fb2a7b1" testListId="8c84fa94-04c1-424b-9868-57a2d4851a1d" />
  </TestEntries>
  <Results>
    <UnitTestResult executionId="f19fb422-519b-464d-a35c-d591979c6be9" testId="17042057-7aeb-7c30-7303-5d1a8e9e0592" testName="EqualsWithTwoNullsEntitiesSameTypeReturnTrue" computerName="ICINETICJHB" duration="00:00:00.0105237" startTime="2014-07-23T02:06:37.6204694+02:00" endTime="2014-07-23T02:06:37.9996255+02:00" testType="13cdc9d9-ddb5-4fa4-a97d-d965ccfc6d4b" outcome="Passed" testListId="8c84fa94-04c1-424b-9868-57a2d4851a1d" relativeResultsDirectory="f19fb422-519b-464d-a35c-d591979c6be9">
    </UnitTestResult>
    <UnitTestResult executionId="1a357b7a-b5d5-4cb3-8231-bd63ef6922fa" testId="1bdcb6c4-49ec-3cfb-4e22-c65e484a2116" testName="IntEntityEqualsWithTwoNullsEntitiesSameTypeReturnTrue" computerName="ICINETICJHB" duration="00:00:00.0002009" startTime="2014-07-23T02:06:38.0025685+02:00" endTime="2014-07-23T02:06:38.0045686+02:00" testType="13cdc9d9-ddb5-4fa4-a97d-d965ccfc6d4b" outcome="Passed" testListId="8c84fa94-04c1-424b-9868-57a2d4851a1d" relativeResultsDirectory="1a357b7a-b5d5-4cb3-8231-bd63ef6922fa">
    </UnitTestResult>
    <UnitTestResult executionId="95c75a63-6f5d-4567-b544-d4d7525b442c" testId="2121912b-f77f-3ef3-ff35-d1ecd70b7034" testName="IntEntityEqualsWithSameEntityReturnTrue" computerName="ICINETICJHB" duration="00:00:00.0008458" startTime="2014-07-23T02:06:38.0065686+02:00" endTime="2014-07-23T02:06:38.0085853+02:00" testType="13cdc9d9-ddb5-4fa4-a97d-d965ccfc6d4b" outcome="Passed" testListId="8c84fa94-04c1-424b-9868-57a2d4851a1d" relativeResultsDirectory="95c75a63-6f5d-4567-b544-d4d7525b442c">
    </UnitTestResult>
    <UnitTestResult executionId="6d10d19b-ebf6-4915-b1ef-76937e9e245e" testId="22a8b0cb-7a33-d352-b784-a1f8be065fd9" testName="ValidatableEntityGuidEqualsWithSameTransientEntitieReturnTrue" computerName="ICINETICJHB" duration="00:00:00.0003451" startTime="2014-07-23T02:06:38.0105858+02:00" endTime="2014-07-23T02:06:38.0125688+02:00" testType="13cdc9d9-ddb5-4fa4-a97d-d965ccfc6d4b" outcome="Passed" testListId="8c84fa94-04c1-424b-9868-57a2d4851a1d" relativeResultsDirectory="6d10d19b-ebf6-4915-b1ef-76937e9e245e">
    </UnitTestResult>
    <UnitTestResult executionId="c7ea3076-95e9-41cd-845e-9d752ea79ff5" testId="274f79cb-044b-0e7e-9f9e-4afbcabf33e2" testName="EqualsWithSameTransientEntitieReturnTrue" computerName="ICINETICJHB" duration="00:00:00.0002463" startTime="2014-07-23T02:06:38.0145868+02:00" endTime="2014-07-23T02:06:38.0165693+02:00" testType="13cdc9d9-ddb5-4fa4-a97d-d965ccfc6d4b" outcome="Passed" testListId="8c84fa94-04c1-424b-9868-57a2d4851a1d" relativeResultsDirectory="c7ea3076-95e9-41cd-845e-9d752ea79ff5">
    </UnitTestResult>
    <UnitTestResult executionId="02d927a9-16c3-4927-9ae0-3a5413aef526" testId="28cecd14-0281-33e2-220d-430cb0b76324" testName="IntEntityEqualsWithOneNullEntityReturnFalse" computerName="ICINETICJHB" duration="00:00:00.0003271" startTime="2014-07-23T02:06:38.0185869+02:00" endTime="2014-07-23T02:06:38.0205699+02:00" testType="13cdc9d9-ddb5-4fa4-a97d-d965ccfc6d4b" outcome="Passed" testListId="8c84fa94-04c1-424b-9868-57a2d4851a1d" relativeResultsDirectory="02d927a9-16c3-4927-9ae0-3a5413aef526">
    </UnitTestResult>
    <UnitTestResult executionId="6121c422-f755-4995-8525-f32d0ac0f215" testId="375ff3a2-2357-6f85-11f0-4fdbcfbe878c" testName="EqualsWithOneNullEntityReturnFalse" computerName="ICINETICJHB" duration="00:00:00.0001535" startTime="2014-07-23T02:06:38.0225866+02:00" endTime="2014-07-23T02:06:38.0245700+02:00" testType="13cdc9d9-ddb5-4fa4-a97d-d965ccfc6d4b" outcome="Passed" testListId="8c84fa94-04c1-424b-9868-57a2d4851a1d" relativeResultsDirectory="6121c422-f755-4995-8525-f32d0ac0f215">
    </UnitTestResult>
    <UnitTestResult executionId="858c72d2-a7de-4331-85ec-84619c4ba40a" testId="39038477-ba46-aac5-eb4c-721235e0936b" testName="ValidatableEntityGuidEqualsWithTwoTransientEntitiesReturnFalse" computerName="ICINETICJHB" duration="00:00:00.0004849" startTime="2014-07-23T02:06:38.0265692+02:00" endTime="2014-07-23T02:06:38.0285705+02:00" testType="13cdc9d9-ddb5-4fa4-a97d-d965ccfc6d4b" outcome="Passed" testListId="8c84fa94-04c1-424b-9868-57a2d4851a1d" relativeResultsDirectory="858c72d2-a7de-4331-85ec-84619c4ba40a">
    </UnitTestResult>
    <UnitTestResult executionId="34318cfc-85fd-4c51-bea9-ea4dc5a766bf" testId="3dc9c38f-ffcf-b4ec-4950-2951ba76f7d8" testName="StringEqualsWithTwoNullsEntitiesDifferentTypeReturnFalse" computerName="ICINETICJHB" duration="00:00:00.0004952" startTime="2014-07-23T02:06:38.0305714+02:00" endTime="2014-07-23T02:06:38.0325869+02:00" testType="13cdc9d9-ddb5-4fa4-a97d-d965ccfc6d4b" outcome="Passed" testListId="8c84fa94-04c1-424b-9868-57a2d4851a1d" relativeResultsDirectory="34318cfc-85fd-4c51-bea9-ea4dc5a766bf">
    </UnitTestResult>
    <UnitTestResult executionId="2c8fb4e9-c0e3-4f33-8cec-2d5027e81cbe" testId="4c4642c9-c98c-8343-d168-c0f2b8c7b2e7" testName="IntEntityEqualsWithTwoSetedDifferentIdSameEntitiesTypeReturnFalse" computerName="ICINETICJHB" duration="00:00:00.0001530" startTime="2014-07-23T02:06:38.0345929+02:00" endTime="2014-07-23T02:06:38.0365712+02:00" testType="13cdc9d9-ddb5-4fa4-a97d-d965ccfc6d4b" outcome="Passed" testListId="8c84fa94-04c1-424b-9868-57a2d4851a1d" relativeResultsDirectory="2c8fb4e9-c0e3-4f33-8cec-2d5027e81cbe">
    </UnitTestResult>
    <UnitTestResult executionId="bd2d3de4-f10a-411d-b8ec-4fc1617971e6" testId="4ccbac64-6d99-8651-0e4e-7a94ce86ca89" testName="StringEqualsWithTwoNullsEntitiesSameTypeReturnTrue" computerName="ICINETICJHB" duration="00:00:00.0001312" startTime="2014-07-23T02:06:38.0385870+02:00" endTime="2014-07-23T02:06:38.0395706+02:00" testType="13cdc9d9-ddb5-4fa4-a97d-d965ccfc6d4b" outcome="Passed" testListId="8c84fa94-04c1-424b-9868-57a2d4851a1d" relativeResultsDirectory="bd2d3de4-f10a-411d-b8ec-4fc1617971e6">
    </UnitTestResult>
    <UnitTestResult executionId="d94e45c6-60c3-438f-a3bc-418cffc33b46" testId="4d2dabf7-6001-0f95-8269-92c41508bd3d" testName="StringEqualsWithTwoTransientEntitiesReturnFalse" computerName="ICINETICJHB" duration="00:00:00.0003168" startTime="2014-07-23T02:06:38.0415993+02:00" endTime="2014-07-23T02:06:38.0435711+02:00" testType="13cdc9d9-ddb5-4fa4-a97d-d965ccfc6d4b" outcome="Passed" testListId="8c84fa94-04c1-424b-9868-57a2d4851a1d" relativeResultsDirectory="d94e45c6-60c3-438f-a3bc-418cffc33b46">
    </UnitTestResult>
    <UnitTestResult executionId="e004b442-f476-4dd3-90c5-4527ef9d4d46" testId="55745a3e-cb76-ce47-5e1c-cb4863c8cc88" testName="IntEntityEqualsWithTwoNullsEntitiesDifferentTypeReturnFalse" computerName="ICINETICJHB" duration="00:00:00.0002659" startTime="2014-07-23T02:06:38.0455712+02:00" endTime="2014-07-23T02:06:38.0475879+02:00" testType="13cdc9d9-ddb5-4fa4-a97d-d965ccfc6d4b" outcome="Passed" testListId="8c84fa94-04c1-424b-9868-57a2d4851a1d" relativeResultsDirectory="e004b442-f476-4dd3-90c5-4527ef9d4d46">
    </UnitTestResult>
    <UnitTestResult executionId="1c7ae66a-84db-4145-a4d2-bde48fe1c464" testId="5c01ed2f-cfa6-faf5-80ee-7526386e5bcb" testName="GuidEntityEqualsWithOneNullEntityReturnFalse" computerName="ICINETICJHB" duration="00:00:00.0002446" startTime="2014-07-23T02:06:38.0505899+02:00" endTime="2014-07-23T02:06:38.0525716+02:00" testType="13cdc9d9-ddb5-4fa4-a97d-d965ccfc6d4b" outcome="Passed" testListId="8c84fa94-04c1-424b-9868-57a2d4851a1d" relativeResultsDirectory="1c7ae66a-84db-4145-a4d2-bde48fe1c464">
    </UnitTestResult>
    <UnitTestResult executionId="47cc2053-7e1f-41a8-b0de-17e0bfb19298" testId="5e48c4a4-9c69-9469-0648-a457e4f881b1" testName="IntEntityTransientNewEntitieReturnTrue" computerName="ICINETICJHB" duration="00:00:00.0001958" startTime="2014-07-23T02:06:38.0545772+02:00" endTime="2014-07-23T02:06:38.0555745+02:00" testType="13cdc9d9-ddb5-4fa4-a97d-d965ccfc6d4b" outcome="Passed" testListId="8c84fa94-04c1-424b-9868-57a2d4851a1d" relativeResultsDirectory="47cc2053-7e1f-41a8-b0de-17e0bfb19298">
    </UnitTestResult>
    <UnitTestResult executionId="e6197306-8145-48cb-85c2-73712c998eb4" testId="66b79ba3-ccdf-a017-5e08-1702c7c38084" testName="GuidEntityEqualsWithTwoTransientEntitiesReturnFalse" computerName="ICINETICJHB" duration="00:00:00.0001650" startTime="2014-07-23T02:06:38.0585718+02:00" endTime="2014-07-23T02:06:38.0595716+02:00" testType="13cdc9d9-ddb5-4fa4-a97d-d965ccfc6d4b" outcome="Passed" testListId="8c84fa94-04c1-424b-9868-57a2d4851a1d" relativeResultsDirectory="e6197306-8145-48cb-85c2-73712c998eb4">
    </UnitTestResult>
    <UnitTestResult executionId="e197e39a-e2c8-42d4-8ef7-4c9e40b84b68" testId="6d00cb18-6da1-8f1c-bc52-1100717fe9e3" testName="IntEntityEqualsWithTwoSetedDifferentIdSameEntitiesTypeReturnFalse" computerName="ICINETICJHB" duration="00:00:00.0003147" startTime="2014-07-23T02:06:38.0625723+02:00" endTime="2014-07-23T02:06:38.0645890+02:00" testType="13cdc9d9-ddb5-4fa4-a97d-d965ccfc6d4b" outcome="Passed" testListId="8c84fa94-04c1-424b-9868-57a2d4851a1d" relativeResultsDirectory="e197e39a-e2c8-42d4-8ef7-4c9e40b84b68">
    </UnitTestResult>
    <UnitTestResult executionId="06acc7b4-52cc-4d0f-b717-53a22fc733c5" testId="861bbbdf-9e17-619d-89af-8b7fa4a205e7" testName="ValidatableEntityGuidEqualsWithTwoNullsEntitiesDifferentTypeReturnFalse" computerName="ICINETICJHB" duration="00:00:00.0002129" startTime="2014-07-23T02:06:38.0665720+02:00" endTime="2014-07-23T02:06:38.0675722+02:00" testType="13cdc9d9-ddb5-4fa4-a97d-d965ccfc6d4b" outcome="Passed" testListId="8c84fa94-04c1-424b-9868-57a2d4851a1d" relativeResultsDirectory="06acc7b4-52cc-4d0f-b717-53a22fc733c5">
    </UnitTestResult>
    <UnitTestResult executionId="62b9cd7a-3784-4b67-8b7a-8553576f0db0" testId="87242a29-3fd9-012d-ce10-c41ae5a4acc4" testName="IntEntityEqualsWithTwoTransientEntitiesReturnFalse" computerName="ICINETICJHB" duration="00:00:00.0001552" startTime="2014-07-23T02:06:38.0705738+02:00" endTime="2014-07-23T02:06:38.0715890+02:00" testType="13cdc9d9-ddb5-4fa4-a97d-d965ccfc6d4b" outcome="Passed" testListId="8c84fa94-04c1-424b-9868-57a2d4851a1d" relativeResultsDirectory="62b9cd7a-3784-4b67-8b7a-8553576f0db0">
    </UnitTestResult>
    <UnitTestResult executionId="4eeb5549-7197-4ca2-a792-13dd925c625e" testId="894519f8-9501-4713-6a4e-b58cdbc44ab0" testName="IntEntityEqualsWithTwoSetedIdDifferentEntitiesTypeReturnFalse" computerName="ICINETICJHB" duration="00:00:00.0002189" startTime="2014-07-23T02:06:38.0735891+02:00" endTime="2014-07-23T02:06:38.0755729+02:00" testType="13cdc9d9-ddb5-4fa4-a97d-d965ccfc6d4b" outcome="Passed" testListId="8c84fa94-04c1-424b-9868-57a2d4851a1d" relativeResultsDirectory="4eeb5549-7197-4ca2-a792-13dd925c625e">
    </UnitTestResult>
    <UnitTestResult executionId="a42b97d1-e50b-4fac-be6c-371e897c60b6" testId="8cdf0b73-2a1d-fb4d-b0bf-87142530870b" testName="IntEntityEqualsWithTwoSetedIdDifferentEntitiesTypeReturnFalse" computerName="ICINETICJHB" duration="00:00:00.0001483" startTime="2014-07-23T02:06:38.0785728+02:00" endTime="2014-07-23T02:06:38.0795730+02:00" testType="13cdc9d9-ddb5-4fa4-a97d-d965ccfc6d4b" outcome="Passed" testListId="8c84fa94-04c1-424b-9868-57a2d4851a1d" relativeResultsDirectory="a42b97d1-e50b-4fac-be6c-371e897c60b6">
    </UnitTestResult>
    <UnitTestResult executionId="efbf05f7-a7a1-4582-809b-60d3062d1206" testId="8ce58482-7d3e-3e19-80e5-4b965e8f5059" testName="EqualsWithNestedDifferentValueObjectReturnFalse" computerName="ICINETICJHB" duration="00:00:00.0016767" startTime="2014-07-23T02:06:38.0938531+02:00" endTime="2014-07-23T02:06:38.0978536+02:00" testType="13cdc9d9-ddb5-4fa4-a97d-d965ccfc6d4b" outcome="Passed" testListId="8c84fa94-04c1-424b-9868-57a2d4851a1d" relativeResultsDirectory="efbf05f7-a7a1-4582-809b-60d3062d1206">
    </UnitTestResult>
    <UnitTestResult executionId="6fb70df6-e317-460a-adc6-5833ab26f6f6" testId="8e4820fb-b11f-6f11-e59d-db0467de1040" testName="GuidEntityTransientNewEntitieReturnTrue" computerName="ICINETICJHB" duration="00:00:00.0001556" startTime="2014-07-23T02:06:38.0998537+02:00" endTime="2014-07-23T02:06:38.1018541+02:00" testType="13cdc9d9-ddb5-4fa4-a97d-d965ccfc6d4b" outcome="Passed" testListId="8c84fa94-04c1-424b-9868-57a2d4851a1d" relativeResultsDirectory="6fb70df6-e317-460a-adc6-5833ab26f6f6">
    </UnitTestResult>
    <UnitTestResult executionId="ecece384-e2c5-47d7-b99a-253debab6e19" testId="982f7fbb-ba3f-33fd-9fa4-3f5b26be6e74" testName="ValidatableEntityGuidEqualsWithTwoNullsEntitiesSameTypeReturnTrue" computerName="ICINETICJHB" duration="00:00:00.0001441" startTime="2014-07-23T02:06:38.1139986+02:00" endTime="2014-07-23T02:06:38.1159991+02:00" testType="13cdc9d9-ddb5-4fa4-a97d-d965ccfc6d4b" outcome="Passed" testListId="8c84fa94-04c1-424b-9868-57a2d4851a1d" relativeResultsDirectory="ecece384-e2c5-47d7-b99a-253debab6e19">
    </UnitTestResult>
    <UnitTestResult executionId="1800155f-8eda-492d-85bd-9505bd90d6e0" testId="9d14cf3b-400a-419e-62e5-56cdb51cd8d7" testName="EqualsWithOneNullValueObjectReturnFalse" computerName="ICINETICJHB" duration="00:00:00.0001518" startTime="2014-07-23T02:06:38.1179983+02:00" endTime="2014-07-23T02:06:38.1199992+02:00" testType="13cdc9d9-ddb5-4fa4-a97d-d965ccfc6d4b" outcome="Passed" testListId="8c84fa94-04c1-424b-9868-57a2d4851a1d" relativeResultsDirectory="1800155f-8eda-492d-85bd-9505bd90d6e0">
    </UnitTestResult>
    <UnitTestResult executionId="38ea88fa-180b-4b1d-b3ae-14704187cc5a" testId="a5143e69-78bd-03a5-f82d-50e4014f386a" testName="EqualsWithTwoTransientEntitiesReturnFalse" computerName="ICINETICJHB" duration="00:00:00.0001676" startTime="2014-07-23T02:06:38.1219997+02:00" endTime="2014-07-23T02:06:38.1229995+02:00" testType="13cdc9d9-ddb5-4fa4-a97d-d965ccfc6d4b" outcome="Passed" testListId="8c84fa94-04c1-424b-9868-57a2d4851a1d" relativeResultsDirectory="38ea88fa-180b-4b1d-b3ae-14704187cc5a">
    </UnitTestResult>
    <UnitTestResult executionId="f5f419ab-1f1e-4d7a-b10f-61c58dcbd4df" testId="a5173249-e457-2bae-6188-e07755a468f1" testName="GuidEntityEqualsWithTwoNullsEntitiesDifferentTypeReturnFalse" computerName="ICINETICJHB" duration="00:00:00.0002086" startTime="2014-07-23T02:06:38.1259998+02:00" endTime="2014-07-23T02:06:38.1270000+02:00" testType="13cdc9d9-ddb5-4fa4-a97d-d965ccfc6d4b" outcome="Passed" testListId="8c84fa94-04c1-424b-9868-57a2d4851a1d" relativeResultsDirectory="f5f419ab-1f1e-4d7a-b10f-61c58dcbd4df">
    </UnitTestResult>
    <UnitTestResult executionId="eef639b8-bffb-4c1b-ac35-0e085bfb2164" testId="ab5febae-4b86-5540-aa00-427d834f1128" testName="IntEntityEqualsWithOneNullEntityReturnFalse" computerName="ICINETICJHB" duration="00:00:00.0001843" startTime="2014-07-23T02:06:38.1290001+02:00" endTime="2014-07-23T02:06:38.1309993+02:00" testType="13cdc9d9-ddb5-4fa4-a97d-d965ccfc6d4b" outcome="Passed" testListId="8c84fa94-04c1-424b-9868-57a2d4851a1d" relativeResultsDirectory="eef639b8-bffb-4c1b-ac35-0e085bfb2164">
    </UnitTestResult>
    <UnitTestResult executionId="de72c2c8-33a6-4c12-a6e5-b49ac088418d" testId="afa4d5fe-5adf-b232-4499-e60da535e51b" testName="IntEntityEqualsWithTwoSetedSameIdSameEntitiesTypeReturnFalse" computerName="ICINETICJHB" duration="00:00:00.0001710" startTime="2014-07-23T02:06:38.1339996+02:00" endTime="2014-07-23T02:06:38.1360001+02:00" testType="13cdc9d9-ddb5-4fa4-a97d-d965ccfc6d4b" outcome="Passed" testListId="8c84fa94-04c1-424b-9868-57a2d4851a1d" relativeResultsDirectory="de72c2c8-33a6-4c12-a6e5-b49ac088418d">
    </UnitTestResult>
    <UnitTestResult executionId="1646d56e-9061-4ac8-afa0-df5238569d51" testId="b1a88be6-0573-6eb0-e0ba-a476ebddfcc3" testName="EqualsWithTwoNullsEntitiesDifferentTypeReturnFalse" computerName="ICINETICJHB" duration="00:00:00.0002129" startTime="2014-07-23T02:06:38.1379997+02:00" endTime="2014-07-23T02:06:38.1390350+02:00" testType="13cdc9d9-ddb5-4fa4-a97d-d965ccfc6d4b" outcome="Passed" testListId="8c84fa94-04c1-424b-9868-57a2d4851a1d" relativeResultsDirectory="1646d56e-9061-4ac8-afa0-df5238569d51">
    </UnitTestResult>
    <UnitTestResult executionId="11be4dff-303e-4e80-a4f8-6f263e0d1f93" testId="b202aa4d-65bf-bc8d-820d-b2b2651d5544" testName="GuidEntityEqualsWithSameTransientEntitieReturnTrue" computerName="ICINETICJHB" duration="00:00:00.0001513" startTime="2014-07-23T02:06:38.1419998+02:00" endTime="2014-07-23T02:06:38.1430171+02:00" testType="13cdc9d9-ddb5-4fa4-a97d-d965ccfc6d4b" outcome="Passed" testListId="8c84fa94-04c1-424b-9868-57a2d4851a1d" relativeResultsDirectory="11be4dff-303e-4e80-a4f8-6f263e0d1f93">
    </UnitTestResult>
    <UnitTestResult executionId="83813b26-864b-410c-b2bf-b29812d897df" testId="b53f3b4e-80dd-ada9-22f9-683ce813b819" testName="ValidatableEntityGuidEqualsWithOneNullEntityReturnFalse" computerName="ICINETICJHB" duration="00:00:00.0001915" startTime="2014-07-23T02:06:38.1459999+02:00" endTime="2014-07-23T02:06:38.1480004+02:00" testType="13cdc9d9-ddb5-4fa4-a97d-d965ccfc6d4b" outcome="Passed" testListId="8c84fa94-04c1-424b-9868-57a2d4851a1d" relativeResultsDirectory="83813b26-864b-410c-b2bf-b29812d897df">
    </UnitTestResult>
    <UnitTestResult executionId="ea4f199f-f302-4da8-a726-9dabced622e5" testId="b6e2ea1d-beee-09a0-2102-a1602abebdcc" testName="GuidEntityEqualsWithTwoNullsEntitiesSameTypeReturnTrue" computerName="ICINETICJHB" duration="00:00:00.0001565" startTime="2014-07-23T02:06:38.1500009+02:00" endTime="2014-07-23T02:06:38.1520176+02:00" testType="13cdc9d9-ddb5-4fa4-a97d-d965ccfc6d4b" outcome="Passed" testListId="8c84fa94-04c1-424b-9868-57a2d4851a1d" relativeResultsDirectory="ea4f199f-f302-4da8-a726-9dabced622e5">
    </UnitTestResult>
    <UnitTestResult executionId="2cc564ba-2295-4466-84af-f7822aa47845" testId="b73c4168-36b3-829e-62df-12b0e1f8a7bd" testName="IntEntityEqualsWithTwoNullsEntitiesDifferentTypeReturnFalse" computerName="ICINETICJHB" duration="00:00:00.0002232" startTime="2014-07-23T02:06:38.1540010+02:00" endTime="2014-07-23T02:06:38.1560169+02:00" testType="13cdc9d9-ddb5-4fa4-a97d-d965ccfc6d4b" outcome="Passed" testListId="8c84fa94-04c1-424b-9868-57a2d4851a1d" relativeResultsDirectory="2cc564ba-2295-4466-84af-f7822aa47845">
    </UnitTestResult>
    <UnitTestResult executionId="b4d25318-d11f-4266-8c6b-9ae570268662" testId="be2066fd-b436-06cd-97b4-c7078e10e0f4" testName="EqualsWithEqualsValueObjectsReturnTrue" computerName="ICINETICJHB" duration="00:00:00.0002330" startTime="2014-07-23T02:06:38.1580011+02:00" endTime="2014-07-23T02:06:38.1600033+02:00" testType="13cdc9d9-ddb5-4fa4-a97d-d965ccfc6d4b" outcome="Passed" testListId="8c84fa94-04c1-424b-9868-57a2d4851a1d" relativeResultsDirectory="b4d25318-d11f-4266-8c6b-9ae570268662">
    </UnitTestResult>
    <UnitTestResult executionId="cdecbbd8-fa8a-4480-8f44-2cfd9b46fb7e" testId="c4b00738-bd81-d4dd-934a-1f8ce1e5a004" testName="EqualsWithEmptyValueObjectsReturnTrue" computerName="ICINETICJHB" duration="00:00:00.0001731" startTime="2014-07-23T02:06:38.1630177+02:00" endTime="2014-07-23T02:06:38.1640008+02:00" testType="13cdc9d9-ddb5-4fa4-a97d-d965ccfc6d4b" outcome="Passed" testListId="8c84fa94-04c1-424b-9868-57a2d4851a1d" relativeResultsDirectory="cdecbbd8-fa8a-4480-8f44-2cfd9b46fb7e">
    </UnitTestResult>
    <UnitTestResult executionId="8ef511ce-daea-444a-9aa2-b360ba463901" testId="c88e308d-c412-3989-03a6-4812dd297cad" testName="EqualsWithNestedDifferentRootValueObjectReturnFalse" computerName="ICINETICJHB" duration="00:00:00.0002467" startTime="2014-07-23T02:06:38.1660184+02:00" endTime="2014-07-23T02:06:38.1680014+02:00" testType="13cdc9d9-ddb5-4fa4-a97d-d965ccfc6d4b" outcome="Passed" testListId="8c84fa94-04c1-424b-9868-57a2d4851a1d" relativeResultsDirectory="8ef511ce-daea-444a-9aa2-b360ba463901">
    </UnitTestResult>
    <UnitTestResult executionId="36508718-fd0e-49fc-b543-7615a3f240c6" testId="cf73ad5c-bdd1-7dfc-d924-ad996d77b595" testName="IntEntityTransientNewEntitieReturnTrue" computerName="ICINETICJHB" duration="00:00:00.0001569" startTime="2014-07-23T02:06:38.1700185+02:00" endTime="2014-07-23T02:06:38.1750249+02:00" testType="13cdc9d9-ddb5-4fa4-a97d-d965ccfc6d4b" outcome="Passed" testListId="8c84fa94-04c1-424b-9868-57a2d4851a1d" relativeResultsDirectory="36508718-fd0e-49fc-b543-7615a3f240c6">
    </UnitTestResult>
    <UnitTestResult executionId="3968d868-6cfa-4b7b-acef-4b32d7b6078b" testId="cfcea3e5-0964-8d2b-bd64-154d5273ea8f" testName="EqualsWithNestedValueObjectReturnTrue" computerName="ICINETICJHB" duration="00:00:00.0002826" startTime="2014-07-23T02:06:38.1770189+02:00" endTime="2014-07-23T02:06:38.1790190+02:00" testType="13cdc9d9-ddb5-4fa4-a97d-d965ccfc6d4b" outcome="Passed" testListId="8c84fa94-04c1-424b-9868-57a2d4851a1d" relativeResultsDirectory="3968d868-6cfa-4b7b-acef-4b32d7b6078b">
    </UnitTestResult>
    <UnitTestResult executionId="6fc97b0e-7304-4d21-820f-7977e9eb5860" testId="d41c1e27-6b39-94e3-749b-182cbe402f7f" testName="IntEntityEqualsWithTwoSetedSameIdSameEntitiesTypeReturnTrue" computerName="ICINETICJHB" duration="00:00:00.0001599" startTime="2014-07-23T02:06:38.1810135+02:00" endTime="2014-07-23T02:06:38.1830029+02:00" testType="13cdc9d9-ddb5-4fa4-a97d-d965ccfc6d4b" outcome="Passed" testListId="8c84fa94-04c1-424b-9868-57a2d4851a1d" relativeResultsDirectory="6fc97b0e-7304-4d21-820f-7977e9eb5860">
    </UnitTestResult>
    <UnitTestResult executionId="3d2d58d4-3c95-4bc0-932c-b72f43be84f2" testId="d72373c0-a703-cca6-215c-a78aa85313eb" testName="IntEntityEqualsWithTwoNullsEntitiesSameTypeReturnTrue" computerName="ICINETICJHB" duration="00:00:00.0001274" startTime="2014-07-23T02:06:38.1850050+02:00" endTime="2014-07-23T02:06:38.1860190+02:00" testType="13cdc9d9-ddb5-4fa4-a97d-d965ccfc6d4b" outcome="Passed" testListId="8c84fa94-04c1-424b-9868-57a2d4851a1d" relativeResultsDirectory="3d2d58d4-3c95-4bc0-932c-b72f43be84f2">
    </UnitTestResult>
    <UnitTestResult executionId="4af3acd3-866a-4b11-b185-38b5a5d812da" testId="df70d1db-0b89-8d5b-f3c3-11fdd92fed5b" testName="IntEntityEqualsWithSameTransientEntitieReturnTrue" computerName="ICINETICJHB" duration="00:00:00.0001368" startTime="2014-07-23T02:06:38.1880190+02:00" endTime="2014-07-23T02:06:38.1900033+02:00" testType="13cdc9d9-ddb5-4fa4-a97d-d965ccfc6d4b" outcome="Passed" testListId="8c84fa94-04c1-424b-9868-57a2d4851a1d" relativeResultsDirectory="4af3acd3-866a-4b11-b185-38b5a5d812da">
    </UnitTestResult>
    <UnitTestResult executionId="42ec20e5-da06-4758-85c0-02c75e9e7f4b" testId="ea0a69ac-2bb3-b9d1-b8f7-0e625a29c014" testName="StringEqualsWithOneNullEntityReturnFalse" computerName="ICINETICJHB" duration="00:00:00.0001398" startTime="2014-07-23T02:06:38.1920025+02:00" endTime="2014-07-23T02:06:38.1930194+02:00" testType="13cdc9d9-ddb5-4fa4-a97d-d965ccfc6d4b" outcome="Passed" testListId="8c84fa94-04c1-424b-9868-57a2d4851a1d" relativeResultsDirectory="42ec20e5-da06-4758-85c0-02c75e9e7f4b">
    </UnitTestResult>
    <UnitTestResult executionId="496d679b-a949-4ba3-af15-ff23b9761736" testId="ebdf5570-fee7-71a9-954c-39a44616bfc0" testName="IntEntityEqualsWithSameTransientEntitieReturnTrue" computerName="ICINETICJHB" duration="00:00:00.0001492" startTime="2014-07-23T02:06:38.1950199+02:00" endTime="2014-07-23T02:06:38.1970028+02:00" testType="13cdc9d9-ddb5-4fa4-a97d-d965ccfc6d4b" outcome="Passed" testListId="8c84fa94-04c1-424b-9868-57a2d4851a1d" relativeResultsDirectory="496d679b-a949-4ba3-af15-ff23b9761736">
    </UnitTestResult>
    <UnitTestResult executionId="c94777e4-0803-4d41-8e0c-717027412b48" testId="ecb2ec12-6d55-4737-3f23-78b2cd9e5a1c" testName="IntEntityTransientNewEntitieReturnTrue" computerName="ICINETICJHB" duration="00:00:00.0001449" startTime="2014-07-23T02:06:38.1990183+02:00" endTime="2014-07-23T02:06:38.2000035+02:00" testType="13cdc9d9-ddb5-4fa4-a97d-d965ccfc6d4b" outcome="Passed" testListId="8c84fa94-04c1-424b-9868-57a2d4851a1d" relativeResultsDirectory="c94777e4-0803-4d41-8e0c-717027412b48">
    </UnitTestResult>
    <UnitTestResult executionId="edf6fbfc-8acf-4808-9f0f-da37944f2d9f" testId="ed5ca231-a40d-1e94-d8cf-62620be065b2" testName="EqualsWithTwoNullsValueObjectsReturnTrue" computerName="ICINETICJHB" duration="00:00:00.0001300" startTime="2014-07-23T02:06:38.2030201+02:00" endTime="2014-07-23T02:06:38.2040037+02:00" testType="13cdc9d9-ddb5-4fa4-a97d-d965ccfc6d4b" outcome="Passed" testListId="8c84fa94-04c1-424b-9868-57a2d4851a1d" relativeResultsDirectory="edf6fbfc-8acf-4808-9f0f-da37944f2d9f">
    </UnitTestResult>
    <UnitTestResult executionId="a74735e9-858e-4306-898f-fc0ca4e73924" testId="ef418061-d4c4-2027-28ba-907376548f88" testName="IntEntityEqualsWithTwoTransientEntitiesReturnFalse" computerName="ICINETICJHB" duration="00:00:00.0001389" startTime="2014-07-23T02:06:38.2060200+02:00" endTime="2014-07-23T02:06:38.2080200+02:00" testType="13cdc9d9-ddb5-4fa4-a97d-d965ccfc6d4b" outcome="Passed" testListId="8c84fa94-04c1-424b-9868-57a2d4851a1d" relativeResultsDirectory="a74735e9-858e-4306-898f-fc0ca4e73924">
    </UnitTestResult>
    <UnitTestResult executionId="2f855467-efe5-46d7-bed8-e9e15a7964ac" testId="f1db9089-b01e-e5ce-8721-8284d6363de2" testName="EqualsWithOneDifferentPropertyReturnFalse" computerName="ICINETICJHB" duration="00:00:00.0001838" startTime="2014-07-23T02:06:38.2100038+02:00" endTime="2014-07-23T02:06:38.2110036+02:00" testType="13cdc9d9-ddb5-4fa4-a97d-d965ccfc6d4b" outcome="Passed" testListId="8c84fa94-04c1-424b-9868-57a2d4851a1d" relativeResultsDirectory="2f855467-efe5-46d7-bed8-e9e15a7964ac">
    </UnitTestResult>
    <UnitTestResult executionId="29134208-ae6e-4877-bb8d-0ae90fb2a7b1" testId="f8a0681f-01a9-96fe-d3cb-5a7507e6aa1a" testName="StringEqualsWithSameTransientEntitieReturnTrue" computerName="ICINETICJHB" duration="00:00:00.0001406" startTime="2014-07-23T02:06:38.2140065+02:00" endTime="2014-07-23T02:06:38.2150208+02:00" testType="13cdc9d9-ddb5-4fa4-a97d-d965ccfc6d4b" outcome="Passed" testListId="8c84fa94-04c1-424b-9868-57a2d4851a1d" relativeResultsDirectory="29134208-ae6e-4877-bb8d-0ae90fb2a7b1">
    </UnitTestResult>
  </Results>
</TestRun>