<?xml version="1.0" encoding="UTF-8"?>
<TestRun id="5e9da974-38f1-4ae2-9d65-6bb68d98e6f9" name="Javier@ICINETICJHB 2014-04-17 02:46:51" runUser="ICINETICJHB\Javier" xmlns="http://microsoft.com/schemas/VisualStudio/TeamTest/2010">
  <TestSettings name="Local" id="4178bfa7-869c-4013-9eae-b770f521a560">
    <Description>These are default test settings for a local test run.</Description>
    <Deployment enabled="false" runDeploymentRoot="Javier_ICINETICJHB 2014-04-17 02_46_51">
      <DeploymentItem filename="D:\IDev\Inflexion2\01-Framework\Proyectos\Asemblies\Debug\Inflexion2.dll" />
    </Deployment>
    <Execution>
      <TestTypeSpecific />
      <AgentRule name="Execution Agents">
      </AgentRule>
    </Execution>
  </TestSettings>
  <Times creation="2014-04-17T02:46:51.6171841+02:00" queuing="2014-04-17T02:46:51.8896682+02:00" start="2014-04-17T02:46:51.9106694+02:00" finish="2014-04-17T02:46:52.3506949+02:00" />
  <ResultSummary outcome="Completed">
    <Counters total="33" executed="33" passed="33" error="0" failed="0" timeout="0" aborted="0" inconclusive="0" passedButRunAborted="0" notRunnable="0" notExecuted="0" disconnected="0" warning="0" completed="0" inProgress="0" pending="0" />
  </ResultSummary>
  <TestDefinitions>
    <UnitTest name="GuidEntityEqualsWithOneNullEntityReturnFalse" storage="d:\idev\inflexion2\03-testing\inflexion2.framework.testing\bin\debug\inflexion2.framework.testing.dll" id="5c01ed2f-cfa6-faf5-80ee-7526386e5bcb">
      <Execution id="c708ed56-fd0d-4689-8cd9-50fe7684a0aa" />
      <TestMethod codeBase="D:/IDev/Inflexion2/03-Testing/Inflexion2.Framework.Testing/bin/Debug/Inflexion2.Framework.Testing.DLL" adapterTypeName="Microsoft.VisualStudio.TestTools.TestTypes.Unit.UnitTestAdapter, Microsoft.VisualStudio.QualityTools.Tips.UnitTest.Adapter, Version=10.0.0.0, Culture=neutral, PublicKeyToken=b03f5f7f11d50a3a" className="Inflexion2.Testing.GuidEntityTransientTest, Inflexion2.Framework.Testing, Version=1.0.0.0, Culture=neutral, PublicKeyToken=null" name="GuidEntityEqualsWithOneNullEntityReturnFalse" />
    </UnitTest>
    <UnitTest name="IntEntityEqualsWithTwoNullsEntitiesDifferentTypeReturnFalse" storage="d:\idev\inflexion2\03-testing\inflexion2.framework.testing\bin\debug\inflexion2.framework.testing.dll" id="55745a3e-cb76-ce47-5e1c-cb4863c8cc88">
      <Execution id="814e8e6f-3b18-4228-bdf8-960938d5fd2e" />
      <TestMethod codeBase="D:/IDev/Inflexion2/03-Testing/Inflexion2.Framework.Testing/bin/Debug/Inflexion2.Framework.Testing.DLL" adapterTypeName="Microsoft.VisualStudio.TestTools.TestTypes.Unit.UnitTestAdapter, Microsoft.VisualStudio.QualityTools.Tips.UnitTest.Adapter, Version=10.0.0.0, Culture=neutral, PublicKeyToken=b03f5f7f11d50a3a" className="Inflexion2.Testing.EntityTransientTest, Inflexion2.Framework.Testing, Version=1.0.0.0, Culture=neutral, PublicKeyToken=null" name="IntEntityEqualsWithTwoNullsEntitiesDifferentTypeReturnFalse" />
    </UnitTest>
    <UnitTest name="EqualsWithNestedDifferentRootValueObjectReturnFalse" storage="d:\idev\inflexion2\03-testing\inflexion2.framework.testing\bin\debug\inflexion2.framework.testing.dll" id="c88e308d-c412-3989-03a6-4812dd297cad">
      <Execution id="4bec9b4d-d5f2-456c-ade3-b7ed9e7d390e" />
      <TestMethod codeBase="D:/IDev/Inflexion2/03-Testing/Inflexion2.Framework.Testing/bin/Debug/Inflexion2.Framework.Testing.DLL" adapterTypeName="Microsoft.VisualStudio.TestTools.TestTypes.Unit.UnitTestAdapter, Microsoft.VisualStudio.QualityTools.Tips.UnitTest.Adapter, Version=10.0.0.0, Culture=neutral, PublicKeyToken=b03f5f7f11d50a3a" className="Inflexion2.Testing.EqualityValueObject, Inflexion2.Framework.Testing, Version=1.0.0.0, Culture=neutral, PublicKeyToken=null" name="EqualsWithNestedDifferentRootValueObjectReturnFalse" />
    </UnitTest>
    <UnitTest name="EqualsWithNestedValueObjectReturnTrue" storage="d:\idev\inflexion2\03-testing\inflexion2.framework.testing\bin\debug\inflexion2.framework.testing.dll" id="cfcea3e5-0964-8d2b-bd64-154d5273ea8f">
      <Execution id="bc1aa690-a401-4740-988b-d2b80cad569b" />
      <TestMethod codeBase="D:/IDev/Inflexion2/03-Testing/Inflexion2.Framework.Testing/bin/Debug/Inflexion2.Framework.Testing.DLL" adapterTypeName="Microsoft.VisualStudio.TestTools.TestTypes.Unit.UnitTestAdapter, Microsoft.VisualStudio.QualityTools.Tips.UnitTest.Adapter, Version=10.0.0.0, Culture=neutral, PublicKeyToken=b03f5f7f11d50a3a" className="Inflexion2.Testing.EqualityValueObject, Inflexion2.Framework.Testing, Version=1.0.0.0, Culture=neutral, PublicKeyToken=null" name="EqualsWithNestedValueObjectReturnTrue" />
    </UnitTest>
    <UnitTest name="StringEqualsWithSameTransientEntitieReturnTrue" storage="d:\idev\inflexion2\03-testing\inflexion2.framework.testing\bin\debug\inflexion2.framework.testing.dll" id="f8a0681f-01a9-96fe-d3cb-5a7507e6aa1a">
      <Execution id="077495a6-a880-4e31-b01c-8ae2001e4675" />
      <TestMethod codeBase="D:/IDev/Inflexion2/03-Testing/Inflexion2.Framework.Testing/bin/Debug/Inflexion2.Framework.Testing.DLL" adapterTypeName="Microsoft.VisualStudio.TestTools.TestTypes.Unit.UnitTestAdapter, Microsoft.VisualStudio.QualityTools.Tips.UnitTest.Adapter, Version=10.0.0.0, Culture=neutral, PublicKeyToken=b03f5f7f11d50a3a" className="Inflexion2.Testing.StringEntityTransientTest, Inflexion2.Framework.Testing, Version=1.0.0.0, Culture=neutral, PublicKeyToken=null" name="StringEqualsWithSameTransientEntitieReturnTrue" />
    </UnitTest>
    <UnitTest name="EqualsWithTwoNullsEntitiesDifferentTypeReturnFalse" storage="d:\idev\inflexion2\03-testing\inflexion2.framework.testing\bin\debug\inflexion2.framework.testing.dll" id="b1a88be6-0573-6eb0-e0ba-a476ebddfcc3">
      <Execution id="7c6623a0-0f1a-4f5a-bfca-bf25ab715372" />
      <TestMethod codeBase="D:/IDev/Inflexion2/03-Testing/Inflexion2.Framework.Testing/bin/Debug/Inflexion2.Framework.Testing.DLL" adapterTypeName="Microsoft.VisualStudio.TestTools.TestTypes.Unit.UnitTestAdapter, Microsoft.VisualStudio.QualityTools.Tips.UnitTest.Adapter, Version=10.0.0.0, Culture=neutral, PublicKeyToken=b03f5f7f11d50a3a" className="Inflexion2.Testing.AuditableEntityTransientTest, Inflexion2.Framework.Testing, Version=1.0.0.0, Culture=neutral, PublicKeyToken=null" name="EqualsWithTwoNullsEntitiesDifferentTypeReturnFalse" />
    </UnitTest>
    <UnitTest name="StringEqualsWithTwoNullsEntitiesDifferentTypeReturnFalse" storage="d:\idev\inflexion2\03-testing\inflexion2.framework.testing\bin\debug\inflexion2.framework.testing.dll" id="3dc9c38f-ffcf-b4ec-4950-2951ba76f7d8">
      <Execution id="0bb6e8b2-20dd-44c1-8e6e-058652a297f1" />
      <TestMethod codeBase="D:/IDev/Inflexion2/03-Testing/Inflexion2.Framework.Testing/bin/Debug/Inflexion2.Framework.Testing.DLL" adapterTypeName="Microsoft.VisualStudio.TestTools.TestTypes.Unit.UnitTestAdapter, Microsoft.VisualStudio.QualityTools.Tips.UnitTest.Adapter, Version=10.0.0.0, Culture=neutral, PublicKeyToken=b03f5f7f11d50a3a" className="Inflexion2.Testing.StringEntityTransientTest, Inflexion2.Framework.Testing, Version=1.0.0.0, Culture=neutral, PublicKeyToken=null" name="StringEqualsWithTwoNullsEntitiesDifferentTypeReturnFalse" />
    </UnitTest>
    <UnitTest name="ValidatableEntityGuidEqualsWithOneNullEntityReturnFalse" storage="d:\idev\inflexion2\03-testing\inflexion2.framework.testing\bin\debug\inflexion2.framework.testing.dll" id="b53f3b4e-80dd-ada9-22f9-683ce813b819">
      <Execution id="6c8fbb6e-1619-46a7-be06-b42da8ca3184" />
      <TestMethod codeBase="D:/IDev/Inflexion2/03-Testing/Inflexion2.Framework.Testing/bin/Debug/Inflexion2.Framework.Testing.DLL" adapterTypeName="Microsoft.VisualStudio.TestTools.TestTypes.Unit.UnitTestAdapter, Microsoft.VisualStudio.QualityTools.Tips.UnitTest.Adapter, Version=10.0.0.0, Culture=neutral, PublicKeyToken=b03f5f7f11d50a3a" className="Inflexion2.Testing.ValidatableEntityTransientTest, Inflexion2.Framework.Testing, Version=1.0.0.0, Culture=neutral, PublicKeyToken=null" name="ValidatableEntityGuidEqualsWithOneNullEntityReturnFalse" />
    </UnitTest>
    <UnitTest name="IntEntityEqualsWithSameTransientEntitieReturnTrue" storage="d:\idev\inflexion2\03-testing\inflexion2.framework.testing\bin\debug\inflexion2.framework.testing.dll" id="df70d1db-0b89-8d5b-f3c3-11fdd92fed5b">
      <Execution id="8549357a-6e5b-4b93-8538-63ddc8f6c0d2" />
      <TestMethod codeBase="D:/IDev/Inflexion2/03-Testing/Inflexion2.Framework.Testing/bin/Debug/Inflexion2.Framework.Testing.DLL" adapterTypeName="Microsoft.VisualStudio.TestTools.TestTypes.Unit.UnitTestAdapter, Microsoft.VisualStudio.QualityTools.Tips.UnitTest.Adapter, Version=10.0.0.0, Culture=neutral, PublicKeyToken=b03f5f7f11d50a3a" className="Inflexion2.Testing.EntityTransientTest, Inflexion2.Framework.Testing, Version=1.0.0.0, Culture=neutral, PublicKeyToken=null" name="IntEntityEqualsWithSameTransientEntitieReturnTrue" />
    </UnitTest>
    <UnitTest name="EqualsWithEqualsValueObjectsReturnTrue" storage="d:\idev\inflexion2\03-testing\inflexion2.framework.testing\bin\debug\inflexion2.framework.testing.dll" id="be2066fd-b436-06cd-97b4-c7078e10e0f4">
      <Execution id="3171c30c-232d-402e-b2f4-41f73e0271a2" />
      <TestMethod codeBase="D:/IDev/Inflexion2/03-Testing/Inflexion2.Framework.Testing/bin/Debug/Inflexion2.Framework.Testing.DLL" adapterTypeName="Microsoft.VisualStudio.TestTools.TestTypes.Unit.UnitTestAdapter, Microsoft.VisualStudio.QualityTools.Tips.UnitTest.Adapter, Version=10.0.0.0, Culture=neutral, PublicKeyToken=b03f5f7f11d50a3a" className="Inflexion2.Testing.EqualityValueObject, Inflexion2.Framework.Testing, Version=1.0.0.0, Culture=neutral, PublicKeyToken=null" name="EqualsWithEqualsValueObjectsReturnTrue" />
    </UnitTest>
    <UnitTest name="EqualsWithTwoTransientEntitiesReturnFalse" storage="d:\idev\inflexion2\03-testing\inflexion2.framework.testing\bin\debug\inflexion2.framework.testing.dll" id="a5143e69-78bd-03a5-f82d-50e4014f386a">
      <Execution id="a5b39237-6940-4277-8623-efbd14219ed0" />
      <TestMethod codeBase="D:/IDev/Inflexion2/03-Testing/Inflexion2.Framework.Testing/bin/Debug/Inflexion2.Framework.Testing.DLL" adapterTypeName="Microsoft.VisualStudio.TestTools.TestTypes.Unit.UnitTestAdapter, Microsoft.VisualStudio.QualityTools.Tips.UnitTest.Adapter, Version=10.0.0.0, Culture=neutral, PublicKeyToken=b03f5f7f11d50a3a" className="Inflexion2.Testing.AuditableEntityTransientTest, Inflexion2.Framework.Testing, Version=1.0.0.0, Culture=neutral, PublicKeyToken=null" name="EqualsWithTwoTransientEntitiesReturnFalse" />
    </UnitTest>
    <UnitTest name="ValidatableEntityGuidEqualsWithTwoNullsEntitiesDifferentTypeReturnFalse" storage="d:\idev\inflexion2\03-testing\inflexion2.framework.testing\bin\debug\inflexion2.framework.testing.dll" id="861bbbdf-9e17-619d-89af-8b7fa4a205e7">
      <Execution id="27f38d5b-5b4d-42a9-84b8-d4307a4f1b00" />
      <TestMethod codeBase="D:/IDev/Inflexion2/03-Testing/Inflexion2.Framework.Testing/bin/Debug/Inflexion2.Framework.Testing.DLL" adapterTypeName="Microsoft.VisualStudio.TestTools.TestTypes.Unit.UnitTestAdapter, Microsoft.VisualStudio.QualityTools.Tips.UnitTest.Adapter, Version=10.0.0.0, Culture=neutral, PublicKeyToken=b03f5f7f11d50a3a" className="Inflexion2.Testing.ValidatableEntityTransientTest, Inflexion2.Framework.Testing, Version=1.0.0.0, Culture=neutral, PublicKeyToken=null" name="ValidatableEntityGuidEqualsWithTwoNullsEntitiesDifferentTypeReturnFalse" />
    </UnitTest>
    <UnitTest name="ValidatableEntityGuidEqualsWithSameTransientEntitieReturnTrue" storage="d:\idev\inflexion2\03-testing\inflexion2.framework.testing\bin\debug\inflexion2.framework.testing.dll" id="22a8b0cb-7a33-d352-b784-a1f8be065fd9">
      <Execution id="0bb87fbf-5904-4ea4-aa96-a25cd4775795" />
      <TestMethod codeBase="D:/IDev/Inflexion2/03-Testing/Inflexion2.Framework.Testing/bin/Debug/Inflexion2.Framework.Testing.DLL" adapterTypeName="Microsoft.VisualStudio.TestTools.TestTypes.Unit.UnitTestAdapter, Microsoft.VisualStudio.QualityTools.Tips.UnitTest.Adapter, Version=10.0.0.0, Culture=neutral, PublicKeyToken=b03f5f7f11d50a3a" className="Inflexion2.Testing.ValidatableEntityTransientTest, Inflexion2.Framework.Testing, Version=1.0.0.0, Culture=neutral, PublicKeyToken=null" name="ValidatableEntityGuidEqualsWithSameTransientEntitieReturnTrue" />
    </UnitTest>
    <UnitTest name="ValidatableEntityGuidEqualsWithTwoTransientEntitiesReturnFalse" storage="d:\idev\inflexion2\03-testing\inflexion2.framework.testing\bin\debug\inflexion2.framework.testing.dll" id="39038477-ba46-aac5-eb4c-721235e0936b">
      <Execution id="968ada15-4444-45f1-b7cc-d1d3f8c14e34" />
      <TestMethod codeBase="D:/IDev/Inflexion2/03-Testing/Inflexion2.Framework.Testing/bin/Debug/Inflexion2.Framework.Testing.DLL" adapterTypeName="Microsoft.VisualStudio.TestTools.TestTypes.Unit.UnitTestAdapter, Microsoft.VisualStudio.QualityTools.Tips.UnitTest.Adapter, Version=10.0.0.0, Culture=neutral, PublicKeyToken=b03f5f7f11d50a3a" className="Inflexion2.Testing.ValidatableEntityTransientTest, Inflexion2.Framework.Testing, Version=1.0.0.0, Culture=neutral, PublicKeyToken=null" name="ValidatableEntityGuidEqualsWithTwoTransientEntitiesReturnFalse" />
    </UnitTest>
    <UnitTest name="EqualsWithOneNullEntityReturnFalse" storage="d:\idev\inflexion2\03-testing\inflexion2.framework.testing\bin\debug\inflexion2.framework.testing.dll" id="375ff3a2-2357-6f85-11f0-4fdbcfbe878c">
      <Execution id="e0c94c21-a6e7-460f-b87c-f082b9736d25" />
      <TestMethod codeBase="D:/IDev/Inflexion2/03-Testing/Inflexion2.Framework.Testing/bin/Debug/Inflexion2.Framework.Testing.DLL" adapterTypeName="Microsoft.VisualStudio.TestTools.TestTypes.Unit.UnitTestAdapter, Microsoft.VisualStudio.QualityTools.Tips.UnitTest.Adapter, Version=10.0.0.0, Culture=neutral, PublicKeyToken=b03f5f7f11d50a3a" className="Inflexion2.Testing.AuditableEntityTransientTest, Inflexion2.Framework.Testing, Version=1.0.0.0, Culture=neutral, PublicKeyToken=null" name="EqualsWithOneNullEntityReturnFalse" />
    </UnitTest>
    <UnitTest name="EqualsWithNestedDifferentValueObjectReturnFalse" storage="d:\idev\inflexion2\03-testing\inflexion2.framework.testing\bin\debug\inflexion2.framework.testing.dll" id="8ce58482-7d3e-3e19-80e5-4b965e8f5059">
      <Execution id="ec80e4c2-5010-4cd3-a630-d69c7dff0cf2" />
      <TestMethod codeBase="D:/IDev/Inflexion2/03-Testing/Inflexion2.Framework.Testing/bin/Debug/Inflexion2.Framework.Testing.DLL" adapterTypeName="Microsoft.VisualStudio.TestTools.TestTypes.Unit.UnitTestAdapter, Microsoft.VisualStudio.QualityTools.Tips.UnitTest.Adapter, Version=10.0.0.0, Culture=neutral, PublicKeyToken=b03f5f7f11d50a3a" className="Inflexion2.Testing.EqualityValueObject, Inflexion2.Framework.Testing, Version=1.0.0.0, Culture=neutral, PublicKeyToken=null" name="EqualsWithNestedDifferentValueObjectReturnFalse" />
    </UnitTest>
    <UnitTest name="StringEqualsWithTwoNullsEntitiesSameTypeReturnTrue" storage="d:\idev\inflexion2\03-testing\inflexion2.framework.testing\bin\debug\inflexion2.framework.testing.dll" id="4ccbac64-6d99-8651-0e4e-7a94ce86ca89">
      <Execution id="155edede-150b-471b-9396-bb6ac3e06caa" />
      <TestMethod codeBase="D:/IDev/Inflexion2/03-Testing/Inflexion2.Framework.Testing/bin/Debug/Inflexion2.Framework.Testing.DLL" adapterTypeName="Microsoft.VisualStudio.TestTools.TestTypes.Unit.UnitTestAdapter, Microsoft.VisualStudio.QualityTools.Tips.UnitTest.Adapter, Version=10.0.0.0, Culture=neutral, PublicKeyToken=b03f5f7f11d50a3a" className="Inflexion2.Testing.StringEntityTransientTest, Inflexion2.Framework.Testing, Version=1.0.0.0, Culture=neutral, PublicKeyToken=null" name="StringEqualsWithTwoNullsEntitiesSameTypeReturnTrue" />
    </UnitTest>
    <UnitTest name="EqualsWithTwoNullsValueObjectsReturnTrue" storage="d:\idev\inflexion2\03-testing\inflexion2.framework.testing\bin\debug\inflexion2.framework.testing.dll" id="ed5ca231-a40d-1e94-d8cf-62620be065b2">
      <Execution id="7063d34d-cc50-446e-a842-db58c5fb92bf" />
      <TestMethod codeBase="D:/IDev/Inflexion2/03-Testing/Inflexion2.Framework.Testing/bin/Debug/Inflexion2.Framework.Testing.DLL" adapterTypeName="Microsoft.VisualStudio.TestTools.TestTypes.Unit.UnitTestAdapter, Microsoft.VisualStudio.QualityTools.Tips.UnitTest.Adapter, Version=10.0.0.0, Culture=neutral, PublicKeyToken=b03f5f7f11d50a3a" className="Inflexion2.Testing.EqualityValueObject, Inflexion2.Framework.Testing, Version=1.0.0.0, Culture=neutral, PublicKeyToken=null" name="EqualsWithTwoNullsValueObjectsReturnTrue" />
    </UnitTest>
    <UnitTest name="EqualsWithTwoNullsEntitiesSameTypeReturnTrue" storage="d:\idev\inflexion2\03-testing\inflexion2.framework.testing\bin\debug\inflexion2.framework.testing.dll" id="17042057-7aeb-7c30-7303-5d1a8e9e0592">
      <Execution id="4a8d23fb-0539-4395-8739-02e7fe0a6001" />
      <TestMethod codeBase="D:/IDev/Inflexion2/03-Testing/Inflexion2.Framework.Testing/bin/Debug/Inflexion2.Framework.Testing.DLL" adapterTypeName="Microsoft.VisualStudio.TestTools.TestTypes.Unit.UnitTestAdapter, Microsoft.VisualStudio.QualityTools.Tips.UnitTest.Adapter, Version=10.0.0.0, Culture=neutral, PublicKeyToken=b03f5f7f11d50a3a" className="Inflexion2.Testing.AuditableEntityTransientTest, Inflexion2.Framework.Testing, Version=1.0.0.0, Culture=neutral, PublicKeyToken=null" name="EqualsWithTwoNullsEntitiesSameTypeReturnTrue" />
    </UnitTest>
    <UnitTest name="StringEqualsWithTwoTransientEntitiesReturnFalse" storage="d:\idev\inflexion2\03-testing\inflexion2.framework.testing\bin\debug\inflexion2.framework.testing.dll" id="4d2dabf7-6001-0f95-8269-92c41508bd3d">
      <Execution id="59cee444-6a72-4735-b563-593eb2ff32a3" />
      <TestMethod codeBase="D:/IDev/Inflexion2/03-Testing/Inflexion2.Framework.Testing/bin/Debug/Inflexion2.Framework.Testing.DLL" adapterTypeName="Microsoft.VisualStudio.TestTools.TestTypes.Unit.UnitTestAdapter, Microsoft.VisualStudio.QualityTools.Tips.UnitTest.Adapter, Version=10.0.0.0, Culture=neutral, PublicKeyToken=b03f5f7f11d50a3a" className="Inflexion2.Testing.StringEntityTransientTest, Inflexion2.Framework.Testing, Version=1.0.0.0, Culture=neutral, PublicKeyToken=null" name="StringEqualsWithTwoTransientEntitiesReturnFalse" />
    </UnitTest>
    <UnitTest name="EqualsWithSameTransientEntitieReturnTrue" storage="d:\idev\inflexion2\03-testing\inflexion2.framework.testing\bin\debug\inflexion2.framework.testing.dll" id="274f79cb-044b-0e7e-9f9e-4afbcabf33e2">
      <Execution id="01a8ab1b-13ed-4998-91a2-c621c2e68afd" />
      <TestMethod codeBase="D:/IDev/Inflexion2/03-Testing/Inflexion2.Framework.Testing/bin/Debug/Inflexion2.Framework.Testing.DLL" adapterTypeName="Microsoft.VisualStudio.TestTools.TestTypes.Unit.UnitTestAdapter, Microsoft.VisualStudio.QualityTools.Tips.UnitTest.Adapter, Version=10.0.0.0, Culture=neutral, PublicKeyToken=b03f5f7f11d50a3a" className="Inflexion2.Testing.AuditableEntityTransientTest, Inflexion2.Framework.Testing, Version=1.0.0.0, Culture=neutral, PublicKeyToken=null" name="EqualsWithSameTransientEntitieReturnTrue" />
    </UnitTest>
    <UnitTest name="IntEntityEqualsWithTwoNullsEntitiesSameTypeReturnTrue" storage="d:\idev\inflexion2\03-testing\inflexion2.framework.testing\bin\debug\inflexion2.framework.testing.dll" id="d72373c0-a703-cca6-215c-a78aa85313eb">
      <Execution id="6fd78881-2d01-4a6e-8cf1-819910015273" />
      <TestMethod codeBase="D:/IDev/Inflexion2/03-Testing/Inflexion2.Framework.Testing/bin/Debug/Inflexion2.Framework.Testing.DLL" adapterTypeName="Microsoft.VisualStudio.TestTools.TestTypes.Unit.UnitTestAdapter, Microsoft.VisualStudio.QualityTools.Tips.UnitTest.Adapter, Version=10.0.0.0, Culture=neutral, PublicKeyToken=b03f5f7f11d50a3a" className="Inflexion2.Testing.EntityTransientTest, Inflexion2.Framework.Testing, Version=1.0.0.0, Culture=neutral, PublicKeyToken=null" name="IntEntityEqualsWithTwoNullsEntitiesSameTypeReturnTrue" />
    </UnitTest>
    <UnitTest name="GuidEntityEqualsWithTwoTransientEntitiesReturnFalse" storage="d:\idev\inflexion2\03-testing\inflexion2.framework.testing\bin\debug\inflexion2.framework.testing.dll" id="66b79ba3-ccdf-a017-5e08-1702c7c38084">
      <Execution id="26724f3c-46f7-462e-af20-0e11ae521bb3" />
      <TestMethod codeBase="D:/IDev/Inflexion2/03-Testing/Inflexion2.Framework.Testing/bin/Debug/Inflexion2.Framework.Testing.DLL" adapterTypeName="Microsoft.VisualStudio.TestTools.TestTypes.Unit.UnitTestAdapter, Microsoft.VisualStudio.QualityTools.Tips.UnitTest.Adapter, Version=10.0.0.0, Culture=neutral, PublicKeyToken=b03f5f7f11d50a3a" className="Inflexion2.Testing.GuidEntityTransientTest, Inflexion2.Framework.Testing, Version=1.0.0.0, Culture=neutral, PublicKeyToken=null" name="GuidEntityEqualsWithTwoTransientEntitiesReturnFalse" />
    </UnitTest>
    <UnitTest name="GuidEntityEqualsWithTwoNullsEntitiesSameTypeReturnTrue" storage="d:\idev\inflexion2\03-testing\inflexion2.framework.testing\bin\debug\inflexion2.framework.testing.dll" id="b6e2ea1d-beee-09a0-2102-a1602abebdcc">
      <Execution id="afab24bd-b8ef-48e2-b84e-709c09ba999f" />
      <TestMethod codeBase="D:/IDev/Inflexion2/03-Testing/Inflexion2.Framework.Testing/bin/Debug/Inflexion2.Framework.Testing.DLL" adapterTypeName="Microsoft.VisualStudio.TestTools.TestTypes.Unit.UnitTestAdapter, Microsoft.VisualStudio.QualityTools.Tips.UnitTest.Adapter, Version=10.0.0.0, Culture=neutral, PublicKeyToken=b03f5f7f11d50a3a" className="Inflexion2.Testing.GuidEntityTransientTest, Inflexion2.Framework.Testing, Version=1.0.0.0, Culture=neutral, PublicKeyToken=null" name="GuidEntityEqualsWithTwoNullsEntitiesSameTypeReturnTrue" />
    </UnitTest>
    <UnitTest name="GuidEntityEqualsWithTwoNullsEntitiesDifferentTypeReturnFalse" storage="d:\idev\inflexion2\03-testing\inflexion2.framework.testing\bin\debug\inflexion2.framework.testing.dll" id="a5173249-e457-2bae-6188-e07755a468f1">
      <Execution id="91ebe192-99b7-4f74-9a51-d425d3f142ce" />
      <TestMethod codeBase="D:/IDev/Inflexion2/03-Testing/Inflexion2.Framework.Testing/bin/Debug/Inflexion2.Framework.Testing.DLL" adapterTypeName="Microsoft.VisualStudio.TestTools.TestTypes.Unit.UnitTestAdapter, Microsoft.VisualStudio.QualityTools.Tips.UnitTest.Adapter, Version=10.0.0.0, Culture=neutral, PublicKeyToken=b03f5f7f11d50a3a" className="Inflexion2.Testing.GuidEntityTransientTest, Inflexion2.Framework.Testing, Version=1.0.0.0, Culture=neutral, PublicKeyToken=null" name="GuidEntityEqualsWithTwoNullsEntitiesDifferentTypeReturnFalse" />
    </UnitTest>
    <UnitTest name="IntEntityEqualsWithTwoTransientEntitiesReturnFalse" storage="d:\idev\inflexion2\03-testing\inflexion2.framework.testing\bin\debug\inflexion2.framework.testing.dll" id="ef418061-d4c4-2027-28ba-907376548f88">
      <Execution id="44d66942-8fe9-4855-9b5a-f702fdf2c1a5" />
      <TestMethod codeBase="D:/IDev/Inflexion2/03-Testing/Inflexion2.Framework.Testing/bin/Debug/Inflexion2.Framework.Testing.DLL" adapterTypeName="Microsoft.VisualStudio.TestTools.TestTypes.Unit.UnitTestAdapter, Microsoft.VisualStudio.QualityTools.Tips.UnitTest.Adapter, Version=10.0.0.0, Culture=neutral, PublicKeyToken=b03f5f7f11d50a3a" className="Inflexion2.Testing.EntityTransientTest, Inflexion2.Framework.Testing, Version=1.0.0.0, Culture=neutral, PublicKeyToken=null" name="IntEntityEqualsWithTwoTransientEntitiesReturnFalse" />
    </UnitTest>
    <UnitTest name="GuidEntityEqualsWithSameTransientEntitieReturnTrue" storage="d:\idev\inflexion2\03-testing\inflexion2.framework.testing\bin\debug\inflexion2.framework.testing.dll" id="b202aa4d-65bf-bc8d-820d-b2b2651d5544">
      <Execution id="0d6172ca-f9d5-4f9a-8d2c-7cc8a00ad7e1" />
      <TestMethod codeBase="D:/IDev/Inflexion2/03-Testing/Inflexion2.Framework.Testing/bin/Debug/Inflexion2.Framework.Testing.DLL" adapterTypeName="Microsoft.VisualStudio.TestTools.TestTypes.Unit.UnitTestAdapter, Microsoft.VisualStudio.QualityTools.Tips.UnitTest.Adapter, Version=10.0.0.0, Culture=neutral, PublicKeyToken=b03f5f7f11d50a3a" className="Inflexion2.Testing.GuidEntityTransientTest, Inflexion2.Framework.Testing, Version=1.0.0.0, Culture=neutral, PublicKeyToken=null" name="GuidEntityEqualsWithSameTransientEntitieReturnTrue" />
    </UnitTest>
    <UnitTest name="EqualsWithOneDifferentPropertyReturnFalse" storage="d:\idev\inflexion2\03-testing\inflexion2.framework.testing\bin\debug\inflexion2.framework.testing.dll" id="f1db9089-b01e-e5ce-8721-8284d6363de2">
      <Execution id="26132afb-7ce0-4c5a-8dc3-91fbeb1f1be9" />
      <TestMethod codeBase="D:/IDev/Inflexion2/03-Testing/Inflexion2.Framework.Testing/bin/Debug/Inflexion2.Framework.Testing.DLL" adapterTypeName="Microsoft.VisualStudio.TestTools.TestTypes.Unit.UnitTestAdapter, Microsoft.VisualStudio.QualityTools.Tips.UnitTest.Adapter, Version=10.0.0.0, Culture=neutral, PublicKeyToken=b03f5f7f11d50a3a" className="Inflexion2.Testing.EqualityValueObject, Inflexion2.Framework.Testing, Version=1.0.0.0, Culture=neutral, PublicKeyToken=null" name="EqualsWithOneDifferentPropertyReturnFalse" />
    </UnitTest>
    <UnitTest name="ValidatableEntityGuidEqualsWithTwoNullsEntitiesSameTypeReturnTrue" storage="d:\idev\inflexion2\03-testing\inflexion2.framework.testing\bin\debug\inflexion2.framework.testing.dll" id="982f7fbb-ba3f-33fd-9fa4-3f5b26be6e74">
      <Execution id="dfd97ccc-951e-48aa-ba44-3590810b0ce0" />
      <TestMethod codeBase="D:/IDev/Inflexion2/03-Testing/Inflexion2.Framework.Testing/bin/Debug/Inflexion2.Framework.Testing.DLL" adapterTypeName="Microsoft.VisualStudio.TestTools.TestTypes.Unit.UnitTestAdapter, Microsoft.VisualStudio.QualityTools.Tips.UnitTest.Adapter, Version=10.0.0.0, Culture=neutral, PublicKeyToken=b03f5f7f11d50a3a" className="Inflexion2.Testing.ValidatableEntityTransientTest, Inflexion2.Framework.Testing, Version=1.0.0.0, Culture=neutral, PublicKeyToken=null" name="ValidatableEntityGuidEqualsWithTwoNullsEntitiesSameTypeReturnTrue" />
    </UnitTest>
    <UnitTest name="StringEqualsWithOneNullEntityReturnFalse" storage="d:\idev\inflexion2\03-testing\inflexion2.framework.testing\bin\debug\inflexion2.framework.testing.dll" id="ea0a69ac-2bb3-b9d1-b8f7-0e625a29c014">
      <Execution id="31377cbe-97e0-49b8-ad0a-e60a2bf1a3a9" />
      <TestMethod codeBase="D:/IDev/Inflexion2/03-Testing/Inflexion2.Framework.Testing/bin/Debug/Inflexion2.Framework.Testing.DLL" adapterTypeName="Microsoft.VisualStudio.TestTools.TestTypes.Unit.UnitTestAdapter, Microsoft.VisualStudio.QualityTools.Tips.UnitTest.Adapter, Version=10.0.0.0, Culture=neutral, PublicKeyToken=b03f5f7f11d50a3a" className="Inflexion2.Testing.StringEntityTransientTest, Inflexion2.Framework.Testing, Version=1.0.0.0, Culture=neutral, PublicKeyToken=null" name="StringEqualsWithOneNullEntityReturnFalse" />
    </UnitTest>
    <UnitTest name="IntEntityEqualsWithOneNullEntityReturnFalse" storage="d:\idev\inflexion2\03-testing\inflexion2.framework.testing\bin\debug\inflexion2.framework.testing.dll" id="28cecd14-0281-33e2-220d-430cb0b76324">
      <Execution id="df26d3a9-70a8-4491-8c7b-fd2a5b8c17b7" />
      <TestMethod codeBase="D:/IDev/Inflexion2/03-Testing/Inflexion2.Framework.Testing/bin/Debug/Inflexion2.Framework.Testing.DLL" adapterTypeName="Microsoft.VisualStudio.TestTools.TestTypes.Unit.UnitTestAdapter, Microsoft.VisualStudio.QualityTools.Tips.UnitTest.Adapter, Version=10.0.0.0, Culture=neutral, PublicKeyToken=b03f5f7f11d50a3a" className="Inflexion2.Testing.EntityTransientTest, Inflexion2.Framework.Testing, Version=1.0.0.0, Culture=neutral, PublicKeyToken=null" name="IntEntityEqualsWithOneNullEntityReturnFalse" />
    </UnitTest>
    <UnitTest name="EqualsWithEmptyValueObjectsReturnTrue" storage="d:\idev\inflexion2\03-testing\inflexion2.framework.testing\bin\debug\inflexion2.framework.testing.dll" id="c4b00738-bd81-d4dd-934a-1f8ce1e5a004">
      <Execution id="df4461b9-de26-4b3b-9c02-abd56fdabc3e" />
      <TestMethod codeBase="D:/IDev/Inflexion2/03-Testing/Inflexion2.Framework.Testing/bin/Debug/Inflexion2.Framework.Testing.DLL" adapterTypeName="Microsoft.VisualStudio.TestTools.TestTypes.Unit.UnitTestAdapter, Microsoft.VisualStudio.QualityTools.Tips.UnitTest.Adapter, Version=10.0.0.0, Culture=neutral, PublicKeyToken=b03f5f7f11d50a3a" className="Inflexion2.Testing.EqualityValueObject, Inflexion2.Framework.Testing, Version=1.0.0.0, Culture=neutral, PublicKeyToken=null" name="EqualsWithEmptyValueObjectsReturnTrue" />
    </UnitTest>
    <UnitTest name="EqualsWithOneNullValueObjectReturnFalse" storage="d:\idev\inflexion2\03-testing\inflexion2.framework.testing\bin\debug\inflexion2.framework.testing.dll" id="9d14cf3b-400a-419e-62e5-56cdb51cd8d7">
      <Execution id="cb72c3bf-8aca-4f71-b8c7-dcd3376bc354" />
      <TestMethod codeBase="D:/IDev/Inflexion2/03-Testing/Inflexion2.Framework.Testing/bin/Debug/Inflexion2.Framework.Testing.DLL" adapterTypeName="Microsoft.VisualStudio.TestTools.TestTypes.Unit.UnitTestAdapter, Microsoft.VisualStudio.QualityTools.Tips.UnitTest.Adapter, Version=10.0.0.0, Culture=neutral, PublicKeyToken=b03f5f7f11d50a3a" className="Inflexion2.Testing.EqualityValueObject, Inflexion2.Framework.Testing, Version=1.0.0.0, Culture=neutral, PublicKeyToken=null" name="EqualsWithOneNullValueObjectReturnFalse" />
    </UnitTest>
  </TestDefinitions>
  <TestLists>
    <TestList name="Results Not in a List" id="8c84fa94-04c1-424b-9868-57a2d4851a1d" />
    <TestList name="All Loaded Results" id="19431567-8539-422a-85d7-44ee4e166bda" />
  </TestLists>
  <TestEntries>
    <TestEntry testId="17042057-7aeb-7c30-7303-5d1a8e9e0592" executionId="4a8d23fb-0539-4395-8739-02e7fe0a6001" testListId="8c84fa94-04c1-424b-9868-57a2d4851a1d" />
    <TestEntry testId="22a8b0cb-7a33-d352-b784-a1f8be065fd9" executionId="0bb87fbf-5904-4ea4-aa96-a25cd4775795" testListId="8c84fa94-04c1-424b-9868-57a2d4851a1d" />
    <TestEntry testId="274f79cb-044b-0e7e-9f9e-4afbcabf33e2" executionId="01a8ab1b-13ed-4998-91a2-c621c2e68afd" testListId="8c84fa94-04c1-424b-9868-57a2d4851a1d" />
    <TestEntry testId="28cecd14-0281-33e2-220d-430cb0b76324" executionId="df26d3a9-70a8-4491-8c7b-fd2a5b8c17b7" testListId="8c84fa94-04c1-424b-9868-57a2d4851a1d" />
    <TestEntry testId="375ff3a2-2357-6f85-11f0-4fdbcfbe878c" executionId="e0c94c21-a6e7-460f-b87c-f082b9736d25" testListId="8c84fa94-04c1-424b-9868-57a2d4851a1d" />
    <TestEntry testId="39038477-ba46-aac5-eb4c-721235e0936b" executionId="968ada15-4444-45f1-b7cc-d1d3f8c14e34" testListId="8c84fa94-04c1-424b-9868-57a2d4851a1d" />
    <TestEntry testId="3dc9c38f-ffcf-b4ec-4950-2951ba76f7d8" executionId="0bb6e8b2-20dd-44c1-8e6e-058652a297f1" testListId="8c84fa94-04c1-424b-9868-57a2d4851a1d" />
    <TestEntry testId="4ccbac64-6d99-8651-0e4e-7a94ce86ca89" executionId="155edede-150b-471b-9396-bb6ac3e06caa" testListId="8c84fa94-04c1-424b-9868-57a2d4851a1d" />
    <TestEntry testId="4d2dabf7-6001-0f95-8269-92c41508bd3d" executionId="59cee444-6a72-4735-b563-593eb2ff32a3" testListId="8c84fa94-04c1-424b-9868-57a2d4851a1d" />
    <TestEntry testId="55745a3e-cb76-ce47-5e1c-cb4863c8cc88" executionId="814e8e6f-3b18-4228-bdf8-960938d5fd2e" testListId="8c84fa94-04c1-424b-9868-57a2d4851a1d" />
    <TestEntry testId="5c01ed2f-cfa6-faf5-80ee-7526386e5bcb" executionId="c708ed56-fd0d-4689-8cd9-50fe7684a0aa" testListId="8c84fa94-04c1-424b-9868-57a2d4851a1d" />
    <TestEntry testId="66b79ba3-ccdf-a017-5e08-1702c7c38084" executionId="26724f3c-46f7-462e-af20-0e11ae521bb3" testListId="8c84fa94-04c1-424b-9868-57a2d4851a1d" />
    <TestEntry testId="861bbbdf-9e17-619d-89af-8b7fa4a205e7" executionId="27f38d5b-5b4d-42a9-84b8-d4307a4f1b00" testListId="8c84fa94-04c1-424b-9868-57a2d4851a1d" />
    <TestEntry testId="8ce58482-7d3e-3e19-80e5-4b965e8f5059" executionId="ec80e4c2-5010-4cd3-a630-d69c7dff0cf2" testListId="8c84fa94-04c1-424b-9868-57a2d4851a1d" />
    <TestEntry testId="982f7fbb-ba3f-33fd-9fa4-3f5b26be6e74" executionId="dfd97ccc-951e-48aa-ba44-3590810b0ce0" testListId="8c84fa94-04c1-424b-9868-57a2d4851a1d" />
    <TestEntry testId="9d14cf3b-400a-419e-62e5-56cdb51cd8d7" executionId="cb72c3bf-8aca-4f71-b8c7-dcd3376bc354" testListId="8c84fa94-04c1-424b-9868-57a2d4851a1d" />
    <TestEntry testId="a5143e69-78bd-03a5-f82d-50e4014f386a" executionId="a5b39237-6940-4277-8623-efbd14219ed0" testListId="8c84fa94-04c1-424b-9868-57a2d4851a1d" />
    <TestEntry testId="a5173249-e457-2bae-6188-e07755a468f1" executionId="91ebe192-99b7-4f74-9a51-d425d3f142ce" testListId="8c84fa94-04c1-424b-9868-57a2d4851a1d" />
    <TestEntry testId="b1a88be6-0573-6eb0-e0ba-a476ebddfcc3" executionId="7c6623a0-0f1a-4f5a-bfca-bf25ab715372" testListId="8c84fa94-04c1-424b-9868-57a2d4851a1d" />
    <TestEntry testId="b202aa4d-65bf-bc8d-820d-b2b2651d5544" executionId="0d6172ca-f9d5-4f9a-8d2c-7cc8a00ad7e1" testListId="8c84fa94-04c1-424b-9868-57a2d4851a1d" />
    <TestEntry testId="b53f3b4e-80dd-ada9-22f9-683ce813b819" executionId="6c8fbb6e-1619-46a7-be06-b42da8ca3184" testListId="8c84fa94-04c1-424b-9868-57a2d4851a1d" />
    <TestEntry testId="b6e2ea1d-beee-09a0-2102-a1602abebdcc" executionId="afab24bd-b8ef-48e2-b84e-709c09ba999f" testListId="8c84fa94-04c1-424b-9868-57a2d4851a1d" />
    <TestEntry testId="be2066fd-b436-06cd-97b4-c7078e10e0f4" executionId="3171c30c-232d-402e-b2f4-41f73e0271a2" testListId="8c84fa94-04c1-424b-9868-57a2d4851a1d" />
    <TestEntry testId="c4b00738-bd81-d4dd-934a-1f8ce1e5a004" executionId="df4461b9-de26-4b3b-9c02-abd56fdabc3e" testListId="8c84fa94-04c1-424b-9868-57a2d4851a1d" />
    <TestEntry testId="c88e308d-c412-3989-03a6-4812dd297cad" executionId="4bec9b4d-d5f2-456c-ade3-b7ed9e7d390e" testListId="8c84fa94-04c1-424b-9868-57a2d4851a1d" />
    <TestEntry testId="cfcea3e5-0964-8d2b-bd64-154d5273ea8f" executionId="bc1aa690-a401-4740-988b-d2b80cad569b" testListId="8c84fa94-04c1-424b-9868-57a2d4851a1d" />
    <TestEntry testId="d72373c0-a703-cca6-215c-a78aa85313eb" executionId="6fd78881-2d01-4a6e-8cf1-819910015273" testListId="8c84fa94-04c1-424b-9868-57a2d4851a1d" />
    <TestEntry testId="df70d1db-0b89-8d5b-f3c3-11fdd92fed5b" executionId="8549357a-6e5b-4b93-8538-63ddc8f6c0d2" testListId="8c84fa94-04c1-424b-9868-57a2d4851a1d" />
    <TestEntry testId="ea0a69ac-2bb3-b9d1-b8f7-0e625a29c014" executionId="31377cbe-97e0-49b8-ad0a-e60a2bf1a3a9" testListId="8c84fa94-04c1-424b-9868-57a2d4851a1d" />
    <TestEntry testId="ed5ca231-a40d-1e94-d8cf-62620be065b2" executionId="7063d34d-cc50-446e-a842-db58c5fb92bf" testListId="8c84fa94-04c1-424b-9868-57a2d4851a1d" />
    <TestEntry testId="ef418061-d4c4-2027-28ba-907376548f88" executionId="44d66942-8fe9-4855-9b5a-f702fdf2c1a5" testListId="8c84fa94-04c1-424b-9868-57a2d4851a1d" />
    <TestEntry testId="f1db9089-b01e-e5ce-8721-8284d6363de2" executionId="26132afb-7ce0-4c5a-8dc3-91fbeb1f1be9" testListId="8c84fa94-04c1-424b-9868-57a2d4851a1d" />
    <TestEntry testId="f8a0681f-01a9-96fe-d3cb-5a7507e6aa1a" executionId="077495a6-a880-4e31-b01c-8ae2001e4675" testListId="8c84fa94-04c1-424b-9868-57a2d4851a1d" />
  </TestEntries>
  <Results>
    <UnitTestResult executionId="4a8d23fb-0539-4395-8739-02e7fe0a6001" testId="17042057-7aeb-7c30-7303-5d1a8e9e0592" testName="EqualsWithTwoNullsEntitiesSameTypeReturnTrue" computerName="ICINETICJHB" duration="00:00:00.0103132" startTime="2014-04-17T02:46:51.9326713+02:00" endTime="2014-04-17T02:46:52.2156894+02:00" testType="13cdc9d9-ddb5-4fa4-a97d-d965ccfc6d4b" outcome="Passed" testListId="8c84fa94-04c1-424b-9868-57a2d4851a1d" relativeResultsDirectory="4a8d23fb-0539-4395-8739-02e7fe0a6001">
    </UnitTestResult>
    <UnitTestResult executionId="0bb87fbf-5904-4ea4-aa96-a25cd4775795" testId="22a8b0cb-7a33-d352-b784-a1f8be065fd9" testName="ValidatableEntityGuidEqualsWithSameTransientEntitieReturnTrue" computerName="ICINETICJHB" duration="00:00:00.0003634" startTime="2014-04-17T02:46:52.2156894+02:00" endTime="2014-04-17T02:46:52.2186875+02:00" testType="13cdc9d9-ddb5-4fa4-a97d-d965ccfc6d4b" outcome="Passed" testListId="8c84fa94-04c1-424b-9868-57a2d4851a1d" relativeResultsDirectory="0bb87fbf-5904-4ea4-aa96-a25cd4775795">
    </UnitTestResult>
    <UnitTestResult executionId="01a8ab1b-13ed-4998-91a2-c621c2e68afd" testId="274f79cb-044b-0e7e-9f9e-4afbcabf33e2" testName="EqualsWithSameTransientEntitieReturnTrue" computerName="ICINETICJHB" duration="00:00:00.0002454" startTime="2014-04-17T02:46:52.2186875+02:00" endTime="2014-04-17T02:46:52.2206872+02:00" testType="13cdc9d9-ddb5-4fa4-a97d-d965ccfc6d4b" outcome="Passed" testListId="8c84fa94-04c1-424b-9868-57a2d4851a1d" relativeResultsDirectory="01a8ab1b-13ed-4998-91a2-c621c2e68afd">
    </UnitTestResult>
    <UnitTestResult executionId="df26d3a9-70a8-4491-8c7b-fd2a5b8c17b7" testId="28cecd14-0281-33e2-220d-430cb0b76324" testName="IntEntityEqualsWithOneNullEntityReturnFalse" computerName="ICINETICJHB" duration="00:00:00.0002617" startTime="2014-04-17T02:46:52.2206872+02:00" endTime="2014-04-17T02:46:52.2226876+02:00" testType="13cdc9d9-ddb5-4fa4-a97d-d965ccfc6d4b" outcome="Passed" testListId="8c84fa94-04c1-424b-9868-57a2d4851a1d" relativeResultsDirectory="df26d3a9-70a8-4491-8c7b-fd2a5b8c17b7">
    </UnitTestResult>
    <UnitTestResult executionId="e0c94c21-a6e7-460f-b87c-f082b9736d25" testId="375ff3a2-2357-6f85-11f0-4fdbcfbe878c" testName="EqualsWithOneNullEntityReturnFalse" computerName="ICINETICJHB" duration="00:00:00.0001453" startTime="2014-04-17T02:46:52.2236875+02:00" endTime="2014-04-17T02:46:52.2246873+02:00" testType="13cdc9d9-ddb5-4fa4-a97d-d965ccfc6d4b" outcome="Passed" testListId="8c84fa94-04c1-424b-9868-57a2d4851a1d" relativeResultsDirectory="e0c94c21-a6e7-460f-b87c-f082b9736d25">
    </UnitTestResult>
    <UnitTestResult executionId="968ada15-4444-45f1-b7cc-d1d3f8c14e34" testId="39038477-ba46-aac5-eb4c-721235e0936b" testName="ValidatableEntityGuidEqualsWithTwoTransientEntitiesReturnFalse" computerName="ICINETICJHB" duration="00:00:00.0007470" startTime="2014-04-17T02:46:52.2256875+02:00" endTime="2014-04-17T02:46:52.2286869+02:00" testType="13cdc9d9-ddb5-4fa4-a97d-d965ccfc6d4b" outcome="Passed" testListId="8c84fa94-04c1-424b-9868-57a2d4851a1d" relativeResultsDirectory="968ada15-4444-45f1-b7cc-d1d3f8c14e34">
    </UnitTestResult>
    <UnitTestResult executionId="0bb6e8b2-20dd-44c1-8e6e-058652a297f1" testId="3dc9c38f-ffcf-b4ec-4950-2951ba76f7d8" testName="StringEqualsWithTwoNullsEntitiesDifferentTypeReturnFalse" computerName="ICINETICJHB" duration="00:00:00.0004999" startTime="2014-04-17T02:46:52.2286869+02:00" endTime="2014-04-17T02:46:52.2306879+02:00" testType="13cdc9d9-ddb5-4fa4-a97d-d965ccfc6d4b" outcome="Passed" testListId="8c84fa94-04c1-424b-9868-57a2d4851a1d" relativeResultsDirectory="0bb6e8b2-20dd-44c1-8e6e-058652a297f1">
    </UnitTestResult>
    <UnitTestResult executionId="155edede-150b-471b-9396-bb6ac3e06caa" testId="4ccbac64-6d99-8651-0e4e-7a94ce86ca89" testName="StringEqualsWithTwoNullsEntitiesSameTypeReturnTrue" computerName="ICINETICJHB" duration="00:00:00.0001526" startTime="2014-04-17T02:46:52.2316881+02:00" endTime="2014-04-17T02:46:52.2336886+02:00" testType="13cdc9d9-ddb5-4fa4-a97d-d965ccfc6d4b" outcome="Passed" testListId="8c84fa94-04c1-424b-9868-57a2d4851a1d" relativeResultsDirectory="155edede-150b-471b-9396-bb6ac3e06caa">
    </UnitTestResult>
    <UnitTestResult executionId="59cee444-6a72-4735-b563-593eb2ff32a3" testId="4d2dabf7-6001-0f95-8269-92c41508bd3d" testName="StringEqualsWithTwoTransientEntitiesReturnFalse" computerName="ICINETICJHB" duration="00:00:00.0001753" startTime="2014-04-17T02:46:52.2336886+02:00" endTime="2014-04-17T02:46:52.2356891+02:00" testType="13cdc9d9-ddb5-4fa4-a97d-d965ccfc6d4b" outcome="Passed" testListId="8c84fa94-04c1-424b-9868-57a2d4851a1d" relativeResultsDirectory="59cee444-6a72-4735-b563-593eb2ff32a3">
    </UnitTestResult>
    <UnitTestResult executionId="814e8e6f-3b18-4228-bdf8-960938d5fd2e" testId="55745a3e-cb76-ce47-5e1c-cb4863c8cc88" testName="IntEntityEqualsWithTwoNullsEntitiesDifferentTypeReturnFalse" computerName="ICINETICJHB" duration="00:00:00.0008035" startTime="2014-04-17T02:46:52.2366880+02:00" endTime="2014-04-17T02:46:52.2396875+02:00" testType="13cdc9d9-ddb5-4fa4-a97d-d965ccfc6d4b" outcome="Passed" testListId="8c84fa94-04c1-424b-9868-57a2d4851a1d" relativeResultsDirectory="814e8e6f-3b18-4228-bdf8-960938d5fd2e">
    </UnitTestResult>
    <UnitTestResult executionId="c708ed56-fd0d-4689-8cd9-50fe7684a0aa" testId="5c01ed2f-cfa6-faf5-80ee-7526386e5bcb" testName="GuidEntityEqualsWithOneNullEntityReturnFalse" computerName="ICINETICJHB" duration="00:00:00.0002198" startTime="2014-04-17T02:46:52.2396875+02:00" endTime="2014-04-17T02:46:52.2416879+02:00" testType="13cdc9d9-ddb5-4fa4-a97d-d965ccfc6d4b" outcome="Passed" testListId="8c84fa94-04c1-424b-9868-57a2d4851a1d" relativeResultsDirectory="c708ed56-fd0d-4689-8cd9-50fe7684a0aa">
    </UnitTestResult>
    <UnitTestResult executionId="26724f3c-46f7-462e-af20-0e11ae521bb3" testId="66b79ba3-ccdf-a017-5e08-1702c7c38084" testName="GuidEntityEqualsWithTwoTransientEntitiesReturnFalse" computerName="ICINETICJHB" duration="00:00:00.0001979" startTime="2014-04-17T02:46:52.2416879+02:00" endTime="2014-04-17T02:46:52.2437107+02:00" testType="13cdc9d9-ddb5-4fa4-a97d-d965ccfc6d4b" outcome="Passed" testListId="8c84fa94-04c1-424b-9868-57a2d4851a1d" relativeResultsDirectory="26724f3c-46f7-462e-af20-0e11ae521bb3">
    </UnitTestResult>
    <UnitTestResult executionId="27f38d5b-5b4d-42a9-84b8-d4307a4f1b00" testId="861bbbdf-9e17-619d-89af-8b7fa4a205e7" testName="ValidatableEntityGuidEqualsWithTwoNullsEntitiesDifferentTypeReturnFalse" computerName="ICINETICJHB" duration="00:00:00.0002458" startTime="2014-04-17T02:46:52.2446887+02:00" endTime="2014-04-17T02:46:52.2467122+02:00" testType="13cdc9d9-ddb5-4fa4-a97d-d965ccfc6d4b" outcome="Passed" testListId="8c84fa94-04c1-424b-9868-57a2d4851a1d" relativeResultsDirectory="27f38d5b-5b4d-42a9-84b8-d4307a4f1b00">
    </UnitTestResult>
    <UnitTestResult executionId="ec80e4c2-5010-4cd3-a630-d69c7dff0cf2" testId="8ce58482-7d3e-3e19-80e5-4b965e8f5059" testName="EqualsWithNestedDifferentValueObjectReturnFalse" computerName="ICINETICJHB" duration="00:00:00.0016151" startTime="2014-04-17T02:46:52.2467122+02:00" endTime="2014-04-17T02:46:52.2507102+02:00" testType="13cdc9d9-ddb5-4fa4-a97d-d965ccfc6d4b" outcome="Passed" testListId="8c84fa94-04c1-424b-9868-57a2d4851a1d" relativeResultsDirectory="ec80e4c2-5010-4cd3-a630-d69c7dff0cf2">
    </UnitTestResult>
    <UnitTestResult executionId="dfd97ccc-951e-48aa-ba44-3590810b0ce0" testId="982f7fbb-ba3f-33fd-9fa4-3f5b26be6e74" testName="ValidatableEntityGuidEqualsWithTwoNullsEntitiesSameTypeReturnTrue" computerName="ICINETICJHB" duration="00:00:00.0001257" startTime="2014-04-17T02:46:52.2507102+02:00" endTime="2014-04-17T02:46:52.2526893+02:00" testType="13cdc9d9-ddb5-4fa4-a97d-d965ccfc6d4b" outcome="Passed" testListId="8c84fa94-04c1-424b-9868-57a2d4851a1d" relativeResultsDirectory="dfd97ccc-951e-48aa-ba44-3590810b0ce0">
    </UnitTestResult>
    <UnitTestResult executionId="cb72c3bf-8aca-4f71-b8c7-dcd3376bc354" testId="9d14cf3b-400a-419e-62e5-56cdb51cd8d7" testName="EqualsWithOneNullValueObjectReturnFalse" computerName="ICINETICJHB" duration="00:00:00.0001321" startTime="2014-04-17T02:46:52.2526893+02:00" endTime="2014-04-17T02:46:52.2546894+02:00" testType="13cdc9d9-ddb5-4fa4-a97d-d965ccfc6d4b" outcome="Passed" testListId="8c84fa94-04c1-424b-9868-57a2d4851a1d" relativeResultsDirectory="cb72c3bf-8aca-4f71-b8c7-dcd3376bc354">
    </UnitTestResult>
    <UnitTestResult executionId="a5b39237-6940-4277-8623-efbd14219ed0" testId="a5143e69-78bd-03a5-f82d-50e4014f386a" testName="EqualsWithTwoTransientEntitiesReturnFalse" computerName="ICINETICJHB" duration="00:00:00.0005554" startTime="2014-04-17T02:46:52.2546894+02:00" endTime="2014-04-17T02:46:52.2566890+02:00" testType="13cdc9d9-ddb5-4fa4-a97d-d965ccfc6d4b" outcome="Passed" testListId="8c84fa94-04c1-424b-9868-57a2d4851a1d" relativeResultsDirectory="a5b39237-6940-4277-8623-efbd14219ed0">
    </UnitTestResult>
    <UnitTestResult executionId="91ebe192-99b7-4f74-9a51-d425d3f142ce" testId="a5173249-e457-2bae-6188-e07755a468f1" testName="GuidEntityEqualsWithTwoNullsEntitiesDifferentTypeReturnFalse" computerName="ICINETICJHB" duration="00:00:00.0002018" startTime="2014-04-17T02:46:52.2576901+02:00" endTime="2014-04-17T02:46:52.2596901+02:00" testType="13cdc9d9-ddb5-4fa4-a97d-d965ccfc6d4b" outcome="Passed" testListId="8c84fa94-04c1-424b-9868-57a2d4851a1d" relativeResultsDirectory="91ebe192-99b7-4f74-9a51-d425d3f142ce">
    </UnitTestResult>
    <UnitTestResult executionId="7c6623a0-0f1a-4f5a-bfca-bf25ab715372" testId="b1a88be6-0573-6eb0-e0ba-a476ebddfcc3" testName="EqualsWithTwoNullsEntitiesDifferentTypeReturnFalse" computerName="ICINETICJHB" duration="00:00:00.0002052" startTime="2014-04-17T02:46:52.2606925+02:00" endTime="2014-04-17T02:46:52.2616898+02:00" testType="13cdc9d9-ddb5-4fa4-a97d-d965ccfc6d4b" outcome="Passed" testListId="8c84fa94-04c1-424b-9868-57a2d4851a1d" relativeResultsDirectory="7c6623a0-0f1a-4f5a-bfca-bf25ab715372">
    </UnitTestResult>
    <UnitTestResult executionId="0d6172ca-f9d5-4f9a-8d2c-7cc8a00ad7e1" testId="b202aa4d-65bf-bc8d-820d-b2b2651d5544" testName="GuidEntityEqualsWithSameTransientEntitieReturnTrue" computerName="ICINETICJHB" duration="00:00:00.0001385" startTime="2014-04-17T02:46:52.2626900+02:00" endTime="2014-04-17T02:46:52.2646926+02:00" testType="13cdc9d9-ddb5-4fa4-a97d-d965ccfc6d4b" outcome="Passed" testListId="8c84fa94-04c1-424b-9868-57a2d4851a1d" relativeResultsDirectory="0d6172ca-f9d5-4f9a-8d2c-7cc8a00ad7e1">
    </UnitTestResult>
    <UnitTestResult executionId="6c8fbb6e-1619-46a7-be06-b42da8ca3184" testId="b53f3b4e-80dd-ada9-22f9-683ce813b819" testName="ValidatableEntityGuidEqualsWithOneNullEntityReturnFalse" computerName="ICINETICJHB" duration="00:00:00.0001359" startTime="2014-04-17T02:46:52.2646926+02:00" endTime="2014-04-17T02:46:52.2666901+02:00" testType="13cdc9d9-ddb5-4fa4-a97d-d965ccfc6d4b" outcome="Passed" testListId="8c84fa94-04c1-424b-9868-57a2d4851a1d" relativeResultsDirectory="6c8fbb6e-1619-46a7-be06-b42da8ca3184">
    </UnitTestResult>
    <UnitTestResult executionId="afab24bd-b8ef-48e2-b84e-709c09ba999f" testId="b6e2ea1d-beee-09a0-2102-a1602abebdcc" testName="GuidEntityEqualsWithTwoNullsEntitiesSameTypeReturnTrue" computerName="ICINETICJHB" duration="00:00:00.0001483" startTime="2014-04-17T02:46:52.2666901+02:00" endTime="2014-04-17T02:46:52.2696904+02:00" testType="13cdc9d9-ddb5-4fa4-a97d-d965ccfc6d4b" outcome="Passed" testListId="8c84fa94-04c1-424b-9868-57a2d4851a1d" relativeResultsDirectory="afab24bd-b8ef-48e2-b84e-709c09ba999f">
    </UnitTestResult>
    <UnitTestResult executionId="3171c30c-232d-402e-b2f4-41f73e0271a2" testId="be2066fd-b436-06cd-97b4-c7078e10e0f4" testName="EqualsWithEqualsValueObjectsReturnTrue" computerName="ICINETICJHB" duration="00:00:00.0002074" startTime="2014-04-17T02:46:52.2696904+02:00" endTime="2014-04-17T02:46:52.2716905+02:00" testType="13cdc9d9-ddb5-4fa4-a97d-d965ccfc6d4b" outcome="Passed" testListId="8c84fa94-04c1-424b-9868-57a2d4851a1d" relativeResultsDirectory="3171c30c-232d-402e-b2f4-41f73e0271a2">
    </UnitTestResult>
    <UnitTestResult executionId="df4461b9-de26-4b3b-9c02-abd56fdabc3e" testId="c4b00738-bd81-d4dd-934a-1f8ce1e5a004" testName="EqualsWithEmptyValueObjectsReturnTrue" computerName="ICINETICJHB" duration="00:00:00.0001672" startTime="2014-04-17T02:46:52.2716905+02:00" endTime="2014-04-17T02:46:52.2736905+02:00" testType="13cdc9d9-ddb5-4fa4-a97d-d965ccfc6d4b" outcome="Passed" testListId="8c84fa94-04c1-424b-9868-57a2d4851a1d" relativeResultsDirectory="df4461b9-de26-4b3b-9c02-abd56fdabc3e">
    </UnitTestResult>
    <UnitTestResult executionId="4bec9b4d-d5f2-456c-ade3-b7ed9e7d390e" testId="c88e308d-c412-3989-03a6-4812dd297cad" testName="EqualsWithNestedDifferentRootValueObjectReturnFalse" computerName="ICINETICJHB" duration="00:00:00.0002454" startTime="2014-04-17T02:46:52.2746908+02:00" endTime="2014-04-17T02:46:52.2756906+02:00" testType="13cdc9d9-ddb5-4fa4-a97d-d965ccfc6d4b" outcome="Passed" testListId="8c84fa94-04c1-424b-9868-57a2d4851a1d" relativeResultsDirectory="4bec9b4d-d5f2-456c-ade3-b7ed9e7d390e">
    </UnitTestResult>
    <UnitTestResult executionId="bc1aa690-a401-4740-988b-d2b80cad569b" testId="cfcea3e5-0964-8d2b-bd64-154d5273ea8f" testName="EqualsWithNestedValueObjectReturnTrue" computerName="ICINETICJHB" duration="00:00:00.0002634" startTime="2014-04-17T02:46:52.2766904+02:00" endTime="2014-04-17T02:46:52.2786904+02:00" testType="13cdc9d9-ddb5-4fa4-a97d-d965ccfc6d4b" outcome="Passed" testListId="8c84fa94-04c1-424b-9868-57a2d4851a1d" relativeResultsDirectory="bc1aa690-a401-4740-988b-d2b80cad569b">
    </UnitTestResult>
    <UnitTestResult executionId="6fd78881-2d01-4a6e-8cf1-819910015273" testId="d72373c0-a703-cca6-215c-a78aa85313eb" testName="IntEntityEqualsWithTwoNullsEntitiesSameTypeReturnTrue" computerName="ICINETICJHB" duration="00:00:00.0001556" startTime="2014-04-17T02:46:52.2786904+02:00" endTime="2014-04-17T02:46:52.2816916+02:00" testType="13cdc9d9-ddb5-4fa4-a97d-d965ccfc6d4b" outcome="Passed" testListId="8c84fa94-04c1-424b-9868-57a2d4851a1d" relativeResultsDirectory="6fd78881-2d01-4a6e-8cf1-819910015273">
    </UnitTestResult>
    <UnitTestResult executionId="8549357a-6e5b-4b93-8538-63ddc8f6c0d2" testId="df70d1db-0b89-8d5b-f3c3-11fdd92fed5b" testName="IntEntityEqualsWithSameTransientEntitieReturnTrue" computerName="ICINETICJHB" duration="00:00:00.0001813" startTime="2014-04-17T02:46:52.2816916+02:00" endTime="2014-04-17T02:46:52.2846915+02:00" testType="13cdc9d9-ddb5-4fa4-a97d-d965ccfc6d4b" outcome="Passed" testListId="8c84fa94-04c1-424b-9868-57a2d4851a1d" relativeResultsDirectory="8549357a-6e5b-4b93-8538-63ddc8f6c0d2">
    </UnitTestResult>
    <UnitTestResult executionId="31377cbe-97e0-49b8-ad0a-e60a2bf1a3a9" testId="ea0a69ac-2bb3-b9d1-b8f7-0e625a29c014" testName="StringEqualsWithOneNullEntityReturnFalse" computerName="ICINETICJHB" duration="00:00:00.0001727" startTime="2014-04-17T02:46:52.2846915+02:00" endTime="2014-04-17T02:46:52.2866911+02:00" testType="13cdc9d9-ddb5-4fa4-a97d-d965ccfc6d4b" outcome="Passed" testListId="8c84fa94-04c1-424b-9868-57a2d4851a1d" relativeResultsDirectory="31377cbe-97e0-49b8-ad0a-e60a2bf1a3a9">
    </UnitTestResult>
    <UnitTestResult executionId="7063d34d-cc50-446e-a842-db58c5fb92bf" testId="ed5ca231-a40d-1e94-d8cf-62620be065b2" testName="EqualsWithTwoNullsValueObjectsReturnTrue" computerName="ICINETICJHB" duration="00:00:00.0001804" startTime="2014-04-17T02:46:52.2876909+02:00" endTime="2014-04-17T02:46:52.2896914+02:00" testType="13cdc9d9-ddb5-4fa4-a97d-d965ccfc6d4b" outcome="Passed" testListId="8c84fa94-04c1-424b-9868-57a2d4851a1d" relativeResultsDirectory="7063d34d-cc50-446e-a842-db58c5fb92bf">
    </UnitTestResult>
    <UnitTestResult executionId="44d66942-8fe9-4855-9b5a-f702fdf2c1a5" testId="ef418061-d4c4-2027-28ba-907376548f88" testName="IntEntityEqualsWithTwoTransientEntitiesReturnFalse" computerName="ICINETICJHB" duration="00:00:00.0002394" startTime="2014-04-17T02:46:52.2906916+02:00" endTime="2014-04-17T02:46:52.2926921+02:00" testType="13cdc9d9-ddb5-4fa4-a97d-d965ccfc6d4b" outcome="Passed" testListId="8c84fa94-04c1-424b-9868-57a2d4851a1d" relativeResultsDirectory="44d66942-8fe9-4855-9b5a-f702fdf2c1a5">
    </UnitTestResult>
    <UnitTestResult executionId="26132afb-7ce0-4c5a-8dc3-91fbeb1f1be9" testId="f1db9089-b01e-e5ce-8721-8284d6363de2" testName="EqualsWithOneDifferentPropertyReturnFalse" computerName="ICINETICJHB" duration="00:00:00.0002210" startTime="2014-04-17T02:46:52.2936928+02:00" endTime="2014-04-17T02:46:52.2956920+02:00" testType="13cdc9d9-ddb5-4fa4-a97d-d965ccfc6d4b" outcome="Passed" testListId="8c84fa94-04c1-424b-9868-57a2d4851a1d" relativeResultsDirectory="26132afb-7ce0-4c5a-8dc3-91fbeb1f1be9">
    </UnitTestResult>
    <UnitTestResult executionId="077495a6-a880-4e31-b01c-8ae2001e4675" testId="f8a0681f-01a9-96fe-d3cb-5a7507e6aa1a" testName="StringEqualsWithSameTransientEntitieReturnTrue" computerName="ICINETICJHB" duration="00:00:00.0001650" startTime="2014-04-17T02:46:52.2966935+02:00" endTime="2014-04-17T02:46:52.2986927+02:00" testType="13cdc9d9-ddb5-4fa4-a97d-d965ccfc6d4b" outcome="Passed" testListId="8c84fa94-04c1-424b-9868-57a2d4851a1d" relativeResultsDirectory="077495a6-a880-4e31-b01c-8ae2001e4675">
    </UnitTestResult>
  </Results>
</TestRun>