<?xml version="1.0" encoding="UTF-8"?>
<TestRun id="f63eeab1-b9e9-45f3-a912-ff098c366e71" name="Javier@ICINETICJHB 2014-04-21 23:32:42" runUser="ICINETICJHB\Javier" xmlns="http://microsoft.com/schemas/VisualStudio/TeamTest/2010">
  <TestSettings name="Local" id="4178bfa7-869c-4013-9eae-b770f521a560">
    <Description>These are default test settings for a local test run.</Description>
    <Deployment enabled="false" runDeploymentRoot="Javier_ICINETICJHB 2014-04-21 23_32_42">
      <DeploymentItem filename="D:\IDev\Inflexion2\01-Framework\Proyectos\Asemblies\Debug\Inflexion2.dll" />
    </Deployment>
    <Execution>
      <TestTypeSpecific />
      <AgentRule name="Execution Agents">
      </AgentRule>
    </Execution>
  </TestSettings>
  <Times creation="2014-04-21T23:32:42.5878169+02:00" queuing="2014-04-21T23:32:42.6862817+02:00" start="2014-04-21T23:32:42.6912817+02:00" finish="2014-04-21T23:32:42.8512892+02:00" />
  <ResultSummary outcome="Completed">
    <Counters total="1" executed="1" passed="1" error="0" failed="0" timeout="0" aborted="0" inconclusive="0" passedButRunAborted="0" notRunnable="0" notExecuted="0" disconnected="0" warning="0" completed="0" inProgress="0" pending="0" />
  </ResultSummary>
  <TestDefinitions>
    <UnitTest name="Test2GetbyId" storage="d:\idev\inflexion2\03-testing\inflexion2.framework.testing\bin\debug\inflexion2.framework.testing.dll" id="10f7b94c-a229-fb6d-98fa-5c4d86ecba96">
      <Execution id="e458af33-d521-40a7-9e7c-757a8931efb9" />
      <TestMethod codeBase="D:/IDev/Inflexion2/03-Testing/Inflexion2.Framework.Testing/bin/Debug/Inflexion2.Framework.Testing.DLL" adapterTypeName="Microsoft.VisualStudio.TestTools.TestTypes.Unit.UnitTestAdapter, Microsoft.VisualStudio.QualityTools.Tips.UnitTest.Adapter, Version=10.0.0.0, Culture=neutral, PublicKeyToken=b03f5f7f11d50a3a" className="Inflexion2.Framework.Testing.EntityRepositoryTest, Inflexion2.Framework.Testing, Version=1.0.0.0, Culture=neutral, PublicKeyToken=null" name="Test2GetbyId" />
    </UnitTest>
  </TestDefinitions>
  <TestLists>
    <TestList name="Results Not in a List" id="8c84fa94-04c1-424b-9868-57a2d4851a1d" />
    <TestList name="All Loaded Results" id="19431567-8539-422a-85d7-44ee4e166bda" />
  </TestLists>
  <TestEntries>
    <TestEntry testId="10f7b94c-a229-fb6d-98fa-5c4d86ecba96" executionId="e458af33-d521-40a7-9e7c-757a8931efb9" testListId="8c84fa94-04c1-424b-9868-57a2d4851a1d" />
  </TestEntries>
  <Results>
    <UnitTestResult executionId="e458af33-d521-40a7-9e7c-757a8931efb9" testId="10f7b94c-a229-fb6d-98fa-5c4d86ecba96" testName="Test2GetbyId" computerName="ICINETICJHB" duration="00:00:00.0112510" startTime="2014-04-21T23:32:42.6932796+02:00" endTime="2014-04-21T23:32:42.8422892+02:00" testType="13cdc9d9-ddb5-4fa4-a97d-d965ccfc6d4b" outcome="Passed" testListId="8c84fa94-04c1-424b-9868-57a2d4851a1d" relativeResultsDirectory="e458af33-d521-40a7-9e7c-757a8931efb9">
    </UnitTestResult>
  </Results>
</TestRun>