<?xml version="1.0" encoding="UTF-8"?>
<TestRun id="61a3e429-340e-4890-9ed6-0e02cd6fc01f" name="Javier@ICINETICJHB 2014-05-20 10:09:42" runUser="ICINETICJHB\Javier" xmlns="http://microsoft.com/schemas/VisualStudio/TeamTest/2010">
  <TestSettings name="Local" id="4178bfa7-869c-4013-9eae-b770f521a560">
    <Description>These are default test settings for a local test run.</Description>
    <Deployment enabled="false" runDeploymentRoot="Javier_ICINETICJHB 2014-05-20 10_09_42">
      <DeploymentItem filename="D:\IDev\Inflexion2\01-Framework\Proyectos\Asemblies\Debug\Inflexion2.dll" />
    </Deployment>
    <Execution>
      <TestTypeSpecific />
      <AgentRule name="Execution Agents">
      </AgentRule>
    </Execution>
  </TestSettings>
  <Times creation="2014-05-20T10:09:42.5445331+02:00" queuing="2014-05-20T10:09:42.6185378+02:00" start="2014-05-20T10:09:42.6355384+02:00" finish="2014-05-20T10:09:42.9185538+02:00" />
  <ResultSummary outcome="Failed">
    <Counters total="49" executed="49" passed="48" error="0" failed="1" timeout="0" aborted="0" inconclusive="0" passedButRunAborted="0" notRunnable="0" notExecuted="0" disconnected="0" warning="0" completed="0" inProgress="0" pending="0" />
  </ResultSummary>
  <TestDefinitions>
    <UnitTest name="IntEntityEqualsWithTwoNullsEntitiesDifferentTypeReturnFalse" storage="d:\idev\inflexion2\03-testing\inflexion2.framework.testing\bin\debug\inflexion2.framework.testing.dll" id="55745a3e-cb76-ce47-5e1c-cb4863c8cc88">
      <Execution id="eb84b338-68ef-49d3-8339-4410d726ae6d" />
      <TestMethod codeBase="D:/IDev/Inflexion2/03-Testing/Inflexion2.Framework.Testing/bin/Debug/Inflexion2.Framework.Testing.DLL" adapterTypeName="Microsoft.VisualStudio.TestTools.TestTypes.Unit.UnitTestAdapter, Microsoft.VisualStudio.QualityTools.Tips.UnitTest.Adapter, Version=10.0.0.0, Culture=neutral, PublicKeyToken=b03f5f7f11d50a3a" className="Inflexion2.Testing.EntityTransientTest, Inflexion2.Framework.Testing, Version=1.0.0.0, Culture=neutral, PublicKeyToken=null" name="IntEntityEqualsWithTwoNullsEntitiesDifferentTypeReturnFalse" />
    </UnitTest>
    <UnitTest name="GuidEntityEqualsWithOneNullEntityReturnFalse" storage="d:\idev\inflexion2\03-testing\inflexion2.framework.testing\bin\debug\inflexion2.framework.testing.dll" id="5c01ed2f-cfa6-faf5-80ee-7526386e5bcb">
      <Execution id="235d06c6-87d0-45cb-a33a-f83b63391238" />
      <TestMethod codeBase="D:/IDev/Inflexion2/03-Testing/Inflexion2.Framework.Testing/bin/Debug/Inflexion2.Framework.Testing.DLL" adapterTypeName="Microsoft.VisualStudio.TestTools.TestTypes.Unit.UnitTestAdapter, Microsoft.VisualStudio.QualityTools.Tips.UnitTest.Adapter, Version=10.0.0.0, Culture=neutral, PublicKeyToken=b03f5f7f11d50a3a" className="Inflexion2.Testing.GuidEntityTransientTest, Inflexion2.Framework.Testing, Version=1.0.0.0, Culture=neutral, PublicKeyToken=null" name="GuidEntityEqualsWithOneNullEntityReturnFalse" />
    </UnitTest>
    <UnitTest name="IntEntityTransientNewEntitieReturnTrue" storage="d:\idev\inflexion2\03-testing\inflexion2.framework.testing\bin\debug\inflexion2.framework.testing.dll" id="5e48c4a4-9c69-9469-0648-a457e4f881b1">
      <Execution id="fc6d4acc-af5e-4a81-8904-f6f8798c8f3d" />
      <TestMethod codeBase="D:/IDev/Inflexion2/03-Testing/Inflexion2.Framework.Testing/bin/Debug/Inflexion2.Framework.Testing.DLL" adapterTypeName="Microsoft.VisualStudio.TestTools.TestTypes.Unit.UnitTestAdapter, Microsoft.VisualStudio.QualityTools.Tips.UnitTest.Adapter, Version=10.0.0.0, Culture=neutral, PublicKeyToken=b03f5f7f11d50a3a" className="Inflexion2.Testing.IntEntityTransientTest, Inflexion2.Framework.Testing, Version=1.0.0.0, Culture=neutral, PublicKeyToken=null" name="IntEntityTransientNewEntitieReturnTrue" />
    </UnitTest>
    <UnitTest name="IntEntityEqualsWithSameTransientEntitieReturnTrue" storage="d:\idev\inflexion2\03-testing\inflexion2.framework.testing\bin\debug\inflexion2.framework.testing.dll" id="ebdf5570-fee7-71a9-954c-39a44616bfc0">
      <Execution id="6171a891-9997-4604-ab7f-e3b06358a2e0" />
      <TestMethod codeBase="D:/IDev/Inflexion2/03-Testing/Inflexion2.Framework.Testing/bin/Debug/Inflexion2.Framework.Testing.DLL" adapterTypeName="Microsoft.VisualStudio.TestTools.TestTypes.Unit.UnitTestAdapter, Microsoft.VisualStudio.QualityTools.Tips.UnitTest.Adapter, Version=10.0.0.0, Culture=neutral, PublicKeyToken=b03f5f7f11d50a3a" className="Inflexion2.Testing.IntEntityTransientTest, Inflexion2.Framework.Testing, Version=1.0.0.0, Culture=neutral, PublicKeyToken=null" name="IntEntityEqualsWithSameTransientEntitieReturnTrue" />
    </UnitTest>
    <UnitTest name="EqualsWithNestedDifferentRootValueObjectReturnFalse" storage="d:\idev\inflexion2\03-testing\inflexion2.framework.testing\bin\debug\inflexion2.framework.testing.dll" id="c88e308d-c412-3989-03a6-4812dd297cad">
      <Execution id="66bceb00-aea8-4922-b268-bc3c77433916" />
      <TestMethod codeBase="D:/IDev/Inflexion2/03-Testing/Inflexion2.Framework.Testing/bin/Debug/Inflexion2.Framework.Testing.DLL" adapterTypeName="Microsoft.VisualStudio.TestTools.TestTypes.Unit.UnitTestAdapter, Microsoft.VisualStudio.QualityTools.Tips.UnitTest.Adapter, Version=10.0.0.0, Culture=neutral, PublicKeyToken=b03f5f7f11d50a3a" className="Inflexion2.Testing.EqualityValueObject, Inflexion2.Framework.Testing, Version=1.0.0.0, Culture=neutral, PublicKeyToken=null" name="EqualsWithNestedDifferentRootValueObjectReturnFalse" />
    </UnitTest>
    <UnitTest name="GuidEntityTransientNewEntitieReturnTrue" storage="d:\idev\inflexion2\03-testing\inflexion2.framework.testing\bin\debug\inflexion2.framework.testing.dll" id="8e4820fb-b11f-6f11-e59d-db0467de1040">
      <Execution id="b28ec244-f644-47bb-a416-407a5442dfa3" />
      <TestMethod codeBase="D:/IDev/Inflexion2/03-Testing/Inflexion2.Framework.Testing/bin/Debug/Inflexion2.Framework.Testing.DLL" adapterTypeName="Microsoft.VisualStudio.TestTools.TestTypes.Unit.UnitTestAdapter, Microsoft.VisualStudio.QualityTools.Tips.UnitTest.Adapter, Version=10.0.0.0, Culture=neutral, PublicKeyToken=b03f5f7f11d50a3a" className="Inflexion2.Testing.GuidEntityTransientTest, Inflexion2.Framework.Testing, Version=1.0.0.0, Culture=neutral, PublicKeyToken=null" name="GuidEntityTransientNewEntitieReturnTrue" />
    </UnitTest>
    <UnitTest name="IntEntityEqualsWithOneNullEntityReturnFalse" storage="d:\idev\inflexion2\03-testing\inflexion2.framework.testing\bin\debug\inflexion2.framework.testing.dll" id="ab5febae-4b86-5540-aa00-427d834f1128">
      <Execution id="387d7961-484c-4e15-b994-65566669ea71" />
      <TestMethod codeBase="D:/IDev/Inflexion2/03-Testing/Inflexion2.Framework.Testing/bin/Debug/Inflexion2.Framework.Testing.DLL" adapterTypeName="Microsoft.VisualStudio.TestTools.TestTypes.Unit.UnitTestAdapter, Microsoft.VisualStudio.QualityTools.Tips.UnitTest.Adapter, Version=10.0.0.0, Culture=neutral, PublicKeyToken=b03f5f7f11d50a3a" className="Inflexion2.Testing.IntEntityTransientTest, Inflexion2.Framework.Testing, Version=1.0.0.0, Culture=neutral, PublicKeyToken=null" name="IntEntityEqualsWithOneNullEntityReturnFalse" />
    </UnitTest>
    <UnitTest name="EqualsWithNestedValueObjectReturnTrue" storage="d:\idev\inflexion2\03-testing\inflexion2.framework.testing\bin\debug\inflexion2.framework.testing.dll" id="cfcea3e5-0964-8d2b-bd64-154d5273ea8f">
      <Execution id="8a9dc4a1-7e1a-40e0-9fe1-47b8ae72d683" />
      <TestMethod codeBase="D:/IDev/Inflexion2/03-Testing/Inflexion2.Framework.Testing/bin/Debug/Inflexion2.Framework.Testing.DLL" adapterTypeName="Microsoft.VisualStudio.TestTools.TestTypes.Unit.UnitTestAdapter, Microsoft.VisualStudio.QualityTools.Tips.UnitTest.Adapter, Version=10.0.0.0, Culture=neutral, PublicKeyToken=b03f5f7f11d50a3a" className="Inflexion2.Testing.EqualityValueObject, Inflexion2.Framework.Testing, Version=1.0.0.0, Culture=neutral, PublicKeyToken=null" name="EqualsWithNestedValueObjectReturnTrue" />
    </UnitTest>
    <UnitTest name="StringEqualsWithSameTransientEntitieReturnTrue" storage="d:\idev\inflexion2\03-testing\inflexion2.framework.testing\bin\debug\inflexion2.framework.testing.dll" id="f8a0681f-01a9-96fe-d3cb-5a7507e6aa1a">
      <Execution id="b861fa9c-6d54-48ce-8283-4f646f38ee66" />
      <TestMethod codeBase="D:/IDev/Inflexion2/03-Testing/Inflexion2.Framework.Testing/bin/Debug/Inflexion2.Framework.Testing.DLL" adapterTypeName="Microsoft.VisualStudio.TestTools.TestTypes.Unit.UnitTestAdapter, Microsoft.VisualStudio.QualityTools.Tips.UnitTest.Adapter, Version=10.0.0.0, Culture=neutral, PublicKeyToken=b03f5f7f11d50a3a" className="Inflexion2.Testing.StringEntityTransientTest, Inflexion2.Framework.Testing, Version=1.0.0.0, Culture=neutral, PublicKeyToken=null" name="StringEqualsWithSameTransientEntitieReturnTrue" />
    </UnitTest>
    <UnitTest name="IntEntityEqualsWithTwoSetedDifferentIdSameEntitiesTypeReturnFalse" storage="d:\idev\inflexion2\03-testing\inflexion2.framework.testing\bin\debug\inflexion2.framework.testing.dll" id="6d00cb18-6da1-8f1c-bc52-1100717fe9e3">
      <Execution id="0441b8d0-7140-4839-a627-4fedba30afa5" />
      <TestMethod codeBase="D:/IDev/Inflexion2/03-Testing/Inflexion2.Framework.Testing/bin/Debug/Inflexion2.Framework.Testing.DLL" adapterTypeName="Microsoft.VisualStudio.TestTools.TestTypes.Unit.UnitTestAdapter, Microsoft.VisualStudio.QualityTools.Tips.UnitTest.Adapter, Version=10.0.0.0, Culture=neutral, PublicKeyToken=b03f5f7f11d50a3a" className="Inflexion2.Testing.EntityTransientTest, Inflexion2.Framework.Testing, Version=1.0.0.0, Culture=neutral, PublicKeyToken=null" name="IntEntityEqualsWithTwoSetedDifferentIdSameEntitiesTypeReturnFalse" />
    </UnitTest>
    <UnitTest name="EqualsWithTwoNullsEntitiesDifferentTypeReturnFalse" storage="d:\idev\inflexion2\03-testing\inflexion2.framework.testing\bin\debug\inflexion2.framework.testing.dll" id="b1a88be6-0573-6eb0-e0ba-a476ebddfcc3">
      <Execution id="ff0d326d-6be1-49d6-a202-7e9ecd1d95bb" />
      <TestMethod codeBase="D:/IDev/Inflexion2/03-Testing/Inflexion2.Framework.Testing/bin/Debug/Inflexion2.Framework.Testing.DLL" adapterTypeName="Microsoft.VisualStudio.TestTools.TestTypes.Unit.UnitTestAdapter, Microsoft.VisualStudio.QualityTools.Tips.UnitTest.Adapter, Version=10.0.0.0, Culture=neutral, PublicKeyToken=b03f5f7f11d50a3a" className="Inflexion2.Testing.AuditableEntityTransientTest, Inflexion2.Framework.Testing, Version=1.0.0.0, Culture=neutral, PublicKeyToken=null" name="EqualsWithTwoNullsEntitiesDifferentTypeReturnFalse" />
    </UnitTest>
    <UnitTest name="IntEntityEqualsWithTwoSetedSameIdSameEntitiesTypeReturnFalse" storage="d:\idev\inflexion2\03-testing\inflexion2.framework.testing\bin\debug\inflexion2.framework.testing.dll" id="afa4d5fe-5adf-b232-4499-e60da535e51b">
      <Execution id="ec374d7f-96af-4490-9dca-78254a6a4b4e" />
      <TestMethod codeBase="D:/IDev/Inflexion2/03-Testing/Inflexion2.Framework.Testing/bin/Debug/Inflexion2.Framework.Testing.DLL" adapterTypeName="Microsoft.VisualStudio.TestTools.TestTypes.Unit.UnitTestAdapter, Microsoft.VisualStudio.QualityTools.Tips.UnitTest.Adapter, Version=10.0.0.0, Culture=neutral, PublicKeyToken=b03f5f7f11d50a3a" className="Inflexion2.Testing.IntEntityTransientTest, Inflexion2.Framework.Testing, Version=1.0.0.0, Culture=neutral, PublicKeyToken=null" name="IntEntityEqualsWithTwoSetedSameIdSameEntitiesTypeReturnFalse" />
    </UnitTest>
    <UnitTest name="ValidatableEntityGuidEqualsWithOneNullEntityReturnFalse" storage="d:\idev\inflexion2\03-testing\inflexion2.framework.testing\bin\debug\inflexion2.framework.testing.dll" id="b53f3b4e-80dd-ada9-22f9-683ce813b819">
      <Execution id="3ce18a43-c302-469e-9459-0c89ae5f8238" />
      <TestMethod codeBase="D:/IDev/Inflexion2/03-Testing/Inflexion2.Framework.Testing/bin/Debug/Inflexion2.Framework.Testing.DLL" adapterTypeName="Microsoft.VisualStudio.TestTools.TestTypes.Unit.UnitTestAdapter, Microsoft.VisualStudio.QualityTools.Tips.UnitTest.Adapter, Version=10.0.0.0, Culture=neutral, PublicKeyToken=b03f5f7f11d50a3a" className="Inflexion2.Testing.ValidatableEntityTransientTest, Inflexion2.Framework.Testing, Version=1.0.0.0, Culture=neutral, PublicKeyToken=null" name="ValidatableEntityGuidEqualsWithOneNullEntityReturnFalse" />
    </UnitTest>
    <UnitTest name="IntEntityEqualsWithTwoNullsEntitiesDifferentTypeReturnFalse" storage="d:\idev\inflexion2\03-testing\inflexion2.framework.testing\bin\debug\inflexion2.framework.testing.dll" id="b73c4168-36b3-829e-62df-12b0e1f8a7bd">
      <Execution id="3f43c9ac-9f09-43bb-bc1f-96a276ebfba8" />
      <TestMethod codeBase="D:/IDev/Inflexion2/03-Testing/Inflexion2.Framework.Testing/bin/Debug/Inflexion2.Framework.Testing.DLL" adapterTypeName="Microsoft.VisualStudio.TestTools.TestTypes.Unit.UnitTestAdapter, Microsoft.VisualStudio.QualityTools.Tips.UnitTest.Adapter, Version=10.0.0.0, Culture=neutral, PublicKeyToken=b03f5f7f11d50a3a" className="Inflexion2.Testing.IntEntityTransientTest, Inflexion2.Framework.Testing, Version=1.0.0.0, Culture=neutral, PublicKeyToken=null" name="IntEntityEqualsWithTwoNullsEntitiesDifferentTypeReturnFalse" />
    </UnitTest>
    <UnitTest name="IntEntityEqualsWithSameTransientEntitieReturnTrue" storage="d:\idev\inflexion2\03-testing\inflexion2.framework.testing\bin\debug\inflexion2.framework.testing.dll" id="df70d1db-0b89-8d5b-f3c3-11fdd92fed5b">
      <Execution id="c34dcca7-ce1c-4a0b-8246-b48496df090f" />
      <TestMethod codeBase="D:/IDev/Inflexion2/03-Testing/Inflexion2.Framework.Testing/bin/Debug/Inflexion2.Framework.Testing.DLL" adapterTypeName="Microsoft.VisualStudio.TestTools.TestTypes.Unit.UnitTestAdapter, Microsoft.VisualStudio.QualityTools.Tips.UnitTest.Adapter, Version=10.0.0.0, Culture=neutral, PublicKeyToken=b03f5f7f11d50a3a" className="Inflexion2.Testing.EntityTransientTest, Inflexion2.Framework.Testing, Version=1.0.0.0, Culture=neutral, PublicKeyToken=null" name="IntEntityEqualsWithSameTransientEntitieReturnTrue" />
    </UnitTest>
    <UnitTest name="EqualsWithEqualsValueObjectsReturnTrue" storage="d:\idev\inflexion2\03-testing\inflexion2.framework.testing\bin\debug\inflexion2.framework.testing.dll" id="be2066fd-b436-06cd-97b4-c7078e10e0f4">
      <Execution id="517ae110-9666-43af-9b5c-23cfa27ee62b" />
      <TestMethod codeBase="D:/IDev/Inflexion2/03-Testing/Inflexion2.Framework.Testing/bin/Debug/Inflexion2.Framework.Testing.DLL" adapterTypeName="Microsoft.VisualStudio.TestTools.TestTypes.Unit.UnitTestAdapter, Microsoft.VisualStudio.QualityTools.Tips.UnitTest.Adapter, Version=10.0.0.0, Culture=neutral, PublicKeyToken=b03f5f7f11d50a3a" className="Inflexion2.Testing.EqualityValueObject, Inflexion2.Framework.Testing, Version=1.0.0.0, Culture=neutral, PublicKeyToken=null" name="EqualsWithEqualsValueObjectsReturnTrue" />
    </UnitTest>
    <UnitTest name="IntEntityEqualsWithTwoSetedIdDifferentEntitiesTypeReturnFalse" storage="d:\idev\inflexion2\03-testing\inflexion2.framework.testing\bin\debug\inflexion2.framework.testing.dll" id="894519f8-9501-4713-6a4e-b58cdbc44ab0">
      <Execution id="0a8f1605-4068-47f0-bed0-328196bed912" />
      <TestMethod codeBase="D:/IDev/Inflexion2/03-Testing/Inflexion2.Framework.Testing/bin/Debug/Inflexion2.Framework.Testing.DLL" adapterTypeName="Microsoft.VisualStudio.TestTools.TestTypes.Unit.UnitTestAdapter, Microsoft.VisualStudio.QualityTools.Tips.UnitTest.Adapter, Version=10.0.0.0, Culture=neutral, PublicKeyToken=b03f5f7f11d50a3a" className="Inflexion2.Testing.IntEntityTransientTest, Inflexion2.Framework.Testing, Version=1.0.0.0, Culture=neutral, PublicKeyToken=null" name="IntEntityEqualsWithTwoSetedIdDifferentEntitiesTypeReturnFalse" />
    </UnitTest>
    <UnitTest name="EqualsWithTwoTransientEntitiesReturnFalse" storage="d:\idev\inflexion2\03-testing\inflexion2.framework.testing\bin\debug\inflexion2.framework.testing.dll" id="a5143e69-78bd-03a5-f82d-50e4014f386a">
      <Execution id="ebd17cd5-66f1-4331-8f01-21133f263c49" />
      <TestMethod codeBase="D:/IDev/Inflexion2/03-Testing/Inflexion2.Framework.Testing/bin/Debug/Inflexion2.Framework.Testing.DLL" adapterTypeName="Microsoft.VisualStudio.TestTools.TestTypes.Unit.UnitTestAdapter, Microsoft.VisualStudio.QualityTools.Tips.UnitTest.Adapter, Version=10.0.0.0, Culture=neutral, PublicKeyToken=b03f5f7f11d50a3a" className="Inflexion2.Testing.AuditableEntityTransientTest, Inflexion2.Framework.Testing, Version=1.0.0.0, Culture=neutral, PublicKeyToken=null" name="EqualsWithTwoTransientEntitiesReturnFalse" />
    </UnitTest>
    <UnitTest name="ValidatableEntityGuidEqualsWithSameTransientEntitieReturnTrue" storage="d:\idev\inflexion2\03-testing\inflexion2.framework.testing\bin\debug\inflexion2.framework.testing.dll" id="22a8b0cb-7a33-d352-b784-a1f8be065fd9">
      <Execution id="b5635609-f621-43de-aaf0-b61973511236" />
      <TestMethod codeBase="D:/IDev/Inflexion2/03-Testing/Inflexion2.Framework.Testing/bin/Debug/Inflexion2.Framework.Testing.DLL" adapterTypeName="Microsoft.VisualStudio.TestTools.TestTypes.Unit.UnitTestAdapter, Microsoft.VisualStudio.QualityTools.Tips.UnitTest.Adapter, Version=10.0.0.0, Culture=neutral, PublicKeyToken=b03f5f7f11d50a3a" className="Inflexion2.Testing.ValidatableEntityTransientTest, Inflexion2.Framework.Testing, Version=1.0.0.0, Culture=neutral, PublicKeyToken=null" name="ValidatableEntityGuidEqualsWithSameTransientEntitieReturnTrue" />
    </UnitTest>
    <UnitTest name="ValidatableEntityGuidEqualsWithTwoTransientEntitiesReturnFalse" storage="d:\idev\inflexion2\03-testing\inflexion2.framework.testing\bin\debug\inflexion2.framework.testing.dll" id="39038477-ba46-aac5-eb4c-721235e0936b">
      <Execution id="0e7321c0-621f-4047-bc98-2c3e71cc5a21" />
      <TestMethod codeBase="D:/IDev/Inflexion2/03-Testing/Inflexion2.Framework.Testing/bin/Debug/Inflexion2.Framework.Testing.DLL" adapterTypeName="Microsoft.VisualStudio.TestTools.TestTypes.Unit.UnitTestAdapter, Microsoft.VisualStudio.QualityTools.Tips.UnitTest.Adapter, Version=10.0.0.0, Culture=neutral, PublicKeyToken=b03f5f7f11d50a3a" className="Inflexion2.Testing.ValidatableEntityTransientTest, Inflexion2.Framework.Testing, Version=1.0.0.0, Culture=neutral, PublicKeyToken=null" name="ValidatableEntityGuidEqualsWithTwoTransientEntitiesReturnFalse" />
    </UnitTest>
    <UnitTest name="IntEntityEqualsWithTwoTransientEntitiesReturnFalse" storage="d:\idev\inflexion2\03-testing\inflexion2.framework.testing\bin\debug\inflexion2.framework.testing.dll" id="ef418061-d4c4-2027-28ba-907376548f88">
      <Execution id="95620dfe-23fb-486a-a891-482fccaa87ff" />
      <TestMethod codeBase="D:/IDev/Inflexion2/03-Testing/Inflexion2.Framework.Testing/bin/Debug/Inflexion2.Framework.Testing.DLL" adapterTypeName="Microsoft.VisualStudio.TestTools.TestTypes.Unit.UnitTestAdapter, Microsoft.VisualStudio.QualityTools.Tips.UnitTest.Adapter, Version=10.0.0.0, Culture=neutral, PublicKeyToken=b03f5f7f11d50a3a" className="Inflexion2.Testing.EntityTransientTest, Inflexion2.Framework.Testing, Version=1.0.0.0, Culture=neutral, PublicKeyToken=null" name="IntEntityEqualsWithTwoTransientEntitiesReturnFalse" />
    </UnitTest>
    <UnitTest name="EqualsWithOneNullEntityReturnFalse" storage="d:\idev\inflexion2\03-testing\inflexion2.framework.testing\bin\debug\inflexion2.framework.testing.dll" id="375ff3a2-2357-6f85-11f0-4fdbcfbe878c">
      <Execution id="1febfb1f-82c5-4c2a-813e-e2a1345b308e" />
      <TestMethod codeBase="D:/IDev/Inflexion2/03-Testing/Inflexion2.Framework.Testing/bin/Debug/Inflexion2.Framework.Testing.DLL" adapterTypeName="Microsoft.VisualStudio.TestTools.TestTypes.Unit.UnitTestAdapter, Microsoft.VisualStudio.QualityTools.Tips.UnitTest.Adapter, Version=10.0.0.0, Culture=neutral, PublicKeyToken=b03f5f7f11d50a3a" className="Inflexion2.Testing.AuditableEntityTransientTest, Inflexion2.Framework.Testing, Version=1.0.0.0, Culture=neutral, PublicKeyToken=null" name="EqualsWithOneNullEntityReturnFalse" />
    </UnitTest>
    <UnitTest name="IntEntityEqualsWithTwoNullsEntitiesSameTypeReturnTrue" storage="d:\idev\inflexion2\03-testing\inflexion2.framework.testing\bin\debug\inflexion2.framework.testing.dll" id="1bdcb6c4-49ec-3cfb-4e22-c65e484a2116">
      <Execution id="6af5a2a2-aebb-4364-b7b7-79bf057c6765" />
      <TestMethod codeBase="D:/IDev/Inflexion2/03-Testing/Inflexion2.Framework.Testing/bin/Debug/Inflexion2.Framework.Testing.DLL" adapterTypeName="Microsoft.VisualStudio.TestTools.TestTypes.Unit.UnitTestAdapter, Microsoft.VisualStudio.QualityTools.Tips.UnitTest.Adapter, Version=10.0.0.0, Culture=neutral, PublicKeyToken=b03f5f7f11d50a3a" className="Inflexion2.Testing.IntEntityTransientTest, Inflexion2.Framework.Testing, Version=1.0.0.0, Culture=neutral, PublicKeyToken=null" name="IntEntityEqualsWithTwoNullsEntitiesSameTypeReturnTrue" />
    </UnitTest>
    <UnitTest name="EqualsWithNestedDifferentValueObjectReturnFalse" storage="d:\idev\inflexion2\03-testing\inflexion2.framework.testing\bin\debug\inflexion2.framework.testing.dll" id="8ce58482-7d3e-3e19-80e5-4b965e8f5059">
      <Execution id="4942ecf0-80cb-41aa-84da-824b33dd0574" />
      <TestMethod codeBase="D:/IDev/Inflexion2/03-Testing/Inflexion2.Framework.Testing/bin/Debug/Inflexion2.Framework.Testing.DLL" adapterTypeName="Microsoft.VisualStudio.TestTools.TestTypes.Unit.UnitTestAdapter, Microsoft.VisualStudio.QualityTools.Tips.UnitTest.Adapter, Version=10.0.0.0, Culture=neutral, PublicKeyToken=b03f5f7f11d50a3a" className="Inflexion2.Testing.EqualityValueObject, Inflexion2.Framework.Testing, Version=1.0.0.0, Culture=neutral, PublicKeyToken=null" name="EqualsWithNestedDifferentValueObjectReturnFalse" />
    </UnitTest>
    <UnitTest name="EqualsWithEmptyValueObjectsReturnTrue" storage="d:\idev\inflexion2\03-testing\inflexion2.framework.testing\bin\debug\inflexion2.framework.testing.dll" id="c4b00738-bd81-d4dd-934a-1f8ce1e5a004">
      <Execution id="bb2066c7-902e-4d75-b782-d09d155de4d6" />
      <TestMethod codeBase="D:/IDev/Inflexion2/03-Testing/Inflexion2.Framework.Testing/bin/Debug/Inflexion2.Framework.Testing.DLL" adapterTypeName="Microsoft.VisualStudio.TestTools.TestTypes.Unit.UnitTestAdapter, Microsoft.VisualStudio.QualityTools.Tips.UnitTest.Adapter, Version=10.0.0.0, Culture=neutral, PublicKeyToken=b03f5f7f11d50a3a" className="Inflexion2.Testing.EqualityValueObject, Inflexion2.Framework.Testing, Version=1.0.0.0, Culture=neutral, PublicKeyToken=null" name="EqualsWithEmptyValueObjectsReturnTrue" />
    </UnitTest>
    <UnitTest name="StringEqualsWithTwoNullsEntitiesSameTypeReturnTrue" storage="d:\idev\inflexion2\03-testing\inflexion2.framework.testing\bin\debug\inflexion2.framework.testing.dll" id="4ccbac64-6d99-8651-0e4e-7a94ce86ca89">
      <Execution id="4aa40ed2-078b-40ee-a9e3-f58b6f29a689" />
      <TestMethod codeBase="D:/IDev/Inflexion2/03-Testing/Inflexion2.Framework.Testing/bin/Debug/Inflexion2.Framework.Testing.DLL" adapterTypeName="Microsoft.VisualStudio.TestTools.TestTypes.Unit.UnitTestAdapter, Microsoft.VisualStudio.QualityTools.Tips.UnitTest.Adapter, Version=10.0.0.0, Culture=neutral, PublicKeyToken=b03f5f7f11d50a3a" className="Inflexion2.Testing.StringEntityTransientTest, Inflexion2.Framework.Testing, Version=1.0.0.0, Culture=neutral, PublicKeyToken=null" name="StringEqualsWithTwoNullsEntitiesSameTypeReturnTrue" />
    </UnitTest>
    <UnitTest name="EqualsWithTwoNullsValueObjectsReturnTrue" storage="d:\idev\inflexion2\03-testing\inflexion2.framework.testing\bin\debug\inflexion2.framework.testing.dll" id="ed5ca231-a40d-1e94-d8cf-62620be065b2">
      <Execution id="3590bf21-026a-4e5a-81bb-ef6697dbb616" />
      <TestMethod codeBase="D:/IDev/Inflexion2/03-Testing/Inflexion2.Framework.Testing/bin/Debug/Inflexion2.Framework.Testing.DLL" adapterTypeName="Microsoft.VisualStudio.TestTools.TestTypes.Unit.UnitTestAdapter, Microsoft.VisualStudio.QualityTools.Tips.UnitTest.Adapter, Version=10.0.0.0, Culture=neutral, PublicKeyToken=b03f5f7f11d50a3a" className="Inflexion2.Testing.EqualityValueObject, Inflexion2.Framework.Testing, Version=1.0.0.0, Culture=neutral, PublicKeyToken=null" name="EqualsWithTwoNullsValueObjectsReturnTrue" />
    </UnitTest>
    <UnitTest name="EqualsWithTwoNullsEntitiesSameTypeReturnTrue" storage="d:\idev\inflexion2\03-testing\inflexion2.framework.testing\bin\debug\inflexion2.framework.testing.dll" id="17042057-7aeb-7c30-7303-5d1a8e9e0592">
      <Execution id="f42f80f3-ecdb-4901-a9d1-e0c0173240f3" />
      <TestMethod codeBase="D:/IDev/Inflexion2/03-Testing/Inflexion2.Framework.Testing/bin/Debug/Inflexion2.Framework.Testing.DLL" adapterTypeName="Microsoft.VisualStudio.TestTools.TestTypes.Unit.UnitTestAdapter, Microsoft.VisualStudio.QualityTools.Tips.UnitTest.Adapter, Version=10.0.0.0, Culture=neutral, PublicKeyToken=b03f5f7f11d50a3a" className="Inflexion2.Testing.AuditableEntityTransientTest, Inflexion2.Framework.Testing, Version=1.0.0.0, Culture=neutral, PublicKeyToken=null" name="EqualsWithTwoNullsEntitiesSameTypeReturnTrue" />
    </UnitTest>
    <UnitTest name="IntEntityEqualsWithTwoSetedSameIdSameEntitiesTypeReturnTrue" storage="d:\idev\inflexion2\03-testing\inflexion2.framework.testing\bin\debug\inflexion2.framework.testing.dll" id="d41c1e27-6b39-94e3-749b-182cbe402f7f">
      <Execution id="da4d43ae-869b-4b19-ab34-23072057514b" />
      <TestMethod codeBase="D:/IDev/Inflexion2/03-Testing/Inflexion2.Framework.Testing/bin/Debug/Inflexion2.Framework.Testing.DLL" adapterTypeName="Microsoft.VisualStudio.TestTools.TestTypes.Unit.UnitTestAdapter, Microsoft.VisualStudio.QualityTools.Tips.UnitTest.Adapter, Version=10.0.0.0, Culture=neutral, PublicKeyToken=b03f5f7f11d50a3a" className="Inflexion2.Testing.EntityTransientTest, Inflexion2.Framework.Testing, Version=1.0.0.0, Culture=neutral, PublicKeyToken=null" name="IntEntityEqualsWithTwoSetedSameIdSameEntitiesTypeReturnTrue" />
    </UnitTest>
    <UnitTest name="StringEqualsWithTwoTransientEntitiesReturnFalse" storage="d:\idev\inflexion2\03-testing\inflexion2.framework.testing\bin\debug\inflexion2.framework.testing.dll" id="4d2dabf7-6001-0f95-8269-92c41508bd3d">
      <Execution id="95f8f592-fa39-4a91-98a8-ba9920bbe345" />
      <TestMethod codeBase="D:/IDev/Inflexion2/03-Testing/Inflexion2.Framework.Testing/bin/Debug/Inflexion2.Framework.Testing.DLL" adapterTypeName="Microsoft.VisualStudio.TestTools.TestTypes.Unit.UnitTestAdapter, Microsoft.VisualStudio.QualityTools.Tips.UnitTest.Adapter, Version=10.0.0.0, Culture=neutral, PublicKeyToken=b03f5f7f11d50a3a" className="Inflexion2.Testing.StringEntityTransientTest, Inflexion2.Framework.Testing, Version=1.0.0.0, Culture=neutral, PublicKeyToken=null" name="StringEqualsWithTwoTransientEntitiesReturnFalse" />
    </UnitTest>
    <UnitTest name="EqualsWithSameTransientEntitieReturnTrue" storage="d:\idev\inflexion2\03-testing\inflexion2.framework.testing\bin\debug\inflexion2.framework.testing.dll" id="274f79cb-044b-0e7e-9f9e-4afbcabf33e2">
      <Execution id="24aa9f46-651c-42be-b807-f9759f6683e6" />
      <TestMethod codeBase="D:/IDev/Inflexion2/03-Testing/Inflexion2.Framework.Testing/bin/Debug/Inflexion2.Framework.Testing.DLL" adapterTypeName="Microsoft.VisualStudio.TestTools.TestTypes.Unit.UnitTestAdapter, Microsoft.VisualStudio.QualityTools.Tips.UnitTest.Adapter, Version=10.0.0.0, Culture=neutral, PublicKeyToken=b03f5f7f11d50a3a" className="Inflexion2.Testing.AuditableEntityTransientTest, Inflexion2.Framework.Testing, Version=1.0.0.0, Culture=neutral, PublicKeyToken=null" name="EqualsWithSameTransientEntitieReturnTrue" />
    </UnitTest>
    <UnitTest name="IntEntityTransientNewEntitieReturnTrue" storage="d:\idev\inflexion2\03-testing\inflexion2.framework.testing\bin\debug\inflexion2.framework.testing.dll" id="cf73ad5c-bdd1-7dfc-d924-ad996d77b595">
      <Execution id="8bbb82bb-a8c1-41c3-9d60-dabf83b8fc63" />
      <TestMethod codeBase="D:/IDev/Inflexion2/03-Testing/Inflexion2.Framework.Testing/bin/Debug/Inflexion2.Framework.Testing.DLL" adapterTypeName="Microsoft.VisualStudio.TestTools.TestTypes.Unit.UnitTestAdapter, Microsoft.VisualStudio.QualityTools.Tips.UnitTest.Adapter, Version=10.0.0.0, Culture=neutral, PublicKeyToken=b03f5f7f11d50a3a" className="Inflexion2.Testing.AuditableEntityTransientTest, Inflexion2.Framework.Testing, Version=1.0.0.0, Culture=neutral, PublicKeyToken=null" name="IntEntityTransientNewEntitieReturnTrue" />
    </UnitTest>
    <UnitTest name="IntEntityEqualsWithTwoNullsEntitiesSameTypeReturnTrue" storage="d:\idev\inflexion2\03-testing\inflexion2.framework.testing\bin\debug\inflexion2.framework.testing.dll" id="d72373c0-a703-cca6-215c-a78aa85313eb">
      <Execution id="5c76b78a-ba29-483a-b100-89e9ab69f79c" />
      <TestMethod codeBase="D:/IDev/Inflexion2/03-Testing/Inflexion2.Framework.Testing/bin/Debug/Inflexion2.Framework.Testing.DLL" adapterTypeName="Microsoft.VisualStudio.TestTools.TestTypes.Unit.UnitTestAdapter, Microsoft.VisualStudio.QualityTools.Tips.UnitTest.Adapter, Version=10.0.0.0, Culture=neutral, PublicKeyToken=b03f5f7f11d50a3a" className="Inflexion2.Testing.EntityTransientTest, Inflexion2.Framework.Testing, Version=1.0.0.0, Culture=neutral, PublicKeyToken=null" name="IntEntityEqualsWithTwoNullsEntitiesSameTypeReturnTrue" />
    </UnitTest>
    <UnitTest name="GuidEntityEqualsWithTwoTransientEntitiesReturnFalse" storage="d:\idev\inflexion2\03-testing\inflexion2.framework.testing\bin\debug\inflexion2.framework.testing.dll" id="66b79ba3-ccdf-a017-5e08-1702c7c38084">
      <Execution id="fe0be3e3-c19b-4572-ba2f-5808b3465c7d" />
      <TestMethod codeBase="D:/IDev/Inflexion2/03-Testing/Inflexion2.Framework.Testing/bin/Debug/Inflexion2.Framework.Testing.DLL" adapterTypeName="Microsoft.VisualStudio.TestTools.TestTypes.Unit.UnitTestAdapter, Microsoft.VisualStudio.QualityTools.Tips.UnitTest.Adapter, Version=10.0.0.0, Culture=neutral, PublicKeyToken=b03f5f7f11d50a3a" className="Inflexion2.Testing.GuidEntityTransientTest, Inflexion2.Framework.Testing, Version=1.0.0.0, Culture=neutral, PublicKeyToken=null" name="GuidEntityEqualsWithTwoTransientEntitiesReturnFalse" />
    </UnitTest>
    <UnitTest name="GuidEntityEqualsWithTwoNullsEntitiesSameTypeReturnTrue" storage="d:\idev\inflexion2\03-testing\inflexion2.framework.testing\bin\debug\inflexion2.framework.testing.dll" id="b6e2ea1d-beee-09a0-2102-a1602abebdcc">
      <Execution id="ac85add2-025c-4c86-90e4-b70aef2d0404" />
      <TestMethod codeBase="D:/IDev/Inflexion2/03-Testing/Inflexion2.Framework.Testing/bin/Debug/Inflexion2.Framework.Testing.DLL" adapterTypeName="Microsoft.VisualStudio.TestTools.TestTypes.Unit.UnitTestAdapter, Microsoft.VisualStudio.QualityTools.Tips.UnitTest.Adapter, Version=10.0.0.0, Culture=neutral, PublicKeyToken=b03f5f7f11d50a3a" className="Inflexion2.Testing.GuidEntityTransientTest, Inflexion2.Framework.Testing, Version=1.0.0.0, Culture=neutral, PublicKeyToken=null" name="GuidEntityEqualsWithTwoNullsEntitiesSameTypeReturnTrue" />
    </UnitTest>
    <UnitTest name="StringEqualsWithTwoNullsEntitiesDifferentTypeReturnFalse" storage="d:\idev\inflexion2\03-testing\inflexion2.framework.testing\bin\debug\inflexion2.framework.testing.dll" id="3dc9c38f-ffcf-b4ec-4950-2951ba76f7d8">
      <Execution id="77c2b340-b9be-4112-a09a-fbeaf986a7dd" />
      <TestMethod codeBase="D:/IDev/Inflexion2/03-Testing/Inflexion2.Framework.Testing/bin/Debug/Inflexion2.Framework.Testing.DLL" adapterTypeName="Microsoft.VisualStudio.TestTools.TestTypes.Unit.UnitTestAdapter, Microsoft.VisualStudio.QualityTools.Tips.UnitTest.Adapter, Version=10.0.0.0, Culture=neutral, PublicKeyToken=b03f5f7f11d50a3a" className="Inflexion2.Testing.StringEntityTransientTest, Inflexion2.Framework.Testing, Version=1.0.0.0, Culture=neutral, PublicKeyToken=null" name="StringEqualsWithTwoNullsEntitiesDifferentTypeReturnFalse" />
    </UnitTest>
    <UnitTest name="IntEntityEqualsWithTwoTransientEntitiesReturnFalse" storage="d:\idev\inflexion2\03-testing\inflexion2.framework.testing\bin\debug\inflexion2.framework.testing.dll" id="87242a29-3fd9-012d-ce10-c41ae5a4acc4">
      <Execution id="b6d36acd-72a2-4644-aac0-9a82b5142c76" />
      <TestMethod codeBase="D:/IDev/Inflexion2/03-Testing/Inflexion2.Framework.Testing/bin/Debug/Inflexion2.Framework.Testing.DLL" adapterTypeName="Microsoft.VisualStudio.TestTools.TestTypes.Unit.UnitTestAdapter, Microsoft.VisualStudio.QualityTools.Tips.UnitTest.Adapter, Version=10.0.0.0, Culture=neutral, PublicKeyToken=b03f5f7f11d50a3a" className="Inflexion2.Testing.IntEntityTransientTest, Inflexion2.Framework.Testing, Version=1.0.0.0, Culture=neutral, PublicKeyToken=null" name="IntEntityEqualsWithTwoTransientEntitiesReturnFalse" />
    </UnitTest>
    <UnitTest name="GuidEntityEqualsWithSameTransientEntitieReturnTrue" storage="d:\idev\inflexion2\03-testing\inflexion2.framework.testing\bin\debug\inflexion2.framework.testing.dll" id="b202aa4d-65bf-bc8d-820d-b2b2651d5544">
      <Execution id="f12644e2-d32a-4ba2-82a7-6a4af3ef3b8d" />
      <TestMethod codeBase="D:/IDev/Inflexion2/03-Testing/Inflexion2.Framework.Testing/bin/Debug/Inflexion2.Framework.Testing.DLL" adapterTypeName="Microsoft.VisualStudio.TestTools.TestTypes.Unit.UnitTestAdapter, Microsoft.VisualStudio.QualityTools.Tips.UnitTest.Adapter, Version=10.0.0.0, Culture=neutral, PublicKeyToken=b03f5f7f11d50a3a" className="Inflexion2.Testing.GuidEntityTransientTest, Inflexion2.Framework.Testing, Version=1.0.0.0, Culture=neutral, PublicKeyToken=null" name="GuidEntityEqualsWithSameTransientEntitieReturnTrue" />
    </UnitTest>
    <UnitTest name="EqualsWithOneDifferentPropertyReturnFalse" storage="d:\idev\inflexion2\03-testing\inflexion2.framework.testing\bin\debug\inflexion2.framework.testing.dll" id="f1db9089-b01e-e5ce-8721-8284d6363de2">
      <Execution id="cf8e3a2a-19b1-4965-a359-e9ad1c846757" />
      <TestMethod codeBase="D:/IDev/Inflexion2/03-Testing/Inflexion2.Framework.Testing/bin/Debug/Inflexion2.Framework.Testing.DLL" adapterTypeName="Microsoft.VisualStudio.TestTools.TestTypes.Unit.UnitTestAdapter, Microsoft.VisualStudio.QualityTools.Tips.UnitTest.Adapter, Version=10.0.0.0, Culture=neutral, PublicKeyToken=b03f5f7f11d50a3a" className="Inflexion2.Testing.EqualityValueObject, Inflexion2.Framework.Testing, Version=1.0.0.0, Culture=neutral, PublicKeyToken=null" name="EqualsWithOneDifferentPropertyReturnFalse" />
    </UnitTest>
    <UnitTest name="ValidatableEntityGuidEqualsWithTwoNullsEntitiesSameTypeReturnTrue" storage="d:\idev\inflexion2\03-testing\inflexion2.framework.testing\bin\debug\inflexion2.framework.testing.dll" id="982f7fbb-ba3f-33fd-9fa4-3f5b26be6e74">
      <Execution id="10749141-f935-48a0-a6e9-8d0cb032b026" />
      <TestMethod codeBase="D:/IDev/Inflexion2/03-Testing/Inflexion2.Framework.Testing/bin/Debug/Inflexion2.Framework.Testing.DLL" adapterTypeName="Microsoft.VisualStudio.TestTools.TestTypes.Unit.UnitTestAdapter, Microsoft.VisualStudio.QualityTools.Tips.UnitTest.Adapter, Version=10.0.0.0, Culture=neutral, PublicKeyToken=b03f5f7f11d50a3a" className="Inflexion2.Testing.ValidatableEntityTransientTest, Inflexion2.Framework.Testing, Version=1.0.0.0, Culture=neutral, PublicKeyToken=null" name="ValidatableEntityGuidEqualsWithTwoNullsEntitiesSameTypeReturnTrue" />
    </UnitTest>
    <UnitTest name="IntEntityEqualsWithTwoSetedIdDifferentEntitiesTypeReturnFalse" storage="d:\idev\inflexion2\03-testing\inflexion2.framework.testing\bin\debug\inflexion2.framework.testing.dll" id="8cdf0b73-2a1d-fb4d-b0bf-87142530870b">
      <Execution id="c4a92896-0137-4478-ad39-6c2fec3a84a5" />
      <TestMethod codeBase="D:/IDev/Inflexion2/03-Testing/Inflexion2.Framework.Testing/bin/Debug/Inflexion2.Framework.Testing.DLL" adapterTypeName="Microsoft.VisualStudio.TestTools.TestTypes.Unit.UnitTestAdapter, Microsoft.VisualStudio.QualityTools.Tips.UnitTest.Adapter, Version=10.0.0.0, Culture=neutral, PublicKeyToken=b03f5f7f11d50a3a" className="Inflexion2.Testing.EntityTransientTest, Inflexion2.Framework.Testing, Version=1.0.0.0, Culture=neutral, PublicKeyToken=null" name="IntEntityEqualsWithTwoSetedIdDifferentEntitiesTypeReturnFalse" />
    </UnitTest>
    <UnitTest name="StringEqualsWithOneNullEntityReturnFalse" storage="d:\idev\inflexion2\03-testing\inflexion2.framework.testing\bin\debug\inflexion2.framework.testing.dll" id="ea0a69ac-2bb3-b9d1-b8f7-0e625a29c014">
      <Execution id="f37cff27-b843-49dd-822c-235d707612fb" />
      <TestMethod codeBase="D:/IDev/Inflexion2/03-Testing/Inflexion2.Framework.Testing/bin/Debug/Inflexion2.Framework.Testing.DLL" adapterTypeName="Microsoft.VisualStudio.TestTools.TestTypes.Unit.UnitTestAdapter, Microsoft.VisualStudio.QualityTools.Tips.UnitTest.Adapter, Version=10.0.0.0, Culture=neutral, PublicKeyToken=b03f5f7f11d50a3a" className="Inflexion2.Testing.StringEntityTransientTest, Inflexion2.Framework.Testing, Version=1.0.0.0, Culture=neutral, PublicKeyToken=null" name="StringEqualsWithOneNullEntityReturnFalse" />
    </UnitTest>
    <UnitTest name="IntEntityEqualsWithSameEntityReturnTrue" storage="d:\idev\inflexion2\03-testing\inflexion2.framework.testing\bin\debug\inflexion2.framework.testing.dll" id="2121912b-f77f-3ef3-ff35-d1ecd70b7034">
      <Execution id="d7e7cbcd-aadb-419a-b155-f534973af0a0" />
      <TestMethod codeBase="D:/IDev/Inflexion2/03-Testing/Inflexion2.Framework.Testing/bin/Debug/Inflexion2.Framework.Testing.DLL" adapterTypeName="Microsoft.VisualStudio.TestTools.TestTypes.Unit.UnitTestAdapter, Microsoft.VisualStudio.QualityTools.Tips.UnitTest.Adapter, Version=10.0.0.0, Culture=neutral, PublicKeyToken=b03f5f7f11d50a3a" className="Inflexion2.Testing.IntEntityTransientTest, Inflexion2.Framework.Testing, Version=1.0.0.0, Culture=neutral, PublicKeyToken=null" name="IntEntityEqualsWithSameEntityReturnTrue" />
    </UnitTest>
    <UnitTest name="IntEntityEqualsWithTwoSetedDifferentIdSameEntitiesTypeReturnFalse" storage="d:\idev\inflexion2\03-testing\inflexion2.framework.testing\bin\debug\inflexion2.framework.testing.dll" id="4c4642c9-c98c-8343-d168-c0f2b8c7b2e7">
      <Execution id="617a4b29-8e39-4ed1-b6f9-70e16bf3eaa8" />
      <TestMethod codeBase="D:/IDev/Inflexion2/03-Testing/Inflexion2.Framework.Testing/bin/Debug/Inflexion2.Framework.Testing.DLL" adapterTypeName="Microsoft.VisualStudio.TestTools.TestTypes.Unit.UnitTestAdapter, Microsoft.VisualStudio.QualityTools.Tips.UnitTest.Adapter, Version=10.0.0.0, Culture=neutral, PublicKeyToken=b03f5f7f11d50a3a" className="Inflexion2.Testing.IntEntityTransientTest, Inflexion2.Framework.Testing, Version=1.0.0.0, Culture=neutral, PublicKeyToken=null" name="IntEntityEqualsWithTwoSetedDifferentIdSameEntitiesTypeReturnFalse" />
    </UnitTest>
    <UnitTest name="IntEntityEqualsWithOneNullEntityReturnFalse" storage="d:\idev\inflexion2\03-testing\inflexion2.framework.testing\bin\debug\inflexion2.framework.testing.dll" id="28cecd14-0281-33e2-220d-430cb0b76324">
      <Execution id="d82f2494-c4ae-4446-a868-839641744c32" />
      <TestMethod codeBase="D:/IDev/Inflexion2/03-Testing/Inflexion2.Framework.Testing/bin/Debug/Inflexion2.Framework.Testing.DLL" adapterTypeName="Microsoft.VisualStudio.TestTools.TestTypes.Unit.UnitTestAdapter, Microsoft.VisualStudio.QualityTools.Tips.UnitTest.Adapter, Version=10.0.0.0, Culture=neutral, PublicKeyToken=b03f5f7f11d50a3a" className="Inflexion2.Testing.EntityTransientTest, Inflexion2.Framework.Testing, Version=1.0.0.0, Culture=neutral, PublicKeyToken=null" name="IntEntityEqualsWithOneNullEntityReturnFalse" />
    </UnitTest>
    <UnitTest name="ValidatableEntityGuidEqualsWithTwoNullsEntitiesDifferentTypeReturnFalse" storage="d:\idev\inflexion2\03-testing\inflexion2.framework.testing\bin\debug\inflexion2.framework.testing.dll" id="861bbbdf-9e17-619d-89af-8b7fa4a205e7">
      <Execution id="4ef21dc6-c564-4c23-bb68-b86b72aca415" />
      <TestMethod codeBase="D:/IDev/Inflexion2/03-Testing/Inflexion2.Framework.Testing/bin/Debug/Inflexion2.Framework.Testing.DLL" adapterTypeName="Microsoft.VisualStudio.TestTools.TestTypes.Unit.UnitTestAdapter, Microsoft.VisualStudio.QualityTools.Tips.UnitTest.Adapter, Version=10.0.0.0, Culture=neutral, PublicKeyToken=b03f5f7f11d50a3a" className="Inflexion2.Testing.ValidatableEntityTransientTest, Inflexion2.Framework.Testing, Version=1.0.0.0, Culture=neutral, PublicKeyToken=null" name="ValidatableEntityGuidEqualsWithTwoNullsEntitiesDifferentTypeReturnFalse" />
    </UnitTest>
    <UnitTest name="GuidEntityEqualsWithTwoNullsEntitiesDifferentTypeReturnFalse" storage="d:\idev\inflexion2\03-testing\inflexion2.framework.testing\bin\debug\inflexion2.framework.testing.dll" id="a5173249-e457-2bae-6188-e07755a468f1">
      <Execution id="4ed507ce-9933-4fcb-9e21-f844dd54beab" />
      <TestMethod codeBase="D:/IDev/Inflexion2/03-Testing/Inflexion2.Framework.Testing/bin/Debug/Inflexion2.Framework.Testing.DLL" adapterTypeName="Microsoft.VisualStudio.TestTools.TestTypes.Unit.UnitTestAdapter, Microsoft.VisualStudio.QualityTools.Tips.UnitTest.Adapter, Version=10.0.0.0, Culture=neutral, PublicKeyToken=b03f5f7f11d50a3a" className="Inflexion2.Testing.GuidEntityTransientTest, Inflexion2.Framework.Testing, Version=1.0.0.0, Culture=neutral, PublicKeyToken=null" name="GuidEntityEqualsWithTwoNullsEntitiesDifferentTypeReturnFalse" />
    </UnitTest>
    <UnitTest name="EqualsWithOneNullValueObjectReturnFalse" storage="d:\idev\inflexion2\03-testing\inflexion2.framework.testing\bin\debug\inflexion2.framework.testing.dll" id="9d14cf3b-400a-419e-62e5-56cdb51cd8d7">
      <Execution id="da6b69f4-4cea-46e0-8e9e-f179379fe69c" />
      <TestMethod codeBase="D:/IDev/Inflexion2/03-Testing/Inflexion2.Framework.Testing/bin/Debug/Inflexion2.Framework.Testing.DLL" adapterTypeName="Microsoft.VisualStudio.TestTools.TestTypes.Unit.UnitTestAdapter, Microsoft.VisualStudio.QualityTools.Tips.UnitTest.Adapter, Version=10.0.0.0, Culture=neutral, PublicKeyToken=b03f5f7f11d50a3a" className="Inflexion2.Testing.EqualityValueObject, Inflexion2.Framework.Testing, Version=1.0.0.0, Culture=neutral, PublicKeyToken=null" name="EqualsWithOneNullValueObjectReturnFalse" />
    </UnitTest>
    <UnitTest name="IntEntityTransientNewEntitieReturnTrue" storage="d:\idev\inflexion2\03-testing\inflexion2.framework.testing\bin\debug\inflexion2.framework.testing.dll" id="ecb2ec12-6d55-4737-3f23-78b2cd9e5a1c">
      <Execution id="1d7a4181-84f8-4864-984a-3f01ac90c9ed" />
      <TestMethod codeBase="D:/IDev/Inflexion2/03-Testing/Inflexion2.Framework.Testing/bin/Debug/Inflexion2.Framework.Testing.DLL" adapterTypeName="Microsoft.VisualStudio.TestTools.TestTypes.Unit.UnitTestAdapter, Microsoft.VisualStudio.QualityTools.Tips.UnitTest.Adapter, Version=10.0.0.0, Culture=neutral, PublicKeyToken=b03f5f7f11d50a3a" className="Inflexion2.Testing.EntityTransientTest, Inflexion2.Framework.Testing, Version=1.0.0.0, Culture=neutral, PublicKeyToken=null" name="IntEntityTransientNewEntitieReturnTrue" />
    </UnitTest>
  </TestDefinitions>
  <TestLists>
    <TestList name="Results Not in a List" id="8c84fa94-04c1-424b-9868-57a2d4851a1d" />
    <TestList name="All Loaded Results" id="19431567-8539-422a-85d7-44ee4e166bda" />
  </TestLists>
  <TestEntries>
    <TestEntry testId="17042057-7aeb-7c30-7303-5d1a8e9e0592" executionId="f42f80f3-ecdb-4901-a9d1-e0c0173240f3" testListId="8c84fa94-04c1-424b-9868-57a2d4851a1d" />
    <TestEntry testId="1bdcb6c4-49ec-3cfb-4e22-c65e484a2116" executionId="6af5a2a2-aebb-4364-b7b7-79bf057c6765" testListId="8c84fa94-04c1-424b-9868-57a2d4851a1d" />
    <TestEntry testId="2121912b-f77f-3ef3-ff35-d1ecd70b7034" executionId="d7e7cbcd-aadb-419a-b155-f534973af0a0" testListId="8c84fa94-04c1-424b-9868-57a2d4851a1d" />
    <TestEntry testId="22a8b0cb-7a33-d352-b784-a1f8be065fd9" executionId="b5635609-f621-43de-aaf0-b61973511236" testListId="8c84fa94-04c1-424b-9868-57a2d4851a1d" />
    <TestEntry testId="274f79cb-044b-0e7e-9f9e-4afbcabf33e2" executionId="24aa9f46-651c-42be-b807-f9759f6683e6" testListId="8c84fa94-04c1-424b-9868-57a2d4851a1d" />
    <TestEntry testId="28cecd14-0281-33e2-220d-430cb0b76324" executionId="d82f2494-c4ae-4446-a868-839641744c32" testListId="8c84fa94-04c1-424b-9868-57a2d4851a1d" />
    <TestEntry testId="375ff3a2-2357-6f85-11f0-4fdbcfbe878c" executionId="1febfb1f-82c5-4c2a-813e-e2a1345b308e" testListId="8c84fa94-04c1-424b-9868-57a2d4851a1d" />
    <TestEntry testId="39038477-ba46-aac5-eb4c-721235e0936b" executionId="0e7321c0-621f-4047-bc98-2c3e71cc5a21" testListId="8c84fa94-04c1-424b-9868-57a2d4851a1d" />
    <TestEntry testId="3dc9c38f-ffcf-b4ec-4950-2951ba76f7d8" executionId="77c2b340-b9be-4112-a09a-fbeaf986a7dd" testListId="8c84fa94-04c1-424b-9868-57a2d4851a1d" />
    <TestEntry testId="4c4642c9-c98c-8343-d168-c0f2b8c7b2e7" executionId="617a4b29-8e39-4ed1-b6f9-70e16bf3eaa8" testListId="8c84fa94-04c1-424b-9868-57a2d4851a1d" />
    <TestEntry testId="4ccbac64-6d99-8651-0e4e-7a94ce86ca89" executionId="4aa40ed2-078b-40ee-a9e3-f58b6f29a689" testListId="8c84fa94-04c1-424b-9868-57a2d4851a1d" />
    <TestEntry testId="4d2dabf7-6001-0f95-8269-92c41508bd3d" executionId="95f8f592-fa39-4a91-98a8-ba9920bbe345" testListId="8c84fa94-04c1-424b-9868-57a2d4851a1d" />
    <TestEntry testId="55745a3e-cb76-ce47-5e1c-cb4863c8cc88" executionId="eb84b338-68ef-49d3-8339-4410d726ae6d" testListId="8c84fa94-04c1-424b-9868-57a2d4851a1d" />
    <TestEntry testId="5c01ed2f-cfa6-faf5-80ee-7526386e5bcb" executionId="235d06c6-87d0-45cb-a33a-f83b63391238" testListId="8c84fa94-04c1-424b-9868-57a2d4851a1d" />
    <TestEntry testId="5e48c4a4-9c69-9469-0648-a457e4f881b1" executionId="fc6d4acc-af5e-4a81-8904-f6f8798c8f3d" testListId="8c84fa94-04c1-424b-9868-57a2d4851a1d" />
    <TestEntry testId="66b79ba3-ccdf-a017-5e08-1702c7c38084" executionId="fe0be3e3-c19b-4572-ba2f-5808b3465c7d" testListId="8c84fa94-04c1-424b-9868-57a2d4851a1d" />
    <TestEntry testId="6d00cb18-6da1-8f1c-bc52-1100717fe9e3" executionId="0441b8d0-7140-4839-a627-4fedba30afa5" testListId="8c84fa94-04c1-424b-9868-57a2d4851a1d" />
    <TestEntry testId="861bbbdf-9e17-619d-89af-8b7fa4a205e7" executionId="4ef21dc6-c564-4c23-bb68-b86b72aca415" testListId="8c84fa94-04c1-424b-9868-57a2d4851a1d" />
    <TestEntry testId="87242a29-3fd9-012d-ce10-c41ae5a4acc4" executionId="b6d36acd-72a2-4644-aac0-9a82b5142c76" testListId="8c84fa94-04c1-424b-9868-57a2d4851a1d" />
    <TestEntry testId="894519f8-9501-4713-6a4e-b58cdbc44ab0" executionId="0a8f1605-4068-47f0-bed0-328196bed912" testListId="8c84fa94-04c1-424b-9868-57a2d4851a1d" />
    <TestEntry testId="8cdf0b73-2a1d-fb4d-b0bf-87142530870b" executionId="c4a92896-0137-4478-ad39-6c2fec3a84a5" testListId="8c84fa94-04c1-424b-9868-57a2d4851a1d" />
    <TestEntry testId="8ce58482-7d3e-3e19-80e5-4b965e8f5059" executionId="4942ecf0-80cb-41aa-84da-824b33dd0574" testListId="8c84fa94-04c1-424b-9868-57a2d4851a1d" />
    <TestEntry testId="8e4820fb-b11f-6f11-e59d-db0467de1040" executionId="b28ec244-f644-47bb-a416-407a5442dfa3" testListId="8c84fa94-04c1-424b-9868-57a2d4851a1d" />
    <TestEntry testId="982f7fbb-ba3f-33fd-9fa4-3f5b26be6e74" executionId="10749141-f935-48a0-a6e9-8d0cb032b026" testListId="8c84fa94-04c1-424b-9868-57a2d4851a1d" />
    <TestEntry testId="9d14cf3b-400a-419e-62e5-56cdb51cd8d7" executionId="da6b69f4-4cea-46e0-8e9e-f179379fe69c" testListId="8c84fa94-04c1-424b-9868-57a2d4851a1d" />
    <TestEntry testId="a5143e69-78bd-03a5-f82d-50e4014f386a" executionId="ebd17cd5-66f1-4331-8f01-21133f263c49" testListId="8c84fa94-04c1-424b-9868-57a2d4851a1d" />
    <TestEntry testId="a5173249-e457-2bae-6188-e07755a468f1" executionId="4ed507ce-9933-4fcb-9e21-f844dd54beab" testListId="8c84fa94-04c1-424b-9868-57a2d4851a1d" />
    <TestEntry testId="ab5febae-4b86-5540-aa00-427d834f1128" executionId="387d7961-484c-4e15-b994-65566669ea71" testListId="8c84fa94-04c1-424b-9868-57a2d4851a1d" />
    <TestEntry testId="afa4d5fe-5adf-b232-4499-e60da535e51b" executionId="ec374d7f-96af-4490-9dca-78254a6a4b4e" testListId="8c84fa94-04c1-424b-9868-57a2d4851a1d" />
    <TestEntry testId="b1a88be6-0573-6eb0-e0ba-a476ebddfcc3" executionId="ff0d326d-6be1-49d6-a202-7e9ecd1d95bb" testListId="8c84fa94-04c1-424b-9868-57a2d4851a1d" />
    <TestEntry testId="b202aa4d-65bf-bc8d-820d-b2b2651d5544" executionId="f12644e2-d32a-4ba2-82a7-6a4af3ef3b8d" testListId="8c84fa94-04c1-424b-9868-57a2d4851a1d" />
    <TestEntry testId="b53f3b4e-80dd-ada9-22f9-683ce813b819" executionId="3ce18a43-c302-469e-9459-0c89ae5f8238" testListId="8c84fa94-04c1-424b-9868-57a2d4851a1d" />
    <TestEntry testId="b6e2ea1d-beee-09a0-2102-a1602abebdcc" executionId="ac85add2-025c-4c86-90e4-b70aef2d0404" testListId="8c84fa94-04c1-424b-9868-57a2d4851a1d" />
    <TestEntry testId="b73c4168-36b3-829e-62df-12b0e1f8a7bd" executionId="3f43c9ac-9f09-43bb-bc1f-96a276ebfba8" testListId="8c84fa94-04c1-424b-9868-57a2d4851a1d" />
    <TestEntry testId="be2066fd-b436-06cd-97b4-c7078e10e0f4" executionId="517ae110-9666-43af-9b5c-23cfa27ee62b" testListId="8c84fa94-04c1-424b-9868-57a2d4851a1d" />
    <TestEntry testId="c4b00738-bd81-d4dd-934a-1f8ce1e5a004" executionId="bb2066c7-902e-4d75-b782-d09d155de4d6" testListId="8c84fa94-04c1-424b-9868-57a2d4851a1d" />
    <TestEntry testId="c88e308d-c412-3989-03a6-4812dd297cad" executionId="66bceb00-aea8-4922-b268-bc3c77433916" testListId="8c84fa94-04c1-424b-9868-57a2d4851a1d" />
    <TestEntry testId="cf73ad5c-bdd1-7dfc-d924-ad996d77b595" executionId="8bbb82bb-a8c1-41c3-9d60-dabf83b8fc63" testListId="8c84fa94-04c1-424b-9868-57a2d4851a1d" />
    <TestEntry testId="cfcea3e5-0964-8d2b-bd64-154d5273ea8f" executionId="8a9dc4a1-7e1a-40e0-9fe1-47b8ae72d683" testListId="8c84fa94-04c1-424b-9868-57a2d4851a1d" />
    <TestEntry testId="d41c1e27-6b39-94e3-749b-182cbe402f7f" executionId="da4d43ae-869b-4b19-ab34-23072057514b" testListId="8c84fa94-04c1-424b-9868-57a2d4851a1d" />
    <TestEntry testId="d72373c0-a703-cca6-215c-a78aa85313eb" executionId="5c76b78a-ba29-483a-b100-89e9ab69f79c" testListId="8c84fa94-04c1-424b-9868-57a2d4851a1d" />
    <TestEntry testId="df70d1db-0b89-8d5b-f3c3-11fdd92fed5b" executionId="c34dcca7-ce1c-4a0b-8246-b48496df090f" testListId="8c84fa94-04c1-424b-9868-57a2d4851a1d" />
    <TestEntry testId="ea0a69ac-2bb3-b9d1-b8f7-0e625a29c014" executionId="f37cff27-b843-49dd-822c-235d707612fb" testListId="8c84fa94-04c1-424b-9868-57a2d4851a1d" />
    <TestEntry testId="ebdf5570-fee7-71a9-954c-39a44616bfc0" executionId="6171a891-9997-4604-ab7f-e3b06358a2e0" testListId="8c84fa94-04c1-424b-9868-57a2d4851a1d" />
    <TestEntry testId="ecb2ec12-6d55-4737-3f23-78b2cd9e5a1c" executionId="1d7a4181-84f8-4864-984a-3f01ac90c9ed" testListId="8c84fa94-04c1-424b-9868-57a2d4851a1d" />
    <TestEntry testId="ed5ca231-a40d-1e94-d8cf-62620be065b2" executionId="3590bf21-026a-4e5a-81bb-ef6697dbb616" testListId="8c84fa94-04c1-424b-9868-57a2d4851a1d" />
    <TestEntry testId="ef418061-d4c4-2027-28ba-907376548f88" executionId="95620dfe-23fb-486a-a891-482fccaa87ff" testListId="8c84fa94-04c1-424b-9868-57a2d4851a1d" />
    <TestEntry testId="f1db9089-b01e-e5ce-8721-8284d6363de2" executionId="cf8e3a2a-19b1-4965-a359-e9ad1c846757" testListId="8c84fa94-04c1-424b-9868-57a2d4851a1d" />
    <TestEntry testId="f8a0681f-01a9-96fe-d3cb-5a7507e6aa1a" executionId="b861fa9c-6d54-48ce-8283-4f646f38ee66" testListId="8c84fa94-04c1-424b-9868-57a2d4851a1d" />
  </TestEntries>
  <Results>
    <UnitTestResult executionId="f42f80f3-ecdb-4901-a9d1-e0c0173240f3" testId="17042057-7aeb-7c30-7303-5d1a8e9e0592" testName="EqualsWithTwoNullsEntitiesSameTypeReturnTrue" computerName="ICINETICJHB" duration="00:00:00.0108393" startTime="2014-05-20T10:09:42.6355384+02:00" endTime="2014-05-20T10:09:42.7835494+02:00" testType="13cdc9d9-ddb5-4fa4-a97d-d965ccfc6d4b" outcome="Passed" testListId="8c84fa94-04c1-424b-9868-57a2d4851a1d" relativeResultsDirectory="f42f80f3-ecdb-4901-a9d1-e0c0173240f3">
    </UnitTestResult>
    <UnitTestResult executionId="6af5a2a2-aebb-4364-b7b7-79bf057c6765" testId="1bdcb6c4-49ec-3cfb-4e22-c65e484a2116" testName="IntEntityEqualsWithTwoNullsEntitiesSameTypeReturnTrue" computerName="ICINETICJHB" duration="00:00:00.0002544" startTime="2014-05-20T10:09:42.7845466+02:00" endTime="2014-05-20T10:09:42.7875469+02:00" testType="13cdc9d9-ddb5-4fa4-a97d-d965ccfc6d4b" outcome="Passed" testListId="8c84fa94-04c1-424b-9868-57a2d4851a1d" relativeResultsDirectory="6af5a2a2-aebb-4364-b7b7-79bf057c6765">
    </UnitTestResult>
    <UnitTestResult executionId="d7e7cbcd-aadb-419a-b155-f534973af0a0" testId="2121912b-f77f-3ef3-ff35-d1ecd70b7034" testName="IntEntityEqualsWithSameEntityReturnTrue" computerName="ICINETICJHB" duration="00:00:00.0010643" startTime="2014-05-20T10:09:42.7875469+02:00" endTime="2014-05-20T10:09:42.7905472+02:00" testType="13cdc9d9-ddb5-4fa4-a97d-d965ccfc6d4b" outcome="Passed" testListId="8c84fa94-04c1-424b-9868-57a2d4851a1d" relativeResultsDirectory="d7e7cbcd-aadb-419a-b155-f534973af0a0">
    </UnitTestResult>
    <UnitTestResult executionId="b5635609-f621-43de-aaf0-b61973511236" testId="22a8b0cb-7a33-d352-b784-a1f8be065fd9" testName="ValidatableEntityGuidEqualsWithSameTransientEntitieReturnTrue" computerName="ICINETICJHB" duration="00:00:00.0003185" startTime="2014-05-20T10:09:42.7915466+02:00" endTime="2014-05-20T10:09:42.7925477+02:00" testType="13cdc9d9-ddb5-4fa4-a97d-d965ccfc6d4b" outcome="Passed" testListId="8c84fa94-04c1-424b-9868-57a2d4851a1d" relativeResultsDirectory="b5635609-f621-43de-aaf0-b61973511236">
    </UnitTestResult>
    <UnitTestResult executionId="24aa9f46-651c-42be-b807-f9759f6683e6" testId="274f79cb-044b-0e7e-9f9e-4afbcabf33e2" testName="EqualsWithSameTransientEntitieReturnTrue" computerName="ICINETICJHB" duration="00:00:00.0002527" startTime="2014-05-20T10:09:42.7935467+02:00" endTime="2014-05-20T10:09:42.7955476+02:00" testType="13cdc9d9-ddb5-4fa4-a97d-d965ccfc6d4b" outcome="Passed" testListId="8c84fa94-04c1-424b-9868-57a2d4851a1d" relativeResultsDirectory="24aa9f46-651c-42be-b807-f9759f6683e6">
    </UnitTestResult>
    <UnitTestResult executionId="d82f2494-c4ae-4446-a868-839641744c32" testId="28cecd14-0281-33e2-220d-430cb0b76324" testName="IntEntityEqualsWithOneNullEntityReturnFalse" computerName="ICINETICJHB" duration="00:00:00.0003279" startTime="2014-05-20T10:09:42.7955476+02:00" endTime="2014-05-20T10:09:42.7975485+02:00" testType="13cdc9d9-ddb5-4fa4-a97d-d965ccfc6d4b" outcome="Passed" testListId="8c84fa94-04c1-424b-9868-57a2d4851a1d" relativeResultsDirectory="d82f2494-c4ae-4446-a868-839641744c32">
    </UnitTestResult>
    <UnitTestResult executionId="1febfb1f-82c5-4c2a-813e-e2a1345b308e" testId="375ff3a2-2357-6f85-11f0-4fdbcfbe878c" testName="EqualsWithOneNullEntityReturnFalse" computerName="ICINETICJHB" duration="00:00:00.0001295" startTime="2014-05-20T10:09:42.7975485+02:00" endTime="2014-05-20T10:09:42.7995486+02:00" testType="13cdc9d9-ddb5-4fa4-a97d-d965ccfc6d4b" outcome="Passed" testListId="8c84fa94-04c1-424b-9868-57a2d4851a1d" relativeResultsDirectory="1febfb1f-82c5-4c2a-813e-e2a1345b308e">
    </UnitTestResult>
    <UnitTestResult executionId="0e7321c0-621f-4047-bc98-2c3e71cc5a21" testId="39038477-ba46-aac5-eb4c-721235e0936b" testName="ValidatableEntityGuidEqualsWithTwoTransientEntitiesReturnFalse" computerName="ICINETICJHB" duration="00:00:00.0005687" startTime="2014-05-20T10:09:42.7995486+02:00" endTime="2014-05-20T10:09:42.8015512+02:00" testType="13cdc9d9-ddb5-4fa4-a97d-d965ccfc6d4b" outcome="Passed" testListId="8c84fa94-04c1-424b-9868-57a2d4851a1d" relativeResultsDirectory="0e7321c0-621f-4047-bc98-2c3e71cc5a21">
    </UnitTestResult>
    <UnitTestResult executionId="77c2b340-b9be-4112-a09a-fbeaf986a7dd" testId="3dc9c38f-ffcf-b4ec-4950-2951ba76f7d8" testName="StringEqualsWithTwoNullsEntitiesDifferentTypeReturnFalse" computerName="ICINETICJHB" duration="00:00:00.0004964" startTime="2014-05-20T10:09:42.8025484+02:00" endTime="2014-05-20T10:09:42.8045481+02:00" testType="13cdc9d9-ddb5-4fa4-a97d-d965ccfc6d4b" outcome="Passed" testListId="8c84fa94-04c1-424b-9868-57a2d4851a1d" relativeResultsDirectory="77c2b340-b9be-4112-a09a-fbeaf986a7dd">
    </UnitTestResult>
    <UnitTestResult executionId="617a4b29-8e39-4ed1-b6f9-70e16bf3eaa8" testId="4c4642c9-c98c-8343-d168-c0f2b8c7b2e7" testName="IntEntityEqualsWithTwoSetedDifferentIdSameEntitiesTypeReturnFalse" computerName="ICINETICJHB" duration="00:00:00.0001646" startTime="2014-05-20T10:09:42.8045481+02:00" endTime="2014-05-20T10:09:42.8065477+02:00" testType="13cdc9d9-ddb5-4fa4-a97d-d965ccfc6d4b" outcome="Passed" testListId="8c84fa94-04c1-424b-9868-57a2d4851a1d" relativeResultsDirectory="617a4b29-8e39-4ed1-b6f9-70e16bf3eaa8">
    </UnitTestResult>
    <UnitTestResult executionId="4aa40ed2-078b-40ee-a9e3-f58b6f29a689" testId="4ccbac64-6d99-8651-0e4e-7a94ce86ca89" testName="StringEqualsWithTwoNullsEntitiesSameTypeReturnTrue" computerName="ICINETICJHB" duration="00:00:00.0001817" startTime="2014-05-20T10:09:42.8065477+02:00" endTime="2014-05-20T10:09:42.8085486+02:00" testType="13cdc9d9-ddb5-4fa4-a97d-d965ccfc6d4b" outcome="Passed" testListId="8c84fa94-04c1-424b-9868-57a2d4851a1d" relativeResultsDirectory="4aa40ed2-078b-40ee-a9e3-f58b6f29a689">
    </UnitTestResult>
    <UnitTestResult executionId="95f8f592-fa39-4a91-98a8-ba9920bbe345" testId="4d2dabf7-6001-0f95-8269-92c41508bd3d" testName="StringEqualsWithTwoTransientEntitiesReturnFalse" computerName="ICINETICJHB" duration="00:00:00.0126939" startTime="2014-05-20T10:09:42.8095493+02:00" endTime="2014-05-20T10:09:42.8245499+02:00" testType="13cdc9d9-ddb5-4fa4-a97d-d965ccfc6d4b" outcome="Failed" testListId="8c84fa94-04c1-424b-9868-57a2d4851a1d" relativeResultsDirectory="95f8f592-fa39-4a91-98a8-ba9920bbe345">
      <Output>
        <ErrorInfo>
          <Message>Test method Inflexion2.Testing.StringEntityTransientTest.StringEqualsWithTwoTransientEntitiesReturnFalse threw exception: 
System.NullReferenceException: Referencia a objeto no establecida como instancia de un objeto.</Message>
          <StackTrace>    en Inflexion2.Domain.Entity`2.IsTransient() en D:\IDev\Inflexion2\01-Framework\Proyectos\Inflexion2\Domain\Model\EntityDefinitions\Entities\Entity.cs:línea 270
   en Inflexion2.Domain.Entity`2.Equals(Object obj) en D:\IDev\Inflexion2\01-Framework\Proyectos\Inflexion2\Domain\Model\EntityDefinitions\Entities\Entity.cs:línea 326
   en System.Object.Equals(Object objA, Object objB)
   en Inflexion2.Testing.StringEntityTransientTest.StringEqualsWithTwoTransientEntitiesReturnFalse() en D:\IDev\Inflexion2\03-Testing\Inflexion2.Framework.Testing\Domain\Model\StringEntityTest.cs:línea 58
</StackTrace>
        </ErrorInfo>
      </Output>
    </UnitTestResult>
    <UnitTestResult executionId="eb84b338-68ef-49d3-8339-4410d726ae6d" testId="55745a3e-cb76-ce47-5e1c-cb4863c8cc88" testName="IntEntityEqualsWithTwoNullsEntitiesDifferentTypeReturnFalse" computerName="ICINETICJHB" duration="00:00:00.0003664" startTime="2014-05-20T10:09:42.8245499+02:00" endTime="2014-05-20T10:09:42.8275493+02:00" testType="13cdc9d9-ddb5-4fa4-a97d-d965ccfc6d4b" outcome="Passed" testListId="8c84fa94-04c1-424b-9868-57a2d4851a1d" relativeResultsDirectory="eb84b338-68ef-49d3-8339-4410d726ae6d">
    </UnitTestResult>
    <UnitTestResult executionId="235d06c6-87d0-45cb-a33a-f83b63391238" testId="5c01ed2f-cfa6-faf5-80ee-7526386e5bcb" testName="GuidEntityEqualsWithOneNullEntityReturnFalse" computerName="ICINETICJHB" duration="00:00:00.0003177" startTime="2014-05-20T10:09:42.8275493+02:00" endTime="2014-05-20T10:09:42.8305496+02:00" testType="13cdc9d9-ddb5-4fa4-a97d-d965ccfc6d4b" outcome="Passed" testListId="8c84fa94-04c1-424b-9868-57a2d4851a1d" relativeResultsDirectory="235d06c6-87d0-45cb-a33a-f83b63391238">
    </UnitTestResult>
    <UnitTestResult executionId="fc6d4acc-af5e-4a81-8904-f6f8798c8f3d" testId="5e48c4a4-9c69-9469-0648-a457e4f881b1" testName="IntEntityTransientNewEntitieReturnTrue" computerName="ICINETICJHB" duration="00:00:00.0001950" startTime="2014-05-20T10:09:42.8305496+02:00" endTime="2014-05-20T10:09:42.8325514+02:00" testType="13cdc9d9-ddb5-4fa4-a97d-d965ccfc6d4b" outcome="Passed" testListId="8c84fa94-04c1-424b-9868-57a2d4851a1d" relativeResultsDirectory="fc6d4acc-af5e-4a81-8904-f6f8798c8f3d">
    </UnitTestResult>
    <UnitTestResult executionId="fe0be3e3-c19b-4572-ba2f-5808b3465c7d" testId="66b79ba3-ccdf-a017-5e08-1702c7c38084" testName="GuidEntityEqualsWithTwoTransientEntitiesReturnFalse" computerName="ICINETICJHB" duration="00:00:00.0001616" startTime="2014-05-20T10:09:42.8325514+02:00" endTime="2014-05-20T10:09:42.8345489+02:00" testType="13cdc9d9-ddb5-4fa4-a97d-d965ccfc6d4b" outcome="Passed" testListId="8c84fa94-04c1-424b-9868-57a2d4851a1d" relativeResultsDirectory="fe0be3e3-c19b-4572-ba2f-5808b3465c7d">
    </UnitTestResult>
    <UnitTestResult executionId="0441b8d0-7140-4839-a627-4fedba30afa5" testId="6d00cb18-6da1-8f1c-bc52-1100717fe9e3" testName="IntEntityEqualsWithTwoSetedDifferentIdSameEntitiesTypeReturnFalse" computerName="ICINETICJHB" duration="00:00:00.0002570" startTime="2014-05-20T10:09:42.8345489+02:00" endTime="2014-05-20T10:09:42.8365519+02:00" testType="13cdc9d9-ddb5-4fa4-a97d-d965ccfc6d4b" outcome="Passed" testListId="8c84fa94-04c1-424b-9868-57a2d4851a1d" relativeResultsDirectory="0441b8d0-7140-4839-a627-4fedba30afa5">
    </UnitTestResult>
    <UnitTestResult executionId="4ef21dc6-c564-4c23-bb68-b86b72aca415" testId="861bbbdf-9e17-619d-89af-8b7fa4a205e7" testName="ValidatableEntityGuidEqualsWithTwoNullsEntitiesDifferentTypeReturnFalse" computerName="ICINETICJHB" duration="00:00:00.0002706" startTime="2014-05-20T10:09:42.8375526+02:00" endTime="2014-05-20T10:09:42.8395510+02:00" testType="13cdc9d9-ddb5-4fa4-a97d-d965ccfc6d4b" outcome="Passed" testListId="8c84fa94-04c1-424b-9868-57a2d4851a1d" relativeResultsDirectory="4ef21dc6-c564-4c23-bb68-b86b72aca415">
    </UnitTestResult>
    <UnitTestResult executionId="b6d36acd-72a2-4644-aac0-9a82b5142c76" testId="87242a29-3fd9-012d-ce10-c41ae5a4acc4" testName="IntEntityEqualsWithTwoTransientEntitiesReturnFalse" computerName="ICINETICJHB" duration="00:00:00.0001526" startTime="2014-05-20T10:09:42.8395510+02:00" endTime="2014-05-20T10:09:42.8415506+02:00" testType="13cdc9d9-ddb5-4fa4-a97d-d965ccfc6d4b" outcome="Passed" testListId="8c84fa94-04c1-424b-9868-57a2d4851a1d" relativeResultsDirectory="b6d36acd-72a2-4644-aac0-9a82b5142c76">
    </UnitTestResult>
    <UnitTestResult executionId="0a8f1605-4068-47f0-bed0-328196bed912" testId="894519f8-9501-4713-6a4e-b58cdbc44ab0" testName="IntEntityEqualsWithTwoSetedIdDifferentEntitiesTypeReturnFalse" computerName="ICINETICJHB" duration="00:00:00.0002749" startTime="2014-05-20T10:09:42.8415506+02:00" endTime="2014-05-20T10:09:42.8445505+02:00" testType="13cdc9d9-ddb5-4fa4-a97d-d965ccfc6d4b" outcome="Passed" testListId="8c84fa94-04c1-424b-9868-57a2d4851a1d" relativeResultsDirectory="0a8f1605-4068-47f0-bed0-328196bed912">
    </UnitTestResult>
    <UnitTestResult executionId="c4a92896-0137-4478-ad39-6c2fec3a84a5" testId="8cdf0b73-2a1d-fb4d-b0bf-87142530870b" testName="IntEntityEqualsWithTwoSetedIdDifferentEntitiesTypeReturnFalse" computerName="ICINETICJHB" duration="00:00:00.0001920" startTime="2014-05-20T10:09:42.8445505+02:00" endTime="2014-05-20T10:09:42.8465514+02:00" testType="13cdc9d9-ddb5-4fa4-a97d-d965ccfc6d4b" outcome="Passed" testListId="8c84fa94-04c1-424b-9868-57a2d4851a1d" relativeResultsDirectory="c4a92896-0137-4478-ad39-6c2fec3a84a5">
    </UnitTestResult>
    <UnitTestResult executionId="4942ecf0-80cb-41aa-84da-824b33dd0574" testId="8ce58482-7d3e-3e19-80e5-4b965e8f5059" testName="EqualsWithNestedDifferentValueObjectReturnFalse" computerName="ICINETICJHB" duration="00:00:00.0014120" startTime="2014-05-20T10:09:42.8475499+02:00" endTime="2014-05-20T10:09:42.8495508+02:00" testType="13cdc9d9-ddb5-4fa4-a97d-d965ccfc6d4b" outcome="Passed" testListId="8c84fa94-04c1-424b-9868-57a2d4851a1d" relativeResultsDirectory="4942ecf0-80cb-41aa-84da-824b33dd0574">
    </UnitTestResult>
    <UnitTestResult executionId="b28ec244-f644-47bb-a416-407a5442dfa3" testId="8e4820fb-b11f-6f11-e59d-db0467de1040" testName="GuidEntityTransientNewEntitieReturnTrue" computerName="ICINETICJHB" duration="00:00:00.0001321" startTime="2014-05-20T10:09:42.8505515+02:00" endTime="2014-05-20T10:09:42.8515504+02:00" testType="13cdc9d9-ddb5-4fa4-a97d-d965ccfc6d4b" outcome="Passed" testListId="8c84fa94-04c1-424b-9868-57a2d4851a1d" relativeResultsDirectory="b28ec244-f644-47bb-a416-407a5442dfa3">
    </UnitTestResult>
    <UnitTestResult executionId="10749141-f935-48a0-a6e9-8d0cb032b026" testId="982f7fbb-ba3f-33fd-9fa4-3f5b26be6e74" testName="ValidatableEntityGuidEqualsWithTwoNullsEntitiesSameTypeReturnTrue" computerName="ICINETICJHB" duration="00:00:00.0001235" startTime="2014-05-20T10:09:42.8525502+02:00" endTime="2014-05-20T10:09:42.8535505+02:00" testType="13cdc9d9-ddb5-4fa4-a97d-d965ccfc6d4b" outcome="Passed" testListId="8c84fa94-04c1-424b-9868-57a2d4851a1d" relativeResultsDirectory="10749141-f935-48a0-a6e9-8d0cb032b026">
    </UnitTestResult>
    <UnitTestResult executionId="da6b69f4-4cea-46e0-8e9e-f179379fe69c" testId="9d14cf3b-400a-419e-62e5-56cdb51cd8d7" testName="EqualsWithOneNullValueObjectReturnFalse" computerName="ICINETICJHB" duration="00:00:00.0001770" startTime="2014-05-20T10:09:42.8545520+02:00" endTime="2014-05-20T10:09:42.8565508+02:00" testType="13cdc9d9-ddb5-4fa4-a97d-d965ccfc6d4b" outcome="Passed" testListId="8c84fa94-04c1-424b-9868-57a2d4851a1d" relativeResultsDirectory="da6b69f4-4cea-46e0-8e9e-f179379fe69c">
    </UnitTestResult>
    <UnitTestResult executionId="ebd17cd5-66f1-4331-8f01-21133f263c49" testId="a5143e69-78bd-03a5-f82d-50e4014f386a" testName="EqualsWithTwoTransientEntitiesReturnFalse" computerName="ICINETICJHB" duration="00:00:00.0005969" startTime="2014-05-20T10:09:42.8565508+02:00" endTime="2014-05-20T10:09:42.8585521+02:00" testType="13cdc9d9-ddb5-4fa4-a97d-d965ccfc6d4b" outcome="Passed" testListId="8c84fa94-04c1-424b-9868-57a2d4851a1d" relativeResultsDirectory="ebd17cd5-66f1-4331-8f01-21133f263c49">
    </UnitTestResult>
    <UnitTestResult executionId="4ed507ce-9933-4fcb-9e21-f844dd54beab" testId="a5173249-e457-2bae-6188-e07755a468f1" testName="GuidEntityEqualsWithTwoNullsEntitiesDifferentTypeReturnFalse" computerName="ICINETICJHB" duration="00:00:00.0001945" startTime="2014-05-20T10:09:42.8595519+02:00" endTime="2014-05-20T10:09:42.8605518+02:00" testType="13cdc9d9-ddb5-4fa4-a97d-d965ccfc6d4b" outcome="Passed" testListId="8c84fa94-04c1-424b-9868-57a2d4851a1d" relativeResultsDirectory="4ed507ce-9933-4fcb-9e21-f844dd54beab">
    </UnitTestResult>
    <UnitTestResult executionId="387d7961-484c-4e15-b994-65566669ea71" testId="ab5febae-4b86-5540-aa00-427d834f1128" testName="IntEntityEqualsWithOneNullEntityReturnFalse" computerName="ICINETICJHB" duration="00:00:00.0001342" startTime="2014-05-20T10:09:42.8615503+02:00" endTime="2014-05-20T10:09:42.8625510+02:00" testType="13cdc9d9-ddb5-4fa4-a97d-d965ccfc6d4b" outcome="Passed" testListId="8c84fa94-04c1-424b-9868-57a2d4851a1d" relativeResultsDirectory="387d7961-484c-4e15-b994-65566669ea71">
    </UnitTestResult>
    <UnitTestResult executionId="ec374d7f-96af-4490-9dca-78254a6a4b4e" testId="afa4d5fe-5adf-b232-4499-e60da535e51b" testName="IntEntityEqualsWithTwoSetedSameIdSameEntitiesTypeReturnFalse" computerName="ICINETICJHB" duration="00:00:00.0001488" startTime="2014-05-20T10:09:42.8635525+02:00" endTime="2014-05-20T10:09:42.8645510+02:00" testType="13cdc9d9-ddb5-4fa4-a97d-d965ccfc6d4b" outcome="Passed" testListId="8c84fa94-04c1-424b-9868-57a2d4851a1d" relativeResultsDirectory="ec374d7f-96af-4490-9dca-78254a6a4b4e">
    </UnitTestResult>
    <UnitTestResult executionId="ff0d326d-6be1-49d6-a202-7e9ecd1d95bb" testId="b1a88be6-0573-6eb0-e0ba-a476ebddfcc3" testName="EqualsWithTwoNullsEntitiesDifferentTypeReturnFalse" computerName="ICINETICJHB" duration="00:00:00.0002082" startTime="2014-05-20T10:09:42.8655521+02:00" endTime="2014-05-20T10:09:42.8675526+02:00" testType="13cdc9d9-ddb5-4fa4-a97d-d965ccfc6d4b" outcome="Passed" testListId="8c84fa94-04c1-424b-9868-57a2d4851a1d" relativeResultsDirectory="ff0d326d-6be1-49d6-a202-7e9ecd1d95bb">
    </UnitTestResult>
    <UnitTestResult executionId="f12644e2-d32a-4ba2-82a7-6a4af3ef3b8d" testId="b202aa4d-65bf-bc8d-820d-b2b2651d5544" testName="GuidEntityEqualsWithSameTransientEntitieReturnTrue" computerName="ICINETICJHB" duration="00:00:00.0001325" startTime="2014-05-20T10:09:42.8675526+02:00" endTime="2014-05-20T10:09:42.8695531+02:00" testType="13cdc9d9-ddb5-4fa4-a97d-d965ccfc6d4b" outcome="Passed" testListId="8c84fa94-04c1-424b-9868-57a2d4851a1d" relativeResultsDirectory="f12644e2-d32a-4ba2-82a7-6a4af3ef3b8d">
    </UnitTestResult>
    <UnitTestResult executionId="3ce18a43-c302-469e-9459-0c89ae5f8238" testId="b53f3b4e-80dd-ada9-22f9-683ce813b819" testName="ValidatableEntityGuidEqualsWithOneNullEntityReturnFalse" computerName="ICINETICJHB" duration="00:00:00.0001359" startTime="2014-05-20T10:09:42.8695531+02:00" endTime="2014-05-20T10:09:42.8715527+02:00" testType="13cdc9d9-ddb5-4fa4-a97d-d965ccfc6d4b" outcome="Passed" testListId="8c84fa94-04c1-424b-9868-57a2d4851a1d" relativeResultsDirectory="3ce18a43-c302-469e-9459-0c89ae5f8238">
    </UnitTestResult>
    <UnitTestResult executionId="ac85add2-025c-4c86-90e4-b70aef2d0404" testId="b6e2ea1d-beee-09a0-2102-a1602abebdcc" testName="GuidEntityEqualsWithTwoNullsEntitiesSameTypeReturnTrue" computerName="ICINETICJHB" duration="00:00:00.0001218" startTime="2014-05-20T10:09:42.8715527+02:00" endTime="2014-05-20T10:09:42.8735528+02:00" testType="13cdc9d9-ddb5-4fa4-a97d-d965ccfc6d4b" outcome="Passed" testListId="8c84fa94-04c1-424b-9868-57a2d4851a1d" relativeResultsDirectory="ac85add2-025c-4c86-90e4-b70aef2d0404">
    </UnitTestResult>
    <UnitTestResult executionId="3f43c9ac-9f09-43bb-bc1f-96a276ebfba8" testId="b73c4168-36b3-829e-62df-12b0e1f8a7bd" testName="IntEntityEqualsWithTwoNullsEntitiesDifferentTypeReturnFalse" computerName="ICINETICJHB" duration="00:00:00.0002014" startTime="2014-05-20T10:09:42.8735528+02:00" endTime="2014-05-20T10:09:42.8755528+02:00" testType="13cdc9d9-ddb5-4fa4-a97d-d965ccfc6d4b" outcome="Passed" testListId="8c84fa94-04c1-424b-9868-57a2d4851a1d" relativeResultsDirectory="3f43c9ac-9f09-43bb-bc1f-96a276ebfba8">
    </UnitTestResult>
    <UnitTestResult executionId="517ae110-9666-43af-9b5c-23cfa27ee62b" testId="be2066fd-b436-06cd-97b4-c7078e10e0f4" testName="EqualsWithEqualsValueObjectsReturnTrue" computerName="ICINETICJHB" duration="00:00:00.0001902" startTime="2014-05-20T10:09:42.8755528+02:00" endTime="2014-05-20T10:09:42.8775524+02:00" testType="13cdc9d9-ddb5-4fa4-a97d-d965ccfc6d4b" outcome="Passed" testListId="8c84fa94-04c1-424b-9868-57a2d4851a1d" relativeResultsDirectory="517ae110-9666-43af-9b5c-23cfa27ee62b">
    </UnitTestResult>
    <UnitTestResult executionId="bb2066c7-902e-4d75-b782-d09d155de4d6" testId="c4b00738-bd81-d4dd-934a-1f8ce1e5a004" testName="EqualsWithEmptyValueObjectsReturnTrue" computerName="ICINETICJHB" duration="00:00:00.0001599" startTime="2014-05-20T10:09:42.8785531+02:00" endTime="2014-05-20T10:09:42.8795533+02:00" testType="13cdc9d9-ddb5-4fa4-a97d-d965ccfc6d4b" outcome="Passed" testListId="8c84fa94-04c1-424b-9868-57a2d4851a1d" relativeResultsDirectory="bb2066c7-902e-4d75-b782-d09d155de4d6">
    </UnitTestResult>
    <UnitTestResult executionId="66bceb00-aea8-4922-b268-bc3c77433916" testId="c88e308d-c412-3989-03a6-4812dd297cad" testName="EqualsWithNestedDifferentRootValueObjectReturnFalse" computerName="ICINETICJHB" duration="00:00:00.0002454" startTime="2014-05-20T10:09:42.8805519+02:00" endTime="2014-05-20T10:09:42.8815530+02:00" testType="13cdc9d9-ddb5-4fa4-a97d-d965ccfc6d4b" outcome="Passed" testListId="8c84fa94-04c1-424b-9868-57a2d4851a1d" relativeResultsDirectory="66bceb00-aea8-4922-b268-bc3c77433916">
    </UnitTestResult>
    <UnitTestResult executionId="8bbb82bb-a8c1-41c3-9d60-dabf83b8fc63" testId="cf73ad5c-bdd1-7dfc-d924-ad996d77b595" testName="IntEntityTransientNewEntitieReturnTrue" computerName="ICINETICJHB" duration="00:00:00.0001376" startTime="2014-05-20T10:09:42.8825519+02:00" endTime="2014-05-20T10:09:42.8835530+02:00" testType="13cdc9d9-ddb5-4fa4-a97d-d965ccfc6d4b" outcome="Passed" testListId="8c84fa94-04c1-424b-9868-57a2d4851a1d" relativeResultsDirectory="8bbb82bb-a8c1-41c3-9d60-dabf83b8fc63">
    </UnitTestResult>
    <UnitTestResult executionId="8a9dc4a1-7e1a-40e0-9fe1-47b8ae72d683" testId="cfcea3e5-0964-8d2b-bd64-154d5273ea8f" testName="EqualsWithNestedValueObjectReturnTrue" computerName="ICINETICJHB" duration="00:00:00.0002493" startTime="2014-05-20T10:09:42.8845528+02:00" endTime="2014-05-20T10:09:42.8865529+02:00" testType="13cdc9d9-ddb5-4fa4-a97d-d965ccfc6d4b" outcome="Passed" testListId="8c84fa94-04c1-424b-9868-57a2d4851a1d" relativeResultsDirectory="8a9dc4a1-7e1a-40e0-9fe1-47b8ae72d683">
    </UnitTestResult>
    <UnitTestResult executionId="da4d43ae-869b-4b19-ab34-23072057514b" testId="d41c1e27-6b39-94e3-749b-182cbe402f7f" testName="IntEntityEqualsWithTwoSetedSameIdSameEntitiesTypeReturnTrue" computerName="ICINETICJHB" duration="00:00:00.0001475" startTime="2014-05-20T10:09:42.8865529+02:00" endTime="2014-05-20T10:09:42.8885765+02:00" testType="13cdc9d9-ddb5-4fa4-a97d-d965ccfc6d4b" outcome="Passed" testListId="8c84fa94-04c1-424b-9868-57a2d4851a1d" relativeResultsDirectory="da4d43ae-869b-4b19-ab34-23072057514b">
    </UnitTestResult>
    <UnitTestResult executionId="5c76b78a-ba29-483a-b100-89e9ab69f79c" testId="d72373c0-a703-cca6-215c-a78aa85313eb" testName="IntEntityEqualsWithTwoNullsEntitiesSameTypeReturnTrue" computerName="ICINETICJHB" duration="00:00:00.0001376" startTime="2014-05-20T10:09:42.8885765+02:00" endTime="2014-05-20T10:09:42.8905778+02:00" testType="13cdc9d9-ddb5-4fa4-a97d-d965ccfc6d4b" outcome="Passed" testListId="8c84fa94-04c1-424b-9868-57a2d4851a1d" relativeResultsDirectory="5c76b78a-ba29-483a-b100-89e9ab69f79c">
    </UnitTestResult>
    <UnitTestResult executionId="c34dcca7-ce1c-4a0b-8246-b48496df090f" testId="df70d1db-0b89-8d5b-f3c3-11fdd92fed5b" testName="IntEntityEqualsWithSameTransientEntitieReturnTrue" computerName="ICINETICJHB" duration="00:00:00.0001424" startTime="2014-05-20T10:09:42.8905778+02:00" endTime="2014-05-20T10:09:42.8925783+02:00" testType="13cdc9d9-ddb5-4fa4-a97d-d965ccfc6d4b" outcome="Passed" testListId="8c84fa94-04c1-424b-9868-57a2d4851a1d" relativeResultsDirectory="c34dcca7-ce1c-4a0b-8246-b48496df090f">
    </UnitTestResult>
    <UnitTestResult executionId="f37cff27-b843-49dd-822c-235d707612fb" testId="ea0a69ac-2bb3-b9d1-b8f7-0e625a29c014" testName="StringEqualsWithOneNullEntityReturnFalse" computerName="ICINETICJHB" duration="00:00:00.0001898" startTime="2014-05-20T10:09:42.8925783+02:00" endTime="2014-05-20T10:09:42.8945702+02:00" testType="13cdc9d9-ddb5-4fa4-a97d-d965ccfc6d4b" outcome="Passed" testListId="8c84fa94-04c1-424b-9868-57a2d4851a1d" relativeResultsDirectory="f37cff27-b843-49dd-822c-235d707612fb">
    </UnitTestResult>
    <UnitTestResult executionId="6171a891-9997-4604-ab7f-e3b06358a2e0" testId="ebdf5570-fee7-71a9-954c-39a44616bfc0" testName="IntEntityEqualsWithSameTransientEntitieReturnTrue" computerName="ICINETICJHB" duration="00:00:00.0001826" startTime="2014-05-20T10:09:42.8955525+02:00" endTime="2014-05-20T10:09:42.8975701+02:00" testType="13cdc9d9-ddb5-4fa4-a97d-d965ccfc6d4b" outcome="Passed" testListId="8c84fa94-04c1-424b-9868-57a2d4851a1d" relativeResultsDirectory="6171a891-9997-4604-ab7f-e3b06358a2e0">
    </UnitTestResult>
    <UnitTestResult executionId="1d7a4181-84f8-4864-984a-3f01ac90c9ed" testId="ecb2ec12-6d55-4737-3f23-78b2cd9e5a1c" testName="IntEntityTransientNewEntitieReturnTrue" computerName="ICINETICJHB" duration="00:00:00.0001359" startTime="2014-05-20T10:09:42.8985562+02:00" endTime="2014-05-20T10:09:42.8995761+02:00" testType="13cdc9d9-ddb5-4fa4-a97d-d965ccfc6d4b" outcome="Passed" testListId="8c84fa94-04c1-424b-9868-57a2d4851a1d" relativeResultsDirectory="1d7a4181-84f8-4864-984a-3f01ac90c9ed">
    </UnitTestResult>
    <UnitTestResult executionId="3590bf21-026a-4e5a-81bb-ef6697dbb616" testId="ed5ca231-a40d-1e94-d8cf-62620be065b2" testName="EqualsWithTwoNullsValueObjectsReturnTrue" computerName="ICINETICJHB" duration="00:00:00.0001227" startTime="2014-05-20T10:09:42.9005529+02:00" endTime="2014-05-20T10:09:42.9015771+02:00" testType="13cdc9d9-ddb5-4fa4-a97d-d965ccfc6d4b" outcome="Passed" testListId="8c84fa94-04c1-424b-9868-57a2d4851a1d" relativeResultsDirectory="3590bf21-026a-4e5a-81bb-ef6697dbb616">
    </UnitTestResult>
    <UnitTestResult executionId="95620dfe-23fb-486a-a891-482fccaa87ff" testId="ef418061-d4c4-2027-28ba-907376548f88" testName="IntEntityEqualsWithTwoTransientEntitiesReturnFalse" computerName="ICINETICJHB" duration="00:00:00.0001898" startTime="2014-05-20T10:09:42.9025529+02:00" endTime="2014-05-20T10:09:42.9045697+02:00" testType="13cdc9d9-ddb5-4fa4-a97d-d965ccfc6d4b" outcome="Passed" testListId="8c84fa94-04c1-424b-9868-57a2d4851a1d" relativeResultsDirectory="95620dfe-23fb-486a-a891-482fccaa87ff">
    </UnitTestResult>
    <UnitTestResult executionId="cf8e3a2a-19b1-4965-a359-e9ad1c846757" testId="f1db9089-b01e-e5ce-8721-8284d6363de2" testName="EqualsWithOneDifferentPropertyReturnFalse" computerName="ICINETICJHB" duration="00:00:00.0002753" startTime="2014-05-20T10:09:42.9045697+02:00" endTime="2014-05-20T10:09:42.9075699+02:00" testType="13cdc9d9-ddb5-4fa4-a97d-d965ccfc6d4b" outcome="Passed" testListId="8c84fa94-04c1-424b-9868-57a2d4851a1d" relativeResultsDirectory="cf8e3a2a-19b1-4965-a359-e9ad1c846757">
    </UnitTestResult>
    <UnitTestResult executionId="b861fa9c-6d54-48ce-8283-4f646f38ee66" testId="f8a0681f-01a9-96fe-d3cb-5a7507e6aa1a" testName="StringEqualsWithSameTransientEntitieReturnTrue" computerName="ICINETICJHB" duration="00:00:00.0001539" startTime="2014-05-20T10:09:42.9075699+02:00" endTime="2014-05-20T10:09:42.9095533+02:00" testType="13cdc9d9-ddb5-4fa4-a97d-d965ccfc6d4b" outcome="Passed" testListId="8c84fa94-04c1-424b-9868-57a2d4851a1d" relativeResultsDirectory="b861fa9c-6d54-48ce-8283-4f646f38ee66">
    </UnitTestResult>
  </Results>
</TestRun>