<?xml version="1.0" encoding="UTF-8"?>
<TestRun id="56b32787-fa36-45e6-8735-d9ae7c5626ac" name="Javier@ICINETICJHB 2014-04-18 13:51:09" runUser="ICINETICJHB\Javier" xmlns="http://microsoft.com/schemas/VisualStudio/TeamTest/2010">
  <TestSettings name="Local" id="4178bfa7-869c-4013-9eae-b770f521a560">
    <Description>These are default test settings for a local test run.</Description>
    <Deployment enabled="false" runDeploymentRoot="Javier_ICINETICJHB 2014-04-18 13_51_09">
      <DeploymentItem filename="D:\IDev\Inflexion2\01-Framework\Proyectos\Asemblies\Debug\Inflexion2.dll" />
    </Deployment>
    <Execution>
      <TestTypeSpecific />
      <AgentRule name="Execution Agents">
      </AgentRule>
    </Execution>
  </TestSettings>
  <Times creation="2014-04-18T13:51:09.2943287+02:00" queuing="2014-04-18T13:51:10.0121077+02:00" start="2014-04-18T13:51:10.0301082+02:00" finish="2014-04-18T13:51:10.3361224+02:00" />
  <ResultSummary outcome="Completed">
    <Counters total="40" executed="40" passed="40" error="0" failed="0" timeout="0" aborted="0" inconclusive="0" passedButRunAborted="0" notRunnable="0" notExecuted="0" disconnected="0" warning="0" completed="0" inProgress="0" pending="0" />
  </ResultSummary>
  <TestDefinitions>
    <UnitTest name="GuidEntityEqualsWithOneNullEntityReturnFalse" storage="d:\idev\inflexion2\03-testing\inflexion2.framework.testing\bin\debug\inflexion2.framework.testing.dll" id="5c01ed2f-cfa6-faf5-80ee-7526386e5bcb">
      <Execution id="dd765067-50cc-4aad-8d7f-30f3203a0665" />
      <TestMethod codeBase="D:/IDev/Inflexion2/03-Testing/Inflexion2.Framework.Testing/bin/Debug/Inflexion2.Framework.Testing.DLL" adapterTypeName="Microsoft.VisualStudio.TestTools.TestTypes.Unit.UnitTestAdapter, Microsoft.VisualStudio.QualityTools.Tips.UnitTest.Adapter, Version=10.0.0.0, Culture=neutral, PublicKeyToken=b03f5f7f11d50a3a" className="Inflexion2.Testing.GuidEntityTransientTest, Inflexion2.Framework.Testing, Version=1.0.0.0, Culture=neutral, PublicKeyToken=null" name="GuidEntityEqualsWithOneNullEntityReturnFalse" />
    </UnitTest>
    <UnitTest name="StringEqualsWithOneNullEntityReturnFalse" storage="d:\idev\inflexion2\03-testing\inflexion2.framework.testing\bin\debug\inflexion2.framework.testing.dll" id="ea0a69ac-2bb3-b9d1-b8f7-0e625a29c014">
      <Execution id="19151597-fb48-4aa5-b375-b72ba4b512e1" />
      <TestMethod codeBase="D:/IDev/Inflexion2/03-Testing/Inflexion2.Framework.Testing/bin/Debug/Inflexion2.Framework.Testing.DLL" adapterTypeName="Microsoft.VisualStudio.TestTools.TestTypes.Unit.UnitTestAdapter, Microsoft.VisualStudio.QualityTools.Tips.UnitTest.Adapter, Version=10.0.0.0, Culture=neutral, PublicKeyToken=b03f5f7f11d50a3a" className="Inflexion2.Testing.StringEntityTransientTest, Inflexion2.Framework.Testing, Version=1.0.0.0, Culture=neutral, PublicKeyToken=null" name="StringEqualsWithOneNullEntityReturnFalse" />
    </UnitTest>
    <UnitTest name="IntEntityEqualsWithTwoNullsEntitiesDifferentTypeReturnFalse" storage="d:\idev\inflexion2\03-testing\inflexion2.framework.testing\bin\debug\inflexion2.framework.testing.dll" id="55745a3e-cb76-ce47-5e1c-cb4863c8cc88">
      <Execution id="c4225fb1-bf04-4f5e-85d5-dc1eb53e718e" />
      <TestMethod codeBase="D:/IDev/Inflexion2/03-Testing/Inflexion2.Framework.Testing/bin/Debug/Inflexion2.Framework.Testing.DLL" adapterTypeName="Microsoft.VisualStudio.TestTools.TestTypes.Unit.UnitTestAdapter, Microsoft.VisualStudio.QualityTools.Tips.UnitTest.Adapter, Version=10.0.0.0, Culture=neutral, PublicKeyToken=b03f5f7f11d50a3a" className="Inflexion2.Testing.EntityTransientTest, Inflexion2.Framework.Testing, Version=1.0.0.0, Culture=neutral, PublicKeyToken=null" name="IntEntityEqualsWithTwoNullsEntitiesDifferentTypeReturnFalse" />
    </UnitTest>
    <UnitTest name="EqualsWithNestedDifferentRootValueObjectReturnFalse" storage="d:\idev\inflexion2\03-testing\inflexion2.framework.testing\bin\debug\inflexion2.framework.testing.dll" id="c88e308d-c412-3989-03a6-4812dd297cad">
      <Execution id="59184530-830d-4fbf-a666-2e42f083564b" />
      <TestMethod codeBase="D:/IDev/Inflexion2/03-Testing/Inflexion2.Framework.Testing/bin/Debug/Inflexion2.Framework.Testing.DLL" adapterTypeName="Microsoft.VisualStudio.TestTools.TestTypes.Unit.UnitTestAdapter, Microsoft.VisualStudio.QualityTools.Tips.UnitTest.Adapter, Version=10.0.0.0, Culture=neutral, PublicKeyToken=b03f5f7f11d50a3a" className="Inflexion2.Testing.EqualityValueObject, Inflexion2.Framework.Testing, Version=1.0.0.0, Culture=neutral, PublicKeyToken=null" name="EqualsWithNestedDifferentRootValueObjectReturnFalse" />
    </UnitTest>
    <UnitTest name="GuidEntityTransientNewEntitieReturnTrue" storage="d:\idev\inflexion2\03-testing\inflexion2.framework.testing\bin\debug\inflexion2.framework.testing.dll" id="8e4820fb-b11f-6f11-e59d-db0467de1040">
      <Execution id="1779ad7c-0dd4-4947-aba7-01c6a9d446ac" />
      <TestMethod codeBase="D:/IDev/Inflexion2/03-Testing/Inflexion2.Framework.Testing/bin/Debug/Inflexion2.Framework.Testing.DLL" adapterTypeName="Microsoft.VisualStudio.TestTools.TestTypes.Unit.UnitTestAdapter, Microsoft.VisualStudio.QualityTools.Tips.UnitTest.Adapter, Version=10.0.0.0, Culture=neutral, PublicKeyToken=b03f5f7f11d50a3a" className="Inflexion2.Testing.GuidEntityTransientTest, Inflexion2.Framework.Testing, Version=1.0.0.0, Culture=neutral, PublicKeyToken=null" name="GuidEntityTransientNewEntitieReturnTrue" />
    </UnitTest>
    <UnitTest name="EqualsWithNestedValueObjectReturnTrue" storage="d:\idev\inflexion2\03-testing\inflexion2.framework.testing\bin\debug\inflexion2.framework.testing.dll" id="cfcea3e5-0964-8d2b-bd64-154d5273ea8f">
      <Execution id="91bf4d38-7c1c-4d8c-981b-09a63b798651" />
      <TestMethod codeBase="D:/IDev/Inflexion2/03-Testing/Inflexion2.Framework.Testing/bin/Debug/Inflexion2.Framework.Testing.DLL" adapterTypeName="Microsoft.VisualStudio.TestTools.TestTypes.Unit.UnitTestAdapter, Microsoft.VisualStudio.QualityTools.Tips.UnitTest.Adapter, Version=10.0.0.0, Culture=neutral, PublicKeyToken=b03f5f7f11d50a3a" className="Inflexion2.Testing.EqualityValueObject, Inflexion2.Framework.Testing, Version=1.0.0.0, Culture=neutral, PublicKeyToken=null" name="EqualsWithNestedValueObjectReturnTrue" />
    </UnitTest>
    <UnitTest name="StringEqualsWithSameTransientEntitieReturnTrue" storage="d:\idev\inflexion2\03-testing\inflexion2.framework.testing\bin\debug\inflexion2.framework.testing.dll" id="f8a0681f-01a9-96fe-d3cb-5a7507e6aa1a">
      <Execution id="943d0a36-f17e-44f6-b4a5-2dae1d468c63" />
      <TestMethod codeBase="D:/IDev/Inflexion2/03-Testing/Inflexion2.Framework.Testing/bin/Debug/Inflexion2.Framework.Testing.DLL" adapterTypeName="Microsoft.VisualStudio.TestTools.TestTypes.Unit.UnitTestAdapter, Microsoft.VisualStudio.QualityTools.Tips.UnitTest.Adapter, Version=10.0.0.0, Culture=neutral, PublicKeyToken=b03f5f7f11d50a3a" className="Inflexion2.Testing.StringEntityTransientTest, Inflexion2.Framework.Testing, Version=1.0.0.0, Culture=neutral, PublicKeyToken=null" name="StringEqualsWithSameTransientEntitieReturnTrue" />
    </UnitTest>
    <UnitTest name="EqualsWithEqualsValueObjectsReturnTrue" storage="d:\idev\inflexion2\03-testing\inflexion2.framework.testing\bin\debug\inflexion2.framework.testing.dll" id="be2066fd-b436-06cd-97b4-c7078e10e0f4">
      <Execution id="cc231a34-c0c3-4d18-876f-8f6d11c258a7" />
      <TestMethod codeBase="D:/IDev/Inflexion2/03-Testing/Inflexion2.Framework.Testing/bin/Debug/Inflexion2.Framework.Testing.DLL" adapterTypeName="Microsoft.VisualStudio.TestTools.TestTypes.Unit.UnitTestAdapter, Microsoft.VisualStudio.QualityTools.Tips.UnitTest.Adapter, Version=10.0.0.0, Culture=neutral, PublicKeyToken=b03f5f7f11d50a3a" className="Inflexion2.Testing.EqualityValueObject, Inflexion2.Framework.Testing, Version=1.0.0.0, Culture=neutral, PublicKeyToken=null" name="EqualsWithEqualsValueObjectsReturnTrue" />
    </UnitTest>
    <UnitTest name="IntEntityEqualsWithTwoSetedDifferentIdSameEntitiesTypeReturnFalse" storage="d:\idev\inflexion2\03-testing\inflexion2.framework.testing\bin\debug\inflexion2.framework.testing.dll" id="6d00cb18-6da1-8f1c-bc52-1100717fe9e3">
      <Execution id="803bc78b-16c6-411b-baf9-c057a50a93ad" />
      <TestMethod codeBase="D:/IDev/Inflexion2/03-Testing/Inflexion2.Framework.Testing/bin/Debug/Inflexion2.Framework.Testing.DLL" adapterTypeName="Microsoft.VisualStudio.TestTools.TestTypes.Unit.UnitTestAdapter, Microsoft.VisualStudio.QualityTools.Tips.UnitTest.Adapter, Version=10.0.0.0, Culture=neutral, PublicKeyToken=b03f5f7f11d50a3a" className="Inflexion2.Testing.EntityTransientTest, Inflexion2.Framework.Testing, Version=1.0.0.0, Culture=neutral, PublicKeyToken=null" name="IntEntityEqualsWithTwoSetedDifferentIdSameEntitiesTypeReturnFalse" />
    </UnitTest>
    <UnitTest name="EqualsWithTwoNullsEntitiesDifferentTypeReturnFalse" storage="d:\idev\inflexion2\03-testing\inflexion2.framework.testing\bin\debug\inflexion2.framework.testing.dll" id="b1a88be6-0573-6eb0-e0ba-a476ebddfcc3">
      <Execution id="b5dd0cec-a70c-4651-b320-642c897b3808" />
      <TestMethod codeBase="D:/IDev/Inflexion2/03-Testing/Inflexion2.Framework.Testing/bin/Debug/Inflexion2.Framework.Testing.DLL" adapterTypeName="Microsoft.VisualStudio.TestTools.TestTypes.Unit.UnitTestAdapter, Microsoft.VisualStudio.QualityTools.Tips.UnitTest.Adapter, Version=10.0.0.0, Culture=neutral, PublicKeyToken=b03f5f7f11d50a3a" className="Inflexion2.Testing.AuditableEntityTransientTest, Inflexion2.Framework.Testing, Version=1.0.0.0, Culture=neutral, PublicKeyToken=null" name="EqualsWithTwoNullsEntitiesDifferentTypeReturnFalse" />
    </UnitTest>
    <UnitTest name="ValidatableEntityGuidEqualsWithOneNullEntityReturnFalse" storage="d:\idev\inflexion2\03-testing\inflexion2.framework.testing\bin\debug\inflexion2.framework.testing.dll" id="b53f3b4e-80dd-ada9-22f9-683ce813b819">
      <Execution id="ad55f940-b453-46c5-87d2-18d9cc0ba129" />
      <TestMethod codeBase="D:/IDev/Inflexion2/03-Testing/Inflexion2.Framework.Testing/bin/Debug/Inflexion2.Framework.Testing.DLL" adapterTypeName="Microsoft.VisualStudio.TestTools.TestTypes.Unit.UnitTestAdapter, Microsoft.VisualStudio.QualityTools.Tips.UnitTest.Adapter, Version=10.0.0.0, Culture=neutral, PublicKeyToken=b03f5f7f11d50a3a" className="Inflexion2.Testing.ValidatableEntityTransientTest, Inflexion2.Framework.Testing, Version=1.0.0.0, Culture=neutral, PublicKeyToken=null" name="ValidatableEntityGuidEqualsWithOneNullEntityReturnFalse" />
    </UnitTest>
    <UnitTest name="IntEntityEqualsWithSameTransientEntitieReturnTrue" storage="d:\idev\inflexion2\03-testing\inflexion2.framework.testing\bin\debug\inflexion2.framework.testing.dll" id="df70d1db-0b89-8d5b-f3c3-11fdd92fed5b">
      <Execution id="689eb7cd-da3c-4da2-84c0-0aba27e72d39" />
      <TestMethod codeBase="D:/IDev/Inflexion2/03-Testing/Inflexion2.Framework.Testing/bin/Debug/Inflexion2.Framework.Testing.DLL" adapterTypeName="Microsoft.VisualStudio.TestTools.TestTypes.Unit.UnitTestAdapter, Microsoft.VisualStudio.QualityTools.Tips.UnitTest.Adapter, Version=10.0.0.0, Culture=neutral, PublicKeyToken=b03f5f7f11d50a3a" className="Inflexion2.Testing.EntityTransientTest, Inflexion2.Framework.Testing, Version=1.0.0.0, Culture=neutral, PublicKeyToken=null" name="IntEntityEqualsWithSameTransientEntitieReturnTrue" />
    </UnitTest>
    <UnitTest name="IntEntityEqualsWithTwoSetedSameIdSameEntitiesTypeReturnFalse" storage="d:\idev\inflexion2\03-testing\inflexion2.framework.testing\bin\debug\inflexion2.framework.testing.dll" id="acb83358-09d2-a381-f0d9-d70c2ace47a8">
      <Execution id="b8c3403b-07b8-4ea0-8d31-a5be0d4467ac" />
      <TestMethod codeBase="D:/IDev/Inflexion2/03-Testing/Inflexion2.Framework.Testing/bin/Debug/Inflexion2.Framework.Testing.DLL" adapterTypeName="Microsoft.VisualStudio.TestTools.TestTypes.Unit.UnitTestAdapter, Microsoft.VisualStudio.QualityTools.Tips.UnitTest.Adapter, Version=10.0.0.0, Culture=neutral, PublicKeyToken=b03f5f7f11d50a3a" className="Inflexion2.Testing.EntityTransientTest, Inflexion2.Framework.Testing, Version=1.0.0.0, Culture=neutral, PublicKeyToken=null" name="IntEntityEqualsWithTwoSetedSameIdSameEntitiesTypeReturnFalse" />
    </UnitTest>
    <UnitTest name="EqualsWithTwoTransientEntitiesReturnFalse" storage="d:\idev\inflexion2\03-testing\inflexion2.framework.testing\bin\debug\inflexion2.framework.testing.dll" id="a5143e69-78bd-03a5-f82d-50e4014f386a">
      <Execution id="b9c607f1-8393-4272-b722-76925b638c4b" />
      <TestMethod codeBase="D:/IDev/Inflexion2/03-Testing/Inflexion2.Framework.Testing/bin/Debug/Inflexion2.Framework.Testing.DLL" adapterTypeName="Microsoft.VisualStudio.TestTools.TestTypes.Unit.UnitTestAdapter, Microsoft.VisualStudio.QualityTools.Tips.UnitTest.Adapter, Version=10.0.0.0, Culture=neutral, PublicKeyToken=b03f5f7f11d50a3a" className="Inflexion2.Testing.AuditableEntityTransientTest, Inflexion2.Framework.Testing, Version=1.0.0.0, Culture=neutral, PublicKeyToken=null" name="EqualsWithTwoTransientEntitiesReturnFalse" />
    </UnitTest>
    <UnitTest name="ValidatableEntityGuidEqualsWithSameTransientEntitieReturnTrue" storage="d:\idev\inflexion2\03-testing\inflexion2.framework.testing\bin\debug\inflexion2.framework.testing.dll" id="22a8b0cb-7a33-d352-b784-a1f8be065fd9">
      <Execution id="89461922-3141-4c07-bc8f-8cfe1046fb39" />
      <TestMethod codeBase="D:/IDev/Inflexion2/03-Testing/Inflexion2.Framework.Testing/bin/Debug/Inflexion2.Framework.Testing.DLL" adapterTypeName="Microsoft.VisualStudio.TestTools.TestTypes.Unit.UnitTestAdapter, Microsoft.VisualStudio.QualityTools.Tips.UnitTest.Adapter, Version=10.0.0.0, Culture=neutral, PublicKeyToken=b03f5f7f11d50a3a" className="Inflexion2.Testing.ValidatableEntityTransientTest, Inflexion2.Framework.Testing, Version=1.0.0.0, Culture=neutral, PublicKeyToken=null" name="ValidatableEntityGuidEqualsWithSameTransientEntitieReturnTrue" />
    </UnitTest>
    <UnitTest name="ValidatableEntityGuidEqualsWithTwoTransientEntitiesReturnFalse" storage="d:\idev\inflexion2\03-testing\inflexion2.framework.testing\bin\debug\inflexion2.framework.testing.dll" id="39038477-ba46-aac5-eb4c-721235e0936b">
      <Execution id="1944c885-a984-4116-8032-e3bc26de3238" />
      <TestMethod codeBase="D:/IDev/Inflexion2/03-Testing/Inflexion2.Framework.Testing/bin/Debug/Inflexion2.Framework.Testing.DLL" adapterTypeName="Microsoft.VisualStudio.TestTools.TestTypes.Unit.UnitTestAdapter, Microsoft.VisualStudio.QualityTools.Tips.UnitTest.Adapter, Version=10.0.0.0, Culture=neutral, PublicKeyToken=b03f5f7f11d50a3a" className="Inflexion2.Testing.ValidatableEntityTransientTest, Inflexion2.Framework.Testing, Version=1.0.0.0, Culture=neutral, PublicKeyToken=null" name="ValidatableEntityGuidEqualsWithTwoTransientEntitiesReturnFalse" />
    </UnitTest>
    <UnitTest name="EqualsWithOneNullEntityReturnFalse" storage="d:\idev\inflexion2\03-testing\inflexion2.framework.testing\bin\debug\inflexion2.framework.testing.dll" id="375ff3a2-2357-6f85-11f0-4fdbcfbe878c">
      <Execution id="e5fa3aa1-512b-48fb-9024-1ba0e6625d64" />
      <TestMethod codeBase="D:/IDev/Inflexion2/03-Testing/Inflexion2.Framework.Testing/bin/Debug/Inflexion2.Framework.Testing.DLL" adapterTypeName="Microsoft.VisualStudio.TestTools.TestTypes.Unit.UnitTestAdapter, Microsoft.VisualStudio.QualityTools.Tips.UnitTest.Adapter, Version=10.0.0.0, Culture=neutral, PublicKeyToken=b03f5f7f11d50a3a" className="Inflexion2.Testing.AuditableEntityTransientTest, Inflexion2.Framework.Testing, Version=1.0.0.0, Culture=neutral, PublicKeyToken=null" name="EqualsWithOneNullEntityReturnFalse" />
    </UnitTest>
    <UnitTest name="EqualsWithNestedDifferentValueObjectReturnFalse" storage="d:\idev\inflexion2\03-testing\inflexion2.framework.testing\bin\debug\inflexion2.framework.testing.dll" id="8ce58482-7d3e-3e19-80e5-4b965e8f5059">
      <Execution id="b3df8c5a-1a49-4b2c-87c9-18b6fc295d28" />
      <TestMethod codeBase="D:/IDev/Inflexion2/03-Testing/Inflexion2.Framework.Testing/bin/Debug/Inflexion2.Framework.Testing.DLL" adapterTypeName="Microsoft.VisualStudio.TestTools.TestTypes.Unit.UnitTestAdapter, Microsoft.VisualStudio.QualityTools.Tips.UnitTest.Adapter, Version=10.0.0.0, Culture=neutral, PublicKeyToken=b03f5f7f11d50a3a" className="Inflexion2.Testing.EqualityValueObject, Inflexion2.Framework.Testing, Version=1.0.0.0, Culture=neutral, PublicKeyToken=null" name="EqualsWithNestedDifferentValueObjectReturnFalse" />
    </UnitTest>
    <UnitTest name="EqualsWithEmptyValueObjectsReturnTrue" storage="d:\idev\inflexion2\03-testing\inflexion2.framework.testing\bin\debug\inflexion2.framework.testing.dll" id="c4b00738-bd81-d4dd-934a-1f8ce1e5a004">
      <Execution id="94f5ab6b-4d59-44e8-9683-09a35f7e1633" />
      <TestMethod codeBase="D:/IDev/Inflexion2/03-Testing/Inflexion2.Framework.Testing/bin/Debug/Inflexion2.Framework.Testing.DLL" adapterTypeName="Microsoft.VisualStudio.TestTools.TestTypes.Unit.UnitTestAdapter, Microsoft.VisualStudio.QualityTools.Tips.UnitTest.Adapter, Version=10.0.0.0, Culture=neutral, PublicKeyToken=b03f5f7f11d50a3a" className="Inflexion2.Testing.EqualityValueObject, Inflexion2.Framework.Testing, Version=1.0.0.0, Culture=neutral, PublicKeyToken=null" name="EqualsWithEmptyValueObjectsReturnTrue" />
    </UnitTest>
    <UnitTest name="StringEqualsWithTwoNullsEntitiesSameTypeReturnTrue" storage="d:\idev\inflexion2\03-testing\inflexion2.framework.testing\bin\debug\inflexion2.framework.testing.dll" id="4ccbac64-6d99-8651-0e4e-7a94ce86ca89">
      <Execution id="cfbc29cb-1211-4bd6-acc0-5d05c7025717" />
      <TestMethod codeBase="D:/IDev/Inflexion2/03-Testing/Inflexion2.Framework.Testing/bin/Debug/Inflexion2.Framework.Testing.DLL" adapterTypeName="Microsoft.VisualStudio.TestTools.TestTypes.Unit.UnitTestAdapter, Microsoft.VisualStudio.QualityTools.Tips.UnitTest.Adapter, Version=10.0.0.0, Culture=neutral, PublicKeyToken=b03f5f7f11d50a3a" className="Inflexion2.Testing.StringEntityTransientTest, Inflexion2.Framework.Testing, Version=1.0.0.0, Culture=neutral, PublicKeyToken=null" name="StringEqualsWithTwoNullsEntitiesSameTypeReturnTrue" />
    </UnitTest>
    <UnitTest name="EqualsWithTwoNullsValueObjectsReturnTrue" storage="d:\idev\inflexion2\03-testing\inflexion2.framework.testing\bin\debug\inflexion2.framework.testing.dll" id="ed5ca231-a40d-1e94-d8cf-62620be065b2">
      <Execution id="99a6639b-eb91-4f77-b882-c0ef4bbe3afa" />
      <TestMethod codeBase="D:/IDev/Inflexion2/03-Testing/Inflexion2.Framework.Testing/bin/Debug/Inflexion2.Framework.Testing.DLL" adapterTypeName="Microsoft.VisualStudio.TestTools.TestTypes.Unit.UnitTestAdapter, Microsoft.VisualStudio.QualityTools.Tips.UnitTest.Adapter, Version=10.0.0.0, Culture=neutral, PublicKeyToken=b03f5f7f11d50a3a" className="Inflexion2.Testing.EqualityValueObject, Inflexion2.Framework.Testing, Version=1.0.0.0, Culture=neutral, PublicKeyToken=null" name="EqualsWithTwoNullsValueObjectsReturnTrue" />
    </UnitTest>
    <UnitTest name="EqualsWithTwoNullsEntitiesSameTypeReturnTrue" storage="d:\idev\inflexion2\03-testing\inflexion2.framework.testing\bin\debug\inflexion2.framework.testing.dll" id="17042057-7aeb-7c30-7303-5d1a8e9e0592">
      <Execution id="c5c7f796-3956-4493-9b73-a8528711552a" />
      <TestMethod codeBase="D:/IDev/Inflexion2/03-Testing/Inflexion2.Framework.Testing/bin/Debug/Inflexion2.Framework.Testing.DLL" adapterTypeName="Microsoft.VisualStudio.TestTools.TestTypes.Unit.UnitTestAdapter, Microsoft.VisualStudio.QualityTools.Tips.UnitTest.Adapter, Version=10.0.0.0, Culture=neutral, PublicKeyToken=b03f5f7f11d50a3a" className="Inflexion2.Testing.AuditableEntityTransientTest, Inflexion2.Framework.Testing, Version=1.0.0.0, Culture=neutral, PublicKeyToken=null" name="EqualsWithTwoNullsEntitiesSameTypeReturnTrue" />
    </UnitTest>
    <UnitTest name="StringEqualsWithTwoTransientEntitiesReturnFalse" storage="d:\idev\inflexion2\03-testing\inflexion2.framework.testing\bin\debug\inflexion2.framework.testing.dll" id="4d2dabf7-6001-0f95-8269-92c41508bd3d">
      <Execution id="f05cd8ab-24b9-44e3-aabe-68bbd8f8770b" />
      <TestMethod codeBase="D:/IDev/Inflexion2/03-Testing/Inflexion2.Framework.Testing/bin/Debug/Inflexion2.Framework.Testing.DLL" adapterTypeName="Microsoft.VisualStudio.TestTools.TestTypes.Unit.UnitTestAdapter, Microsoft.VisualStudio.QualityTools.Tips.UnitTest.Adapter, Version=10.0.0.0, Culture=neutral, PublicKeyToken=b03f5f7f11d50a3a" className="Inflexion2.Testing.StringEntityTransientTest, Inflexion2.Framework.Testing, Version=1.0.0.0, Culture=neutral, PublicKeyToken=null" name="StringEqualsWithTwoTransientEntitiesReturnFalse" />
    </UnitTest>
    <UnitTest name="GuidEntityEqualsWithTwoNullsEntitiesSameTypeReturnTrue" storage="d:\idev\inflexion2\03-testing\inflexion2.framework.testing\bin\debug\inflexion2.framework.testing.dll" id="b6e2ea1d-beee-09a0-2102-a1602abebdcc">
      <Execution id="d6c3e5d9-3c90-473c-bfe5-b7cd8a1c31d8" />
      <TestMethod codeBase="D:/IDev/Inflexion2/03-Testing/Inflexion2.Framework.Testing/bin/Debug/Inflexion2.Framework.Testing.DLL" adapterTypeName="Microsoft.VisualStudio.TestTools.TestTypes.Unit.UnitTestAdapter, Microsoft.VisualStudio.QualityTools.Tips.UnitTest.Adapter, Version=10.0.0.0, Culture=neutral, PublicKeyToken=b03f5f7f11d50a3a" className="Inflexion2.Testing.GuidEntityTransientTest, Inflexion2.Framework.Testing, Version=1.0.0.0, Culture=neutral, PublicKeyToken=null" name="GuidEntityEqualsWithTwoNullsEntitiesSameTypeReturnTrue" />
    </UnitTest>
    <UnitTest name="EqualsWithSameTransientEntitieReturnTrue" storage="d:\idev\inflexion2\03-testing\inflexion2.framework.testing\bin\debug\inflexion2.framework.testing.dll" id="274f79cb-044b-0e7e-9f9e-4afbcabf33e2">
      <Execution id="d87c0218-9672-46ae-aaa5-c8a571b3ad7e" />
      <TestMethod codeBase="D:/IDev/Inflexion2/03-Testing/Inflexion2.Framework.Testing/bin/Debug/Inflexion2.Framework.Testing.DLL" adapterTypeName="Microsoft.VisualStudio.TestTools.TestTypes.Unit.UnitTestAdapter, Microsoft.VisualStudio.QualityTools.Tips.UnitTest.Adapter, Version=10.0.0.0, Culture=neutral, PublicKeyToken=b03f5f7f11d50a3a" className="Inflexion2.Testing.AuditableEntityTransientTest, Inflexion2.Framework.Testing, Version=1.0.0.0, Culture=neutral, PublicKeyToken=null" name="EqualsWithSameTransientEntitieReturnTrue" />
    </UnitTest>
    <UnitTest name="IntEntityTransientNewEntitieReturnTrue" storage="d:\idev\inflexion2\03-testing\inflexion2.framework.testing\bin\debug\inflexion2.framework.testing.dll" id="cf73ad5c-bdd1-7dfc-d924-ad996d77b595">
      <Execution id="734ef3d8-8333-488c-8433-ad24f5e6fefc" />
      <TestMethod codeBase="D:/IDev/Inflexion2/03-Testing/Inflexion2.Framework.Testing/bin/Debug/Inflexion2.Framework.Testing.DLL" adapterTypeName="Microsoft.VisualStudio.TestTools.TestTypes.Unit.UnitTestAdapter, Microsoft.VisualStudio.QualityTools.Tips.UnitTest.Adapter, Version=10.0.0.0, Culture=neutral, PublicKeyToken=b03f5f7f11d50a3a" className="Inflexion2.Testing.AuditableEntityTransientTest, Inflexion2.Framework.Testing, Version=1.0.0.0, Culture=neutral, PublicKeyToken=null" name="IntEntityTransientNewEntitieReturnTrue" />
    </UnitTest>
    <UnitTest name="IntEntityEqualsWithTwoNullsEntitiesSameTypeReturnTrue" storage="d:\idev\inflexion2\03-testing\inflexion2.framework.testing\bin\debug\inflexion2.framework.testing.dll" id="d72373c0-a703-cca6-215c-a78aa85313eb">
      <Execution id="8898ce82-448a-420b-9d11-a7a0cdd79001" />
      <TestMethod codeBase="D:/IDev/Inflexion2/03-Testing/Inflexion2.Framework.Testing/bin/Debug/Inflexion2.Framework.Testing.DLL" adapterTypeName="Microsoft.VisualStudio.TestTools.TestTypes.Unit.UnitTestAdapter, Microsoft.VisualStudio.QualityTools.Tips.UnitTest.Adapter, Version=10.0.0.0, Culture=neutral, PublicKeyToken=b03f5f7f11d50a3a" className="Inflexion2.Testing.EntityTransientTest, Inflexion2.Framework.Testing, Version=1.0.0.0, Culture=neutral, PublicKeyToken=null" name="IntEntityEqualsWithTwoNullsEntitiesSameTypeReturnTrue" />
    </UnitTest>
    <UnitTest name="GuidEntityEqualsWithTwoTransientEntitiesReturnFalse" storage="d:\idev\inflexion2\03-testing\inflexion2.framework.testing\bin\debug\inflexion2.framework.testing.dll" id="66b79ba3-ccdf-a017-5e08-1702c7c38084">
      <Execution id="cc6c415b-dcb5-40dc-9d35-521ddb7294fa" />
      <TestMethod codeBase="D:/IDev/Inflexion2/03-Testing/Inflexion2.Framework.Testing/bin/Debug/Inflexion2.Framework.Testing.DLL" adapterTypeName="Microsoft.VisualStudio.TestTools.TestTypes.Unit.UnitTestAdapter, Microsoft.VisualStudio.QualityTools.Tips.UnitTest.Adapter, Version=10.0.0.0, Culture=neutral, PublicKeyToken=b03f5f7f11d50a3a" className="Inflexion2.Testing.GuidEntityTransientTest, Inflexion2.Framework.Testing, Version=1.0.0.0, Culture=neutral, PublicKeyToken=null" name="GuidEntityEqualsWithTwoTransientEntitiesReturnFalse" />
    </UnitTest>
    <UnitTest name="ValidatableEntityGuidEqualsWithTwoNullsEntitiesDifferentTypeReturnFalse" storage="d:\idev\inflexion2\03-testing\inflexion2.framework.testing\bin\debug\inflexion2.framework.testing.dll" id="861bbbdf-9e17-619d-89af-8b7fa4a205e7">
      <Execution id="971d94b9-0e63-4982-aa16-5942a968c945" />
      <TestMethod codeBase="D:/IDev/Inflexion2/03-Testing/Inflexion2.Framework.Testing/bin/Debug/Inflexion2.Framework.Testing.DLL" adapterTypeName="Microsoft.VisualStudio.TestTools.TestTypes.Unit.UnitTestAdapter, Microsoft.VisualStudio.QualityTools.Tips.UnitTest.Adapter, Version=10.0.0.0, Culture=neutral, PublicKeyToken=b03f5f7f11d50a3a" className="Inflexion2.Testing.ValidatableEntityTransientTest, Inflexion2.Framework.Testing, Version=1.0.0.0, Culture=neutral, PublicKeyToken=null" name="ValidatableEntityGuidEqualsWithTwoNullsEntitiesDifferentTypeReturnFalse" />
    </UnitTest>
    <UnitTest name="GuidEntityEqualsWithTwoNullsEntitiesDifferentTypeReturnFalse" storage="d:\idev\inflexion2\03-testing\inflexion2.framework.testing\bin\debug\inflexion2.framework.testing.dll" id="a5173249-e457-2bae-6188-e07755a468f1">
      <Execution id="8235a660-17f1-42db-8586-26d2deee60fe" />
      <TestMethod codeBase="D:/IDev/Inflexion2/03-Testing/Inflexion2.Framework.Testing/bin/Debug/Inflexion2.Framework.Testing.DLL" adapterTypeName="Microsoft.VisualStudio.TestTools.TestTypes.Unit.UnitTestAdapter, Microsoft.VisualStudio.QualityTools.Tips.UnitTest.Adapter, Version=10.0.0.0, Culture=neutral, PublicKeyToken=b03f5f7f11d50a3a" className="Inflexion2.Testing.GuidEntityTransientTest, Inflexion2.Framework.Testing, Version=1.0.0.0, Culture=neutral, PublicKeyToken=null" name="GuidEntityEqualsWithTwoNullsEntitiesDifferentTypeReturnFalse" />
    </UnitTest>
    <UnitTest name="IntEntityEqualsWithTwoTransientEntitiesReturnFalse" storage="d:\idev\inflexion2\03-testing\inflexion2.framework.testing\bin\debug\inflexion2.framework.testing.dll" id="ef418061-d4c4-2027-28ba-907376548f88">
      <Execution id="3fb1012e-46a6-409b-8382-cdd9b78b4f7d" />
      <TestMethod codeBase="D:/IDev/Inflexion2/03-Testing/Inflexion2.Framework.Testing/bin/Debug/Inflexion2.Framework.Testing.DLL" adapterTypeName="Microsoft.VisualStudio.TestTools.TestTypes.Unit.UnitTestAdapter, Microsoft.VisualStudio.QualityTools.Tips.UnitTest.Adapter, Version=10.0.0.0, Culture=neutral, PublicKeyToken=b03f5f7f11d50a3a" className="Inflexion2.Testing.EntityTransientTest, Inflexion2.Framework.Testing, Version=1.0.0.0, Culture=neutral, PublicKeyToken=null" name="IntEntityEqualsWithTwoTransientEntitiesReturnFalse" />
    </UnitTest>
    <UnitTest name="GuidEntityEqualsWithSameTransientEntitieReturnTrue" storage="d:\idev\inflexion2\03-testing\inflexion2.framework.testing\bin\debug\inflexion2.framework.testing.dll" id="b202aa4d-65bf-bc8d-820d-b2b2651d5544">
      <Execution id="2aa15bb3-902f-4192-a143-66631ad19054" />
      <TestMethod codeBase="D:/IDev/Inflexion2/03-Testing/Inflexion2.Framework.Testing/bin/Debug/Inflexion2.Framework.Testing.DLL" adapterTypeName="Microsoft.VisualStudio.TestTools.TestTypes.Unit.UnitTestAdapter, Microsoft.VisualStudio.QualityTools.Tips.UnitTest.Adapter, Version=10.0.0.0, Culture=neutral, PublicKeyToken=b03f5f7f11d50a3a" className="Inflexion2.Testing.GuidEntityTransientTest, Inflexion2.Framework.Testing, Version=1.0.0.0, Culture=neutral, PublicKeyToken=null" name="GuidEntityEqualsWithSameTransientEntitieReturnTrue" />
    </UnitTest>
    <UnitTest name="EqualsWithOneDifferentPropertyReturnFalse" storage="d:\idev\inflexion2\03-testing\inflexion2.framework.testing\bin\debug\inflexion2.framework.testing.dll" id="f1db9089-b01e-e5ce-8721-8284d6363de2">
      <Execution id="b290f523-07f9-4788-ad77-97468a1a3f6b" />
      <TestMethod codeBase="D:/IDev/Inflexion2/03-Testing/Inflexion2.Framework.Testing/bin/Debug/Inflexion2.Framework.Testing.DLL" adapterTypeName="Microsoft.VisualStudio.TestTools.TestTypes.Unit.UnitTestAdapter, Microsoft.VisualStudio.QualityTools.Tips.UnitTest.Adapter, Version=10.0.0.0, Culture=neutral, PublicKeyToken=b03f5f7f11d50a3a" className="Inflexion2.Testing.EqualityValueObject, Inflexion2.Framework.Testing, Version=1.0.0.0, Culture=neutral, PublicKeyToken=null" name="EqualsWithOneDifferentPropertyReturnFalse" />
    </UnitTest>
    <UnitTest name="ValidatableEntityGuidEqualsWithTwoNullsEntitiesSameTypeReturnTrue" storage="d:\idev\inflexion2\03-testing\inflexion2.framework.testing\bin\debug\inflexion2.framework.testing.dll" id="982f7fbb-ba3f-33fd-9fa4-3f5b26be6e74">
      <Execution id="9ca79a64-eaa4-4034-b5d0-1e6e98e9787f" />
      <TestMethod codeBase="D:/IDev/Inflexion2/03-Testing/Inflexion2.Framework.Testing/bin/Debug/Inflexion2.Framework.Testing.DLL" adapterTypeName="Microsoft.VisualStudio.TestTools.TestTypes.Unit.UnitTestAdapter, Microsoft.VisualStudio.QualityTools.Tips.UnitTest.Adapter, Version=10.0.0.0, Culture=neutral, PublicKeyToken=b03f5f7f11d50a3a" className="Inflexion2.Testing.ValidatableEntityTransientTest, Inflexion2.Framework.Testing, Version=1.0.0.0, Culture=neutral, PublicKeyToken=null" name="ValidatableEntityGuidEqualsWithTwoNullsEntitiesSameTypeReturnTrue" />
    </UnitTest>
    <UnitTest name="IntEntityEqualsWithTwoSetedIdDifferentEntitiesTypeReturnFalse" storage="d:\idev\inflexion2\03-testing\inflexion2.framework.testing\bin\debug\inflexion2.framework.testing.dll" id="8cdf0b73-2a1d-fb4d-b0bf-87142530870b">
      <Execution id="907fed74-5362-48ba-abfa-8a22b7865fb1" />
      <TestMethod codeBase="D:/IDev/Inflexion2/03-Testing/Inflexion2.Framework.Testing/bin/Debug/Inflexion2.Framework.Testing.DLL" adapterTypeName="Microsoft.VisualStudio.TestTools.TestTypes.Unit.UnitTestAdapter, Microsoft.VisualStudio.QualityTools.Tips.UnitTest.Adapter, Version=10.0.0.0, Culture=neutral, PublicKeyToken=b03f5f7f11d50a3a" className="Inflexion2.Testing.EntityTransientTest, Inflexion2.Framework.Testing, Version=1.0.0.0, Culture=neutral, PublicKeyToken=null" name="IntEntityEqualsWithTwoSetedIdDifferentEntitiesTypeReturnFalse" />
    </UnitTest>
    <UnitTest name="IntEntityEqualsWithSameEntityReturnTrue" storage="d:\idev\inflexion2\03-testing\inflexion2.framework.testing\bin\debug\inflexion2.framework.testing.dll" id="6afa35ae-36cd-2322-b1a0-985170fa6c39">
      <Execution id="b3af16da-e072-4652-91b2-db18c6f2f53f" />
      <TestMethod codeBase="D:/IDev/Inflexion2/03-Testing/Inflexion2.Framework.Testing/bin/Debug/Inflexion2.Framework.Testing.DLL" adapterTypeName="Microsoft.VisualStudio.TestTools.TestTypes.Unit.UnitTestAdapter, Microsoft.VisualStudio.QualityTools.Tips.UnitTest.Adapter, Version=10.0.0.0, Culture=neutral, PublicKeyToken=b03f5f7f11d50a3a" className="Inflexion2.Testing.EntityTransientTest, Inflexion2.Framework.Testing, Version=1.0.0.0, Culture=neutral, PublicKeyToken=null" name="IntEntityEqualsWithSameEntityReturnTrue" />
    </UnitTest>
    <UnitTest name="IntEntityEqualsWithOneNullEntityReturnFalse" storage="d:\idev\inflexion2\03-testing\inflexion2.framework.testing\bin\debug\inflexion2.framework.testing.dll" id="28cecd14-0281-33e2-220d-430cb0b76324">
      <Execution id="6cb342f9-397d-4891-a812-47090f7f8172" />
      <TestMethod codeBase="D:/IDev/Inflexion2/03-Testing/Inflexion2.Framework.Testing/bin/Debug/Inflexion2.Framework.Testing.DLL" adapterTypeName="Microsoft.VisualStudio.TestTools.TestTypes.Unit.UnitTestAdapter, Microsoft.VisualStudio.QualityTools.Tips.UnitTest.Adapter, Version=10.0.0.0, Culture=neutral, PublicKeyToken=b03f5f7f11d50a3a" className="Inflexion2.Testing.EntityTransientTest, Inflexion2.Framework.Testing, Version=1.0.0.0, Culture=neutral, PublicKeyToken=null" name="IntEntityEqualsWithOneNullEntityReturnFalse" />
    </UnitTest>
    <UnitTest name="StringEqualsWithTwoNullsEntitiesDifferentTypeReturnFalse" storage="d:\idev\inflexion2\03-testing\inflexion2.framework.testing\bin\debug\inflexion2.framework.testing.dll" id="3dc9c38f-ffcf-b4ec-4950-2951ba76f7d8">
      <Execution id="00826a3b-33c2-4d6c-ac5a-c739cef09eb1" />
      <TestMethod codeBase="D:/IDev/Inflexion2/03-Testing/Inflexion2.Framework.Testing/bin/Debug/Inflexion2.Framework.Testing.DLL" adapterTypeName="Microsoft.VisualStudio.TestTools.TestTypes.Unit.UnitTestAdapter, Microsoft.VisualStudio.QualityTools.Tips.UnitTest.Adapter, Version=10.0.0.0, Culture=neutral, PublicKeyToken=b03f5f7f11d50a3a" className="Inflexion2.Testing.StringEntityTransientTest, Inflexion2.Framework.Testing, Version=1.0.0.0, Culture=neutral, PublicKeyToken=null" name="StringEqualsWithTwoNullsEntitiesDifferentTypeReturnFalse" />
    </UnitTest>
    <UnitTest name="EqualsWithOneNullValueObjectReturnFalse" storage="d:\idev\inflexion2\03-testing\inflexion2.framework.testing\bin\debug\inflexion2.framework.testing.dll" id="9d14cf3b-400a-419e-62e5-56cdb51cd8d7">
      <Execution id="e9e0aa15-52b2-433b-b471-77bec29d9b55" />
      <TestMethod codeBase="D:/IDev/Inflexion2/03-Testing/Inflexion2.Framework.Testing/bin/Debug/Inflexion2.Framework.Testing.DLL" adapterTypeName="Microsoft.VisualStudio.TestTools.TestTypes.Unit.UnitTestAdapter, Microsoft.VisualStudio.QualityTools.Tips.UnitTest.Adapter, Version=10.0.0.0, Culture=neutral, PublicKeyToken=b03f5f7f11d50a3a" className="Inflexion2.Testing.EqualityValueObject, Inflexion2.Framework.Testing, Version=1.0.0.0, Culture=neutral, PublicKeyToken=null" name="EqualsWithOneNullValueObjectReturnFalse" />
    </UnitTest>
    <UnitTest name="IntEntityTransientNewEntitieReturnTrue" storage="d:\idev\inflexion2\03-testing\inflexion2.framework.testing\bin\debug\inflexion2.framework.testing.dll" id="ecb2ec12-6d55-4737-3f23-78b2cd9e5a1c">
      <Execution id="608a9a5f-92cc-4b65-8643-d44d073e7511" />
      <TestMethod codeBase="D:/IDev/Inflexion2/03-Testing/Inflexion2.Framework.Testing/bin/Debug/Inflexion2.Framework.Testing.DLL" adapterTypeName="Microsoft.VisualStudio.TestTools.TestTypes.Unit.UnitTestAdapter, Microsoft.VisualStudio.QualityTools.Tips.UnitTest.Adapter, Version=10.0.0.0, Culture=neutral, PublicKeyToken=b03f5f7f11d50a3a" className="Inflexion2.Testing.EntityTransientTest, Inflexion2.Framework.Testing, Version=1.0.0.0, Culture=neutral, PublicKeyToken=null" name="IntEntityTransientNewEntitieReturnTrue" />
    </UnitTest>
  </TestDefinitions>
  <TestLists>
    <TestList name="Results Not in a List" id="8c84fa94-04c1-424b-9868-57a2d4851a1d" />
    <TestList name="All Loaded Results" id="19431567-8539-422a-85d7-44ee4e166bda" />
  </TestLists>
  <TestEntries>
    <TestEntry testId="17042057-7aeb-7c30-7303-5d1a8e9e0592" executionId="c5c7f796-3956-4493-9b73-a8528711552a" testListId="8c84fa94-04c1-424b-9868-57a2d4851a1d" />
    <TestEntry testId="22a8b0cb-7a33-d352-b784-a1f8be065fd9" executionId="89461922-3141-4c07-bc8f-8cfe1046fb39" testListId="8c84fa94-04c1-424b-9868-57a2d4851a1d" />
    <TestEntry testId="274f79cb-044b-0e7e-9f9e-4afbcabf33e2" executionId="d87c0218-9672-46ae-aaa5-c8a571b3ad7e" testListId="8c84fa94-04c1-424b-9868-57a2d4851a1d" />
    <TestEntry testId="28cecd14-0281-33e2-220d-430cb0b76324" executionId="6cb342f9-397d-4891-a812-47090f7f8172" testListId="8c84fa94-04c1-424b-9868-57a2d4851a1d" />
    <TestEntry testId="375ff3a2-2357-6f85-11f0-4fdbcfbe878c" executionId="e5fa3aa1-512b-48fb-9024-1ba0e6625d64" testListId="8c84fa94-04c1-424b-9868-57a2d4851a1d" />
    <TestEntry testId="39038477-ba46-aac5-eb4c-721235e0936b" executionId="1944c885-a984-4116-8032-e3bc26de3238" testListId="8c84fa94-04c1-424b-9868-57a2d4851a1d" />
    <TestEntry testId="3dc9c38f-ffcf-b4ec-4950-2951ba76f7d8" executionId="00826a3b-33c2-4d6c-ac5a-c739cef09eb1" testListId="8c84fa94-04c1-424b-9868-57a2d4851a1d" />
    <TestEntry testId="4ccbac64-6d99-8651-0e4e-7a94ce86ca89" executionId="cfbc29cb-1211-4bd6-acc0-5d05c7025717" testListId="8c84fa94-04c1-424b-9868-57a2d4851a1d" />
    <TestEntry testId="4d2dabf7-6001-0f95-8269-92c41508bd3d" executionId="f05cd8ab-24b9-44e3-aabe-68bbd8f8770b" testListId="8c84fa94-04c1-424b-9868-57a2d4851a1d" />
    <TestEntry testId="55745a3e-cb76-ce47-5e1c-cb4863c8cc88" executionId="c4225fb1-bf04-4f5e-85d5-dc1eb53e718e" testListId="8c84fa94-04c1-424b-9868-57a2d4851a1d" />
    <TestEntry testId="5c01ed2f-cfa6-faf5-80ee-7526386e5bcb" executionId="dd765067-50cc-4aad-8d7f-30f3203a0665" testListId="8c84fa94-04c1-424b-9868-57a2d4851a1d" />
    <TestEntry testId="66b79ba3-ccdf-a017-5e08-1702c7c38084" executionId="cc6c415b-dcb5-40dc-9d35-521ddb7294fa" testListId="8c84fa94-04c1-424b-9868-57a2d4851a1d" />
    <TestEntry testId="6afa35ae-36cd-2322-b1a0-985170fa6c39" executionId="b3af16da-e072-4652-91b2-db18c6f2f53f" testListId="8c84fa94-04c1-424b-9868-57a2d4851a1d" />
    <TestEntry testId="6d00cb18-6da1-8f1c-bc52-1100717fe9e3" executionId="803bc78b-16c6-411b-baf9-c057a50a93ad" testListId="8c84fa94-04c1-424b-9868-57a2d4851a1d" />
    <TestEntry testId="861bbbdf-9e17-619d-89af-8b7fa4a205e7" executionId="971d94b9-0e63-4982-aa16-5942a968c945" testListId="8c84fa94-04c1-424b-9868-57a2d4851a1d" />
    <TestEntry testId="8cdf0b73-2a1d-fb4d-b0bf-87142530870b" executionId="907fed74-5362-48ba-abfa-8a22b7865fb1" testListId="8c84fa94-04c1-424b-9868-57a2d4851a1d" />
    <TestEntry testId="8ce58482-7d3e-3e19-80e5-4b965e8f5059" executionId="b3df8c5a-1a49-4b2c-87c9-18b6fc295d28" testListId="8c84fa94-04c1-424b-9868-57a2d4851a1d" />
    <TestEntry testId="8e4820fb-b11f-6f11-e59d-db0467de1040" executionId="1779ad7c-0dd4-4947-aba7-01c6a9d446ac" testListId="8c84fa94-04c1-424b-9868-57a2d4851a1d" />
    <TestEntry testId="982f7fbb-ba3f-33fd-9fa4-3f5b26be6e74" executionId="9ca79a64-eaa4-4034-b5d0-1e6e98e9787f" testListId="8c84fa94-04c1-424b-9868-57a2d4851a1d" />
    <TestEntry testId="9d14cf3b-400a-419e-62e5-56cdb51cd8d7" executionId="e9e0aa15-52b2-433b-b471-77bec29d9b55" testListId="8c84fa94-04c1-424b-9868-57a2d4851a1d" />
    <TestEntry testId="a5143e69-78bd-03a5-f82d-50e4014f386a" executionId="b9c607f1-8393-4272-b722-76925b638c4b" testListId="8c84fa94-04c1-424b-9868-57a2d4851a1d" />
    <TestEntry testId="a5173249-e457-2bae-6188-e07755a468f1" executionId="8235a660-17f1-42db-8586-26d2deee60fe" testListId="8c84fa94-04c1-424b-9868-57a2d4851a1d" />
    <TestEntry testId="acb83358-09d2-a381-f0d9-d70c2ace47a8" executionId="b8c3403b-07b8-4ea0-8d31-a5be0d4467ac" testListId="8c84fa94-04c1-424b-9868-57a2d4851a1d" />
    <TestEntry testId="b1a88be6-0573-6eb0-e0ba-a476ebddfcc3" executionId="b5dd0cec-a70c-4651-b320-642c897b3808" testListId="8c84fa94-04c1-424b-9868-57a2d4851a1d" />
    <TestEntry testId="b202aa4d-65bf-bc8d-820d-b2b2651d5544" executionId="2aa15bb3-902f-4192-a143-66631ad19054" testListId="8c84fa94-04c1-424b-9868-57a2d4851a1d" />
    <TestEntry testId="b53f3b4e-80dd-ada9-22f9-683ce813b819" executionId="ad55f940-b453-46c5-87d2-18d9cc0ba129" testListId="8c84fa94-04c1-424b-9868-57a2d4851a1d" />
    <TestEntry testId="b6e2ea1d-beee-09a0-2102-a1602abebdcc" executionId="d6c3e5d9-3c90-473c-bfe5-b7cd8a1c31d8" testListId="8c84fa94-04c1-424b-9868-57a2d4851a1d" />
    <TestEntry testId="be2066fd-b436-06cd-97b4-c7078e10e0f4" executionId="cc231a34-c0c3-4d18-876f-8f6d11c258a7" testListId="8c84fa94-04c1-424b-9868-57a2d4851a1d" />
    <TestEntry testId="c4b00738-bd81-d4dd-934a-1f8ce1e5a004" executionId="94f5ab6b-4d59-44e8-9683-09a35f7e1633" testListId="8c84fa94-04c1-424b-9868-57a2d4851a1d" />
    <TestEntry testId="c88e308d-c412-3989-03a6-4812dd297cad" executionId="59184530-830d-4fbf-a666-2e42f083564b" testListId="8c84fa94-04c1-424b-9868-57a2d4851a1d" />
    <TestEntry testId="cf73ad5c-bdd1-7dfc-d924-ad996d77b595" executionId="734ef3d8-8333-488c-8433-ad24f5e6fefc" testListId="8c84fa94-04c1-424b-9868-57a2d4851a1d" />
    <TestEntry testId="cfcea3e5-0964-8d2b-bd64-154d5273ea8f" executionId="91bf4d38-7c1c-4d8c-981b-09a63b798651" testListId="8c84fa94-04c1-424b-9868-57a2d4851a1d" />
    <TestEntry testId="d72373c0-a703-cca6-215c-a78aa85313eb" executionId="8898ce82-448a-420b-9d11-a7a0cdd79001" testListId="8c84fa94-04c1-424b-9868-57a2d4851a1d" />
    <TestEntry testId="df70d1db-0b89-8d5b-f3c3-11fdd92fed5b" executionId="689eb7cd-da3c-4da2-84c0-0aba27e72d39" testListId="8c84fa94-04c1-424b-9868-57a2d4851a1d" />
    <TestEntry testId="ea0a69ac-2bb3-b9d1-b8f7-0e625a29c014" executionId="19151597-fb48-4aa5-b375-b72ba4b512e1" testListId="8c84fa94-04c1-424b-9868-57a2d4851a1d" />
    <TestEntry testId="ecb2ec12-6d55-4737-3f23-78b2cd9e5a1c" executionId="608a9a5f-92cc-4b65-8643-d44d073e7511" testListId="8c84fa94-04c1-424b-9868-57a2d4851a1d" />
    <TestEntry testId="ed5ca231-a40d-1e94-d8cf-62620be065b2" executionId="99a6639b-eb91-4f77-b882-c0ef4bbe3afa" testListId="8c84fa94-04c1-424b-9868-57a2d4851a1d" />
    <TestEntry testId="ef418061-d4c4-2027-28ba-907376548f88" executionId="3fb1012e-46a6-409b-8382-cdd9b78b4f7d" testListId="8c84fa94-04c1-424b-9868-57a2d4851a1d" />
    <TestEntry testId="f1db9089-b01e-e5ce-8721-8284d6363de2" executionId="b290f523-07f9-4788-ad77-97468a1a3f6b" testListId="8c84fa94-04c1-424b-9868-57a2d4851a1d" />
    <TestEntry testId="f8a0681f-01a9-96fe-d3cb-5a7507e6aa1a" executionId="943d0a36-f17e-44f6-b4a5-2dae1d468c63" testListId="8c84fa94-04c1-424b-9868-57a2d4851a1d" />
  </TestEntries>
  <Results>
    <UnitTestResult executionId="c5c7f796-3956-4493-9b73-a8528711552a" testId="17042057-7aeb-7c30-7303-5d1a8e9e0592" testName="EqualsWithTwoNullsEntitiesSameTypeReturnTrue" computerName="ICINETICJHB" duration="00:00:00.0100092" startTime="2014-04-18T13:51:10.0331367+02:00" endTime="2014-04-18T13:51:10.1731144+02:00" testType="13cdc9d9-ddb5-4fa4-a97d-d965ccfc6d4b" outcome="Passed" testListId="8c84fa94-04c1-424b-9868-57a2d4851a1d" relativeResultsDirectory="c5c7f796-3956-4493-9b73-a8528711552a">
    </UnitTestResult>
    <UnitTestResult executionId="89461922-3141-4c07-bc8f-8cfe1046fb39" testId="22a8b0cb-7a33-d352-b784-a1f8be065fd9" testName="ValidatableEntityGuidEqualsWithSameTransientEntitieReturnTrue" computerName="ICINETICJHB" duration="00:00:00.0003549" startTime="2014-04-18T13:51:10.1741147+02:00" endTime="2014-04-18T13:51:10.1761151+02:00" testType="13cdc9d9-ddb5-4fa4-a97d-d965ccfc6d4b" outcome="Passed" testListId="8c84fa94-04c1-424b-9868-57a2d4851a1d" relativeResultsDirectory="89461922-3141-4c07-bc8f-8cfe1046fb39">
    </UnitTestResult>
    <UnitTestResult executionId="d87c0218-9672-46ae-aaa5-c8a571b3ad7e" testId="274f79cb-044b-0e7e-9f9e-4afbcabf33e2" testName="EqualsWithSameTransientEntitieReturnTrue" computerName="ICINETICJHB" duration="00:00:00.0003348" startTime="2014-04-18T13:51:10.1771149+02:00" endTime="2014-04-18T13:51:10.1791150+02:00" testType="13cdc9d9-ddb5-4fa4-a97d-d965ccfc6d4b" outcome="Passed" testListId="8c84fa94-04c1-424b-9868-57a2d4851a1d" relativeResultsDirectory="d87c0218-9672-46ae-aaa5-c8a571b3ad7e">
    </UnitTestResult>
    <UnitTestResult executionId="6cb342f9-397d-4891-a812-47090f7f8172" testId="28cecd14-0281-33e2-220d-430cb0b76324" testName="IntEntityEqualsWithOneNullEntityReturnFalse" computerName="ICINETICJHB" duration="00:00:00.0002724" startTime="2014-04-18T13:51:10.1801144+02:00" endTime="2014-04-18T13:51:10.1811155+02:00" testType="13cdc9d9-ddb5-4fa4-a97d-d965ccfc6d4b" outcome="Passed" testListId="8c84fa94-04c1-424b-9868-57a2d4851a1d" relativeResultsDirectory="6cb342f9-397d-4891-a812-47090f7f8172">
    </UnitTestResult>
    <UnitTestResult executionId="e5fa3aa1-512b-48fb-9024-1ba0e6625d64" testId="375ff3a2-2357-6f85-11f0-4fdbcfbe878c" testName="EqualsWithOneNullEntityReturnFalse" computerName="ICINETICJHB" duration="00:00:00.0001368" startTime="2014-04-18T13:51:10.1821144+02:00" endTime="2014-04-18T13:51:10.1841158+02:00" testType="13cdc9d9-ddb5-4fa4-a97d-d965ccfc6d4b" outcome="Passed" testListId="8c84fa94-04c1-424b-9868-57a2d4851a1d" relativeResultsDirectory="e5fa3aa1-512b-48fb-9024-1ba0e6625d64">
    </UnitTestResult>
    <UnitTestResult executionId="1944c885-a984-4116-8032-e3bc26de3238" testId="39038477-ba46-aac5-eb4c-721235e0936b" testName="ValidatableEntityGuidEqualsWithTwoTransientEntitiesReturnFalse" computerName="ICINETICJHB" duration="00:00:00.0007740" startTime="2014-04-18T13:51:10.1841158+02:00" endTime="2014-04-18T13:51:10.1871156+02:00" testType="13cdc9d9-ddb5-4fa4-a97d-d965ccfc6d4b" outcome="Passed" testListId="8c84fa94-04c1-424b-9868-57a2d4851a1d" relativeResultsDirectory="1944c885-a984-4116-8032-e3bc26de3238">
    </UnitTestResult>
    <UnitTestResult executionId="00826a3b-33c2-4d6c-ac5a-c739cef09eb1" testId="3dc9c38f-ffcf-b4ec-4950-2951ba76f7d8" testName="StringEqualsWithTwoNullsEntitiesDifferentTypeReturnFalse" computerName="ICINETICJHB" duration="00:00:00.0004947" startTime="2014-04-18T13:51:10.1881159+02:00" endTime="2014-04-18T13:51:10.1901159+02:00" testType="13cdc9d9-ddb5-4fa4-a97d-d965ccfc6d4b" outcome="Passed" testListId="8c84fa94-04c1-424b-9868-57a2d4851a1d" relativeResultsDirectory="00826a3b-33c2-4d6c-ac5a-c739cef09eb1">
    </UnitTestResult>
    <UnitTestResult executionId="cfbc29cb-1211-4bd6-acc0-5d05c7025717" testId="4ccbac64-6d99-8651-0e4e-7a94ce86ca89" testName="StringEqualsWithTwoNullsEntitiesSameTypeReturnTrue" computerName="ICINETICJHB" duration="00:00:00.0001701" startTime="2014-04-18T13:51:10.1901159+02:00" endTime="2014-04-18T13:51:10.1931158+02:00" testType="13cdc9d9-ddb5-4fa4-a97d-d965ccfc6d4b" outcome="Passed" testListId="8c84fa94-04c1-424b-9868-57a2d4851a1d" relativeResultsDirectory="cfbc29cb-1211-4bd6-acc0-5d05c7025717">
    </UnitTestResult>
    <UnitTestResult executionId="f05cd8ab-24b9-44e3-aabe-68bbd8f8770b" testId="4d2dabf7-6001-0f95-8269-92c41508bd3d" testName="StringEqualsWithTwoTransientEntitiesReturnFalse" computerName="ICINETICJHB" duration="00:00:00.0002082" startTime="2014-04-18T13:51:10.1931158+02:00" endTime="2014-04-18T13:51:10.1961165+02:00" testType="13cdc9d9-ddb5-4fa4-a97d-d965ccfc6d4b" outcome="Passed" testListId="8c84fa94-04c1-424b-9868-57a2d4851a1d" relativeResultsDirectory="f05cd8ab-24b9-44e3-aabe-68bbd8f8770b">
    </UnitTestResult>
    <UnitTestResult executionId="c4225fb1-bf04-4f5e-85d5-dc1eb53e718e" testId="55745a3e-cb76-ce47-5e1c-cb4863c8cc88" testName="IntEntityEqualsWithTwoNullsEntitiesDifferentTypeReturnFalse" computerName="ICINETICJHB" duration="00:00:00.0005777" startTime="2014-04-18T13:51:10.1961165+02:00" endTime="2014-04-18T13:51:10.1981166+02:00" testType="13cdc9d9-ddb5-4fa4-a97d-d965ccfc6d4b" outcome="Passed" testListId="8c84fa94-04c1-424b-9868-57a2d4851a1d" relativeResultsDirectory="c4225fb1-bf04-4f5e-85d5-dc1eb53e718e">
    </UnitTestResult>
    <UnitTestResult executionId="dd765067-50cc-4aad-8d7f-30f3203a0665" testId="5c01ed2f-cfa6-faf5-80ee-7526386e5bcb" testName="GuidEntityEqualsWithOneNullEntityReturnFalse" computerName="ICINETICJHB" duration="00:00:00.0002296" startTime="2014-04-18T13:51:10.1981166+02:00" endTime="2014-04-18T13:51:10.2001171+02:00" testType="13cdc9d9-ddb5-4fa4-a97d-d965ccfc6d4b" outcome="Passed" testListId="8c84fa94-04c1-424b-9868-57a2d4851a1d" relativeResultsDirectory="dd765067-50cc-4aad-8d7f-30f3203a0665">
    </UnitTestResult>
    <UnitTestResult executionId="cc6c415b-dcb5-40dc-9d35-521ddb7294fa" testId="66b79ba3-ccdf-a017-5e08-1702c7c38084" testName="GuidEntityEqualsWithTwoTransientEntitiesReturnFalse" computerName="ICINETICJHB" duration="00:00:00.0001471" startTime="2014-04-18T13:51:10.2011160+02:00" endTime="2014-04-18T13:51:10.2021171+02:00" testType="13cdc9d9-ddb5-4fa4-a97d-d965ccfc6d4b" outcome="Passed" testListId="8c84fa94-04c1-424b-9868-57a2d4851a1d" relativeResultsDirectory="cc6c415b-dcb5-40dc-9d35-521ddb7294fa">
    </UnitTestResult>
    <UnitTestResult executionId="b3af16da-e072-4652-91b2-db18c6f2f53f" testId="6afa35ae-36cd-2322-b1a0-985170fa6c39" testName="IntEntityEqualsWithSameEntityReturnTrue" computerName="ICINETICJHB" duration="00:00:00.0003562" startTime="2014-04-18T13:51:10.2031169+02:00" endTime="2014-04-18T13:51:10.2051174+02:00" testType="13cdc9d9-ddb5-4fa4-a97d-d965ccfc6d4b" outcome="Passed" testListId="8c84fa94-04c1-424b-9868-57a2d4851a1d" relativeResultsDirectory="b3af16da-e072-4652-91b2-db18c6f2f53f">
    </UnitTestResult>
    <UnitTestResult executionId="803bc78b-16c6-411b-baf9-c057a50a93ad" testId="6d00cb18-6da1-8f1c-bc52-1100717fe9e3" testName="IntEntityEqualsWithTwoSetedDifferentIdSameEntitiesTypeReturnFalse" computerName="ICINETICJHB" duration="00:00:00.0001492" startTime="2014-04-18T13:51:10.2051174+02:00" endTime="2014-04-18T13:51:10.2071162+02:00" testType="13cdc9d9-ddb5-4fa4-a97d-d965ccfc6d4b" outcome="Passed" testListId="8c84fa94-04c1-424b-9868-57a2d4851a1d" relativeResultsDirectory="803bc78b-16c6-411b-baf9-c057a50a93ad">
    </UnitTestResult>
    <UnitTestResult executionId="971d94b9-0e63-4982-aa16-5942a968c945" testId="861bbbdf-9e17-619d-89af-8b7fa4a205e7" testName="ValidatableEntityGuidEqualsWithTwoNullsEntitiesDifferentTypeReturnFalse" computerName="ICINETICJHB" duration="00:00:00.0002108" startTime="2014-04-18T13:51:10.2081173+02:00" endTime="2014-04-18T13:51:10.2091175+02:00" testType="13cdc9d9-ddb5-4fa4-a97d-d965ccfc6d4b" outcome="Passed" testListId="8c84fa94-04c1-424b-9868-57a2d4851a1d" relativeResultsDirectory="971d94b9-0e63-4982-aa16-5942a968c945">
    </UnitTestResult>
    <UnitTestResult executionId="907fed74-5362-48ba-abfa-8a22b7865fb1" testId="8cdf0b73-2a1d-fb4d-b0bf-87142530870b" testName="IntEntityEqualsWithTwoSetedIdDifferentEntitiesTypeReturnFalse" computerName="ICINETICJHB" duration="00:00:00.0002792" startTime="2014-04-18T13:51:10.2101160+02:00" endTime="2014-04-18T13:51:10.2121170+02:00" testType="13cdc9d9-ddb5-4fa4-a97d-d965ccfc6d4b" outcome="Passed" testListId="8c84fa94-04c1-424b-9868-57a2d4851a1d" relativeResultsDirectory="907fed74-5362-48ba-abfa-8a22b7865fb1">
    </UnitTestResult>
    <UnitTestResult executionId="b3df8c5a-1a49-4b2c-87c9-18b6fc295d28" testId="8ce58482-7d3e-3e19-80e5-4b965e8f5059" testName="EqualsWithNestedDifferentValueObjectReturnFalse" computerName="ICINETICJHB" duration="00:00:00.0014180" startTime="2014-04-18T13:51:10.2131172+02:00" endTime="2014-04-18T13:51:10.2161166+02:00" testType="13cdc9d9-ddb5-4fa4-a97d-d965ccfc6d4b" outcome="Passed" testListId="8c84fa94-04c1-424b-9868-57a2d4851a1d" relativeResultsDirectory="b3df8c5a-1a49-4b2c-87c9-18b6fc295d28">
    </UnitTestResult>
    <UnitTestResult executionId="1779ad7c-0dd4-4947-aba7-01c6a9d446ac" testId="8e4820fb-b11f-6f11-e59d-db0467de1040" testName="GuidEntityTransientNewEntitieReturnTrue" computerName="ICINETICJHB" duration="00:00:00.0001432" startTime="2014-04-18T13:51:10.2161166+02:00" endTime="2014-04-18T13:51:10.2181171+02:00" testType="13cdc9d9-ddb5-4fa4-a97d-d965ccfc6d4b" outcome="Passed" testListId="8c84fa94-04c1-424b-9868-57a2d4851a1d" relativeResultsDirectory="1779ad7c-0dd4-4947-aba7-01c6a9d446ac">
    </UnitTestResult>
    <UnitTestResult executionId="9ca79a64-eaa4-4034-b5d0-1e6e98e9787f" testId="982f7fbb-ba3f-33fd-9fa4-3f5b26be6e74" testName="ValidatableEntityGuidEqualsWithTwoNullsEntitiesSameTypeReturnTrue" computerName="ICINETICJHB" duration="00:00:00.0001355" startTime="2014-04-18T13:51:10.2181171+02:00" endTime="2014-04-18T13:51:10.2201180+02:00" testType="13cdc9d9-ddb5-4fa4-a97d-d965ccfc6d4b" outcome="Passed" testListId="8c84fa94-04c1-424b-9868-57a2d4851a1d" relativeResultsDirectory="9ca79a64-eaa4-4034-b5d0-1e6e98e9787f">
    </UnitTestResult>
    <UnitTestResult executionId="e9e0aa15-52b2-433b-b471-77bec29d9b55" testId="9d14cf3b-400a-419e-62e5-56cdb51cd8d7" testName="EqualsWithOneNullValueObjectReturnFalse" computerName="ICINETICJHB" duration="00:00:00.0001971" startTime="2014-04-18T13:51:10.2211178+02:00" endTime="2014-04-18T13:51:10.2231175+02:00" testType="13cdc9d9-ddb5-4fa4-a97d-d965ccfc6d4b" outcome="Passed" testListId="8c84fa94-04c1-424b-9868-57a2d4851a1d" relativeResultsDirectory="e9e0aa15-52b2-433b-b471-77bec29d9b55">
    </UnitTestResult>
    <UnitTestResult executionId="b9c607f1-8393-4272-b722-76925b638c4b" testId="a5143e69-78bd-03a5-f82d-50e4014f386a" testName="EqualsWithTwoTransientEntitiesReturnFalse" computerName="ICINETICJHB" duration="00:00:00.0005700" startTime="2014-04-18T13:51:10.2241177+02:00" endTime="2014-04-18T13:51:10.2261182+02:00" testType="13cdc9d9-ddb5-4fa4-a97d-d965ccfc6d4b" outcome="Passed" testListId="8c84fa94-04c1-424b-9868-57a2d4851a1d" relativeResultsDirectory="b9c607f1-8393-4272-b722-76925b638c4b">
    </UnitTestResult>
    <UnitTestResult executionId="8235a660-17f1-42db-8586-26d2deee60fe" testId="a5173249-e457-2bae-6188-e07755a468f1" testName="GuidEntityEqualsWithTwoNullsEntitiesDifferentTypeReturnFalse" computerName="ICINETICJHB" duration="00:00:00.0002163" startTime="2014-04-18T13:51:10.2261182+02:00" endTime="2014-04-18T13:51:10.2281187+02:00" testType="13cdc9d9-ddb5-4fa4-a97d-d965ccfc6d4b" outcome="Passed" testListId="8c84fa94-04c1-424b-9868-57a2d4851a1d" relativeResultsDirectory="8235a660-17f1-42db-8586-26d2deee60fe">
    </UnitTestResult>
    <UnitTestResult executionId="b8c3403b-07b8-4ea0-8d31-a5be0d4467ac" testId="acb83358-09d2-a381-f0d9-d70c2ace47a8" testName="IntEntityEqualsWithTwoSetedSameIdSameEntitiesTypeReturnFalse" computerName="ICINETICJHB" duration="00:00:00.0001595" startTime="2014-04-18T13:51:10.2291176+02:00" endTime="2014-04-18T13:51:10.2301187+02:00" testType="13cdc9d9-ddb5-4fa4-a97d-d965ccfc6d4b" outcome="Passed" testListId="8c84fa94-04c1-424b-9868-57a2d4851a1d" relativeResultsDirectory="b8c3403b-07b8-4ea0-8d31-a5be0d4467ac">
    </UnitTestResult>
    <UnitTestResult executionId="b5dd0cec-a70c-4651-b320-642c897b3808" testId="b1a88be6-0573-6eb0-e0ba-a476ebddfcc3" testName="EqualsWithTwoNullsEntitiesDifferentTypeReturnFalse" computerName="ICINETICJHB" duration="00:00:00.0002005" startTime="2014-04-18T13:51:10.2311185+02:00" endTime="2014-04-18T13:51:10.2331186+02:00" testType="13cdc9d9-ddb5-4fa4-a97d-d965ccfc6d4b" outcome="Passed" testListId="8c84fa94-04c1-424b-9868-57a2d4851a1d" relativeResultsDirectory="b5dd0cec-a70c-4651-b320-642c897b3808">
    </UnitTestResult>
    <UnitTestResult executionId="2aa15bb3-902f-4192-a143-66631ad19054" testId="b202aa4d-65bf-bc8d-820d-b2b2651d5544" testName="GuidEntityEqualsWithSameTransientEntitieReturnTrue" computerName="ICINETICJHB" duration="00:00:00.0001924" startTime="2014-04-18T13:51:10.2331186+02:00" endTime="2014-04-18T13:51:10.2361180+02:00" testType="13cdc9d9-ddb5-4fa4-a97d-d965ccfc6d4b" outcome="Passed" testListId="8c84fa94-04c1-424b-9868-57a2d4851a1d" relativeResultsDirectory="2aa15bb3-902f-4192-a143-66631ad19054">
    </UnitTestResult>
    <UnitTestResult executionId="ad55f940-b453-46c5-87d2-18d9cc0ba129" testId="b53f3b4e-80dd-ada9-22f9-683ce813b819" testName="ValidatableEntityGuidEqualsWithOneNullEntityReturnFalse" computerName="ICINETICJHB" duration="00:00:00.0001321" startTime="2014-04-18T13:51:10.2361180+02:00" endTime="2014-04-18T13:51:10.2381189+02:00" testType="13cdc9d9-ddb5-4fa4-a97d-d965ccfc6d4b" outcome="Passed" testListId="8c84fa94-04c1-424b-9868-57a2d4851a1d" relativeResultsDirectory="ad55f940-b453-46c5-87d2-18d9cc0ba129">
    </UnitTestResult>
    <UnitTestResult executionId="d6c3e5d9-3c90-473c-bfe5-b7cd8a1c31d8" testId="b6e2ea1d-beee-09a0-2102-a1602abebdcc" testName="GuidEntityEqualsWithTwoNullsEntitiesSameTypeReturnTrue" computerName="ICINETICJHB" duration="00:00:00.0001466" startTime="2014-04-18T13:51:10.2381189+02:00" endTime="2014-04-18T13:51:10.2401186+02:00" testType="13cdc9d9-ddb5-4fa4-a97d-d965ccfc6d4b" outcome="Passed" testListId="8c84fa94-04c1-424b-9868-57a2d4851a1d" relativeResultsDirectory="d6c3e5d9-3c90-473c-bfe5-b7cd8a1c31d8">
    </UnitTestResult>
    <UnitTestResult executionId="cc231a34-c0c3-4d18-876f-8f6d11c258a7" testId="be2066fd-b436-06cd-97b4-c7078e10e0f4" testName="EqualsWithEqualsValueObjectsReturnTrue" computerName="ICINETICJHB" duration="00:00:00.0002044" startTime="2014-04-18T13:51:10.2411180+02:00" endTime="2014-04-18T13:51:10.2431184+02:00" testType="13cdc9d9-ddb5-4fa4-a97d-d965ccfc6d4b" outcome="Passed" testListId="8c84fa94-04c1-424b-9868-57a2d4851a1d" relativeResultsDirectory="cc231a34-c0c3-4d18-876f-8f6d11c258a7">
    </UnitTestResult>
    <UnitTestResult executionId="94f5ab6b-4d59-44e8-9683-09a35f7e1633" testId="c4b00738-bd81-d4dd-934a-1f8ce1e5a004" testName="EqualsWithEmptyValueObjectsReturnTrue" computerName="ICINETICJHB" duration="00:00:00.0002223" startTime="2014-04-18T13:51:10.2431184+02:00" endTime="2014-04-18T13:51:10.2461187+02:00" testType="13cdc9d9-ddb5-4fa4-a97d-d965ccfc6d4b" outcome="Passed" testListId="8c84fa94-04c1-424b-9868-57a2d4851a1d" relativeResultsDirectory="94f5ab6b-4d59-44e8-9683-09a35f7e1633">
    </UnitTestResult>
    <UnitTestResult executionId="59184530-830d-4fbf-a666-2e42f083564b" testId="c88e308d-c412-3989-03a6-4812dd297cad" testName="EqualsWithNestedDifferentRootValueObjectReturnFalse" computerName="ICINETICJHB" duration="00:00:00.0003536" startTime="2014-04-18T13:51:10.2461187+02:00" endTime="2014-04-18T13:51:10.2481188+02:00" testType="13cdc9d9-ddb5-4fa4-a97d-d965ccfc6d4b" outcome="Passed" testListId="8c84fa94-04c1-424b-9868-57a2d4851a1d" relativeResultsDirectory="59184530-830d-4fbf-a666-2e42f083564b">
    </UnitTestResult>
    <UnitTestResult executionId="734ef3d8-8333-488c-8433-ad24f5e6fefc" testId="cf73ad5c-bdd1-7dfc-d924-ad996d77b595" testName="IntEntityTransientNewEntitieReturnTrue" computerName="ICINETICJHB" duration="00:00:00.0001428" startTime="2014-04-18T13:51:10.2491190+02:00" endTime="2014-04-18T13:51:10.2511191+02:00" testType="13cdc9d9-ddb5-4fa4-a97d-d965ccfc6d4b" outcome="Passed" testListId="8c84fa94-04c1-424b-9868-57a2d4851a1d" relativeResultsDirectory="734ef3d8-8333-488c-8433-ad24f5e6fefc">
    </UnitTestResult>
    <UnitTestResult executionId="91bf4d38-7c1c-4d8c-981b-09a63b798651" testId="cfcea3e5-0964-8d2b-bd64-154d5273ea8f" testName="EqualsWithNestedValueObjectReturnTrue" computerName="ICINETICJHB" duration="00:00:00.0002715" startTime="2014-04-18T13:51:10.2511191+02:00" endTime="2014-04-18T13:51:10.2531191+02:00" testType="13cdc9d9-ddb5-4fa4-a97d-d965ccfc6d4b" outcome="Passed" testListId="8c84fa94-04c1-424b-9868-57a2d4851a1d" relativeResultsDirectory="91bf4d38-7c1c-4d8c-981b-09a63b798651">
    </UnitTestResult>
    <UnitTestResult executionId="8898ce82-448a-420b-9d11-a7a0cdd79001" testId="d72373c0-a703-cca6-215c-a78aa85313eb" testName="IntEntityEqualsWithTwoNullsEntitiesSameTypeReturnTrue" computerName="ICINETICJHB" duration="00:00:00.0001706" startTime="2014-04-18T13:51:10.2531191+02:00" endTime="2014-04-18T13:51:10.2561194+02:00" testType="13cdc9d9-ddb5-4fa4-a97d-d965ccfc6d4b" outcome="Passed" testListId="8c84fa94-04c1-424b-9868-57a2d4851a1d" relativeResultsDirectory="8898ce82-448a-420b-9d11-a7a0cdd79001">
    </UnitTestResult>
    <UnitTestResult executionId="689eb7cd-da3c-4da2-84c0-0aba27e72d39" testId="df70d1db-0b89-8d5b-f3c3-11fdd92fed5b" testName="IntEntityEqualsWithSameTransientEntitieReturnTrue" computerName="ICINETICJHB" duration="00:00:00.0001967" startTime="2014-04-18T13:51:10.2561194+02:00" endTime="2014-04-18T13:51:10.2581199+02:00" testType="13cdc9d9-ddb5-4fa4-a97d-d965ccfc6d4b" outcome="Passed" testListId="8c84fa94-04c1-424b-9868-57a2d4851a1d" relativeResultsDirectory="689eb7cd-da3c-4da2-84c0-0aba27e72d39">
    </UnitTestResult>
    <UnitTestResult executionId="19151597-fb48-4aa5-b375-b72ba4b512e1" testId="ea0a69ac-2bb3-b9d1-b8f7-0e625a29c014" testName="StringEqualsWithOneNullEntityReturnFalse" computerName="ICINETICJHB" duration="00:00:00.0001898" startTime="2014-04-18T13:51:10.2591201+02:00" endTime="2014-04-18T13:51:10.2611198+02:00" testType="13cdc9d9-ddb5-4fa4-a97d-d965ccfc6d4b" outcome="Passed" testListId="8c84fa94-04c1-424b-9868-57a2d4851a1d" relativeResultsDirectory="19151597-fb48-4aa5-b375-b72ba4b512e1">
    </UnitTestResult>
    <UnitTestResult executionId="608a9a5f-92cc-4b65-8643-d44d073e7511" testId="ecb2ec12-6d55-4737-3f23-78b2cd9e5a1c" testName="IntEntityTransientNewEntitieReturnTrue" computerName="ICINETICJHB" duration="00:00:00.0001364" startTime="2014-04-18T13:51:10.2621200+02:00" endTime="2014-04-18T13:51:10.2631198+02:00" testType="13cdc9d9-ddb5-4fa4-a97d-d965ccfc6d4b" outcome="Passed" testListId="8c84fa94-04c1-424b-9868-57a2d4851a1d" relativeResultsDirectory="608a9a5f-92cc-4b65-8643-d44d073e7511">
    </UnitTestResult>
    <UnitTestResult executionId="99a6639b-eb91-4f77-b882-c0ef4bbe3afa" testId="ed5ca231-a40d-1e94-d8cf-62620be065b2" testName="EqualsWithTwoNullsValueObjectsReturnTrue" computerName="ICINETICJHB" duration="00:00:00.0001770" startTime="2014-04-18T13:51:10.2641196+02:00" endTime="2014-04-18T13:51:10.2661201+02:00" testType="13cdc9d9-ddb5-4fa4-a97d-d965ccfc6d4b" outcome="Passed" testListId="8c84fa94-04c1-424b-9868-57a2d4851a1d" relativeResultsDirectory="99a6639b-eb91-4f77-b882-c0ef4bbe3afa">
    </UnitTestResult>
    <UnitTestResult executionId="3fb1012e-46a6-409b-8382-cdd9b78b4f7d" testId="ef418061-d4c4-2027-28ba-907376548f88" testName="IntEntityEqualsWithTwoTransientEntitiesReturnFalse" computerName="ICINETICJHB" duration="00:00:00.0001975" startTime="2014-04-18T13:51:10.2661201+02:00" endTime="2014-04-18T13:51:10.2681206+02:00" testType="13cdc9d9-ddb5-4fa4-a97d-d965ccfc6d4b" outcome="Passed" testListId="8c84fa94-04c1-424b-9868-57a2d4851a1d" relativeResultsDirectory="3fb1012e-46a6-409b-8382-cdd9b78b4f7d">
    </UnitTestResult>
    <UnitTestResult executionId="b290f523-07f9-4788-ad77-97468a1a3f6b" testId="f1db9089-b01e-e5ce-8721-8284d6363de2" testName="EqualsWithOneDifferentPropertyReturnFalse" computerName="ICINETICJHB" duration="00:00:00.0002458" startTime="2014-04-18T13:51:10.2691204+02:00" endTime="2014-04-18T13:51:10.2711200+02:00" testType="13cdc9d9-ddb5-4fa4-a97d-d965ccfc6d4b" outcome="Passed" testListId="8c84fa94-04c1-424b-9868-57a2d4851a1d" relativeResultsDirectory="b290f523-07f9-4788-ad77-97468a1a3f6b">
    </UnitTestResult>
    <UnitTestResult executionId="943d0a36-f17e-44f6-b4a5-2dae1d468c63" testId="f8a0681f-01a9-96fe-d3cb-5a7507e6aa1a" testName="StringEqualsWithSameTransientEntitieReturnTrue" computerName="ICINETICJHB" duration="00:00:00.0001783" startTime="2014-04-18T13:51:10.2721203+02:00" endTime="2014-04-18T13:51:10.2741203+02:00" testType="13cdc9d9-ddb5-4fa4-a97d-d965ccfc6d4b" outcome="Passed" testListId="8c84fa94-04c1-424b-9868-57a2d4851a1d" relativeResultsDirectory="943d0a36-f17e-44f6-b4a5-2dae1d468c63">
    </UnitTestResult>
  </Results>
</TestRun>