<?xml version="1.0" encoding="UTF-8"?>
<TestRun id="3ff91f50-ddae-4332-b4a8-8fcb0b3f9142" name="Javier@ICINETICJHB 2014-05-20 09:19:35" runUser="ICINETICJHB\Javier" xmlns="http://microsoft.com/schemas/VisualStudio/TeamTest/2010">
  <TestSettings name="Local" id="4178bfa7-869c-4013-9eae-b770f521a560">
    <Description>These are default test settings for a local test run.</Description>
    <Deployment userDeploymentRoot="D:\IDev\Inflexion2\10-Solutions\TestResults" useDefaultDeploymentRoot="false" enabled="false" runDeploymentRoot="Javier_ICINETICJHB 2014-05-20 09_19_35">
      <DeploymentItem filename="D:\IDev\Inflexion2\01-Framework\Proyectos\Asemblies\Debug\Inflexion2.dll" />
    </Deployment>
    <Execution>
      <TestTypeSpecific />
      <AgentRule name="Execution Agents">
      </AgentRule>
    </Execution>
  </TestSettings>
  <Times creation="2014-05-20T09:19:35.4336171+02:00" queuing="2014-05-20T09:19:40.1908958+02:00" start="2014-05-20T09:19:40.4149093+02:00" finish="2014-05-20T09:53:18.2691922+02:00" />
  <ResultSummary outcome="Error">
    <Counters total="1" executed="1" error="0" failed="0" timeout="0" aborted="1" inconclusive="0" passedButRunAborted="0" notRunnable="0" notExecuted="0" disconnected="0" warning="0" passed="0" completed="0" inProgress="0" pending="0" />
    <RunInfos>
      <RunInfo computerName="ICINETICJHB" outcome="Error" timestamp="2014-05-20T09:53:18.2691922+02:00">
        <Text>Test host process exited unexpectedly.</Text>
      </RunInfo>
    </RunInfos>
  </ResultSummary>
  <TestDefinitions>
    <UnitTest name="StringEqualsWithTwoTransientEntitiesReturnFalse" storage="d:\idev\inflexion2\03-testing\inflexion2.framework.testing\bin\debug\inflexion2.framework.testing.dll" id="4d2dabf7-6001-0f95-8269-92c41508bd3d">
      <Execution id="deee6019-556b-4c6b-8d47-1e924f378f45" />
      <TestMethod codeBase="D:/IDev/Inflexion2/03-Testing/Inflexion2.Framework.Testing/bin/Debug/Inflexion2.Framework.Testing.DLL" adapterTypeName="Microsoft.VisualStudio.TestTools.TestTypes.Unit.UnitTestAdapter, Microsoft.VisualStudio.QualityTools.Tips.UnitTest.Adapter, Version=10.0.0.0, Culture=neutral, PublicKeyToken=b03f5f7f11d50a3a" className="Inflexion2.Testing.StringEntityTransientTest, Inflexion2.Framework.Testing, Version=1.0.0.0, Culture=neutral, PublicKeyToken=null" name="StringEqualsWithTwoTransientEntitiesReturnFalse" />
    </UnitTest>
  </TestDefinitions>
  <TestLists>
    <TestList name="Results Not in a List" id="8c84fa94-04c1-424b-9868-57a2d4851a1d" />
    <TestList name="All Loaded Results" id="19431567-8539-422a-85d7-44ee4e166bda" />
  </TestLists>
  <TestEntries>
    <TestEntry testId="4d2dabf7-6001-0f95-8269-92c41508bd3d" executionId="deee6019-556b-4c6b-8d47-1e924f378f45" testListId="8c84fa94-04c1-424b-9868-57a2d4851a1d" />
  </TestEntries>
  <Results>
    <UnitTestResult executionId="deee6019-556b-4c6b-8d47-1e924f378f45" testId="4d2dabf7-6001-0f95-8269-92c41508bd3d" testName="StringEqualsWithTwoTransientEntitiesReturnFalse" computerName="ICINETICJHB" duration="00:33:37.5832675" startTime="2014-05-20T09:19:40.6859247+02:00" endTime="2014-05-20T09:53:18.2691922+02:00" testType="13cdc9d9-ddb5-4fa4-a97d-d965ccfc6d4b" outcome="Aborted" testListId="8c84fa94-04c1-424b-9868-57a2d4851a1d" relativeResultsDirectory="deee6019-556b-4c6b-8d47-1e924f378f45">
    </UnitTestResult>
  </Results>
</TestRun>