<?xml version="1.0" encoding="UTF-8"?>
<TestRun id="1cb61547-e2b7-4e16-9c0a-195ae388cae6" name="jhermoso@VS2010W8 2015-02-20 23:02:09" runUser="INFLEXION2\jhermoso" xmlns="http://microsoft.com/schemas/VisualStudio/TeamTest/2010">
  <TestSettings name="Local" id="4178bfa7-869c-4013-9eae-b770f521a560">
    <Description>These are default test settings for a local test run.</Description>
    <Deployment enabled="false" runDeploymentRoot="jhermoso_VS2010W8 2015-02-20 23_02_09">
      <DeploymentItem filename="C:\Pre\Atento\10-Solutions\packages\EntityFramework.6.1.1\lib\net40\EntityFramework.SqlServer.dll" />
      <DeploymentItem filename="C:\Pre\Atento\00-Assemblies\Debug\Inflexion2.EF.dll" />
      <DeploymentItem filename="C:\Program Files (x86)\Microsoft Unity Application Block 2.1\Bin\Microsoft.Practices.ServiceLocation.dll" />
      <DeploymentItem filename="C:\Pre\Atento\00-Assemblies\Debug\Inflexion2.dll" />
      <DeploymentItem filename="C:\Pre\Atento\00-Assemblies\Debug\Atento.Suite.Shared.Domain.Data.dll" />
      <DeploymentItem filename="C:\Pre\Atento\00-Assemblies\Debug\Atento.Suite.Shared.Infrastructure.dll" />
      <DeploymentItem filename="C:\Pre\Atento\10-Solutions\packages\EntityFramework.6.1.1\lib\net40\EntityFramework.dll" />
      <DeploymentItem filename="C:\Pre\Atento\00-Assemblies\Debug\Inflexion2.Resources.dll" />
      <DeploymentItem filename="C:\Pre\Atento\00-Assemblies\Debug\Atento.Suite.Shared.Domain.dll" />
      <DeploymentItem filename="C:\Program Files (x86)\Microsoft Unity Application Block 2.1\Bin\Microsoft.Practices.Unity.dll" />
    </Deployment>
    <Execution>
      <TestTypeSpecific />
      <AgentRule name="Execution Agents">
      </AgentRule>
    </Execution>
  </TestSettings>
  <Times creation="2015-02-20T23:02:09.2752154+01:00" queuing="2015-02-20T23:02:09.4470902+01:00" start="2015-02-20T23:02:09.4783403+01:00" finish="2015-02-20T23:02:12.4627149+01:00" />
  <ResultSummary outcome="Completed">
    <Counters total="50" executed="50" passed="50" error="0" failed="0" timeout="0" aborted="0" inconclusive="0" passedButRunAborted="0" notRunnable="0" notExecuted="0" disconnected="0" warning="0" completed="0" inProgress="0" pending="0" />
  </ResultSummary>
  <TestDefinitions>
    <UnitTest name="IntEntityEqualsWithTwoNullsEntitiesDifferentTypeReturnFalse" storage="c:\pre\atento\00-assemblies\debug\inflexion2.framework.testing.dll" id="55745a3e-cb76-ce47-5e1c-cb4863c8cc88">
      <Execution id="59e96951-6482-4399-a763-f5705a2f696c" />
      <TestMethod codeBase="C:/Pre/Atento/00-Assemblies/Debug/Inflexion2.Framework.Testing.DLL" adapterTypeName="Microsoft.VisualStudio.TestTools.TestTypes.Unit.UnitTestAdapter, Microsoft.VisualStudio.QualityTools.Tips.UnitTest.Adapter, Version=10.0.0.0, Culture=neutral, PublicKeyToken=b03f5f7f11d50a3a" className="Inflexion2.Testing.EntityTransientTest, Inflexion2.Framework.Testing, Version=1.0.0.0, Culture=neutral, PublicKeyToken=aa5767c617d84bc0" name="IntEntityEqualsWithTwoNullsEntitiesDifferentTypeReturnFalse" />
    </UnitTest>
    <UnitTest name="GuidEntityEqualsWithOneNullEntityReturnFalse" storage="c:\pre\atento\00-assemblies\debug\inflexion2.framework.testing.dll" id="5c01ed2f-cfa6-faf5-80ee-7526386e5bcb">
      <Execution id="3cdbf2c5-c86e-4955-ae97-00f375ac7a7b" />
      <TestMethod codeBase="C:/Pre/Atento/00-Assemblies/Debug/Inflexion2.Framework.Testing.DLL" adapterTypeName="Microsoft.VisualStudio.TestTools.TestTypes.Unit.UnitTestAdapter, Microsoft.VisualStudio.QualityTools.Tips.UnitTest.Adapter, Version=10.0.0.0, Culture=neutral, PublicKeyToken=b03f5f7f11d50a3a" className="Inflexion2.Testing.GuidEntityTransientTest, Inflexion2.Framework.Testing, Version=1.0.0.0, Culture=neutral, PublicKeyToken=aa5767c617d84bc0" name="GuidEntityEqualsWithOneNullEntityReturnFalse" />
    </UnitTest>
    <UnitTest name="IntEntityTransientNewEntitieReturnTrue" storage="c:\pre\atento\00-assemblies\debug\inflexion2.framework.testing.dll" id="5e48c4a4-9c69-9469-0648-a457e4f881b1">
      <Execution id="272c81d4-74e9-4e99-91c9-8e1b2e82ffce" />
      <TestMethod codeBase="C:/Pre/Atento/00-Assemblies/Debug/Inflexion2.Framework.Testing.DLL" adapterTypeName="Microsoft.VisualStudio.TestTools.TestTypes.Unit.UnitTestAdapter, Microsoft.VisualStudio.QualityTools.Tips.UnitTest.Adapter, Version=10.0.0.0, Culture=neutral, PublicKeyToken=b03f5f7f11d50a3a" className="Inflexion2.Testing.IntEntityTransientTest, Inflexion2.Framework.Testing, Version=1.0.0.0, Culture=neutral, PublicKeyToken=aa5767c617d84bc0" name="IntEntityTransientNewEntitieReturnTrue" />
    </UnitTest>
    <UnitTest name="IntEntityEqualsWithSameTransientEntitieReturnTrue" storage="c:\pre\atento\00-assemblies\debug\inflexion2.framework.testing.dll" id="ebdf5570-fee7-71a9-954c-39a44616bfc0">
      <Execution id="432d315f-a8d6-44fe-8669-54b6a242b177" />
      <TestMethod codeBase="C:/Pre/Atento/00-Assemblies/Debug/Inflexion2.Framework.Testing.DLL" adapterTypeName="Microsoft.VisualStudio.TestTools.TestTypes.Unit.UnitTestAdapter, Microsoft.VisualStudio.QualityTools.Tips.UnitTest.Adapter, Version=10.0.0.0, Culture=neutral, PublicKeyToken=b03f5f7f11d50a3a" className="Inflexion2.Testing.IntEntityTransientTest, Inflexion2.Framework.Testing, Version=1.0.0.0, Culture=neutral, PublicKeyToken=aa5767c617d84bc0" name="IntEntityEqualsWithSameTransientEntitieReturnTrue" />
    </UnitTest>
    <UnitTest name="EqualsWithNestedDifferentRootValueObjectReturnFalse" storage="c:\pre\atento\00-assemblies\debug\inflexion2.framework.testing.dll" id="c88e308d-c412-3989-03a6-4812dd297cad">
      <Execution id="6d0f5e30-195e-4ada-8a52-5398ca6546d9" />
      <TestMethod codeBase="C:/Pre/Atento/00-Assemblies/Debug/Inflexion2.Framework.Testing.DLL" adapterTypeName="Microsoft.VisualStudio.TestTools.TestTypes.Unit.UnitTestAdapter, Microsoft.VisualStudio.QualityTools.Tips.UnitTest.Adapter, Version=10.0.0.0, Culture=neutral, PublicKeyToken=b03f5f7f11d50a3a" className="Inflexion2.Testing.EqualityValueObject, Inflexion2.Framework.Testing, Version=1.0.0.0, Culture=neutral, PublicKeyToken=aa5767c617d84bc0" name="EqualsWithNestedDifferentRootValueObjectReturnFalse" />
    </UnitTest>
    <UnitTest name="GuidEntityTransientNewEntitieReturnTrue" storage="c:\pre\atento\00-assemblies\debug\inflexion2.framework.testing.dll" id="8e4820fb-b11f-6f11-e59d-db0467de1040">
      <Execution id="e05a1d81-a365-451b-8f2b-4dbe50b5051d" />
      <TestMethod codeBase="C:/Pre/Atento/00-Assemblies/Debug/Inflexion2.Framework.Testing.DLL" adapterTypeName="Microsoft.VisualStudio.TestTools.TestTypes.Unit.UnitTestAdapter, Microsoft.VisualStudio.QualityTools.Tips.UnitTest.Adapter, Version=10.0.0.0, Culture=neutral, PublicKeyToken=b03f5f7f11d50a3a" className="Inflexion2.Testing.GuidEntityTransientTest, Inflexion2.Framework.Testing, Version=1.0.0.0, Culture=neutral, PublicKeyToken=aa5767c617d84bc0" name="GuidEntityTransientNewEntitieReturnTrue" />
    </UnitTest>
    <UnitTest name="IntEntityEqualsWithOneNullEntityReturnFalse" storage="c:\pre\atento\00-assemblies\debug\inflexion2.framework.testing.dll" id="ab5febae-4b86-5540-aa00-427d834f1128">
      <Execution id="8120ca9b-a25b-4a13-a536-1baf169a45fe" />
      <TestMethod codeBase="C:/Pre/Atento/00-Assemblies/Debug/Inflexion2.Framework.Testing.DLL" adapterTypeName="Microsoft.VisualStudio.TestTools.TestTypes.Unit.UnitTestAdapter, Microsoft.VisualStudio.QualityTools.Tips.UnitTest.Adapter, Version=10.0.0.0, Culture=neutral, PublicKeyToken=b03f5f7f11d50a3a" className="Inflexion2.Testing.IntEntityTransientTest, Inflexion2.Framework.Testing, Version=1.0.0.0, Culture=neutral, PublicKeyToken=aa5767c617d84bc0" name="IntEntityEqualsWithOneNullEntityReturnFalse" />
    </UnitTest>
    <UnitTest name="EqualsWithNestedValueObjectReturnTrue" storage="c:\pre\atento\00-assemblies\debug\inflexion2.framework.testing.dll" id="cfcea3e5-0964-8d2b-bd64-154d5273ea8f">
      <Execution id="46011253-cfc2-4b09-9143-ece98ce9226b" />
      <TestMethod codeBase="C:/Pre/Atento/00-Assemblies/Debug/Inflexion2.Framework.Testing.DLL" adapterTypeName="Microsoft.VisualStudio.TestTools.TestTypes.Unit.UnitTestAdapter, Microsoft.VisualStudio.QualityTools.Tips.UnitTest.Adapter, Version=10.0.0.0, Culture=neutral, PublicKeyToken=b03f5f7f11d50a3a" className="Inflexion2.Testing.EqualityValueObject, Inflexion2.Framework.Testing, Version=1.0.0.0, Culture=neutral, PublicKeyToken=aa5767c617d84bc0" name="EqualsWithNestedValueObjectReturnTrue" />
    </UnitTest>
    <UnitTest name="StringEqualsWithSameTransientEntitieReturnTrue" storage="c:\pre\atento\00-assemblies\debug\inflexion2.framework.testing.dll" id="f8a0681f-01a9-96fe-d3cb-5a7507e6aa1a">
      <Execution id="8dda0001-4689-41ac-bb54-a36971b9fa27" />
      <TestMethod codeBase="C:/Pre/Atento/00-Assemblies/Debug/Inflexion2.Framework.Testing.DLL" adapterTypeName="Microsoft.VisualStudio.TestTools.TestTypes.Unit.UnitTestAdapter, Microsoft.VisualStudio.QualityTools.Tips.UnitTest.Adapter, Version=10.0.0.0, Culture=neutral, PublicKeyToken=b03f5f7f11d50a3a" className="Inflexion2.Testing.StringEntityTransientTest, Inflexion2.Framework.Testing, Version=1.0.0.0, Culture=neutral, PublicKeyToken=aa5767c617d84bc0" name="StringEqualsWithSameTransientEntitieReturnTrue" />
    </UnitTest>
    <UnitTest name="EqualsWithEqualsValueObjectsReturnTrue" storage="c:\pre\atento\00-assemblies\debug\inflexion2.framework.testing.dll" id="be2066fd-b436-06cd-97b4-c7078e10e0f4">
      <Execution id="f942158a-685d-44a2-b284-b7347da25b97" />
      <TestMethod codeBase="C:/Pre/Atento/00-Assemblies/Debug/Inflexion2.Framework.Testing.DLL" adapterTypeName="Microsoft.VisualStudio.TestTools.TestTypes.Unit.UnitTestAdapter, Microsoft.VisualStudio.QualityTools.Tips.UnitTest.Adapter, Version=10.0.0.0, Culture=neutral, PublicKeyToken=b03f5f7f11d50a3a" className="Inflexion2.Testing.EqualityValueObject, Inflexion2.Framework.Testing, Version=1.0.0.0, Culture=neutral, PublicKeyToken=aa5767c617d84bc0" name="EqualsWithEqualsValueObjectsReturnTrue" />
    </UnitTest>
    <UnitTest name="IntEntityEqualsWithTwoSetedDifferentIdSameEntitiesTypeReturnFalse" storage="c:\pre\atento\00-assemblies\debug\inflexion2.framework.testing.dll" id="6d00cb18-6da1-8f1c-bc52-1100717fe9e3">
      <Execution id="5050e4dd-91a9-41be-9636-5f1679e25640" />
      <TestMethod codeBase="C:/Pre/Atento/00-Assemblies/Debug/Inflexion2.Framework.Testing.DLL" adapterTypeName="Microsoft.VisualStudio.TestTools.TestTypes.Unit.UnitTestAdapter, Microsoft.VisualStudio.QualityTools.Tips.UnitTest.Adapter, Version=10.0.0.0, Culture=neutral, PublicKeyToken=b03f5f7f11d50a3a" className="Inflexion2.Testing.EntityTransientTest, Inflexion2.Framework.Testing, Version=1.0.0.0, Culture=neutral, PublicKeyToken=aa5767c617d84bc0" name="IntEntityEqualsWithTwoSetedDifferentIdSameEntitiesTypeReturnFalse" />
    </UnitTest>
    <UnitTest name="EqualsWithTwoNullsEntitiesDifferentTypeReturnFalse" storage="c:\pre\atento\00-assemblies\debug\inflexion2.framework.testing.dll" id="b1a88be6-0573-6eb0-e0ba-a476ebddfcc3">
      <Execution id="2f63fa92-4e0e-4de2-b88c-4742babc05a8" />
      <TestMethod codeBase="C:/Pre/Atento/00-Assemblies/Debug/Inflexion2.Framework.Testing.DLL" adapterTypeName="Microsoft.VisualStudio.TestTools.TestTypes.Unit.UnitTestAdapter, Microsoft.VisualStudio.QualityTools.Tips.UnitTest.Adapter, Version=10.0.0.0, Culture=neutral, PublicKeyToken=b03f5f7f11d50a3a" className="Inflexion2.Testing.AuditableEntityTransientTest, Inflexion2.Framework.Testing, Version=1.0.0.0, Culture=neutral, PublicKeyToken=aa5767c617d84bc0" name="EqualsWithTwoNullsEntitiesDifferentTypeReturnFalse" />
    </UnitTest>
    <UnitTest name="IntEntityEqualsWithTwoSetedSameIdSameEntitiesTypeReturnFalse" storage="c:\pre\atento\00-assemblies\debug\inflexion2.framework.testing.dll" id="afa4d5fe-5adf-b232-4499-e60da535e51b">
      <Execution id="bdf86747-62e6-4284-9c25-4b9e9a70ffe4" />
      <TestMethod codeBase="C:/Pre/Atento/00-Assemblies/Debug/Inflexion2.Framework.Testing.DLL" adapterTypeName="Microsoft.VisualStudio.TestTools.TestTypes.Unit.UnitTestAdapter, Microsoft.VisualStudio.QualityTools.Tips.UnitTest.Adapter, Version=10.0.0.0, Culture=neutral, PublicKeyToken=b03f5f7f11d50a3a" className="Inflexion2.Testing.IntEntityTransientTest, Inflexion2.Framework.Testing, Version=1.0.0.0, Culture=neutral, PublicKeyToken=aa5767c617d84bc0" name="IntEntityEqualsWithTwoSetedSameIdSameEntitiesTypeReturnFalse" />
    </UnitTest>
    <UnitTest name="ValidatableEntityGuidEqualsWithOneNullEntityReturnFalse" storage="c:\pre\atento\00-assemblies\debug\inflexion2.framework.testing.dll" id="b53f3b4e-80dd-ada9-22f9-683ce813b819">
      <Execution id="184ecb20-f2a0-475f-9eaa-67f3b603d8a9" />
      <TestMethod codeBase="C:/Pre/Atento/00-Assemblies/Debug/Inflexion2.Framework.Testing.DLL" adapterTypeName="Microsoft.VisualStudio.TestTools.TestTypes.Unit.UnitTestAdapter, Microsoft.VisualStudio.QualityTools.Tips.UnitTest.Adapter, Version=10.0.0.0, Culture=neutral, PublicKeyToken=b03f5f7f11d50a3a" className="Inflexion2.Testing.ValidatableEntityTransientTest, Inflexion2.Framework.Testing, Version=1.0.0.0, Culture=neutral, PublicKeyToken=aa5767c617d84bc0" name="ValidatableEntityGuidEqualsWithOneNullEntityReturnFalse" />
    </UnitTest>
    <UnitTest name="IntEntityEqualsWithTwoNullsEntitiesDifferentTypeReturnFalse" storage="c:\pre\atento\00-assemblies\debug\inflexion2.framework.testing.dll" id="b73c4168-36b3-829e-62df-12b0e1f8a7bd">
      <Execution id="b8a90f09-9fad-4a12-8254-1ee83ee011da" />
      <TestMethod codeBase="C:/Pre/Atento/00-Assemblies/Debug/Inflexion2.Framework.Testing.DLL" adapterTypeName="Microsoft.VisualStudio.TestTools.TestTypes.Unit.UnitTestAdapter, Microsoft.VisualStudio.QualityTools.Tips.UnitTest.Adapter, Version=10.0.0.0, Culture=neutral, PublicKeyToken=b03f5f7f11d50a3a" className="Inflexion2.Testing.IntEntityTransientTest, Inflexion2.Framework.Testing, Version=1.0.0.0, Culture=neutral, PublicKeyToken=aa5767c617d84bc0" name="IntEntityEqualsWithTwoNullsEntitiesDifferentTypeReturnFalse" />
    </UnitTest>
    <UnitTest name="IntEntityEqualsWithSameTransientEntitieReturnTrue" storage="c:\pre\atento\00-assemblies\debug\inflexion2.framework.testing.dll" id="df70d1db-0b89-8d5b-f3c3-11fdd92fed5b">
      <Execution id="4ca02105-d2db-4b78-8c14-2c38ad9c3756" />
      <TestMethod codeBase="C:/Pre/Atento/00-Assemblies/Debug/Inflexion2.Framework.Testing.DLL" adapterTypeName="Microsoft.VisualStudio.TestTools.TestTypes.Unit.UnitTestAdapter, Microsoft.VisualStudio.QualityTools.Tips.UnitTest.Adapter, Version=10.0.0.0, Culture=neutral, PublicKeyToken=b03f5f7f11d50a3a" className="Inflexion2.Testing.EntityTransientTest, Inflexion2.Framework.Testing, Version=1.0.0.0, Culture=neutral, PublicKeyToken=aa5767c617d84bc0" name="IntEntityEqualsWithSameTransientEntitieReturnTrue" />
    </UnitTest>
    <UnitTest name="DataBaseCreateTest" storage="c:\pre\atento\00-assemblies\debug\atento.suite.shared.test.infrastructurelayer.dll" id="95787c3c-6507-dc90-c659-37e58279fd46">
      <Execution id="2b8d76c6-2fac-4a61-b8ea-ea45109e1784" />
      <TestMethod codeBase="C:/Pre/Atento/00-Assemblies/Debug/Atento.Suite.Shared.Test.InfrastructureLayer.DLL" adapterTypeName="Microsoft.VisualStudio.TestTools.TestTypes.Unit.UnitTestAdapter, Microsoft.VisualStudio.QualityTools.Tips.UnitTest.Adapter, Version=10.0.0.0, Culture=neutral, PublicKeyToken=b03f5f7f11d50a3a" className="Atento.Suite.Shared.Test.InfrastructureLayer.SharedCreateDaBase, Atento.Suite.Shared.Test.InfrastructureLayer, Version=1.0.0.0, Culture=neutral, PublicKeyToken=null" name="DataBaseCreateTest" />
    </UnitTest>
    <UnitTest name="IntEntityEqualsWithTwoSetedIdDifferentEntitiesTypeReturnFalse" storage="c:\pre\atento\00-assemblies\debug\inflexion2.framework.testing.dll" id="894519f8-9501-4713-6a4e-b58cdbc44ab0">
      <Execution id="f241d24f-8ac7-4ebf-86d7-c036b13c473d" />
      <TestMethod codeBase="C:/Pre/Atento/00-Assemblies/Debug/Inflexion2.Framework.Testing.DLL" adapterTypeName="Microsoft.VisualStudio.TestTools.TestTypes.Unit.UnitTestAdapter, Microsoft.VisualStudio.QualityTools.Tips.UnitTest.Adapter, Version=10.0.0.0, Culture=neutral, PublicKeyToken=b03f5f7f11d50a3a" className="Inflexion2.Testing.IntEntityTransientTest, Inflexion2.Framework.Testing, Version=1.0.0.0, Culture=neutral, PublicKeyToken=aa5767c617d84bc0" name="IntEntityEqualsWithTwoSetedIdDifferentEntitiesTypeReturnFalse" />
    </UnitTest>
    <UnitTest name="EqualsWithTwoTransientEntitiesReturnFalse" storage="c:\pre\atento\00-assemblies\debug\inflexion2.framework.testing.dll" id="a5143e69-78bd-03a5-f82d-50e4014f386a">
      <Execution id="da0d9b9f-d7df-4270-a9c4-aa3132bdc143" />
      <TestMethod codeBase="C:/Pre/Atento/00-Assemblies/Debug/Inflexion2.Framework.Testing.DLL" adapterTypeName="Microsoft.VisualStudio.TestTools.TestTypes.Unit.UnitTestAdapter, Microsoft.VisualStudio.QualityTools.Tips.UnitTest.Adapter, Version=10.0.0.0, Culture=neutral, PublicKeyToken=b03f5f7f11d50a3a" className="Inflexion2.Testing.AuditableEntityTransientTest, Inflexion2.Framework.Testing, Version=1.0.0.0, Culture=neutral, PublicKeyToken=aa5767c617d84bc0" name="EqualsWithTwoTransientEntitiesReturnFalse" />
    </UnitTest>
    <UnitTest name="ValidatableEntityGuidEqualsWithSameTransientEntitieReturnTrue" storage="c:\pre\atento\00-assemblies\debug\inflexion2.framework.testing.dll" id="22a8b0cb-7a33-d352-b784-a1f8be065fd9">
      <Execution id="fec7fcf8-1bc6-4467-b00d-f87f15349e2f" />
      <TestMethod codeBase="C:/Pre/Atento/00-Assemblies/Debug/Inflexion2.Framework.Testing.DLL" adapterTypeName="Microsoft.VisualStudio.TestTools.TestTypes.Unit.UnitTestAdapter, Microsoft.VisualStudio.QualityTools.Tips.UnitTest.Adapter, Version=10.0.0.0, Culture=neutral, PublicKeyToken=b03f5f7f11d50a3a" className="Inflexion2.Testing.ValidatableEntityTransientTest, Inflexion2.Framework.Testing, Version=1.0.0.0, Culture=neutral, PublicKeyToken=aa5767c617d84bc0" name="ValidatableEntityGuidEqualsWithSameTransientEntitieReturnTrue" />
    </UnitTest>
    <UnitTest name="ValidatableEntityGuidEqualsWithTwoTransientEntitiesReturnFalse" storage="c:\pre\atento\00-assemblies\debug\inflexion2.framework.testing.dll" id="39038477-ba46-aac5-eb4c-721235e0936b">
      <Execution id="960213fa-5cf1-4b99-a2d4-a6ae8fb1be7f" />
      <TestMethod codeBase="C:/Pre/Atento/00-Assemblies/Debug/Inflexion2.Framework.Testing.DLL" adapterTypeName="Microsoft.VisualStudio.TestTools.TestTypes.Unit.UnitTestAdapter, Microsoft.VisualStudio.QualityTools.Tips.UnitTest.Adapter, Version=10.0.0.0, Culture=neutral, PublicKeyToken=b03f5f7f11d50a3a" className="Inflexion2.Testing.ValidatableEntityTransientTest, Inflexion2.Framework.Testing, Version=1.0.0.0, Culture=neutral, PublicKeyToken=aa5767c617d84bc0" name="ValidatableEntityGuidEqualsWithTwoTransientEntitiesReturnFalse" />
    </UnitTest>
    <UnitTest name="IntEntityEqualsWithTwoTransientEntitiesReturnFalse" storage="c:\pre\atento\00-assemblies\debug\inflexion2.framework.testing.dll" id="ef418061-d4c4-2027-28ba-907376548f88">
      <Execution id="612194de-78fa-4663-9034-384e9a20e410" />
      <TestMethod codeBase="C:/Pre/Atento/00-Assemblies/Debug/Inflexion2.Framework.Testing.DLL" adapterTypeName="Microsoft.VisualStudio.TestTools.TestTypes.Unit.UnitTestAdapter, Microsoft.VisualStudio.QualityTools.Tips.UnitTest.Adapter, Version=10.0.0.0, Culture=neutral, PublicKeyToken=b03f5f7f11d50a3a" className="Inflexion2.Testing.EntityTransientTest, Inflexion2.Framework.Testing, Version=1.0.0.0, Culture=neutral, PublicKeyToken=aa5767c617d84bc0" name="IntEntityEqualsWithTwoTransientEntitiesReturnFalse" />
    </UnitTest>
    <UnitTest name="EqualsWithOneNullEntityReturnFalse" storage="c:\pre\atento\00-assemblies\debug\inflexion2.framework.testing.dll" id="375ff3a2-2357-6f85-11f0-4fdbcfbe878c">
      <Execution id="10669a21-cb1f-4570-9dc7-4061a08f0675" />
      <TestMethod codeBase="C:/Pre/Atento/00-Assemblies/Debug/Inflexion2.Framework.Testing.DLL" adapterTypeName="Microsoft.VisualStudio.TestTools.TestTypes.Unit.UnitTestAdapter, Microsoft.VisualStudio.QualityTools.Tips.UnitTest.Adapter, Version=10.0.0.0, Culture=neutral, PublicKeyToken=b03f5f7f11d50a3a" className="Inflexion2.Testing.AuditableEntityTransientTest, Inflexion2.Framework.Testing, Version=1.0.0.0, Culture=neutral, PublicKeyToken=aa5767c617d84bc0" name="EqualsWithOneNullEntityReturnFalse" />
    </UnitTest>
    <UnitTest name="IntEntityEqualsWithTwoNullsEntitiesSameTypeReturnTrue" storage="c:\pre\atento\00-assemblies\debug\inflexion2.framework.testing.dll" id="1bdcb6c4-49ec-3cfb-4e22-c65e484a2116">
      <Execution id="728d3ea7-c40b-446c-aafe-26f3ac201801" />
      <TestMethod codeBase="C:/Pre/Atento/00-Assemblies/Debug/Inflexion2.Framework.Testing.DLL" adapterTypeName="Microsoft.VisualStudio.TestTools.TestTypes.Unit.UnitTestAdapter, Microsoft.VisualStudio.QualityTools.Tips.UnitTest.Adapter, Version=10.0.0.0, Culture=neutral, PublicKeyToken=b03f5f7f11d50a3a" className="Inflexion2.Testing.IntEntityTransientTest, Inflexion2.Framework.Testing, Version=1.0.0.0, Culture=neutral, PublicKeyToken=aa5767c617d84bc0" name="IntEntityEqualsWithTwoNullsEntitiesSameTypeReturnTrue" />
    </UnitTest>
    <UnitTest name="EqualsWithNestedDifferentValueObjectReturnFalse" storage="c:\pre\atento\00-assemblies\debug\inflexion2.framework.testing.dll" id="8ce58482-7d3e-3e19-80e5-4b965e8f5059">
      <Execution id="e70d497d-c3af-42ce-9c8c-61cf3e81b4fa" />
      <TestMethod codeBase="C:/Pre/Atento/00-Assemblies/Debug/Inflexion2.Framework.Testing.DLL" adapterTypeName="Microsoft.VisualStudio.TestTools.TestTypes.Unit.UnitTestAdapter, Microsoft.VisualStudio.QualityTools.Tips.UnitTest.Adapter, Version=10.0.0.0, Culture=neutral, PublicKeyToken=b03f5f7f11d50a3a" className="Inflexion2.Testing.EqualityValueObject, Inflexion2.Framework.Testing, Version=1.0.0.0, Culture=neutral, PublicKeyToken=aa5767c617d84bc0" name="EqualsWithNestedDifferentValueObjectReturnFalse" />
    </UnitTest>
    <UnitTest name="EqualsWithEmptyValueObjectsReturnTrue" storage="c:\pre\atento\00-assemblies\debug\inflexion2.framework.testing.dll" id="c4b00738-bd81-d4dd-934a-1f8ce1e5a004">
      <Execution id="a7f46742-5edd-403b-a6e7-d6e10196e2c0" />
      <TestMethod codeBase="C:/Pre/Atento/00-Assemblies/Debug/Inflexion2.Framework.Testing.DLL" adapterTypeName="Microsoft.VisualStudio.TestTools.TestTypes.Unit.UnitTestAdapter, Microsoft.VisualStudio.QualityTools.Tips.UnitTest.Adapter, Version=10.0.0.0, Culture=neutral, PublicKeyToken=b03f5f7f11d50a3a" className="Inflexion2.Testing.EqualityValueObject, Inflexion2.Framework.Testing, Version=1.0.0.0, Culture=neutral, PublicKeyToken=aa5767c617d84bc0" name="EqualsWithEmptyValueObjectsReturnTrue" />
    </UnitTest>
    <UnitTest name="StringEqualsWithTwoNullsEntitiesSameTypeReturnTrue" storage="c:\pre\atento\00-assemblies\debug\inflexion2.framework.testing.dll" id="4ccbac64-6d99-8651-0e4e-7a94ce86ca89">
      <Execution id="412b0533-1ee2-4aec-ba80-e72195ff1085" />
      <TestMethod codeBase="C:/Pre/Atento/00-Assemblies/Debug/Inflexion2.Framework.Testing.DLL" adapterTypeName="Microsoft.VisualStudio.TestTools.TestTypes.Unit.UnitTestAdapter, Microsoft.VisualStudio.QualityTools.Tips.UnitTest.Adapter, Version=10.0.0.0, Culture=neutral, PublicKeyToken=b03f5f7f11d50a3a" className="Inflexion2.Testing.StringEntityTransientTest, Inflexion2.Framework.Testing, Version=1.0.0.0, Culture=neutral, PublicKeyToken=aa5767c617d84bc0" name="StringEqualsWithTwoNullsEntitiesSameTypeReturnTrue" />
    </UnitTest>
    <UnitTest name="EqualsWithTwoNullsValueObjectsReturnTrue" storage="c:\pre\atento\00-assemblies\debug\inflexion2.framework.testing.dll" id="ed5ca231-a40d-1e94-d8cf-62620be065b2">
      <Execution id="73223456-c33c-43e8-ac47-97da776cb762" />
      <TestMethod codeBase="C:/Pre/Atento/00-Assemblies/Debug/Inflexion2.Framework.Testing.DLL" adapterTypeName="Microsoft.VisualStudio.TestTools.TestTypes.Unit.UnitTestAdapter, Microsoft.VisualStudio.QualityTools.Tips.UnitTest.Adapter, Version=10.0.0.0, Culture=neutral, PublicKeyToken=b03f5f7f11d50a3a" className="Inflexion2.Testing.EqualityValueObject, Inflexion2.Framework.Testing, Version=1.0.0.0, Culture=neutral, PublicKeyToken=aa5767c617d84bc0" name="EqualsWithTwoNullsValueObjectsReturnTrue" />
    </UnitTest>
    <UnitTest name="EqualsWithTwoNullsEntitiesSameTypeReturnTrue" storage="c:\pre\atento\00-assemblies\debug\inflexion2.framework.testing.dll" id="17042057-7aeb-7c30-7303-5d1a8e9e0592">
      <Execution id="c956d04c-dae1-41ba-94e8-b75591a732ca" />
      <TestMethod codeBase="C:/Pre/Atento/00-Assemblies/Debug/Inflexion2.Framework.Testing.DLL" adapterTypeName="Microsoft.VisualStudio.TestTools.TestTypes.Unit.UnitTestAdapter, Microsoft.VisualStudio.QualityTools.Tips.UnitTest.Adapter, Version=10.0.0.0, Culture=neutral, PublicKeyToken=b03f5f7f11d50a3a" className="Inflexion2.Testing.AuditableEntityTransientTest, Inflexion2.Framework.Testing, Version=1.0.0.0, Culture=neutral, PublicKeyToken=aa5767c617d84bc0" name="EqualsWithTwoNullsEntitiesSameTypeReturnTrue" />
    </UnitTest>
    <UnitTest name="IntEntityEqualsWithTwoSetedSameIdSameEntitiesTypeReturnTrue" storage="c:\pre\atento\00-assemblies\debug\inflexion2.framework.testing.dll" id="d41c1e27-6b39-94e3-749b-182cbe402f7f">
      <Execution id="77aab5bc-f3b0-4bf8-b9a1-1bea1cac8f02" />
      <TestMethod codeBase="C:/Pre/Atento/00-Assemblies/Debug/Inflexion2.Framework.Testing.DLL" adapterTypeName="Microsoft.VisualStudio.TestTools.TestTypes.Unit.UnitTestAdapter, Microsoft.VisualStudio.QualityTools.Tips.UnitTest.Adapter, Version=10.0.0.0, Culture=neutral, PublicKeyToken=b03f5f7f11d50a3a" className="Inflexion2.Testing.EntityTransientTest, Inflexion2.Framework.Testing, Version=1.0.0.0, Culture=neutral, PublicKeyToken=aa5767c617d84bc0" name="IntEntityEqualsWithTwoSetedSameIdSameEntitiesTypeReturnTrue" />
    </UnitTest>
    <UnitTest name="StringEqualsWithTwoTransientEntitiesReturnFalse" storage="c:\pre\atento\00-assemblies\debug\inflexion2.framework.testing.dll" id="4d2dabf7-6001-0f95-8269-92c41508bd3d">
      <Execution id="97537abf-1f62-4d3e-a420-35bc4790cdd8" />
      <TestMethod codeBase="C:/Pre/Atento/00-Assemblies/Debug/Inflexion2.Framework.Testing.DLL" adapterTypeName="Microsoft.VisualStudio.TestTools.TestTypes.Unit.UnitTestAdapter, Microsoft.VisualStudio.QualityTools.Tips.UnitTest.Adapter, Version=10.0.0.0, Culture=neutral, PublicKeyToken=b03f5f7f11d50a3a" className="Inflexion2.Testing.StringEntityTransientTest, Inflexion2.Framework.Testing, Version=1.0.0.0, Culture=neutral, PublicKeyToken=aa5767c617d84bc0" name="StringEqualsWithTwoTransientEntitiesReturnFalse" />
    </UnitTest>
    <UnitTest name="EqualsWithSameTransientEntitieReturnTrue" storage="c:\pre\atento\00-assemblies\debug\inflexion2.framework.testing.dll" id="274f79cb-044b-0e7e-9f9e-4afbcabf33e2">
      <Execution id="7bd0384b-580f-419d-9fa1-918edaf62419" />
      <TestMethod codeBase="C:/Pre/Atento/00-Assemblies/Debug/Inflexion2.Framework.Testing.DLL" adapterTypeName="Microsoft.VisualStudio.TestTools.TestTypes.Unit.UnitTestAdapter, Microsoft.VisualStudio.QualityTools.Tips.UnitTest.Adapter, Version=10.0.0.0, Culture=neutral, PublicKeyToken=b03f5f7f11d50a3a" className="Inflexion2.Testing.AuditableEntityTransientTest, Inflexion2.Framework.Testing, Version=1.0.0.0, Culture=neutral, PublicKeyToken=aa5767c617d84bc0" name="EqualsWithSameTransientEntitieReturnTrue" />
    </UnitTest>
    <UnitTest name="IntEntityTransientNewEntitieReturnTrue" storage="c:\pre\atento\00-assemblies\debug\inflexion2.framework.testing.dll" id="cf73ad5c-bdd1-7dfc-d924-ad996d77b595">
      <Execution id="4e7f6556-a276-4e62-b331-d4e3bd69aad9" />
      <TestMethod codeBase="C:/Pre/Atento/00-Assemblies/Debug/Inflexion2.Framework.Testing.DLL" adapterTypeName="Microsoft.VisualStudio.TestTools.TestTypes.Unit.UnitTestAdapter, Microsoft.VisualStudio.QualityTools.Tips.UnitTest.Adapter, Version=10.0.0.0, Culture=neutral, PublicKeyToken=b03f5f7f11d50a3a" className="Inflexion2.Testing.AuditableEntityTransientTest, Inflexion2.Framework.Testing, Version=1.0.0.0, Culture=neutral, PublicKeyToken=aa5767c617d84bc0" name="IntEntityTransientNewEntitieReturnTrue" />
    </UnitTest>
    <UnitTest name="IntEntityEqualsWithTwoNullsEntitiesSameTypeReturnTrue" storage="c:\pre\atento\00-assemblies\debug\inflexion2.framework.testing.dll" id="d72373c0-a703-cca6-215c-a78aa85313eb">
      <Execution id="73cd68b0-bd60-4394-90ef-1201cbbe2a30" />
      <TestMethod codeBase="C:/Pre/Atento/00-Assemblies/Debug/Inflexion2.Framework.Testing.DLL" adapterTypeName="Microsoft.VisualStudio.TestTools.TestTypes.Unit.UnitTestAdapter, Microsoft.VisualStudio.QualityTools.Tips.UnitTest.Adapter, Version=10.0.0.0, Culture=neutral, PublicKeyToken=b03f5f7f11d50a3a" className="Inflexion2.Testing.EntityTransientTest, Inflexion2.Framework.Testing, Version=1.0.0.0, Culture=neutral, PublicKeyToken=aa5767c617d84bc0" name="IntEntityEqualsWithTwoNullsEntitiesSameTypeReturnTrue" />
    </UnitTest>
    <UnitTest name="GuidEntityEqualsWithTwoTransientEntitiesReturnFalse" storage="c:\pre\atento\00-assemblies\debug\inflexion2.framework.testing.dll" id="66b79ba3-ccdf-a017-5e08-1702c7c38084">
      <Execution id="c46dcd02-0589-4067-a90d-1e8a662010a8" />
      <TestMethod codeBase="C:/Pre/Atento/00-Assemblies/Debug/Inflexion2.Framework.Testing.DLL" adapterTypeName="Microsoft.VisualStudio.TestTools.TestTypes.Unit.UnitTestAdapter, Microsoft.VisualStudio.QualityTools.Tips.UnitTest.Adapter, Version=10.0.0.0, Culture=neutral, PublicKeyToken=b03f5f7f11d50a3a" className="Inflexion2.Testing.GuidEntityTransientTest, Inflexion2.Framework.Testing, Version=1.0.0.0, Culture=neutral, PublicKeyToken=aa5767c617d84bc0" name="GuidEntityEqualsWithTwoTransientEntitiesReturnFalse" />
    </UnitTest>
    <UnitTest name="GuidEntityEqualsWithTwoNullsEntitiesSameTypeReturnTrue" storage="c:\pre\atento\00-assemblies\debug\inflexion2.framework.testing.dll" id="b6e2ea1d-beee-09a0-2102-a1602abebdcc">
      <Execution id="7c1338bd-b7a7-4c67-a007-a90c252a3ca1" />
      <TestMethod codeBase="C:/Pre/Atento/00-Assemblies/Debug/Inflexion2.Framework.Testing.DLL" adapterTypeName="Microsoft.VisualStudio.TestTools.TestTypes.Unit.UnitTestAdapter, Microsoft.VisualStudio.QualityTools.Tips.UnitTest.Adapter, Version=10.0.0.0, Culture=neutral, PublicKeyToken=b03f5f7f11d50a3a" className="Inflexion2.Testing.GuidEntityTransientTest, Inflexion2.Framework.Testing, Version=1.0.0.0, Culture=neutral, PublicKeyToken=aa5767c617d84bc0" name="GuidEntityEqualsWithTwoNullsEntitiesSameTypeReturnTrue" />
    </UnitTest>
    <UnitTest name="StringEqualsWithTwoNullsEntitiesDifferentTypeReturnFalse" storage="c:\pre\atento\00-assemblies\debug\inflexion2.framework.testing.dll" id="3dc9c38f-ffcf-b4ec-4950-2951ba76f7d8">
      <Execution id="1a40f367-aade-4c60-a582-dd9daa28e28b" />
      <TestMethod codeBase="C:/Pre/Atento/00-Assemblies/Debug/Inflexion2.Framework.Testing.DLL" adapterTypeName="Microsoft.VisualStudio.TestTools.TestTypes.Unit.UnitTestAdapter, Microsoft.VisualStudio.QualityTools.Tips.UnitTest.Adapter, Version=10.0.0.0, Culture=neutral, PublicKeyToken=b03f5f7f11d50a3a" className="Inflexion2.Testing.StringEntityTransientTest, Inflexion2.Framework.Testing, Version=1.0.0.0, Culture=neutral, PublicKeyToken=aa5767c617d84bc0" name="StringEqualsWithTwoNullsEntitiesDifferentTypeReturnFalse" />
    </UnitTest>
    <UnitTest name="IntEntityEqualsWithTwoTransientEntitiesReturnFalse" storage="c:\pre\atento\00-assemblies\debug\inflexion2.framework.testing.dll" id="87242a29-3fd9-012d-ce10-c41ae5a4acc4">
      <Execution id="c2c159ca-85f9-4e70-afcf-9649562e5703" />
      <TestMethod codeBase="C:/Pre/Atento/00-Assemblies/Debug/Inflexion2.Framework.Testing.DLL" adapterTypeName="Microsoft.VisualStudio.TestTools.TestTypes.Unit.UnitTestAdapter, Microsoft.VisualStudio.QualityTools.Tips.UnitTest.Adapter, Version=10.0.0.0, Culture=neutral, PublicKeyToken=b03f5f7f11d50a3a" className="Inflexion2.Testing.IntEntityTransientTest, Inflexion2.Framework.Testing, Version=1.0.0.0, Culture=neutral, PublicKeyToken=aa5767c617d84bc0" name="IntEntityEqualsWithTwoTransientEntitiesReturnFalse" />
    </UnitTest>
    <UnitTest name="GuidEntityEqualsWithSameTransientEntitieReturnTrue" storage="c:\pre\atento\00-assemblies\debug\inflexion2.framework.testing.dll" id="b202aa4d-65bf-bc8d-820d-b2b2651d5544">
      <Execution id="d92df52f-a74f-4ab4-b24a-c8b4fe6e2df2" />
      <TestMethod codeBase="C:/Pre/Atento/00-Assemblies/Debug/Inflexion2.Framework.Testing.DLL" adapterTypeName="Microsoft.VisualStudio.TestTools.TestTypes.Unit.UnitTestAdapter, Microsoft.VisualStudio.QualityTools.Tips.UnitTest.Adapter, Version=10.0.0.0, Culture=neutral, PublicKeyToken=b03f5f7f11d50a3a" className="Inflexion2.Testing.GuidEntityTransientTest, Inflexion2.Framework.Testing, Version=1.0.0.0, Culture=neutral, PublicKeyToken=aa5767c617d84bc0" name="GuidEntityEqualsWithSameTransientEntitieReturnTrue" />
    </UnitTest>
    <UnitTest name="EqualsWithOneDifferentPropertyReturnFalse" storage="c:\pre\atento\00-assemblies\debug\inflexion2.framework.testing.dll" id="f1db9089-b01e-e5ce-8721-8284d6363de2">
      <Execution id="d648251d-802d-4f07-a380-f8dcd09ee0eb" />
      <TestMethod codeBase="C:/Pre/Atento/00-Assemblies/Debug/Inflexion2.Framework.Testing.DLL" adapterTypeName="Microsoft.VisualStudio.TestTools.TestTypes.Unit.UnitTestAdapter, Microsoft.VisualStudio.QualityTools.Tips.UnitTest.Adapter, Version=10.0.0.0, Culture=neutral, PublicKeyToken=b03f5f7f11d50a3a" className="Inflexion2.Testing.EqualityValueObject, Inflexion2.Framework.Testing, Version=1.0.0.0, Culture=neutral, PublicKeyToken=aa5767c617d84bc0" name="EqualsWithOneDifferentPropertyReturnFalse" />
    </UnitTest>
    <UnitTest name="ValidatableEntityGuidEqualsWithTwoNullsEntitiesSameTypeReturnTrue" storage="c:\pre\atento\00-assemblies\debug\inflexion2.framework.testing.dll" id="982f7fbb-ba3f-33fd-9fa4-3f5b26be6e74">
      <Execution id="a89dbf28-36a1-4077-9698-ed8409df2459" />
      <TestMethod codeBase="C:/Pre/Atento/00-Assemblies/Debug/Inflexion2.Framework.Testing.DLL" adapterTypeName="Microsoft.VisualStudio.TestTools.TestTypes.Unit.UnitTestAdapter, Microsoft.VisualStudio.QualityTools.Tips.UnitTest.Adapter, Version=10.0.0.0, Culture=neutral, PublicKeyToken=b03f5f7f11d50a3a" className="Inflexion2.Testing.ValidatableEntityTransientTest, Inflexion2.Framework.Testing, Version=1.0.0.0, Culture=neutral, PublicKeyToken=aa5767c617d84bc0" name="ValidatableEntityGuidEqualsWithTwoNullsEntitiesSameTypeReturnTrue" />
    </UnitTest>
    <UnitTest name="IntEntityEqualsWithTwoSetedIdDifferentEntitiesTypeReturnFalse" storage="c:\pre\atento\00-assemblies\debug\inflexion2.framework.testing.dll" id="8cdf0b73-2a1d-fb4d-b0bf-87142530870b">
      <Execution id="abd8f921-06bd-4b44-8904-efd692532b40" />
      <TestMethod codeBase="C:/Pre/Atento/00-Assemblies/Debug/Inflexion2.Framework.Testing.DLL" adapterTypeName="Microsoft.VisualStudio.TestTools.TestTypes.Unit.UnitTestAdapter, Microsoft.VisualStudio.QualityTools.Tips.UnitTest.Adapter, Version=10.0.0.0, Culture=neutral, PublicKeyToken=b03f5f7f11d50a3a" className="Inflexion2.Testing.EntityTransientTest, Inflexion2.Framework.Testing, Version=1.0.0.0, Culture=neutral, PublicKeyToken=aa5767c617d84bc0" name="IntEntityEqualsWithTwoSetedIdDifferentEntitiesTypeReturnFalse" />
    </UnitTest>
    <UnitTest name="StringEqualsWithOneNullEntityReturnFalse" storage="c:\pre\atento\00-assemblies\debug\inflexion2.framework.testing.dll" id="ea0a69ac-2bb3-b9d1-b8f7-0e625a29c014">
      <Execution id="8b241c4e-d6a7-4db9-ad27-40cef9d4c7e8" />
      <TestMethod codeBase="C:/Pre/Atento/00-Assemblies/Debug/Inflexion2.Framework.Testing.DLL" adapterTypeName="Microsoft.VisualStudio.TestTools.TestTypes.Unit.UnitTestAdapter, Microsoft.VisualStudio.QualityTools.Tips.UnitTest.Adapter, Version=10.0.0.0, Culture=neutral, PublicKeyToken=b03f5f7f11d50a3a" className="Inflexion2.Testing.StringEntityTransientTest, Inflexion2.Framework.Testing, Version=1.0.0.0, Culture=neutral, PublicKeyToken=aa5767c617d84bc0" name="StringEqualsWithOneNullEntityReturnFalse" />
    </UnitTest>
    <UnitTest name="IntEntityEqualsWithSameEntityReturnTrue" storage="c:\pre\atento\00-assemblies\debug\inflexion2.framework.testing.dll" id="2121912b-f77f-3ef3-ff35-d1ecd70b7034">
      <Execution id="ed1b973b-938e-4c5e-8604-7fd6f33668a4" />
      <TestMethod codeBase="C:/Pre/Atento/00-Assemblies/Debug/Inflexion2.Framework.Testing.DLL" adapterTypeName="Microsoft.VisualStudio.TestTools.TestTypes.Unit.UnitTestAdapter, Microsoft.VisualStudio.QualityTools.Tips.UnitTest.Adapter, Version=10.0.0.0, Culture=neutral, PublicKeyToken=b03f5f7f11d50a3a" className="Inflexion2.Testing.IntEntityTransientTest, Inflexion2.Framework.Testing, Version=1.0.0.0, Culture=neutral, PublicKeyToken=aa5767c617d84bc0" name="IntEntityEqualsWithSameEntityReturnTrue" />
    </UnitTest>
    <UnitTest name="IntEntityEqualsWithTwoSetedDifferentIdSameEntitiesTypeReturnFalse" storage="c:\pre\atento\00-assemblies\debug\inflexion2.framework.testing.dll" id="4c4642c9-c98c-8343-d168-c0f2b8c7b2e7">
      <Execution id="cdfbca20-bc71-4578-a708-4b78a58a4811" />
      <TestMethod codeBase="C:/Pre/Atento/00-Assemblies/Debug/Inflexion2.Framework.Testing.DLL" adapterTypeName="Microsoft.VisualStudio.TestTools.TestTypes.Unit.UnitTestAdapter, Microsoft.VisualStudio.QualityTools.Tips.UnitTest.Adapter, Version=10.0.0.0, Culture=neutral, PublicKeyToken=b03f5f7f11d50a3a" className="Inflexion2.Testing.IntEntityTransientTest, Inflexion2.Framework.Testing, Version=1.0.0.0, Culture=neutral, PublicKeyToken=aa5767c617d84bc0" name="IntEntityEqualsWithTwoSetedDifferentIdSameEntitiesTypeReturnFalse" />
    </UnitTest>
    <UnitTest name="IntEntityEqualsWithOneNullEntityReturnFalse" storage="c:\pre\atento\00-assemblies\debug\inflexion2.framework.testing.dll" id="28cecd14-0281-33e2-220d-430cb0b76324">
      <Execution id="bd3f9864-b83e-422b-97f1-01ab58c83ae6" />
      <TestMethod codeBase="C:/Pre/Atento/00-Assemblies/Debug/Inflexion2.Framework.Testing.DLL" adapterTypeName="Microsoft.VisualStudio.TestTools.TestTypes.Unit.UnitTestAdapter, Microsoft.VisualStudio.QualityTools.Tips.UnitTest.Adapter, Version=10.0.0.0, Culture=neutral, PublicKeyToken=b03f5f7f11d50a3a" className="Inflexion2.Testing.EntityTransientTest, Inflexion2.Framework.Testing, Version=1.0.0.0, Culture=neutral, PublicKeyToken=aa5767c617d84bc0" name="IntEntityEqualsWithOneNullEntityReturnFalse" />
    </UnitTest>
    <UnitTest name="ValidatableEntityGuidEqualsWithTwoNullsEntitiesDifferentTypeReturnFalse" storage="c:\pre\atento\00-assemblies\debug\inflexion2.framework.testing.dll" id="861bbbdf-9e17-619d-89af-8b7fa4a205e7">
      <Execution id="4017aae6-3fd4-4a45-a80c-5eb7fa11a3b9" />
      <TestMethod codeBase="C:/Pre/Atento/00-Assemblies/Debug/Inflexion2.Framework.Testing.DLL" adapterTypeName="Microsoft.VisualStudio.TestTools.TestTypes.Unit.UnitTestAdapter, Microsoft.VisualStudio.QualityTools.Tips.UnitTest.Adapter, Version=10.0.0.0, Culture=neutral, PublicKeyToken=b03f5f7f11d50a3a" className="Inflexion2.Testing.ValidatableEntityTransientTest, Inflexion2.Framework.Testing, Version=1.0.0.0, Culture=neutral, PublicKeyToken=aa5767c617d84bc0" name="ValidatableEntityGuidEqualsWithTwoNullsEntitiesDifferentTypeReturnFalse" />
    </UnitTest>
    <UnitTest name="GuidEntityEqualsWithTwoNullsEntitiesDifferentTypeReturnFalse" storage="c:\pre\atento\00-assemblies\debug\inflexion2.framework.testing.dll" id="a5173249-e457-2bae-6188-e07755a468f1">
      <Execution id="7ffb2064-6455-4371-8604-54049673d5f7" />
      <TestMethod codeBase="C:/Pre/Atento/00-Assemblies/Debug/Inflexion2.Framework.Testing.DLL" adapterTypeName="Microsoft.VisualStudio.TestTools.TestTypes.Unit.UnitTestAdapter, Microsoft.VisualStudio.QualityTools.Tips.UnitTest.Adapter, Version=10.0.0.0, Culture=neutral, PublicKeyToken=b03f5f7f11d50a3a" className="Inflexion2.Testing.GuidEntityTransientTest, Inflexion2.Framework.Testing, Version=1.0.0.0, Culture=neutral, PublicKeyToken=aa5767c617d84bc0" name="GuidEntityEqualsWithTwoNullsEntitiesDifferentTypeReturnFalse" />
    </UnitTest>
    <UnitTest name="EqualsWithOneNullValueObjectReturnFalse" storage="c:\pre\atento\00-assemblies\debug\inflexion2.framework.testing.dll" id="9d14cf3b-400a-419e-62e5-56cdb51cd8d7">
      <Execution id="38f0fd10-42ea-411c-af1f-b82b5dede6c9" />
      <TestMethod codeBase="C:/Pre/Atento/00-Assemblies/Debug/Inflexion2.Framework.Testing.DLL" adapterTypeName="Microsoft.VisualStudio.TestTools.TestTypes.Unit.UnitTestAdapter, Microsoft.VisualStudio.QualityTools.Tips.UnitTest.Adapter, Version=10.0.0.0, Culture=neutral, PublicKeyToken=b03f5f7f11d50a3a" className="Inflexion2.Testing.EqualityValueObject, Inflexion2.Framework.Testing, Version=1.0.0.0, Culture=neutral, PublicKeyToken=aa5767c617d84bc0" name="EqualsWithOneNullValueObjectReturnFalse" />
    </UnitTest>
    <UnitTest name="IntEntityTransientNewEntitieReturnTrue" storage="c:\pre\atento\00-assemblies\debug\inflexion2.framework.testing.dll" id="ecb2ec12-6d55-4737-3f23-78b2cd9e5a1c">
      <Execution id="c734311f-9f81-4321-b6ba-582b0bbab535" />
      <TestMethod codeBase="C:/Pre/Atento/00-Assemblies/Debug/Inflexion2.Framework.Testing.DLL" adapterTypeName="Microsoft.VisualStudio.TestTools.TestTypes.Unit.UnitTestAdapter, Microsoft.VisualStudio.QualityTools.Tips.UnitTest.Adapter, Version=10.0.0.0, Culture=neutral, PublicKeyToken=b03f5f7f11d50a3a" className="Inflexion2.Testing.EntityTransientTest, Inflexion2.Framework.Testing, Version=1.0.0.0, Culture=neutral, PublicKeyToken=aa5767c617d84bc0" name="IntEntityTransientNewEntitieReturnTrue" />
    </UnitTest>
  </TestDefinitions>
  <TestLists>
    <TestList name="Results Not in a List" id="8c84fa94-04c1-424b-9868-57a2d4851a1d" />
    <TestList name="All Loaded Results" id="19431567-8539-422a-85d7-44ee4e166bda" />
  </TestLists>
  <TestEntries>
    <TestEntry testId="17042057-7aeb-7c30-7303-5d1a8e9e0592" executionId="c956d04c-dae1-41ba-94e8-b75591a732ca" testListId="8c84fa94-04c1-424b-9868-57a2d4851a1d" />
    <TestEntry testId="1bdcb6c4-49ec-3cfb-4e22-c65e484a2116" executionId="728d3ea7-c40b-446c-aafe-26f3ac201801" testListId="8c84fa94-04c1-424b-9868-57a2d4851a1d" />
    <TestEntry testId="2121912b-f77f-3ef3-ff35-d1ecd70b7034" executionId="ed1b973b-938e-4c5e-8604-7fd6f33668a4" testListId="8c84fa94-04c1-424b-9868-57a2d4851a1d" />
    <TestEntry testId="22a8b0cb-7a33-d352-b784-a1f8be065fd9" executionId="fec7fcf8-1bc6-4467-b00d-f87f15349e2f" testListId="8c84fa94-04c1-424b-9868-57a2d4851a1d" />
    <TestEntry testId="274f79cb-044b-0e7e-9f9e-4afbcabf33e2" executionId="7bd0384b-580f-419d-9fa1-918edaf62419" testListId="8c84fa94-04c1-424b-9868-57a2d4851a1d" />
    <TestEntry testId="28cecd14-0281-33e2-220d-430cb0b76324" executionId="bd3f9864-b83e-422b-97f1-01ab58c83ae6" testListId="8c84fa94-04c1-424b-9868-57a2d4851a1d" />
    <TestEntry testId="375ff3a2-2357-6f85-11f0-4fdbcfbe878c" executionId="10669a21-cb1f-4570-9dc7-4061a08f0675" testListId="8c84fa94-04c1-424b-9868-57a2d4851a1d" />
    <TestEntry testId="39038477-ba46-aac5-eb4c-721235e0936b" executionId="960213fa-5cf1-4b99-a2d4-a6ae8fb1be7f" testListId="8c84fa94-04c1-424b-9868-57a2d4851a1d" />
    <TestEntry testId="3dc9c38f-ffcf-b4ec-4950-2951ba76f7d8" executionId="1a40f367-aade-4c60-a582-dd9daa28e28b" testListId="8c84fa94-04c1-424b-9868-57a2d4851a1d" />
    <TestEntry testId="4c4642c9-c98c-8343-d168-c0f2b8c7b2e7" executionId="cdfbca20-bc71-4578-a708-4b78a58a4811" testListId="8c84fa94-04c1-424b-9868-57a2d4851a1d" />
    <TestEntry testId="4ccbac64-6d99-8651-0e4e-7a94ce86ca89" executionId="412b0533-1ee2-4aec-ba80-e72195ff1085" testListId="8c84fa94-04c1-424b-9868-57a2d4851a1d" />
    <TestEntry testId="4d2dabf7-6001-0f95-8269-92c41508bd3d" executionId="97537abf-1f62-4d3e-a420-35bc4790cdd8" testListId="8c84fa94-04c1-424b-9868-57a2d4851a1d" />
    <TestEntry testId="55745a3e-cb76-ce47-5e1c-cb4863c8cc88" executionId="59e96951-6482-4399-a763-f5705a2f696c" testListId="8c84fa94-04c1-424b-9868-57a2d4851a1d" />
    <TestEntry testId="5c01ed2f-cfa6-faf5-80ee-7526386e5bcb" executionId="3cdbf2c5-c86e-4955-ae97-00f375ac7a7b" testListId="8c84fa94-04c1-424b-9868-57a2d4851a1d" />
    <TestEntry testId="5e48c4a4-9c69-9469-0648-a457e4f881b1" executionId="272c81d4-74e9-4e99-91c9-8e1b2e82ffce" testListId="8c84fa94-04c1-424b-9868-57a2d4851a1d" />
    <TestEntry testId="66b79ba3-ccdf-a017-5e08-1702c7c38084" executionId="c46dcd02-0589-4067-a90d-1e8a662010a8" testListId="8c84fa94-04c1-424b-9868-57a2d4851a1d" />
    <TestEntry testId="6d00cb18-6da1-8f1c-bc52-1100717fe9e3" executionId="5050e4dd-91a9-41be-9636-5f1679e25640" testListId="8c84fa94-04c1-424b-9868-57a2d4851a1d" />
    <TestEntry testId="861bbbdf-9e17-619d-89af-8b7fa4a205e7" executionId="4017aae6-3fd4-4a45-a80c-5eb7fa11a3b9" testListId="8c84fa94-04c1-424b-9868-57a2d4851a1d" />
    <TestEntry testId="87242a29-3fd9-012d-ce10-c41ae5a4acc4" executionId="c2c159ca-85f9-4e70-afcf-9649562e5703" testListId="8c84fa94-04c1-424b-9868-57a2d4851a1d" />
    <TestEntry testId="894519f8-9501-4713-6a4e-b58cdbc44ab0" executionId="f241d24f-8ac7-4ebf-86d7-c036b13c473d" testListId="8c84fa94-04c1-424b-9868-57a2d4851a1d" />
    <TestEntry testId="8cdf0b73-2a1d-fb4d-b0bf-87142530870b" executionId="abd8f921-06bd-4b44-8904-efd692532b40" testListId="8c84fa94-04c1-424b-9868-57a2d4851a1d" />
    <TestEntry testId="8ce58482-7d3e-3e19-80e5-4b965e8f5059" executionId="e70d497d-c3af-42ce-9c8c-61cf3e81b4fa" testListId="8c84fa94-04c1-424b-9868-57a2d4851a1d" />
    <TestEntry testId="8e4820fb-b11f-6f11-e59d-db0467de1040" executionId="e05a1d81-a365-451b-8f2b-4dbe50b5051d" testListId="8c84fa94-04c1-424b-9868-57a2d4851a1d" />
    <TestEntry testId="95787c3c-6507-dc90-c659-37e58279fd46" executionId="2b8d76c6-2fac-4a61-b8ea-ea45109e1784" testListId="8c84fa94-04c1-424b-9868-57a2d4851a1d" />
    <TestEntry testId="982f7fbb-ba3f-33fd-9fa4-3f5b26be6e74" executionId="a89dbf28-36a1-4077-9698-ed8409df2459" testListId="8c84fa94-04c1-424b-9868-57a2d4851a1d" />
    <TestEntry testId="9d14cf3b-400a-419e-62e5-56cdb51cd8d7" executionId="38f0fd10-42ea-411c-af1f-b82b5dede6c9" testListId="8c84fa94-04c1-424b-9868-57a2d4851a1d" />
    <TestEntry testId="a5143e69-78bd-03a5-f82d-50e4014f386a" executionId="da0d9b9f-d7df-4270-a9c4-aa3132bdc143" testListId="8c84fa94-04c1-424b-9868-57a2d4851a1d" />
    <TestEntry testId="a5173249-e457-2bae-6188-e07755a468f1" executionId="7ffb2064-6455-4371-8604-54049673d5f7" testListId="8c84fa94-04c1-424b-9868-57a2d4851a1d" />
    <TestEntry testId="ab5febae-4b86-5540-aa00-427d834f1128" executionId="8120ca9b-a25b-4a13-a536-1baf169a45fe" testListId="8c84fa94-04c1-424b-9868-57a2d4851a1d" />
    <TestEntry testId="afa4d5fe-5adf-b232-4499-e60da535e51b" executionId="bdf86747-62e6-4284-9c25-4b9e9a70ffe4" testListId="8c84fa94-04c1-424b-9868-57a2d4851a1d" />
    <TestEntry testId="b1a88be6-0573-6eb0-e0ba-a476ebddfcc3" executionId="2f63fa92-4e0e-4de2-b88c-4742babc05a8" testListId="8c84fa94-04c1-424b-9868-57a2d4851a1d" />
    <TestEntry testId="b202aa4d-65bf-bc8d-820d-b2b2651d5544" executionId="d92df52f-a74f-4ab4-b24a-c8b4fe6e2df2" testListId="8c84fa94-04c1-424b-9868-57a2d4851a1d" />
    <TestEntry testId="b53f3b4e-80dd-ada9-22f9-683ce813b819" executionId="184ecb20-f2a0-475f-9eaa-67f3b603d8a9" testListId="8c84fa94-04c1-424b-9868-57a2d4851a1d" />
    <TestEntry testId="b6e2ea1d-beee-09a0-2102-a1602abebdcc" executionId="7c1338bd-b7a7-4c67-a007-a90c252a3ca1" testListId="8c84fa94-04c1-424b-9868-57a2d4851a1d" />
    <TestEntry testId="b73c4168-36b3-829e-62df-12b0e1f8a7bd" executionId="b8a90f09-9fad-4a12-8254-1ee83ee011da" testListId="8c84fa94-04c1-424b-9868-57a2d4851a1d" />
    <TestEntry testId="be2066fd-b436-06cd-97b4-c7078e10e0f4" executionId="f942158a-685d-44a2-b284-b7347da25b97" testListId="8c84fa94-04c1-424b-9868-57a2d4851a1d" />
    <TestEntry testId="c4b00738-bd81-d4dd-934a-1f8ce1e5a004" executionId="a7f46742-5edd-403b-a6e7-d6e10196e2c0" testListId="8c84fa94-04c1-424b-9868-57a2d4851a1d" />
    <TestEntry testId="c88e308d-c412-3989-03a6-4812dd297cad" executionId="6d0f5e30-195e-4ada-8a52-5398ca6546d9" testListId="8c84fa94-04c1-424b-9868-57a2d4851a1d" />
    <TestEntry testId="cf73ad5c-bdd1-7dfc-d924-ad996d77b595" executionId="4e7f6556-a276-4e62-b331-d4e3bd69aad9" testListId="8c84fa94-04c1-424b-9868-57a2d4851a1d" />
    <TestEntry testId="cfcea3e5-0964-8d2b-bd64-154d5273ea8f" executionId="46011253-cfc2-4b09-9143-ece98ce9226b" testListId="8c84fa94-04c1-424b-9868-57a2d4851a1d" />
    <TestEntry testId="d41c1e27-6b39-94e3-749b-182cbe402f7f" executionId="77aab5bc-f3b0-4bf8-b9a1-1bea1cac8f02" testListId="8c84fa94-04c1-424b-9868-57a2d4851a1d" />
    <TestEntry testId="d72373c0-a703-cca6-215c-a78aa85313eb" executionId="73cd68b0-bd60-4394-90ef-1201cbbe2a30" testListId="8c84fa94-04c1-424b-9868-57a2d4851a1d" />
    <TestEntry testId="df70d1db-0b89-8d5b-f3c3-11fdd92fed5b" executionId="4ca02105-d2db-4b78-8c14-2c38ad9c3756" testListId="8c84fa94-04c1-424b-9868-57a2d4851a1d" />
    <TestEntry testId="ea0a69ac-2bb3-b9d1-b8f7-0e625a29c014" executionId="8b241c4e-d6a7-4db9-ad27-40cef9d4c7e8" testListId="8c84fa94-04c1-424b-9868-57a2d4851a1d" />
    <TestEntry testId="ebdf5570-fee7-71a9-954c-39a44616bfc0" executionId="432d315f-a8d6-44fe-8669-54b6a242b177" testListId="8c84fa94-04c1-424b-9868-57a2d4851a1d" />
    <TestEntry testId="ecb2ec12-6d55-4737-3f23-78b2cd9e5a1c" executionId="c734311f-9f81-4321-b6ba-582b0bbab535" testListId="8c84fa94-04c1-424b-9868-57a2d4851a1d" />
    <TestEntry testId="ed5ca231-a40d-1e94-d8cf-62620be065b2" executionId="73223456-c33c-43e8-ac47-97da776cb762" testListId="8c84fa94-04c1-424b-9868-57a2d4851a1d" />
    <TestEntry testId="ef418061-d4c4-2027-28ba-907376548f88" executionId="612194de-78fa-4663-9034-384e9a20e410" testListId="8c84fa94-04c1-424b-9868-57a2d4851a1d" />
    <TestEntry testId="f1db9089-b01e-e5ce-8721-8284d6363de2" executionId="d648251d-802d-4f07-a380-f8dcd09ee0eb" testListId="8c84fa94-04c1-424b-9868-57a2d4851a1d" />
    <TestEntry testId="f8a0681f-01a9-96fe-d3cb-5a7507e6aa1a" executionId="8dda0001-4689-41ac-bb54-a36971b9fa27" testListId="8c84fa94-04c1-424b-9868-57a2d4851a1d" />
  </TestEntries>
  <Results>
    <UnitTestResult executionId="c956d04c-dae1-41ba-94e8-b75591a732ca" testId="17042057-7aeb-7c30-7303-5d1a8e9e0592" testName="EqualsWithTwoNullsEntitiesSameTypeReturnTrue" computerName="VS2010W8" duration="00:00:00.0087999" startTime="2015-02-20T23:02:09.4939651+01:00" endTime="2015-02-20T23:02:09.6814642+01:00" testType="13cdc9d9-ddb5-4fa4-a97d-d965ccfc6d4b" outcome="Passed" testListId="8c84fa94-04c1-424b-9868-57a2d4851a1d" relativeResultsDirectory="c956d04c-dae1-41ba-94e8-b75591a732ca">
    </UnitTestResult>
    <UnitTestResult executionId="728d3ea7-c40b-446c-aafe-26f3ac201801" testId="1bdcb6c4-49ec-3cfb-4e22-c65e484a2116" testName="IntEntityEqualsWithTwoNullsEntitiesSameTypeReturnTrue" computerName="VS2010W8" duration="00:00:00.0010758" startTime="2015-02-20T23:02:09.6970902+01:00" endTime="2015-02-20T23:02:09.6970902+01:00" testType="13cdc9d9-ddb5-4fa4-a97d-d965ccfc6d4b" outcome="Passed" testListId="8c84fa94-04c1-424b-9868-57a2d4851a1d" relativeResultsDirectory="728d3ea7-c40b-446c-aafe-26f3ac201801">
    </UnitTestResult>
    <UnitTestResult executionId="ed1b973b-938e-4c5e-8604-7fd6f33668a4" testId="2121912b-f77f-3ef3-ff35-d1ecd70b7034" testName="IntEntityEqualsWithSameEntityReturnTrue" computerName="VS2010W8" duration="00:00:00.0013868" startTime="2015-02-20T23:02:09.6970902+01:00" endTime="2015-02-20T23:02:09.7127151+01:00" testType="13cdc9d9-ddb5-4fa4-a97d-d965ccfc6d4b" outcome="Passed" testListId="8c84fa94-04c1-424b-9868-57a2d4851a1d" relativeResultsDirectory="ed1b973b-938e-4c5e-8604-7fd6f33668a4">
    </UnitTestResult>
    <UnitTestResult executionId="fec7fcf8-1bc6-4467-b00d-f87f15349e2f" testId="22a8b0cb-7a33-d352-b784-a1f8be065fd9" testName="ValidatableEntityGuidEqualsWithSameTransientEntitieReturnTrue" computerName="VS2010W8" duration="00:00:00.0003202" startTime="2015-02-20T23:02:09.7127151+01:00" endTime="2015-02-20T23:02:09.7127151+01:00" testType="13cdc9d9-ddb5-4fa4-a97d-d965ccfc6d4b" outcome="Passed" testListId="8c84fa94-04c1-424b-9868-57a2d4851a1d" relativeResultsDirectory="fec7fcf8-1bc6-4467-b00d-f87f15349e2f">
    </UnitTestResult>
    <UnitTestResult executionId="7bd0384b-580f-419d-9fa1-918edaf62419" testId="274f79cb-044b-0e7e-9f9e-4afbcabf33e2" testName="EqualsWithSameTransientEntitieReturnTrue" computerName="VS2010W8" duration="00:00:00.0002901" startTime="2015-02-20T23:02:09.7127151+01:00" endTime="2015-02-20T23:02:09.7283408+01:00" testType="13cdc9d9-ddb5-4fa4-a97d-d965ccfc6d4b" outcome="Passed" testListId="8c84fa94-04c1-424b-9868-57a2d4851a1d" relativeResultsDirectory="7bd0384b-580f-419d-9fa1-918edaf62419">
    </UnitTestResult>
    <UnitTestResult executionId="bd3f9864-b83e-422b-97f1-01ab58c83ae6" testId="28cecd14-0281-33e2-220d-430cb0b76324" testName="IntEntityEqualsWithOneNullEntityReturnFalse" computerName="VS2010W8" duration="00:00:00.0004356" startTime="2015-02-20T23:02:09.7283408+01:00" endTime="2015-02-20T23:02:09.7283408+01:00" testType="13cdc9d9-ddb5-4fa4-a97d-d965ccfc6d4b" outcome="Passed" testListId="8c84fa94-04c1-424b-9868-57a2d4851a1d" relativeResultsDirectory="bd3f9864-b83e-422b-97f1-01ab58c83ae6">
    </UnitTestResult>
    <UnitTestResult executionId="10669a21-cb1f-4570-9dc7-4061a08f0675" testId="375ff3a2-2357-6f85-11f0-4fdbcfbe878c" testName="EqualsWithOneNullEntityReturnFalse" computerName="VS2010W8" duration="00:00:00.0006775" startTime="2015-02-20T23:02:09.7283408+01:00" endTime="2015-02-20T23:02:09.7439650+01:00" testType="13cdc9d9-ddb5-4fa4-a97d-d965ccfc6d4b" outcome="Passed" testListId="8c84fa94-04c1-424b-9868-57a2d4851a1d" relativeResultsDirectory="10669a21-cb1f-4570-9dc7-4061a08f0675">
    </UnitTestResult>
    <UnitTestResult executionId="960213fa-5cf1-4b99-a2d4-a6ae8fb1be7f" testId="39038477-ba46-aac5-eb4c-721235e0936b" testName="ValidatableEntityGuidEqualsWithTwoTransientEntitiesReturnFalse" computerName="VS2010W8" duration="00:00:00.0013692" startTime="2015-02-20T23:02:09.8064668+01:00" endTime="2015-02-20T23:02:09.8220919+01:00" testType="13cdc9d9-ddb5-4fa4-a97d-d965ccfc6d4b" outcome="Passed" testListId="8c84fa94-04c1-424b-9868-57a2d4851a1d" relativeResultsDirectory="960213fa-5cf1-4b99-a2d4-a6ae8fb1be7f">
    </UnitTestResult>
    <UnitTestResult executionId="1a40f367-aade-4c60-a582-dd9daa28e28b" testId="3dc9c38f-ffcf-b4ec-4950-2951ba76f7d8" testName="StringEqualsWithTwoNullsEntitiesDifferentTypeReturnFalse" computerName="VS2010W8" duration="00:00:00.0014252" startTime="2015-02-20T23:02:09.8220919+01:00" endTime="2015-02-20T23:02:09.8220919+01:00" testType="13cdc9d9-ddb5-4fa4-a97d-d965ccfc6d4b" outcome="Passed" testListId="8c84fa94-04c1-424b-9868-57a2d4851a1d" relativeResultsDirectory="1a40f367-aade-4c60-a582-dd9daa28e28b">
    </UnitTestResult>
    <UnitTestResult executionId="cdfbca20-bc71-4578-a708-4b78a58a4811" testId="4c4642c9-c98c-8343-d168-c0f2b8c7b2e7" testName="IntEntityEqualsWithTwoSetedDifferentIdSameEntitiesTypeReturnFalse" computerName="VS2010W8" duration="00:00:00.0134726" startTime="2015-02-20T23:02:09.9314660+01:00" endTime="2015-02-20T23:02:09.9470903+01:00" testType="13cdc9d9-ddb5-4fa4-a97d-d965ccfc6d4b" outcome="Passed" testListId="8c84fa94-04c1-424b-9868-57a2d4851a1d" relativeResultsDirectory="cdfbca20-bc71-4578-a708-4b78a58a4811">
    </UnitTestResult>
    <UnitTestResult executionId="412b0533-1ee2-4aec-ba80-e72195ff1085" testId="4ccbac64-6d99-8651-0e4e-7a94ce86ca89" testName="StringEqualsWithTwoNullsEntitiesSameTypeReturnTrue" computerName="VS2010W8" duration="00:00:00.0003469" startTime="2015-02-20T23:02:09.9627152+01:00" endTime="2015-02-20T23:02:09.9627152+01:00" testType="13cdc9d9-ddb5-4fa4-a97d-d965ccfc6d4b" outcome="Passed" testListId="8c84fa94-04c1-424b-9868-57a2d4851a1d" relativeResultsDirectory="412b0533-1ee2-4aec-ba80-e72195ff1085">
    </UnitTestResult>
    <UnitTestResult executionId="97537abf-1f62-4d3e-a420-35bc4790cdd8" testId="4d2dabf7-6001-0f95-8269-92c41508bd3d" testName="StringEqualsWithTwoTransientEntitiesReturnFalse" computerName="VS2010W8" duration="00:00:00.0012109" startTime="2015-02-20T23:02:09.9783400+01:00" endTime="2015-02-20T23:02:09.9783400+01:00" testType="13cdc9d9-ddb5-4fa4-a97d-d965ccfc6d4b" outcome="Passed" testListId="8c84fa94-04c1-424b-9868-57a2d4851a1d" relativeResultsDirectory="97537abf-1f62-4d3e-a420-35bc4790cdd8">
    </UnitTestResult>
    <UnitTestResult executionId="59e96951-6482-4399-a763-f5705a2f696c" testId="55745a3e-cb76-ce47-5e1c-cb4863c8cc88" testName="IntEntityEqualsWithTwoNullsEntitiesDifferentTypeReturnFalse" computerName="VS2010W8" duration="00:00:00.0003099" startTime="2015-02-20T23:02:09.9783400+01:00" endTime="2015-02-20T23:02:09.9783400+01:00" testType="13cdc9d9-ddb5-4fa4-a97d-d965ccfc6d4b" outcome="Passed" testListId="8c84fa94-04c1-424b-9868-57a2d4851a1d" relativeResultsDirectory="59e96951-6482-4399-a763-f5705a2f696c">
    </UnitTestResult>
    <UnitTestResult executionId="3cdbf2c5-c86e-4955-ae97-00f375ac7a7b" testId="5c01ed2f-cfa6-faf5-80ee-7526386e5bcb" testName="GuidEntityEqualsWithOneNullEntityReturnFalse" computerName="VS2010W8" duration="00:00:00.0002496" startTime="2015-02-20T23:02:09.9783400+01:00" endTime="2015-02-20T23:02:09.9783400+01:00" testType="13cdc9d9-ddb5-4fa4-a97d-d965ccfc6d4b" outcome="Passed" testListId="8c84fa94-04c1-424b-9868-57a2d4851a1d" relativeResultsDirectory="3cdbf2c5-c86e-4955-ae97-00f375ac7a7b">
    </UnitTestResult>
    <UnitTestResult executionId="272c81d4-74e9-4e99-91c9-8e1b2e82ffce" testId="5e48c4a4-9c69-9469-0648-a457e4f881b1" testName="IntEntityTransientNewEntitieReturnTrue" computerName="VS2010W8" duration="00:00:00.0002300" startTime="2015-02-20T23:02:09.9939650+01:00" endTime="2015-02-20T23:02:09.9939650+01:00" testType="13cdc9d9-ddb5-4fa4-a97d-d965ccfc6d4b" outcome="Passed" testListId="8c84fa94-04c1-424b-9868-57a2d4851a1d" relativeResultsDirectory="272c81d4-74e9-4e99-91c9-8e1b2e82ffce">
    </UnitTestResult>
    <UnitTestResult executionId="c46dcd02-0589-4067-a90d-1e8a662010a8" testId="66b79ba3-ccdf-a017-5e08-1702c7c38084" testName="GuidEntityEqualsWithTwoTransientEntitiesReturnFalse" computerName="VS2010W8" duration="00:00:00.0002823" startTime="2015-02-20T23:02:09.9939650+01:00" endTime="2015-02-20T23:02:09.9939650+01:00" testType="13cdc9d9-ddb5-4fa4-a97d-d965ccfc6d4b" outcome="Passed" testListId="8c84fa94-04c1-424b-9868-57a2d4851a1d" relativeResultsDirectory="c46dcd02-0589-4067-a90d-1e8a662010a8">
    </UnitTestResult>
    <UnitTestResult executionId="5050e4dd-91a9-41be-9636-5f1679e25640" testId="6d00cb18-6da1-8f1c-bc52-1100717fe9e3" testName="IntEntityEqualsWithTwoSetedDifferentIdSameEntitiesTypeReturnFalse" computerName="VS2010W8" duration="00:00:00.0002701" startTime="2015-02-20T23:02:09.9939650+01:00" endTime="2015-02-20T23:02:09.9939650+01:00" testType="13cdc9d9-ddb5-4fa4-a97d-d965ccfc6d4b" outcome="Passed" testListId="8c84fa94-04c1-424b-9868-57a2d4851a1d" relativeResultsDirectory="5050e4dd-91a9-41be-9636-5f1679e25640">
    </UnitTestResult>
    <UnitTestResult executionId="4017aae6-3fd4-4a45-a80c-5eb7fa11a3b9" testId="861bbbdf-9e17-619d-89af-8b7fa4a205e7" testName="ValidatableEntityGuidEqualsWithTwoNullsEntitiesDifferentTypeReturnFalse" computerName="VS2010W8" duration="00:00:00.0002017" startTime="2015-02-20T23:02:10.0095898+01:00" endTime="2015-02-20T23:02:10.0095898+01:00" testType="13cdc9d9-ddb5-4fa4-a97d-d965ccfc6d4b" outcome="Passed" testListId="8c84fa94-04c1-424b-9868-57a2d4851a1d" relativeResultsDirectory="4017aae6-3fd4-4a45-a80c-5eb7fa11a3b9">
    </UnitTestResult>
    <UnitTestResult executionId="c2c159ca-85f9-4e70-afcf-9649562e5703" testId="87242a29-3fd9-012d-ce10-c41ae5a4acc4" testName="IntEntityEqualsWithTwoTransientEntitiesReturnFalse" computerName="VS2010W8" duration="00:00:00.0007089" startTime="2015-02-20T23:02:10.0095898+01:00" endTime="2015-02-20T23:02:10.0095898+01:00" testType="13cdc9d9-ddb5-4fa4-a97d-d965ccfc6d4b" outcome="Passed" testListId="8c84fa94-04c1-424b-9868-57a2d4851a1d" relativeResultsDirectory="c2c159ca-85f9-4e70-afcf-9649562e5703">
    </UnitTestResult>
    <UnitTestResult executionId="f241d24f-8ac7-4ebf-86d7-c036b13c473d" testId="894519f8-9501-4713-6a4e-b58cdbc44ab0" testName="IntEntityEqualsWithTwoSetedIdDifferentEntitiesTypeReturnFalse" computerName="VS2010W8" duration="00:00:00.0002372" startTime="2015-02-20T23:02:10.0095898+01:00" endTime="2015-02-20T23:02:10.0095898+01:00" testType="13cdc9d9-ddb5-4fa4-a97d-d965ccfc6d4b" outcome="Passed" testListId="8c84fa94-04c1-424b-9868-57a2d4851a1d" relativeResultsDirectory="f241d24f-8ac7-4ebf-86d7-c036b13c473d">
    </UnitTestResult>
    <UnitTestResult executionId="abd8f921-06bd-4b44-8904-efd692532b40" testId="8cdf0b73-2a1d-fb4d-b0bf-87142530870b" testName="IntEntityEqualsWithTwoSetedIdDifferentEntitiesTypeReturnFalse" computerName="VS2010W8" duration="00:00:00.0006799" startTime="2015-02-20T23:02:10.0252192+01:00" endTime="2015-02-20T23:02:10.0252192+01:00" testType="13cdc9d9-ddb5-4fa4-a97d-d965ccfc6d4b" outcome="Passed" testListId="8c84fa94-04c1-424b-9868-57a2d4851a1d" relativeResultsDirectory="abd8f921-06bd-4b44-8904-efd692532b40">
    </UnitTestResult>
    <UnitTestResult executionId="e70d497d-c3af-42ce-9c8c-61cf3e81b4fa" testId="8ce58482-7d3e-3e19-80e5-4b965e8f5059" testName="EqualsWithNestedDifferentValueObjectReturnFalse" computerName="VS2010W8" duration="00:00:00.0014540" startTime="2015-02-20T23:02:10.0252192+01:00" endTime="2015-02-20T23:02:10.0252192+01:00" testType="13cdc9d9-ddb5-4fa4-a97d-d965ccfc6d4b" outcome="Passed" testListId="8c84fa94-04c1-424b-9868-57a2d4851a1d" relativeResultsDirectory="e70d497d-c3af-42ce-9c8c-61cf3e81b4fa">
    </UnitTestResult>
    <UnitTestResult executionId="e05a1d81-a365-451b-8f2b-4dbe50b5051d" testId="8e4820fb-b11f-6f11-e59d-db0467de1040" testName="GuidEntityTransientNewEntitieReturnTrue" computerName="VS2010W8" duration="00:00:00.0001596" startTime="2015-02-20T23:02:10.0252192+01:00" endTime="2015-02-20T23:02:10.0252192+01:00" testType="13cdc9d9-ddb5-4fa4-a97d-d965ccfc6d4b" outcome="Passed" testListId="8c84fa94-04c1-424b-9868-57a2d4851a1d" relativeResultsDirectory="e05a1d81-a365-451b-8f2b-4dbe50b5051d">
    </UnitTestResult>
    <UnitTestResult executionId="2b8d76c6-2fac-4a61-b8ea-ea45109e1784" testId="95787c3c-6507-dc90-c659-37e58279fd46" testName="DataBaseCreateTest" computerName="VS2010W8" duration="00:00:02.0981833" startTime="2015-02-20T23:02:10.0408398+01:00" endTime="2015-02-20T23:02:12.2283401+01:00" testType="13cdc9d9-ddb5-4fa4-a97d-d965ccfc6d4b" outcome="Passed" testListId="8c84fa94-04c1-424b-9868-57a2d4851a1d" relativeResultsDirectory="2b8d76c6-2fac-4a61-b8ea-ea45109e1784">
    </UnitTestResult>
    <UnitTestResult executionId="a89dbf28-36a1-4077-9698-ed8409df2459" testId="982f7fbb-ba3f-33fd-9fa4-3f5b26be6e74" testName="ValidatableEntityGuidEqualsWithTwoNullsEntitiesSameTypeReturnTrue" computerName="VS2010W8" duration="00:00:00.0001778" startTime="2015-02-20T23:02:12.2283401+01:00" endTime="2015-02-20T23:02:12.2283401+01:00" testType="13cdc9d9-ddb5-4fa4-a97d-d965ccfc6d4b" outcome="Passed" testListId="8c84fa94-04c1-424b-9868-57a2d4851a1d" relativeResultsDirectory="a89dbf28-36a1-4077-9698-ed8409df2459">
    </UnitTestResult>
    <UnitTestResult executionId="38f0fd10-42ea-411c-af1f-b82b5dede6c9" testId="9d14cf3b-400a-419e-62e5-56cdb51cd8d7" testName="EqualsWithOneNullValueObjectReturnFalse" computerName="VS2010W8" duration="00:00:00.0001712" startTime="2015-02-20T23:02:12.2283401+01:00" endTime="2015-02-20T23:02:12.2439659+01:00" testType="13cdc9d9-ddb5-4fa4-a97d-d965ccfc6d4b" outcome="Passed" testListId="8c84fa94-04c1-424b-9868-57a2d4851a1d" relativeResultsDirectory="38f0fd10-42ea-411c-af1f-b82b5dede6c9">
    </UnitTestResult>
    <UnitTestResult executionId="da0d9b9f-d7df-4270-a9c4-aa3132bdc143" testId="a5143e69-78bd-03a5-f82d-50e4014f386a" testName="EqualsWithTwoTransientEntitiesReturnFalse" computerName="VS2010W8" duration="00:00:00.0007528" startTime="2015-02-20T23:02:12.2439659+01:00" endTime="2015-02-20T23:02:12.2439659+01:00" testType="13cdc9d9-ddb5-4fa4-a97d-d965ccfc6d4b" outcome="Passed" testListId="8c84fa94-04c1-424b-9868-57a2d4851a1d" relativeResultsDirectory="da0d9b9f-d7df-4270-a9c4-aa3132bdc143">
    </UnitTestResult>
    <UnitTestResult executionId="7ffb2064-6455-4371-8604-54049673d5f7" testId="a5173249-e457-2bae-6188-e07755a468f1" testName="GuidEntityEqualsWithTwoNullsEntitiesDifferentTypeReturnFalse" computerName="VS2010W8" duration="00:00:00.0002359" startTime="2015-02-20T23:02:12.2439659+01:00" endTime="2015-02-20T23:02:12.2439659+01:00" testType="13cdc9d9-ddb5-4fa4-a97d-d965ccfc6d4b" outcome="Passed" testListId="8c84fa94-04c1-424b-9868-57a2d4851a1d" relativeResultsDirectory="7ffb2064-6455-4371-8604-54049673d5f7">
    </UnitTestResult>
    <UnitTestResult executionId="8120ca9b-a25b-4a13-a536-1baf169a45fe" testId="ab5febae-4b86-5540-aa00-427d834f1128" testName="IntEntityEqualsWithOneNullEntityReturnFalse" computerName="VS2010W8" duration="00:00:00.0002066" startTime="2015-02-20T23:02:12.2595901+01:00" endTime="2015-02-20T23:02:12.2595901+01:00" testType="13cdc9d9-ddb5-4fa4-a97d-d965ccfc6d4b" outcome="Passed" testListId="8c84fa94-04c1-424b-9868-57a2d4851a1d" relativeResultsDirectory="8120ca9b-a25b-4a13-a536-1baf169a45fe">
    </UnitTestResult>
    <UnitTestResult executionId="bdf86747-62e6-4284-9c25-4b9e9a70ffe4" testId="afa4d5fe-5adf-b232-4499-e60da535e51b" testName="IntEntityEqualsWithTwoSetedSameIdSameEntitiesTypeReturnFalse" computerName="VS2010W8" duration="00:00:00.0001563" startTime="2015-02-20T23:02:12.2595901+01:00" endTime="2015-02-20T23:02:12.2595901+01:00" testType="13cdc9d9-ddb5-4fa4-a97d-d965ccfc6d4b" outcome="Passed" testListId="8c84fa94-04c1-424b-9868-57a2d4851a1d" relativeResultsDirectory="bdf86747-62e6-4284-9c25-4b9e9a70ffe4">
    </UnitTestResult>
    <UnitTestResult executionId="2f63fa92-4e0e-4de2-b88c-4742babc05a8" testId="b1a88be6-0573-6eb0-e0ba-a476ebddfcc3" testName="EqualsWithTwoNullsEntitiesDifferentTypeReturnFalse" computerName="VS2010W8" duration="00:00:00.0007113" startTime="2015-02-20T23:02:12.2595901+01:00" endTime="2015-02-20T23:02:12.2595901+01:00" testType="13cdc9d9-ddb5-4fa4-a97d-d965ccfc6d4b" outcome="Passed" testListId="8c84fa94-04c1-424b-9868-57a2d4851a1d" relativeResultsDirectory="2f63fa92-4e0e-4de2-b88c-4742babc05a8">
    </UnitTestResult>
    <UnitTestResult executionId="d92df52f-a74f-4ab4-b24a-c8b4fe6e2df2" testId="b202aa4d-65bf-bc8d-820d-b2b2651d5544" testName="GuidEntityEqualsWithSameTransientEntitieReturnTrue" computerName="VS2010W8" duration="00:00:00.0002594" startTime="2015-02-20T23:02:12.2595901+01:00" endTime="2015-02-20T23:02:12.2752253+01:00" testType="13cdc9d9-ddb5-4fa4-a97d-d965ccfc6d4b" outcome="Passed" testListId="8c84fa94-04c1-424b-9868-57a2d4851a1d" relativeResultsDirectory="d92df52f-a74f-4ab4-b24a-c8b4fe6e2df2">
    </UnitTestResult>
    <UnitTestResult executionId="184ecb20-f2a0-475f-9eaa-67f3b603d8a9" testId="b53f3b4e-80dd-ada9-22f9-683ce813b819" testName="ValidatableEntityGuidEqualsWithOneNullEntityReturnFalse" computerName="VS2010W8" duration="00:00:00.0001525" startTime="2015-02-20T23:02:12.2752253+01:00" endTime="2015-02-20T23:02:12.2752253+01:00" testType="13cdc9d9-ddb5-4fa4-a97d-d965ccfc6d4b" outcome="Passed" testListId="8c84fa94-04c1-424b-9868-57a2d4851a1d" relativeResultsDirectory="184ecb20-f2a0-475f-9eaa-67f3b603d8a9">
    </UnitTestResult>
    <UnitTestResult executionId="7c1338bd-b7a7-4c67-a007-a90c252a3ca1" testId="b6e2ea1d-beee-09a0-2102-a1602abebdcc" testName="GuidEntityEqualsWithTwoNullsEntitiesSameTypeReturnTrue" computerName="VS2010W8" duration="00:00:00.0002045" startTime="2015-02-20T23:02:12.2908401+01:00" endTime="2015-02-20T23:02:12.2908401+01:00" testType="13cdc9d9-ddb5-4fa4-a97d-d965ccfc6d4b" outcome="Passed" testListId="8c84fa94-04c1-424b-9868-57a2d4851a1d" relativeResultsDirectory="7c1338bd-b7a7-4c67-a007-a90c252a3ca1">
    </UnitTestResult>
    <UnitTestResult executionId="b8a90f09-9fad-4a12-8254-1ee83ee011da" testId="b73c4168-36b3-829e-62df-12b0e1f8a7bd" testName="IntEntityEqualsWithTwoNullsEntitiesDifferentTypeReturnFalse" computerName="VS2010W8" duration="00:00:00.0002194" startTime="2015-02-20T23:02:12.2908401+01:00" endTime="2015-02-20T23:02:12.2908401+01:00" testType="13cdc9d9-ddb5-4fa4-a97d-d965ccfc6d4b" outcome="Passed" testListId="8c84fa94-04c1-424b-9868-57a2d4851a1d" relativeResultsDirectory="b8a90f09-9fad-4a12-8254-1ee83ee011da">
    </UnitTestResult>
    <UnitTestResult executionId="f942158a-685d-44a2-b284-b7347da25b97" testId="be2066fd-b436-06cd-97b4-c7078e10e0f4" testName="EqualsWithEqualsValueObjectsReturnTrue" computerName="VS2010W8" duration="00:00:00.0002424" startTime="2015-02-20T23:02:12.2908401+01:00" endTime="2015-02-20T23:02:12.2908401+01:00" testType="13cdc9d9-ddb5-4fa4-a97d-d965ccfc6d4b" outcome="Passed" testListId="8c84fa94-04c1-424b-9868-57a2d4851a1d" relativeResultsDirectory="f942158a-685d-44a2-b284-b7347da25b97">
    </UnitTestResult>
    <UnitTestResult executionId="a7f46742-5edd-403b-a6e7-d6e10196e2c0" testId="c4b00738-bd81-d4dd-934a-1f8ce1e5a004" testName="EqualsWithEmptyValueObjectsReturnTrue" computerName="VS2010W8" duration="00:00:00.0001967" startTime="2015-02-20T23:02:12.3064655+01:00" endTime="2015-02-20T23:02:12.3064655+01:00" testType="13cdc9d9-ddb5-4fa4-a97d-d965ccfc6d4b" outcome="Passed" testListId="8c84fa94-04c1-424b-9868-57a2d4851a1d" relativeResultsDirectory="a7f46742-5edd-403b-a6e7-d6e10196e2c0">
    </UnitTestResult>
    <UnitTestResult executionId="6d0f5e30-195e-4ada-8a52-5398ca6546d9" testId="c88e308d-c412-3989-03a6-4812dd297cad" testName="EqualsWithNestedDifferentRootValueObjectReturnFalse" computerName="VS2010W8" duration="00:00:00.0002835" startTime="2015-02-20T23:02:12.3064655+01:00" endTime="2015-02-20T23:02:12.3064655+01:00" testType="13cdc9d9-ddb5-4fa4-a97d-d965ccfc6d4b" outcome="Passed" testListId="8c84fa94-04c1-424b-9868-57a2d4851a1d" relativeResultsDirectory="6d0f5e30-195e-4ada-8a52-5398ca6546d9">
    </UnitTestResult>
    <UnitTestResult executionId="4e7f6556-a276-4e62-b331-d4e3bd69aad9" testId="cf73ad5c-bdd1-7dfc-d924-ad996d77b595" testName="IntEntityTransientNewEntitieReturnTrue" computerName="VS2010W8" duration="00:00:00.0001904" startTime="2015-02-20T23:02:12.3064655+01:00" endTime="2015-02-20T23:02:12.3064655+01:00" testType="13cdc9d9-ddb5-4fa4-a97d-d965ccfc6d4b" outcome="Passed" testListId="8c84fa94-04c1-424b-9868-57a2d4851a1d" relativeResultsDirectory="4e7f6556-a276-4e62-b331-d4e3bd69aad9">
    </UnitTestResult>
    <UnitTestResult executionId="46011253-cfc2-4b09-9143-ece98ce9226b" testId="cfcea3e5-0964-8d2b-bd64-154d5273ea8f" testName="EqualsWithNestedValueObjectReturnTrue" computerName="VS2010W8" duration="00:00:00.0007878" startTime="2015-02-20T23:02:12.3064655+01:00" endTime="2015-02-20T23:02:12.3220906+01:00" testType="13cdc9d9-ddb5-4fa4-a97d-d965ccfc6d4b" outcome="Passed" testListId="8c84fa94-04c1-424b-9868-57a2d4851a1d" relativeResultsDirectory="46011253-cfc2-4b09-9143-ece98ce9226b">
    </UnitTestResult>
    <UnitTestResult executionId="77aab5bc-f3b0-4bf8-b9a1-1bea1cac8f02" testId="d41c1e27-6b39-94e3-749b-182cbe402f7f" testName="IntEntityEqualsWithTwoSetedSameIdSameEntitiesTypeReturnTrue" computerName="VS2010W8" duration="00:00:00.0001796" startTime="2015-02-20T23:02:12.3220906+01:00" endTime="2015-02-20T23:02:12.3220906+01:00" testType="13cdc9d9-ddb5-4fa4-a97d-d965ccfc6d4b" outcome="Passed" testListId="8c84fa94-04c1-424b-9868-57a2d4851a1d" relativeResultsDirectory="77aab5bc-f3b0-4bf8-b9a1-1bea1cac8f02">
    </UnitTestResult>
    <UnitTestResult executionId="73cd68b0-bd60-4394-90ef-1201cbbe2a30" testId="d72373c0-a703-cca6-215c-a78aa85313eb" testName="IntEntityEqualsWithTwoNullsEntitiesSameTypeReturnTrue" computerName="VS2010W8" duration="00:00:00.0001666" startTime="2015-02-20T23:02:12.3220906+01:00" endTime="2015-02-20T23:02:12.3220906+01:00" testType="13cdc9d9-ddb5-4fa4-a97d-d965ccfc6d4b" outcome="Passed" testListId="8c84fa94-04c1-424b-9868-57a2d4851a1d" relativeResultsDirectory="73cd68b0-bd60-4394-90ef-1201cbbe2a30">
    </UnitTestResult>
    <UnitTestResult executionId="4ca02105-d2db-4b78-8c14-2c38ad9c3756" testId="df70d1db-0b89-8d5b-f3c3-11fdd92fed5b" testName="IntEntityEqualsWithSameTransientEntitieReturnTrue" computerName="VS2010W8" duration="00:00:00.0001491" startTime="2015-02-20T23:02:12.3220906+01:00" endTime="2015-02-20T23:02:12.3220906+01:00" testType="13cdc9d9-ddb5-4fa4-a97d-d965ccfc6d4b" outcome="Passed" testListId="8c84fa94-04c1-424b-9868-57a2d4851a1d" relativeResultsDirectory="4ca02105-d2db-4b78-8c14-2c38ad9c3756">
    </UnitTestResult>
    <UnitTestResult executionId="8b241c4e-d6a7-4db9-ad27-40cef9d4c7e8" testId="ea0a69ac-2bb3-b9d1-b8f7-0e625a29c014" testName="StringEqualsWithOneNullEntityReturnFalse" computerName="VS2010W8" duration="00:00:00.0007148" startTime="2015-02-20T23:02:12.3377159+01:00" endTime="2015-02-20T23:02:12.3377159+01:00" testType="13cdc9d9-ddb5-4fa4-a97d-d965ccfc6d4b" outcome="Passed" testListId="8c84fa94-04c1-424b-9868-57a2d4851a1d" relativeResultsDirectory="8b241c4e-d6a7-4db9-ad27-40cef9d4c7e8">
    </UnitTestResult>
    <UnitTestResult executionId="432d315f-a8d6-44fe-8669-54b6a242b177" testId="ebdf5570-fee7-71a9-954c-39a44616bfc0" testName="IntEntityEqualsWithSameTransientEntitieReturnTrue" computerName="VS2010W8" duration="00:00:00.0001633" startTime="2015-02-20T23:02:12.3377159+01:00" endTime="2015-02-20T23:02:12.3377159+01:00" testType="13cdc9d9-ddb5-4fa4-a97d-d965ccfc6d4b" outcome="Passed" testListId="8c84fa94-04c1-424b-9868-57a2d4851a1d" relativeResultsDirectory="432d315f-a8d6-44fe-8669-54b6a242b177">
    </UnitTestResult>
    <UnitTestResult executionId="c734311f-9f81-4321-b6ba-582b0bbab535" testId="ecb2ec12-6d55-4737-3f23-78b2cd9e5a1c" testName="IntEntityTransientNewEntitieReturnTrue" computerName="VS2010W8" duration="00:00:00.0007562" startTime="2015-02-20T23:02:12.3377159+01:00" endTime="2015-02-20T23:02:12.3377159+01:00" testType="13cdc9d9-ddb5-4fa4-a97d-d965ccfc6d4b" outcome="Passed" testListId="8c84fa94-04c1-424b-9868-57a2d4851a1d" relativeResultsDirectory="c734311f-9f81-4321-b6ba-582b0bbab535">
    </UnitTestResult>
    <UnitTestResult executionId="73223456-c33c-43e8-ac47-97da776cb762" testId="ed5ca231-a40d-1e94-d8cf-62620be065b2" testName="EqualsWithTwoNullsValueObjectsReturnTrue" computerName="VS2010W8" duration="00:00:00.0001833" startTime="2015-02-20T23:02:12.3533403+01:00" endTime="2015-02-20T23:02:12.3533403+01:00" testType="13cdc9d9-ddb5-4fa4-a97d-d965ccfc6d4b" outcome="Passed" testListId="8c84fa94-04c1-424b-9868-57a2d4851a1d" relativeResultsDirectory="73223456-c33c-43e8-ac47-97da776cb762">
    </UnitTestResult>
    <UnitTestResult executionId="612194de-78fa-4663-9034-384e9a20e410" testId="ef418061-d4c4-2027-28ba-907376548f88" testName="IntEntityEqualsWithTwoTransientEntitiesReturnFalse" computerName="VS2010W8" duration="00:00:00.0001611" startTime="2015-02-20T23:02:12.3533403+01:00" endTime="2015-02-20T23:02:12.3533403+01:00" testType="13cdc9d9-ddb5-4fa4-a97d-d965ccfc6d4b" outcome="Passed" testListId="8c84fa94-04c1-424b-9868-57a2d4851a1d" relativeResultsDirectory="612194de-78fa-4663-9034-384e9a20e410">
    </UnitTestResult>
    <UnitTestResult executionId="d648251d-802d-4f07-a380-f8dcd09ee0eb" testId="f1db9089-b01e-e5ce-8721-8284d6363de2" testName="EqualsWithOneDifferentPropertyReturnFalse" computerName="VS2010W8" duration="00:00:00.0007219" startTime="2015-02-20T23:02:12.3533403+01:00" endTime="2015-02-20T23:02:12.3533403+01:00" testType="13cdc9d9-ddb5-4fa4-a97d-d965ccfc6d4b" outcome="Passed" testListId="8c84fa94-04c1-424b-9868-57a2d4851a1d" relativeResultsDirectory="d648251d-802d-4f07-a380-f8dcd09ee0eb">
    </UnitTestResult>
    <UnitTestResult executionId="8dda0001-4689-41ac-bb54-a36971b9fa27" testId="f8a0681f-01a9-96fe-d3cb-5a7507e6aa1a" testName="StringEqualsWithSameTransientEntitieReturnTrue" computerName="VS2010W8" duration="00:00:00.0002087" startTime="2015-02-20T23:02:12.3533403+01:00" endTime="2015-02-20T23:02:12.3689656+01:00" testType="13cdc9d9-ddb5-4fa4-a97d-d965ccfc6d4b" outcome="Passed" testListId="8c84fa94-04c1-424b-9868-57a2d4851a1d" relativeResultsDirectory="8dda0001-4689-41ac-bb54-a36971b9fa27">
    </UnitTestResult>
  </Results>
</TestRun>