<?xml version="1.0" encoding="UTF-8"?>
<TestRun id="47c7b2ae-24a2-4ab8-b00c-ef90d2651e0c" name="jhermoso@VS2010W8 2015-02-17 00:56:40" runUser="INFLEXION2\jhermoso" xmlns="http://microsoft.com/schemas/VisualStudio/TeamTest/2010">
  <TestSettings name="Local" id="4178bfa7-869c-4013-9eae-b770f521a560">
    <Description>These are default test settings for a local test run.</Description>
    <Deployment enabled="false" runDeploymentRoot="jhermoso_VS2010W8 2015-02-17 00_56_40">
      <DeploymentItem filename="C:\Pre\Atento\00-Assemblies\Debug\Atento.Servicios.Shared.Infrastructure.dll" />
      <DeploymentItem filename="C:\Pre\Atento\00-Assemblies\Debug\Atento.Servicios.Shared.Domain.dll" />
      <DeploymentItem filename="C:\Pre\Atento\00-Assemblies\Debug\Inflexion2.EF.dll" />
      <DeploymentItem filename="C:\Program Files (x86)\Microsoft Unity Application Block 2.1\Bin\Microsoft.Practices.ServiceLocation.dll" />
      <DeploymentItem filename="C:\Pre\Atento\00-Assemblies\Debug\Inflexion2.dll" />
      <DeploymentItem filename="C:\Pre\Atento\00-Assemblies\Debug\Atento.Servicios.Shared.Domain.Data.dll" />
      <DeploymentItem filename="C:\Pre\Atento\00-Assemblies\Debug\EntityFramework.dll" />
      <DeploymentItem filename="C:\Pre\Atento\00-Assemblies\Debug\EntityFramework.SqlServer.dll" />
      <DeploymentItem filename="C:\Pre\Atento\00-Assemblies\Debug\Inflexion2.Resources.dll" />
      <DeploymentItem filename="C:\Program Files (x86)\Microsoft Unity Application Block 2.1\Bin\Microsoft.Practices.Unity.dll" />
    </Deployment>
    <Execution>
      <TestTypeSpecific />
      <AgentRule name="Execution Agents">
      </AgentRule>
    </Execution>
  </TestSettings>
  <Times creation="2015-02-17T00:56:40.1253027+01:00" queuing="2015-02-17T00:56:40.2034293+01:00" start="2015-02-17T00:56:40.3909371+01:00" finish="2015-02-17T00:56:40.7034467+01:00" />
  <ResultSummary outcome="Failed">
    <Counters total="1" executed="1" error="0" failed="1" timeout="0" aborted="0" inconclusive="0" passedButRunAborted="0" notRunnable="0" notExecuted="0" disconnected="0" warning="0" passed="0" completed="0" inProgress="0" pending="0" />
  </ResultSummary>
  <TestDefinitions>
    <UnitTest name="DataBaseCreateTest" storage="c:\pre\atento\00-assemblies\debug\atento.servicios.shared.test.infrastructurelayer.dll" id="c3e84937-c9ae-3cf5-c70c-dfc1bc8db50d">
      <Execution id="d472fad3-d303-48e3-86d8-486d475df8f6" />
      <TestMethod codeBase="C:/Pre/Atento/00-Assemblies/Debug/Atento.Servicios.Shared.Test.InfrastructureLayer.DLL" adapterTypeName="Microsoft.VisualStudio.TestTools.TestTypes.Unit.UnitTestAdapter, Microsoft.VisualStudio.QualityTools.Tips.UnitTest.Adapter, Version=10.0.0.0, Culture=neutral, PublicKeyToken=b03f5f7f11d50a3a" className="Atento.Servicios.Shared.Test.InfrastructureLayer.UnitTest1, Atento.Servicios.Shared.Test.InfrastructureLayer, Version=1.0.0.0, Culture=neutral, PublicKeyToken=null" name="DataBaseCreateTest" />
    </UnitTest>
  </TestDefinitions>
  <TestLists>
    <TestList name="Results Not in a List" id="8c84fa94-04c1-424b-9868-57a2d4851a1d" />
    <TestList name="All Loaded Results" id="19431567-8539-422a-85d7-44ee4e166bda" />
  </TestLists>
  <TestEntries>
    <TestEntry testId="c3e84937-c9ae-3cf5-c70c-dfc1bc8db50d" executionId="d472fad3-d303-48e3-86d8-486d475df8f6" testListId="8c84fa94-04c1-424b-9868-57a2d4851a1d" />
  </TestEntries>
  <Results>
    <UnitTestResult executionId="d472fad3-d303-48e3-86d8-486d475df8f6" testId="c3e84937-c9ae-3cf5-c70c-dfc1bc8db50d" testName="DataBaseCreateTest" computerName="VS2010W8" duration="00:00:00.0714139" startTime="2015-02-17T00:56:40.4222084+01:00" endTime="2015-02-17T00:56:40.5940675+01:00" testType="13cdc9d9-ddb5-4fa4-a97d-d965ccfc6d4b" outcome="Failed" testListId="8c84fa94-04c1-424b-9868-57a2d4851a1d" relativeResultsDirectory="d472fad3-d303-48e3-86d8-486d475df8f6">
      <Output>
        <ErrorInfo>
          <Message>Test method Atento.Servicios.Shared.Test.InfrastructureLayer.UnitTest1.DataBaseCreateTest threw exception: 
System.NullReferenceException: Object reference not set to an instance of an object.</Message>
          <StackTrace>    at Atento.Servicios.Shared.Test.InfrastructureLayer.UnitTest1.ConnectionString() in C:\Pre\Atento\03-GeneratedProjects\Atento.Servicios.Shared.Test.InfrastructureLayer1\Persona\CreateDatabaseTest001.cs:line 85
   at Atento.Servicios.Shared.Test.InfrastructureLayer.UnitTest1.DataBaseCreateTest() in C:\Pre\Atento\03-GeneratedProjects\Atento.Servicios.Shared.Test.InfrastructureLayer1\Persona\CreateDatabaseTest001.cs:line 72
</StackTrace>
        </ErrorInfo>
      </Output>
    </UnitTestResult>
  </Results>
</TestRun>