<?xml version="1.0" encoding="UTF-8"?>
<TestRun id="62f1d3f8-5c85-4cd4-a57a-678f1e56210d" name="jhermoso@VS2010W8 2015-02-20 02:02:16" runUser="INFLEXION2\jhermoso" xmlns="http://microsoft.com/schemas/VisualStudio/TeamTest/2010">
  <TestSettings name="Local" id="4178bfa7-869c-4013-9eae-b770f521a560">
    <Description>These are default test settings for a local test run.</Description>
    <Deployment userDeploymentRoot="C:\Pre\Atento\10-Solutions\TestResults" useDefaultDeploymentRoot="false" enabled="false" runDeploymentRoot="jhermoso_VS2010W8 2015-02-20 02_02_16">
      <DeploymentItem filename="C:\Pre\Atento\00-Assemblies\Debug\Atento.Servicios.Shared.Infrastructure.dll" />
      <DeploymentItem filename="C:\Pre\Atento\10-Solutions\packages\EntityFramework.6.1.1\lib\net40\EntityFramework.SqlServer.dll" />
      <DeploymentItem filename="C:\Pre\Atento\00-Assemblies\Debug\Inflexion2.EF.dll" />
      <DeploymentItem filename="C:\Program Files (x86)\Microsoft Unity Application Block 2.1\Bin\Microsoft.Practices.ServiceLocation.dll" />
      <DeploymentItem filename="C:\Pre\Atento\00-Assemblies\Debug\Inflexion2.dll" />
      <DeploymentItem filename="C:\Pre\Atento\00-Assemblies\Debug\Atento.Servicios.Shared.Domain.Data.dll" />
      <DeploymentItem filename="C:\Pre\Atento\00-Assemblies\Debug\Atento.Servicios.Shared.Domain.dll" />
      <DeploymentItem filename="C:\Pre\Atento\10-Solutions\packages\EntityFramework.6.1.1\lib\net40\EntityFramework.dll" />
      <DeploymentItem filename="C:\Pre\Atento\00-Assemblies\Debug\Inflexion2.Resources.dll" />
      <DeploymentItem filename="C:\Program Files (x86)\Microsoft Unity Application Block 2.1\Bin\Microsoft.Practices.Unity.dll" />
    </Deployment>
    <Execution>
      <TestTypeSpecific />
      <AgentRule name="Execution Agents">
      </AgentRule>
    </Execution>
  </TestSettings>
  <Times creation="2015-02-20T02:02:16.5558451+01:00" queuing="2015-02-20T02:02:18.0378644+01:00" start="2015-02-20T02:02:18.1928664+01:00" finish="2015-02-20T02:12:43.1475144+01:00" />
  <ResultSummary outcome="Error">
    <Counters total="1" executed="1" error="0" failed="0" timeout="0" aborted="1" inconclusive="0" passedButRunAborted="0" notRunnable="0" notExecuted="0" disconnected="0" warning="0" passed="0" completed="0" inProgress="0" pending="0" />
    <RunInfos>
      <RunInfo computerName="VS2010W8" outcome="Error" timestamp="2015-02-20T02:12:43.1435144+01:00">
        <Text>Test host process exited unexpectedly.</Text>
      </RunInfo>
    </RunInfos>
  </ResultSummary>
  <TestDefinitions>
    <UnitTest name="DataBaseCreateTest" storage="c:\pre\atento\00-assemblies\debug\atento.servicios.shared.test.infrastructurelayer.dll" id="c4976b6f-5561-c6e6-d6ad-30ba2246f866">
      <Execution id="64082e14-31b8-46a9-b3bd-238051657bb4" />
      <TestMethod codeBase="C:/Pre/Atento/00-Assemblies/Debug/Atento.Servicios.Shared.Test.InfrastructureLayer.DLL" adapterTypeName="Microsoft.VisualStudio.TestTools.TestTypes.Unit.UnitTestAdapter, Microsoft.VisualStudio.QualityTools.Tips.UnitTest.Adapter, Version=10.0.0.0, Culture=neutral, PublicKeyToken=b03f5f7f11d50a3a" className="Atento.Servicios.Shared.Test.InfrastructureLayer.SharedCreateDaBase, Atento.Servicios.Shared.Test.InfrastructureLayer, Version=1.0.0.0, Culture=neutral, PublicKeyToken=null" name="DataBaseCreateTest" />
    </UnitTest>
  </TestDefinitions>
  <TestLists>
    <TestList name="Results Not in a List" id="8c84fa94-04c1-424b-9868-57a2d4851a1d" />
    <TestList name="All Loaded Results" id="19431567-8539-422a-85d7-44ee4e166bda" />
  </TestLists>
  <TestEntries>
    <TestEntry testId="c4976b6f-5561-c6e6-d6ad-30ba2246f866" executionId="64082e14-31b8-46a9-b3bd-238051657bb4" testListId="8c84fa94-04c1-424b-9868-57a2d4851a1d" />
  </TestEntries>
  <Results>
    <UnitTestResult executionId="64082e14-31b8-46a9-b3bd-238051657bb4" testId="c4976b6f-5561-c6e6-d6ad-30ba2246f866" testName="DataBaseCreateTest" computerName="VS2010W8" duration="00:10:24.8326462" startTime="2015-02-20T02:02:18.3148682+01:00" endTime="2015-02-20T02:12:43.1475144+01:00" testType="13cdc9d9-ddb5-4fa4-a97d-d965ccfc6d4b" outcome="Aborted" testListId="8c84fa94-04c1-424b-9868-57a2d4851a1d" relativeResultsDirectory="64082e14-31b8-46a9-b3bd-238051657bb4">
    </UnitTestResult>
  </Results>
</TestRun>