<?xml version="1.0" encoding="UTF-8"?>
<TestRun id="b2d68089-28c1-48d9-8c2b-8770c7d2973a" name="jhermoso@VS2010W8 2015-02-17 00:23:55" runUser="INFLEXION2\jhermoso" xmlns="http://microsoft.com/schemas/VisualStudio/TeamTest/2010">
  <TestSettings name="Local" id="4178bfa7-869c-4013-9eae-b770f521a560">
    <Description>These are default test settings for a local test run.</Description>
    <Deployment enabled="false" runDeploymentRoot="jhermoso_VS2010W8 2015-02-17 00_23_55" />
    <Execution>
      <TestTypeSpecific />
      <AgentRule name="Execution Agents">
      </AgentRule>
    </Execution>
  </TestSettings>
  <Times creation="2015-02-17T00:23:55.8844475+01:00" queuing="2015-02-17T00:23:56.2573119+01:00" start="2015-02-17T00:23:56.4259139+01:00" finish="2015-02-17T00:23:57.3264943+01:00" />
  <ResultSummary outcome="Completed">
    <Counters total="1" executed="1" passed="1" error="0" failed="0" timeout="0" aborted="0" inconclusive="0" passedButRunAborted="0" notRunnable="0" notExecuted="0" disconnected="0" warning="0" completed="0" inProgress="0" pending="0" />
  </ResultSummary>
  <TestDefinitions>
    <UnitTest name="TestMethod1" storage="c:\pre\atento\03-generatedprojects\atento.servicios.shared.test.infrastructurelayer\bin\debug\atento.servicios.shared.test.infrastructurelayer.dll" id="f68ee108-5430-f89f-d744-e93e827825be">
      <Execution id="e3c62dcc-e78a-4208-b2c6-fa6c657b9ff4" />
      <TestMethod codeBase="C:/Pre/Atento/03-GeneratedProjects/Atento.Servicios.Shared.Test.InfrastructureLayer/bin/Debug/Atento.Servicios.Shared.Test.InfrastructureLayer.DLL" adapterTypeName="Microsoft.VisualStudio.TestTools.TestTypes.Unit.UnitTestAdapter, Microsoft.VisualStudio.QualityTools.Tips.UnitTest.Adapter, Version=10.0.0.0, Culture=neutral, PublicKeyToken=b03f5f7f11d50a3a" className="Atento.Servicios.Shared.Test.InfrastructureLayer.UnitTest1, Atento.Servicios.Shared.Test.InfrastructureLayer, Version=1.0.0.0, Culture=neutral, PublicKeyToken=null" name="TestMethod1" />
    </UnitTest>
  </TestDefinitions>
  <TestLists>
    <TestList name="Results Not in a List" id="8c84fa94-04c1-424b-9868-57a2d4851a1d" />
    <TestList name="All Loaded Results" id="19431567-8539-422a-85d7-44ee4e166bda" />
  </TestLists>
  <TestEntries>
    <TestEntry testId="f68ee108-5430-f89f-d744-e93e827825be" executionId="e3c62dcc-e78a-4208-b2c6-fa6c657b9ff4" testListId="8c84fa94-04c1-424b-9868-57a2d4851a1d" />
  </TestEntries>
  <Results>
    <UnitTestResult executionId="e3c62dcc-e78a-4208-b2c6-fa6c657b9ff4" testId="f68ee108-5430-f89f-d744-e93e827825be" testName="TestMethod1" computerName="VS2010W8" duration="00:00:00.0085306" startTime="2015-02-17T00:23:56.4809007+01:00" endTime="2015-02-17T00:23:56.6408630+01:00" testType="13cdc9d9-ddb5-4fa4-a97d-d965ccfc6d4b" outcome="Passed" testListId="8c84fa94-04c1-424b-9868-57a2d4851a1d" relativeResultsDirectory="e3c62dcc-e78a-4208-b2c6-fa6c657b9ff4">
    </UnitTestResult>
  </Results>
</TestRun>